{ "timestamp":"2023-10-18T17:11:50Z", "event":"Fileheader", "part":1, "language":"English/UK", "Odyssey":true, "gameversion":"4.0.0.1700", "build":"r297330/r0 " }
{ "timestamp":"2023-10-18T17:13:16Z", "event":"Commander", "FID":"F10668416", "Name":"NICEYGY" }
{ "timestamp":"2023-10-18T17:13:16Z", "event":"Materials", "Raw":[  ], "Manufactured":[  ], "Encoded":[ { "Name":"shielddensityreports", "Name_Localised":"Untypical Shield Scans", "Count":3 }, { "Name":"shieldsoakanalysis", "Name_Localised":"Inconsistent Shield Soak Analysis", "Count":3 } ] }
{ "timestamp":"2023-10-18T17:13:16Z", "event":"Rank", "Combat":0, "Trade":2, "Explore":0, "Soldier":0, "Exobiologist":0, "Empire":0, "Federation":0, "CQC":0 }
{ "timestamp":"2023-10-18T17:13:16Z", "event":"Progress", "Combat":9, "Trade":5, "Explore":85, "Soldier":0, "Exobiologist":0, "Empire":0, "Federation":10, "CQC":0 }
{ "timestamp":"2023-10-18T17:13:16Z", "event":"Reputation", "Empire":0.000000, "Federation":0.198000, "Independent":0.000000, "Alliance":0.000000 }
{ "timestamp":"2023-10-18T17:13:16Z", "event":"EngineerProgress", "Engineers":[ { "Engineer":"Felicity Farseer", "EngineerID":300100, "Progress":"Known" }, { "Engineer":"Liz Ryder", "EngineerID":300080, "Progress":"Known" }, { "Engineer":"The Dweller", "EngineerID":300180, "Progress":"Known" }, { "Engineer":"Elvira Martuuk", "EngineerID":300160, "Progress":"Known" }, { "Engineer":"Tod 'The Blaster' McQuinn", "EngineerID":300260, "Progress":"Known" } ] }
{ "timestamp":"2023-10-18T17:13:16Z", "event":"LoadGame", "FID":"F10668416", "Commander":"NICEYGY", "Horizons":true, "Odyssey":false, "Ship":"Eagle", "ShipID":1, "ShipName":"", "ShipIdent":"", "FuelLevel":6.000000, "FuelCapacity":6.000000, "GameMode":"Group", "Group":"NICEYGY", "Credits":26133, "Loan":0, "language":"English/UK", "gameversion":"4.0.0.1700", "build":"r297330/r0 " }
{ "timestamp":"2023-10-18T17:13:19Z", "event":"Statistics", "Bank_Account":{ "Current_Wealth":232356, "Spent_On_Ships":44800, "Spent_On_Outfitting":124432, "Spent_On_Repairs":313, "Spent_On_Fuel":1064, "Spent_On_Ammo_Consumables":50, "Insurance_Claims":0, "Spent_On_Insurance":0, "Owned_Ship_Count":2 }, "Combat":{ "Bounties_Claimed":0, "Bounty_Hunting_Profit":0, "Combat_Bonds":0, "Combat_Bond_Profits":0, "Assassinations":0, "Assassination_Profits":0, "Highest_Single_Reward":0, "Skimmers_Killed":0 }, "Crime":{ "Notoriety":0, "Fines":1, "Total_Fines":70778, "Bounties_Received":0, "Total_Bounties":0, "Highest_Bounty":0 }, "Smuggling":{ "Black_Markets_Traded_With":0, "Black_Markets_Profits":0, "Resources_Smuggled":0, "Average_Profit":0, "Highest_Single_Transaction":0 }, "Trading":{ "Markets_Traded_With":0, "Market_Profits":0, "Resources_Traded":0, "Average_Profit":0, "Highest_Single_Transaction":0 }, "Mining":{ "Mining_Profits":0, "Quantity_Mined":0, "Materials_Collected":6 }, "Exploration":{ "Systems_Visited":19, "Exploration_Profits":34111, "Planets_Scanned_To_Level_2":2, "Planets_Scanned_To_Level_3":2, "Efficient_Scans":0, "Highest_Payout":32406, "Total_Hyperspace_Distance":193, "Total_Hyperspace_Jumps":33, "Greatest_Distance_From_Start":29.833620663188, "Time_Played":33480 }, "Passengers":{ "Passengers_Missions_Bulk":0, "Passengers_Missions_VIP":0, "Passengers_Missions_Delivered":0, "Passengers_Missions_Ejected":0 }, "Search_And_Rescue":{ "SearchRescue_Traded":0, "SearchRescue_Profit":0, "SearchRescue_Count":0 }, "Crafting":{ "Count_Of_Used_Engineers":0, "Recipes_Generated":0, "Recipes_Generated_Rank_1":0, "Recipes_Generated_Rank_2":0, "Recipes_Generated_Rank_3":0, "Recipes_Generated_Rank_4":0, "Recipes_Generated_Rank_5":0 }, "Crew":{ "NpcCrew_TotalWages":0, "NpcCrew_Hired":0, "NpcCrew_Fired":0, "NpcCrew_Died":0 }, "Multicrew":{ "Multicrew_Time_Total":0, "Multicrew_Gunner_Time_Total":0, "Multicrew_Fighter_Time_Total":0, "Multicrew_Credits_Total":0, "Multicrew_Fines_Total":0 }, "Material_Trader_Stats":{ "Trades_Completed":0, "Materials_Traded":0 } }
{ "timestamp":"2023-10-18T17:13:25Z", "event":"ReceiveText", "From":"", "Message":"$COMMS_entered:#name=Clayakarma;", "Message_Localised":"Entered Channel: Clayakarma", "Channel":"npc" }
{ "timestamp":"2023-10-18T17:13:25Z", "event":"Location", "DistFromStarLS":328.540532, "Docked":true, "StationName":"Sinclair Port", "StationType":"Orbis", "MarketID":3230481920, "StationFaction":{ "Name":"EG Union", "FactionState":"Expansion" }, "StationGovernment":"$government_Dictatorship;", "StationGovernment_Localised":"Dictatorship", "StationServices":[ "dock", "autodock", "commodities", "contacts", "exploration", "missions", "outfitting", "crewlounge", "rearm", "refuel", "repair", "shipyard", "tuning", "engineer", "missionsgenerated", "flightcontroller", "stationoperations", "powerplay", "searchrescue", "stationMenu", "shop", "livery", "socialspace", "bartender", "vistagenomics", "pioneersupplies", "apexinterstellar", "frontlinesolutions" ], "StationEconomy":"$economy_Agri;", "StationEconomy_Localised":"Agriculture", "StationEconomies":[ { "Name":"$economy_Agri;", "Name_Localised":"Agriculture", "Proportion":1.000000 } ], "Taxi":false, "Multicrew":false, "StarSystem":"Clayakarma", "SystemAddress":6680922297058, "StarPos":[-20.50000,-4.96875,60.68750], "SystemAllegiance":"Independent", "SystemEconomy":"$economy_Agri;", "SystemEconomy_Localised":"Agriculture", "SystemSecondEconomy":"$economy_Tourism;", "SystemSecondEconomy_Localised":"Tourism", "SystemGovernment":"$government_Dictatorship;", "SystemGovernment_Localised":"Dictatorship", "SystemSecurity":"$SYSTEM_SECURITY_high;", "SystemSecurity_Localised":"High Security", "Population":3809328797, "Body":"Sinclair Port", "BodyID":11, "BodyType":"Station", "Factions":[ { "Name":"People's Clayakarma Resistance", "FactionState":"None", "Government":"Democracy", "Influence":0.056000, "Allegiance":"Federation", "Happiness":"$Faction_HappinessBand2;", "Happiness_Localised":"Happy", "MyReputation":0.000000 }, { "Name":"Clayakarma Electronics Partners", "FactionState":"None", "Government":"Corporate", "Influence":0.049000, "Allegiance":"Federation", "Happiness":"$Faction_HappinessBand2;", "Happiness_Localised":"Happy", "MyReputation":0.000000 }, { "Name":"United Euryale First", "FactionState":"None", "Government":"Dictatorship", "Influence":0.360000, "Allegiance":"Independent", "Happiness":"$Faction_HappinessBand2;", "Happiness_Localised":"Happy", "MyReputation":-1.320000 }, { "Name":"Official Clayakarma Defence Force", "FactionState":"None", "Government":"Dictatorship", "Influence":0.083000, "Allegiance":"Independent", "Happiness":"$Faction_HappinessBand2;", "Happiness_Localised":"Happy", "MyReputation":0.000000, "RecoveringStates":[ { "State":"Drought", "Trend":0 } ] }, { "Name":"Clayakarma Electronics Limited", "FactionState":"None", "Government":"Corporate", "Influence":0.049000, "Allegiance":"Independent", "Happiness":"$Faction_HappinessBand2;", "Happiness_Localised":"Happy", "MyReputation":0.000000 }, { "Name":"Clayakarma Purple Mob", "FactionState":"None", "Government":"Anarchy", "Influence":0.012000, "Allegiance":"Independent", "Happiness":"$Faction_HappinessBand2;", "Happiness_Localised":"Happy", "MyReputation":0.330000 }, { "Name":"EG Union", "FactionState":"Expansion", "Government":"Dictatorship", "Influence":0.391000, "Allegiance":"Independent", "Happiness":"$Faction_HappinessBand2;", "Happiness_Localised":"Happy", "MyReputation":0.000000, "RecoveringStates":[ { "State":"PublicHoliday", "Trend":0 } ], "ActiveStates":[ { "State":"Expansion" } ] } ], "SystemFaction":{ "Name":"EG Union", "FactionState":"Expansion" } }
{ "timestamp":"2023-10-18T17:13:25Z", "event":"Music", "MusicTrack":"NoTrack" }
{ "timestamp":"2023-10-18T17:13:25Z", "event":"ShipLocker", "Items":[  ], "Components":[  ], "Consumables":[  ], "Data":[  ] }
{ "timestamp":"2023-10-18T17:13:25Z", "event":"Missions", "Active":[  ], "Failed":[  ], "Complete":[  ] }
{ "timestamp":"2023-10-18T17:13:25Z", "event":"Loadout", "Ship":"eagle", "ShipID":1, "ShipName":" ", "ShipIdent":"NI-11E", "HullValue":44800, "ModulesValue":101614, "HullHealth":1.000000, "UnladenMass":88.900002, "CargoCapacity":0, "MaxJumpRange":7.873609, "FuelCapacity":{ "Main":6.000000, "Reserve":0.340000 }, "Rebuy":7321, "Modules":[ { "Slot":"SmallHardpoint1", "Item":"hpt_pulselaser_fixed_small", "On":true, "Priority":2, "Health":1.000000 }, { "Slot":"SmallHardpoint2", "Item":"hpt_pulselaser_fixed_small", "On":true, "Priority":2, "Health":1.000000 }, { "Slot":"SmallHardpoint3", "Item":"hpt_cannon_gimbal_small", "On":true, "Priority":0, "AmmoInClip":5, "AmmoInHopper":100, "Health":1.000000, "Value":42200 }, { "Slot":"TinyHardpoint1", "Item":"hpt_heatsinklauncher_turret_tiny", "On":true, "Priority":0, "AmmoInClip":1, "AmmoInHopper":2, "Health":1.000000, "Value":3500 }, { "Slot":"Armour", "Item":"eagle_armour_grade1", "On":true, "Priority":1, "Health":1.000000 }, { "Slot":"PowerPlant", "Item":"int_powerplant_size2_class3", "On":true, "Priority":1, "Health":1.000000, "Value":17793 }, { "Slot":"MainEngines", "Item":"int_engine_size3_class2", "On":true, "Priority":0, "Health":1.000000, "Value":18812 }, { "Slot":"FrameShiftDrive", "Item":"int_hyperdrive_size3_class1", "On":true, "Priority":2, "Health":1.000000 }, { "Slot":"LifeSupport", "Item":"int_lifesupport_size1_class1", "On":true, "Priority":1, "Health":1.000000 }, { "Slot":"PowerDistributor", "Item":"int_powerdistributor_size2_class1", "On":true, "Priority":2, "Health":1.000000 }, { "Slot":"Radar", "Item":"int_sensors_size2_class1", "On":true, "Priority":2, "Health":1.000000 }, { "Slot":"FuelTank", "Item":"int_fueltank_size2_class3", "On":true, "Priority":1, "Health":1.000000 }, { "Slot":"Slot01_Size3", "Item":"int_shieldgenerator_size3_class1", "On":true, "Priority":2, "Health":1.000000 }, { "Slot":"Slot02_Size2", "Item":"int_buggybay_size2_class1", "On":true, "Priority":0, "Health":1.000000, "Value":18000 }, { "Slot":"Slot03_Size1", "Item":"int_fueltank_size1_class3", "On":true, "Priority":1, "Health":1.000000, "Value":1000 }, { "Slot":"Slot04_Size1", "Item":"int_fuelscoop_size1_class1", "On":true, "Priority":0, "Health":1.000000, "Value":309 }, { "Slot":"Slot05_Size1", "Item":"int_supercruiseassist", "On":true, "Priority":2, "Health":1.000000 }, { "Slot":"Slot06_Size1", "Item":"int_dockingcomputer_advanced", "On":true, "Priority":3, "Health":1.000000 }, { "Slot":"PlanetaryApproachSuite", "Item":"int_planetapproachsuite_advanced", "On":true, "Priority":1, "Health":1.000000 }, { "Slot":"VesselVoice", "Item":"voicepack_victor", "On":true, "Priority":1, "Health":1.000000 }, { "Slot":"ShipCockpit", "Item":"eagle_cockpit", "On":true, "Priority":1, "Health":1.000000 }, { "Slot":"CargoHatch", "Item":"modularcargobaydoor", "On":false, "Priority":2, "Health":1.000000 } ] }
{ "timestamp":"2023-10-18T17:13:25Z", "event":"Music", "MusicTrack":"Exploration" }
{ "timestamp":"2023-10-18T17:13:25Z", "event":"Music", "MusicTrack":"NoTrack" }
{ "timestamp":"2023-10-18T17:13:25Z", "event":"Music", "MusicTrack":"Starport" }
{ "timestamp":"2023-10-18T17:13:27Z", "event":"Cargo", "Vessel":"Ship", "Count":0, "Inventory":[  ] }
{ "timestamp":"2023-10-18T17:13:32Z", "event":"RefuelAll", "Cost":10, "Amount":0.016807 }
{ "timestamp":"2023-10-18T17:13:52Z", "event":"Outfitting", "MarketID":3230481920, "StationName":"Sinclair Port", "StarSystem":"Clayakarma" }
{ "timestamp":"2023-10-18T17:13:52Z", "event":"StoredModules", "MarketID":3230481920, "StationName":"Sinclair Port", "StarSystem":"Clayakarma", "Items":[ { "Name":"$int_cargorack_size1_class1_name;", "Name_Localised":"Cargo Rack", "StorageSlot":198, "StarSystem":"LP 751-1", "MarketID":3230473216, "TransferCost":100, "TransferTime":366, "BuyPrice":0, "Hot":false }, { "Name":"$int_engine_size3_class1_name;", "Name_Localised":"Thrusters", "StorageSlot":200, "StarSystem":"LP 751-1", "MarketID":3230473472, "TransferCost":100, "TransferTime":366, "BuyPrice":0, "Hot":false } ] }
{ "timestamp":"2023-10-18T17:14:36Z", "event":"Undocked", "StationName":"Sinclair Port", "StationType":"Orbis", "MarketID":3230481920, "Taxi":false, "Multicrew":false }
{ "timestamp":"2023-10-18T17:15:12Z", "event":"Music", "MusicTrack":"NoTrack" }
{ "timestamp":"2023-10-18T17:15:38Z", "event":"StartJump", "JumpType":"Supercruise", "Taxi":false }
{ "timestamp":"2023-10-18T17:15:43Z", "event":"FSSSignalDiscovered", "SystemAddress":6680922297058, "SignalName":"Moonlight Hold", "SignalType":"Installation" }
{ "timestamp":"2023-10-18T17:15:43Z", "event":"FSSSignalDiscovered", "SystemAddress":6680922297058, "SignalName":"Dogtooth Keep", "SignalType":"Installation" }
{ "timestamp":"2023-10-18T17:15:43Z", "event":"FSSSignalDiscovered", "SystemAddress":6680922297058, "SignalName":"BLACKROCK H7T-N7F", "SignalType":"FleetCarrier", "IsStation":true }
{ "timestamp":"2023-10-18T17:15:43Z", "event":"FSSSignalDiscovered", "SystemAddress":6680922297058, "SignalName":"Roentgen Gateway", "SignalType":"StationONeilOrbis", "IsStation":true }
{ "timestamp":"2023-10-18T17:15:43Z", "event":"FSSSignalDiscovered", "SystemAddress":6680922297058, "SignalName":"LENIN * USSR JFB-86Q", "SignalType":"FleetCarrier", "IsStation":true }
{ "timestamp":"2023-10-18T17:15:43Z", "event":"FSSSignalDiscovered", "SystemAddress":6680922297058, "SignalName":"Turgid Prime X6W-5TF", "SignalType":"FleetCarrier", "IsStation":true }
{ "timestamp":"2023-10-18T17:15:43Z", "event":"FSSSignalDiscovered", "SystemAddress":6680922297058, "SignalName":"Crown Marine Point", "SignalType":"Installation" }
{ "timestamp":"2023-10-18T17:15:43Z", "event":"FSSSignalDiscovered", "SystemAddress":6680922297058, "SignalName":"HEAVYSIX KLB-30X", "SignalType":"FleetCarrier", "IsStation":true }
{ "timestamp":"2023-10-18T17:15:43Z", "event":"FSSSignalDiscovered", "SystemAddress":6680922297058, "SignalName":"BAnshee's Lament T9X-96Y", "SignalType":"FleetCarrier", "IsStation":true }
{ "timestamp":"2023-10-18T17:15:43Z", "event":"FSSSignalDiscovered", "SystemAddress":6680922297058, "SignalName":"Sinclair Port", "SignalType":"StationONeilOrbis", "IsStation":true }
{ "timestamp":"2023-10-18T17:15:43Z", "event":"FSSSignalDiscovered", "SystemAddress":6680922297058, "SignalName":"ASHERON   V0N-1XZ", "SignalType":"FleetCarrier", "IsStation":true }
{ "timestamp":"2023-10-18T17:15:43Z", "event":"FSSSignalDiscovered", "SystemAddress":6680922297058, "SignalName":"UNDEFINED INDEX V7G-L2J", "SignalType":"FleetCarrier", "IsStation":true }
{ "timestamp":"2023-10-18T17:15:43Z", "event":"FSSSignalDiscovered", "SystemAddress":6680922297058, "SignalName":"[EGPU] KOLOVRAT Q6K-L6K", "SignalType":"FleetCarrier", "IsStation":true }
{ "timestamp":"2023-10-18T17:15:43Z", "event":"FSSSignalDiscovered", "SystemAddress":6680922297058, "SignalName":"CHEETAH LOGISTIC V1J-4QF", "SignalType":"FleetCarrier", "IsStation":true }
{ "timestamp":"2023-10-18T17:15:43Z", "event":"FSSSignalDiscovered", "SystemAddress":6680922297058, "SignalName":"PEREMOGA UA V8X-1HM", "SignalType":"FleetCarrier", "IsStation":true }
{ "timestamp":"2023-10-18T17:15:43Z", "event":"FSSSignalDiscovered", "SystemAddress":6680922297058, "SignalName":"EG-PILOTS.COM TSU-O HHY-B5Z", "SignalType":"FleetCarrier", "IsStation":true }
{ "timestamp":"2023-10-18T17:15:43Z", "event":"FSSSignalDiscovered", "SystemAddress":6680922297058, "SignalName":"N. ZABURDAEV ZYBR78-RU Q2J-36Y", "SignalType":"FleetCarrier", "IsStation":true }
{ "timestamp":"2023-10-18T17:15:43Z", "event":"FSSSignalDiscovered", "SystemAddress":6680922297058, "SignalName":"BARON'S FOKKER UZY-3TY", "SignalType":"FleetCarrier", "IsStation":true }
{ "timestamp":"2023-10-18T17:15:43Z", "event":"FSSSignalDiscovered", "SystemAddress":6680922297058, "SignalName":"C.R.E.A.M. CARRIER Q7G-0KT", "SignalType":"FleetCarrier", "IsStation":true }
{ "timestamp":"2023-10-18T17:15:43Z", "event":"FSSSignalDiscovered", "SystemAddress":6680922297058, "SignalName":"BAGPIPER'S HAVEN VLG-42W", "SignalType":"FleetCarrier", "IsStation":true }
{ "timestamp":"2023-10-18T17:15:43Z", "event":"FSSSignalDiscovered", "SystemAddress":6680922297058, "SignalName":"ELYSIUM                VNY-G2Q", "SignalType":"FleetCarrier", "IsStation":true }
{ "timestamp":"2023-10-18T17:15:43Z", "event":"FSSSignalDiscovered", "SystemAddress":6680922297058, "SignalName":"STUTZ BEARCAT 1914 J7Q-LQG", "SignalType":"FleetCarrier", "IsStation":true }
{ "timestamp":"2023-10-18T17:15:43Z", "event":"FSSSignalDiscovered", "SystemAddress":6680922297058, "SignalName":"$MULTIPLAYER_SCENARIO42_TITLE;", "SignalName_Localised":"Nav Beacon", "SignalType":"NavBeacon" }
{ "timestamp":"2023-10-18T17:15:43Z", "event":"FSSSignalDiscovered", "SystemAddress":6680922297058, "SignalName":"TOWER OF MELANCHOLY T1M-TPZ", "SignalType":"FleetCarrier", "IsStation":true }
{ "timestamp":"2023-10-18T17:15:43Z", "event":"FSSSignalDiscovered", "SystemAddress":6680922297058, "SignalName":"PEGASUS PRIME V1X-88K", "SignalType":"FleetCarrier", "IsStation":true }
{ "timestamp":"2023-10-18T17:15:43Z", "event":"FSSSignalDiscovered", "SystemAddress":6680922297058, "SignalName":"BRANCALEONE DA NORCIA H7K-57N", "SignalType":"FleetCarrier", "IsStation":true }
{ "timestamp":"2023-10-18T17:15:43Z", "event":"FSSSignalDiscovered", "SystemAddress":6680922297058, "SignalName":"Q\\X/E127Y MHX-LPZ", "SignalType":"FleetCarrier", "IsStation":true }
{ "timestamp":"2023-10-18T17:15:43Z", "event":"FSSSignalDiscovered", "SystemAddress":6680922297058, "SignalName":"CBF FLAGSHIP K6K-12Y", "SignalType":"FleetCarrier", "IsStation":true }
{ "timestamp":"2023-10-18T17:15:43Z", "event":"FSSSignalDiscovered", "SystemAddress":6680922297058, "SignalName":"000000000000000000000 V7M-T6L", "SignalType":"FleetCarrier", "IsStation":true }
{ "timestamp":"2023-10-18T17:15:43Z", "event":"FSSSignalDiscovered", "SystemAddress":6680922297058, "SignalName":"ATLAS CORP HLG-T1Z", "SignalType":"FleetCarrier", "IsStation":true }
{ "timestamp":"2023-10-18T17:15:43Z", "event":"FSSSignalDiscovered", "SystemAddress":6680922297058, "SignalName":"LYCANTHROPE HYWELBANE V2X-GKB", "SignalType":"FleetCarrier", "IsStation":true }
{ "timestamp":"2023-10-18T17:15:43Z", "event":"FSSSignalDiscovered", "SystemAddress":6680922297058, "SignalName":"CASTLE LOGISTICS CO. TBK-6HY", "SignalType":"FleetCarrier", "IsStation":true }
{ "timestamp":"2023-10-18T17:15:43Z", "event":"FSSSignalDiscovered", "SystemAddress":6680922297058, "SignalName":"Clayakarma Visitor Beacon", "SignalType":"TouristBeacon" }
{ "timestamp":"2023-10-18T17:15:43Z", "event":"FSSSignalDiscovered", "SystemAddress":6680922297058, "SignalName":"Kaleri Gateway", "SignalType":"StationONeilOrbis", "IsStation":true }
{ "timestamp":"2023-10-18T17:15:43Z", "event":"FSSSignalDiscovered", "SystemAddress":6680922297058, "SignalName":"SDF PROSERPINA V2L-L3X", "SignalType":"FleetCarrier", "IsStation":true }
{ "timestamp":"2023-10-18T17:15:43Z", "event":"FSSSignalDiscovered", "SystemAddress":6680922297058, "SignalName":"Duke City", "SignalType":"StationONeilOrbis", "IsStation":true }
{ "timestamp":"2023-10-18T17:15:43Z", "event":"FSSSignalDiscovered", "SystemAddress":6680922297058, "SignalName":"Military Installation", "SignalType":"Installation" }
{ "timestamp":"2023-10-18T17:15:43Z", "event":"SupercruiseEntry", "Taxi":false, "Multicrew":false, "StarSystem":"Clayakarma", "SystemAddress":6680922297058 }
{ "timestamp":"2023-10-18T17:15:43Z", "event":"ShipLocker", "Items":[  ], "Components":[  ], "Consumables":[  ], "Data":[  ] }
{ "timestamp":"2023-10-18T17:15:43Z", "event":"Music", "MusicTrack":"Supercruise" }
{ "timestamp":"2023-10-18T17:15:59Z", "event":"SupercruiseExit", "Taxi":false, "Multicrew":false, "StarSystem":"Clayakarma", "SystemAddress":6680922297058, "Body":"Clayakarma 1", "BodyID":1, "BodyType":"Planet" }
{ "timestamp":"2023-10-18T17:15:59Z", "event":"ShipLocker", "Items":[  ], "Components":[  ], "Consumables":[  ], "Data":[  ] }
{ "timestamp":"2023-10-18T17:15:59Z", "event":"Music", "MusicTrack":"Exploration" }
{ "timestamp":"2023-10-18T17:16:15Z", "event":"ModuleInfo" }
{ "timestamp":"2023-10-18T17:17:09Z", "event":"StartJump", "JumpType":"Supercruise", "Taxi":false }
{ "timestamp":"2023-10-18T17:17:14Z", "event":"SupercruiseEntry", "Taxi":false, "Multicrew":false, "StarSystem":"Clayakarma", "SystemAddress":6680922297058 }
{ "timestamp":"2023-10-18T17:17:14Z", "event":"ShipLocker", "Items":[  ], "Components":[  ], "Consumables":[  ], "Data":[  ] }
{ "timestamp":"2023-10-18T17:17:14Z", "event":"Music", "MusicTrack":"Supercruise" }
{ "timestamp":"2023-10-18T17:18:10Z", "event":"USSDrop", "USSType":"$USS_Type_Convoy;", "USSType_Localised":"Convoy dispersal pattern", "USSThreat":0 }
{ "timestamp":"2023-10-18T17:18:10Z", "event":"SupercruiseDestinationDrop", "Type":"$USS_Type_Convoy;", "Type_Localised":"Convoy dispersal pattern", "Threat":0 }
{ "timestamp":"2023-10-18T17:18:11Z", "event":"SupercruiseExit", "Taxi":false, "Multicrew":false, "StarSystem":"Clayakarma", "SystemAddress":6680922297058, "Body":"Clayakarma 1", "BodyID":1, "BodyType":"Planet" }
{ "timestamp":"2023-10-18T17:18:11Z", "event":"ShipLocker", "Items":[  ], "Components":[  ], "Consumables":[  ], "Data":[  ] }
{ "timestamp":"2023-10-18T17:18:11Z", "event":"Music", "MusicTrack":"Exploration" }
{ "timestamp":"2023-10-18T17:18:17Z", "event":"ReceiveText", "From":"$npc_name_decorate:#name=Laura-Lee Thomas;", "From_Localised":"Laura-Lee Thomas", "Message":"$ConvoyNomads_Patrol04;", "Message_Localised":"It's always good to see an unfamiliar face.", "Channel":"npc" }
{ "timestamp":"2023-10-18T17:18:17Z", "event":"ReceiveText", "From":"$npc_name_decorate:#name=Mol;", "From_Localised":"Mol", "Message":"$ConvoyNomads_Patrol02;", "Message_Localised":"Follow the second star to the right, lads! Or wait… was it the left?", "Channel":"npc" }
{ "timestamp":"2023-10-18T17:19:03Z", "event":"ReceiveText", "From":"$npc_name_decorate:#name=Mol;", "From_Localised":"Mol", "Message":"$ConvoyNomads_Patrol01;", "Message_Localised":"Nothing better than wandering the ways between the stars!", "Channel":"npc" }
{ "timestamp":"2023-10-18T17:19:09Z", "event":"ReceiveText", "From":"$npc_name_decorate:#name=Laura-Lee Thomas;", "From_Localised":"Laura-Lee Thomas", "Message":"$ConvoyNomads_Patrol05;", "Message_Localised":"Are we back in civilised space yet?", "Channel":"npc" }
{ "timestamp":"2023-10-18T17:19:16Z", "event":"Music", "MusicTrack":"GalaxyMap" }
{ "timestamp":"2023-10-18T17:19:24Z", "event":"NavRoute" }
{ "timestamp":"2023-10-18T17:19:24Z", "event":"FSDTarget", "Name":"Swaza", "SystemAddress":6406044390114, "StarClass":"K", "RemainingJumpsInRoute":4 }
{ "timestamp":"2023-10-18T17:19:27Z", "event":"Music", "MusicTrack":"Exploration" }
{ "timestamp":"2023-10-18T17:19:46Z", "event":"ReceiveText", "From":"$npc_name_decorate:#name=Mol;", "From_Localised":"Mol", "Message":"$ConvoyNomads_Patrol03;", "Message_Localised":"Another day, another jurisdiction!", "Channel":"npc" }
{ "timestamp":"2023-10-18T17:19:47Z", "event":"StartJump", "JumpType":"Hyperspace", "Taxi":false, "StarSystem":"Swaza", "SystemAddress":6406044390114, "StarClass":"K" }
{ "timestamp":"2023-10-18T17:19:50Z", "event":"ReceiveText", "From":"$npc_name_decorate:#name=Laura-Lee Thomas;", "From_Localised":"Laura-Lee Thomas", "Message":"$ConvoyNomads_Patrol05;", "Message_Localised":"Are we back in civilised space yet?", "Channel":"npc" }
{ "timestamp":"2023-10-18T17:19:52Z", "event":"ShipLocker", "Items":[  ], "Components":[  ], "Consumables":[  ], "Data":[  ] }
{ "timestamp":"2023-10-18T17:19:52Z", "event":"Music", "MusicTrack":"NoTrack" }
{ "timestamp":"2023-10-18T17:19:53Z", "event":"FSDTarget", "Name":"LP 751-1", "SystemAddress":5068732507585, "StarClass":"M", "RemainingJumpsInRoute":3 }
{ "timestamp":"2023-10-18T17:20:05Z", "event":"ReceiveText", "From":"", "Message":"$COMMS_entered:#name=Swaza;", "Message_Localised":"Entered Channel: Swaza", "Channel":"npc" }
{ "timestamp":"2023-10-18T17:20:05Z", "event":"FSDJump", "Taxi":false, "Multicrew":false, "StarSystem":"Swaza", "SystemAddress":6406044390114, "StarPos":[-21.15625,-5.40625,57.34375], "SystemAllegiance":"Federation", "SystemEconomy":"$economy_Extraction;", "SystemEconomy_Localised":"Extraction", "SystemSecondEconomy":"$economy_Refinery;", "SystemSecondEconomy_Localised":"Refinery", "SystemGovernment":"$government_Corporate;", "SystemGovernment_Localised":"Corporate", "SystemSecurity":"$SYSTEM_SECURITY_medium;", "SystemSecurity_Localised":"Medium Security", "Population":40507, "Body":"Swaza", "BodyID":0, "BodyType":"Star", "JumpDist":3.436, "FuelUsed":0.225555, "FuelLevel":5.774445, "Factions":[ { "Name":"Silver Dynamic Interstellar", "FactionState":"None", "Government":"Corporate", "Influence":0.540404, "Allegiance":"Federation", "Happiness":"$Faction_HappinessBand2;", "Happiness_Localised":"Happy", "MyReputation":0.330000 }, { "Name":"Kremainn Free", "FactionState":"None", "Government":"Democracy", "Influence":0.150505, "Allegiance":"Federation", "Happiness":"$Faction_HappinessBand2;", "Happiness_Localised":"Happy", "MyReputation":0.000000 }, { "Name":"Swaza Gold Crew", "FactionState":"None", "Government":"Anarchy", "Influence":0.011111, "Allegiance":"Independent", "Happiness":"$Faction_HappinessBand2;", "Happiness_Localised":"Happy", "MyReputation":0.000000 }, { "Name":"Ross 720 Gold State Exchange", "FactionState":"None", "Government":"Corporate", "Influence":0.058586, "Allegiance":"Federation", "Happiness":"$Faction_HappinessBand2;", "Happiness_Localised":"Happy", "MyReputation":0.000000 }, { "Name":"Independent Swaza Coalition", "FactionState":"None", "Government":"Confederacy", "Influence":0.045455, "Allegiance":"Federation", "Happiness":"$Faction_HappinessBand2;", "Happiness_Localised":"Happy", "MyReputation":0.000000 }, { "Name":"Swaza aristocrats", "FactionState":"None", "Government":"Feudal", "Influence":0.100000, "Allegiance":"Independent", "Happiness":"$Faction_HappinessBand2;", "Happiness_Localised":"Happy", "MyReputation":0.000000 }, { "Name":"Lokitaka Mu Ltd", "FactionState":"None", "Government":"Corporate", "Influence":0.093939, "Allegiance":"Federation", "Happiness":"$Faction_HappinessBand2;", "Happiness_Localised":"Happy", "MyReputation":0.000000 } ], "SystemFaction":{ "Name":"Silver Dynamic Interstellar" } }
{ "timestamp":"2023-10-18T17:20:05Z", "event":"ShipLocker", "Items":[  ], "Components":[  ], "Consumables":[  ], "Data":[  ] }
{ "timestamp":"2023-10-18T17:20:05Z", "event":"Music", "MusicTrack":"Supercruise" }
{ "timestamp":"2023-10-18T17:20:54Z", "event":"StartJump", "JumpType":"Hyperspace", "Taxi":false, "StarSystem":"LP 751-1", "SystemAddress":5068732507585, "StarClass":"M" }
{ "timestamp":"2023-10-18T17:20:59Z", "event":"ShipLocker", "Items":[  ], "Components":[  ], "Consumables":[  ], "Data":[  ] }
{ "timestamp":"2023-10-18T17:20:59Z", "event":"Music", "MusicTrack":"NoTrack" }
{ "timestamp":"2023-10-18T17:21:00Z", "event":"FSDTarget", "Name":"Alrai Sector JW-W b1-6", "SystemAddress":13864825529785, "StarClass":"M", "RemainingJumpsInRoute":2 }
{ "timestamp":"2023-10-18T17:21:13Z", "event":"FSDJump", "Taxi":false, "Multicrew":false, "StarSystem":"LP 751-1", "SystemAddress":5068732507585, "StarPos":[-22.84375,-9.34375,56.25000], "SystemAllegiance":"Independent", "SystemEconomy":"$economy_Agri;", "SystemEconomy_Localised":"Agriculture", "SystemSecondEconomy":"$economy_Refinery;", "SystemSecondEconomy_Localised":"Refinery", "SystemGovernment":"$government_Democracy;", "SystemGovernment_Localised":"Democracy", "SystemSecurity":"$SYSTEM_SECURITY_high;", "SystemSecurity_Localised":"High Security", "Population":1110434888, "Body":"LP 751-1", "BodyID":0, "BodyType":"Star", "JumpDist":4.421, "FuelUsed":0.385994, "FuelLevel":5.388450, "Factions":[ { "Name":"Movement for LP 751-1 Independents", "FactionState":"CivilWar", "Government":"Democracy", "Influence":0.078000, "Allegiance":"Federation", "Happiness":"$Faction_HappinessBand2;", "Happiness_Localised":"Happy", "MyReputation":0.000000, "RecoveringStates":[ { "State":"Terrorism", "Trend":0 } ], "ActiveStates":[ { "State":"CivilWar" } ] }, { "Name":"Silver Dynamic Interstellar", "FactionState":"None", "Government":"Corporate", "Influence":0.056000, "Allegiance":"Federation", "Happiness":"$Faction_HappinessBand2;", "Happiness_Localised":"Happy", "MyReputation":0.330000 }, { "Name":"LP 751-1 Vision Organisation", "FactionState":"None", "Government":"Corporate", "Influence":0.058000, "Allegiance":"Federation", "Happiness":"$Faction_HappinessBand2;", "Happiness_Localised":"Happy", "MyReputation":0.330000 }, { "Name":"Liberty Party of LP 751-1", "FactionState":"CivilWar", "Government":"Dictatorship", "Influence":0.078000, "Allegiance":"Independent", "Happiness":"$Faction_HappinessBand2;", "Happiness_Localised":"Happy", "MyReputation":0.000000, "ActiveStates":[ { "State":"CivilWar" } ] }, { "Name":"LP 751-1 Solutions", "FactionState":"None", "Government":"Corporate", "Influence":0.060000, "Allegiance":"Independent", "Happiness":"$Faction_HappinessBand2;", "Happiness_Localised":"Happy", "MyReputation":0.000000 }, { "Name":"LP 751-1 Silver Rats", "FactionState":"None", "Government":"Anarchy", "Influence":0.011000, "Allegiance":"Independent", "Happiness":"$Faction_HappinessBand2;", "Happiness_Localised":"Happy", "MyReputation":0.000000 }, { "Name":"Galactic Freedom Fighters", "FactionState":"Boom", "Government":"Democracy", "Influence":0.659000, "Allegiance":"Independent", "Happiness":"$Faction_HappinessBand2;", "Happiness_Localised":"Happy", "MyReputation":0.330000, "ActiveStates":[ { "State":"Boom" } ] } ], "SystemFaction":{ "Name":"Galactic Freedom Fighters", "FactionState":"Boom" }, "Conflicts":[ { "WarType":"civilwar", "Status":"active", "Faction1":{ "Name":"Movement for LP 751-1 Independents", "Stake":"Bamford Port", "WonDays":0 }, "Faction2":{ "Name":"Liberty Party of LP 751-1", "Stake":"", "WonDays":1 } } ] }
{ "timestamp":"2023-10-18T17:21:13Z", "event":"ShipLocker", "Items":[  ], "Components":[  ], "Consumables":[  ], "Data":[  ] }
{ "timestamp":"2023-10-18T17:21:13Z", "event":"Music", "MusicTrack":"Supercruise" }
{ "timestamp":"2023-10-18T17:24:02Z", "event":"SupercruiseDestinationDrop", "Type":"$Warzone_PointRace_Low:#index=1;", "Type_Localised":"Conflict Zone [Low Intensity]", "Threat":0 }
{ "timestamp":"2023-10-18T17:24:02Z", "event":"FSSSignalDiscovered", "SystemAddress":5068732507585, "SignalName":"Baal's Fury QZZ-55T", "SignalType":"FleetCarrier", "IsStation":true }
{ "timestamp":"2023-10-18T17:24:02Z", "event":"FSSSignalDiscovered", "SystemAddress":5068732507585, "SignalName":"Old Loch Estate", "SignalType":"Installation" }
{ "timestamp":"2023-10-18T17:24:02Z", "event":"FSSSignalDiscovered", "SystemAddress":5068732507585, "SignalName":"Lamarr Ring", "SignalType":"StationONeilCylinder", "IsStation":true }
{ "timestamp":"2023-10-18T17:24:02Z", "event":"FSSSignalDiscovered", "SystemAddress":5068732507585, "SignalName":"$Warzone_PointRace_Low:#index=1;", "SignalName_Localised":"Conflict Zone [Low Intensity]", "SignalType":"Combat" }
{ "timestamp":"2023-10-18T17:24:02Z", "event":"FSSSignalDiscovered", "SystemAddress":5068732507585, "SignalName":"GFFS - HERCULES T9Z-19B", "SignalType":"FleetCarrier", "IsStation":true }
{ "timestamp":"2023-10-18T17:24:02Z", "event":"FSSSignalDiscovered", "SystemAddress":5068732507585, "SignalName":"$MULTIPLAYER_SCENARIO42_TITLE;", "SignalName_Localised":"Nav Beacon", "SignalType":"NavBeacon" }
{ "timestamp":"2023-10-18T17:24:02Z", "event":"FSSSignalDiscovered", "SystemAddress":5068732507585, "SignalName":"OVSF EDEN VFJ-2XQ", "SignalType":"FleetCarrier", "IsStation":true }
{ "timestamp":"2023-10-18T17:24:02Z", "event":"FSSSignalDiscovered", "SystemAddress":5068732507585, "SignalName":"Incisive Energy Analysis", "SignalType":"Installation" }
{ "timestamp":"2023-10-18T17:24:02Z", "event":"FSSSignalDiscovered", "SystemAddress":5068732507585, "SignalName":"$Warzone_PointRace_Low:#index=1;", "SignalName_Localised":"Conflict Zone [Low Intensity]", "SignalType":"Combat" }
{ "timestamp":"2023-10-18T17:24:02Z", "event":"FSSSignalDiscovered", "SystemAddress":5068732507585, "SignalName":"$Warzone_PointRace_Med:#index=1;", "SignalName_Localised":"Conflict Zone [Medium Intensity]", "SignalType":"Combat" }
{ "timestamp":"2023-10-18T17:24:02Z", "event":"FSSSignalDiscovered", "SystemAddress":5068732507585, "SignalName":"Cosmic Industry Communications", "SignalType":"Installation" }
{ "timestamp":"2023-10-18T17:24:02Z", "event":"FSSSignalDiscovered", "SystemAddress":5068732507585, "SignalName":"GFFFC-EVAN-LEIGH-II T9J-84L", "SignalType":"FleetCarrier", "IsStation":true }
{ "timestamp":"2023-10-18T17:24:02Z", "event":"FSSSignalDiscovered", "SystemAddress":5068732507585, "SignalName":"GFFS LEGATUS LEGIONIS QHJ-60Z", "SignalType":"FleetCarrier", "IsStation":true }
{ "timestamp":"2023-10-18T17:24:02Z", "event":"FSSSignalDiscovered", "SystemAddress":5068732507585, "SignalName":"SANTA MARIA DI YORG K6X-55H", "SignalType":"FleetCarrier", "IsStation":true }
{ "timestamp":"2023-10-18T17:24:02Z", "event":"FSSSignalDiscovered", "SystemAddress":5068732507585, "SignalName":"Avali Tech Space Yacht T4B-74N", "SignalType":"FleetCarrier", "IsStation":true }
{ "timestamp":"2023-10-18T17:24:02Z", "event":"FSSSignalDiscovered", "SystemAddress":5068732507585, "SignalName":"Carey Hub", "SignalType":"StationCoriolis", "IsStation":true }
{ "timestamp":"2023-10-18T17:24:02Z", "event":"FSSSignalDiscovered", "SystemAddress":5068732507585, "SignalName":"GFFS - LIBERTY. X3J-L3M", "SignalType":"FleetCarrier", "IsStation":true }
{ "timestamp":"2023-10-18T17:24:02Z", "event":"FSSSignalDiscovered", "SystemAddress":5068732507585, "SignalName":"GFFS - K INICH AHAU K2W-9HB", "SignalType":"FleetCarrier", "IsStation":true }
{ "timestamp":"2023-10-18T17:24:02Z", "event":"FSSSignalDiscovered", "SystemAddress":5068732507585, "SignalName":"GFFFC-EVAN-LEIGH X2K-G8F", "SignalType":"FleetCarrier", "IsStation":true }
{ "timestamp":"2023-10-18T17:24:02Z", "event":"FSSSignalDiscovered", "SystemAddress":5068732507585, "SignalName":"$Warzone_PointRace_Med:#index=1;", "SignalName_Localised":"Conflict Zone [Medium Intensity]", "SignalType":"Combat" }
{ "timestamp":"2023-10-18T17:24:02Z", "event":"FSSSignalDiscovered", "SystemAddress":5068732507585, "SignalName":"$Warzone_PointRace_Med:#index=2;", "SignalName_Localised":"Conflict Zone [Medium Intensity]", "SignalType":"Combat" }
{ "timestamp":"2023-10-18T17:24:02Z", "event":"FSSSignalDiscovered", "SystemAddress":5068732507585, "SignalName":"Bamford Port", "SignalType":"Outpost" }
{ "timestamp":"2023-10-18T17:24:02Z", "event":"FSSSignalDiscovered", "SystemAddress":5068732507585, "SignalName":"$Warzone_PointRace_Med:#index=1;", "SignalName_Localised":"Conflict Zone [Medium Intensity]", "SignalType":"Combat" }
{ "timestamp":"2023-10-18T17:24:02Z", "event":"FSSSignalDiscovered", "SystemAddress":5068732507585, "SignalName":"$Warzone_PointRace_High:#index=1;", "SignalName_Localised":"Conflict Zone [High Intensity]", "SignalType":"Combat" }
{ "timestamp":"2023-10-18T17:24:02Z", "event":"FSSSignalDiscovered", "SystemAddress":5068732507585, "SignalName":"$Warzone_PointRace_High:#index=2;", "SignalName_Localised":"Conflict Zone [High Intensity]", "SignalType":"Combat" }
{ "timestamp":"2023-10-18T17:24:02Z", "event":"FSSSignalDiscovered", "SystemAddress":5068732507585, "SignalName":"$Warzone_PointRace_Low:#index=1;", "SignalName_Localised":"Conflict Zone [Low Intensity]", "SignalType":"Combat" }
{ "timestamp":"2023-10-18T17:24:02Z", "event":"FSSSignalDiscovered", "SystemAddress":5068732507585, "SignalName":"$Warzone_PointRace_High:#index=1;", "SignalName_Localised":"Conflict Zone [High Intensity]", "SignalType":"Combat" }
{ "timestamp":"2023-10-18T17:24:02Z", "event":"FSSSignalDiscovered", "SystemAddress":5068732507585, "SignalName":"Grissom Orbital", "SignalType":"Outpost" }
{ "timestamp":"2023-10-18T17:24:02Z", "event":"FSSSignalDiscovered", "SystemAddress":5068732507585, "SignalName":"$Warzone_PointRace_Low:#index=1;", "SignalName_Localised":"Conflict Zone [Low Intensity]", "SignalType":"Combat" }
{ "timestamp":"2023-10-18T17:24:02Z", "event":"FSSSignalDiscovered", "SystemAddress":5068732507585, "SignalName":"Tito Orbital", "SignalType":"StationBernalSphere", "IsStation":true }
{ "timestamp":"2023-10-18T17:24:02Z", "event":"FSSSignalDiscovered", "SystemAddress":5068732507585, "SignalName":"$Warzone_PointRace_High:#index=1;", "SignalName_Localised":"Conflict Zone [High Intensity]", "SignalType":"Combat" }
{ "timestamp":"2023-10-18T17:24:02Z", "event":"FSSSignalDiscovered", "SystemAddress":5068732507585, "SignalName":"$Warzone_PointRace_Low:#index=1;", "SignalName_Localised":"Conflict Zone [Low Intensity]", "SignalType":"Combat" }
{ "timestamp":"2023-10-18T17:24:02Z", "event":"FSSSignalDiscovered", "SystemAddress":5068732507585, "SignalName":"$MULTIPLAYER_SCENARIO77_TITLE;", "SignalName_Localised":"Resource Extraction Site [Low]", "SignalType":"ResourceExtraction" }
{ "timestamp":"2023-10-18T17:24:02Z", "event":"FSSSignalDiscovered", "SystemAddress":5068732507585, "SignalName":"Kennedy Villas", "SignalType":"Installation" }
{ "timestamp":"2023-10-18T17:24:02Z", "event":"SupercruiseExit", "Taxi":false, "Multicrew":false, "StarSystem":"LP 751-1", "SystemAddress":5068732507585, "Body":"LP 751-1 1", "BodyID":6, "BodyType":"Planet" }
{ "timestamp":"2023-10-18T17:24:02Z", "event":"ShipLocker", "Items":[  ], "Components":[  ], "Consumables":[  ], "Data":[  ] }
{ "timestamp":"2023-10-18T17:24:03Z", "event":"Music", "MusicTrack":"Exploration" }
{ "timestamp":"2023-10-18T17:24:27Z", "event":"Music", "MusicTrack":"Combat_Dogfight" }
{ "timestamp":"2023-10-18T17:24:39Z", "event":"Music", "MusicTrack":"Combat_LargeDogFight" }
{ "timestamp":"2023-10-18T17:24:43Z", "event":"UnderAttack", "Target":"You" }
{ "timestamp":"2023-10-18T17:24:57Z", "event":"ShipTargeted", "TargetLocked":true, "Ship":"typex_3", "Ship_Localised":"Alliance Challenger", "ScanStage":0 }
{ "timestamp":"2023-10-18T17:24:57Z", "event":"ShipTargeted", "TargetLocked":true, "Ship":"typex_3", "Ship_Localised":"Alliance Challenger", "ScanStage":3, "PilotName":"$ShipName_Military_Independent;", "PilotName_Localised":"System Defence Force", "PilotRank":"Competent", "ShieldHealth":11.271603, "HullHealth":100.000000, "Faction":"Liberty Party of LP 751-1", "LegalStatus":"Lawless" }
{ "timestamp":"2023-10-18T17:25:48Z", "event":"ReceiveText", "From":"$ShipName_Military_Independent;", "From_Localised":"System Defence Force", "Message":"$Military_UnderFire08;", "Message_Localised":"Enemy fire incoming!", "Channel":"npc" }
{ "timestamp":"2023-10-18T17:25:53Z", "event":"UnderAttack", "Target":"You" }
{ "timestamp":"2023-10-18T17:26:36Z", "event":"ReceiveText", "From":"$ShipName_Military_Independent;", "From_Localised":"System Defence Force", "Message":"$Military_UnderFire02;", "Message_Localised":"You picked the wrong fight today, Commander.", "Channel":"npc" }
{ "timestamp":"2023-10-18T17:26:49Z", "event":"ShieldState", "ShieldsUp":false }
{ "timestamp":"2023-10-18T17:26:50Z", "event":"HullDamage", "Health":0.795000, "PlayerPilot":true, "Fighter":false }
{ "timestamp":"2023-10-18T17:26:53Z", "event":"UnderAttack", "Target":"You" }
{ "timestamp":"2023-10-18T17:26:53Z", "event":"HullDamage", "Health":0.571158, "PlayerPilot":true, "Fighter":false }
{ "timestamp":"2023-10-18T17:26:56Z", "event":"HullDamage", "Health":0.082695, "PlayerPilot":true, "Fighter":false }
{ "timestamp":"2023-10-18T17:26:56Z", "event":"HullDamage", "Health":0.082695, "PlayerPilot":true, "Fighter":false }
{ "timestamp":"2023-10-18T17:26:59Z", "event":"Died", "KillerName":"$ShipName_Military_Independent;", "KillerName_Localised":"System Defence Force", "KillerShip":"anaconda", "KillerRank":"Master" }
{ "timestamp":"2023-10-18T17:27:02Z", "event":"Music", "MusicTrack":"MainMenu" }
{ "timestamp":"2023-10-18T17:27:31Z", "event":"Resurrect", "Option":"rebuy", "Cost":7321, "Bankrupt":false }
{ "timestamp":"2023-10-18T17:27:32Z", "event":"FSDTarget", "Name":"Alrai Sector JW-W b1-6", "SystemAddress":13864825529785, "StarClass":"M", "RemainingJumpsInRoute":2 }
{ "timestamp":"2023-10-18T17:27:36Z", "event":"Location", "DistFromStarLS":91.159752, "Docked":true, "StationName":"Lamarr Ring", "StationType":"Orbis", "MarketID":3230472960, "StationFaction":{ "Name":"Galactic Freedom Fighters", "FactionState":"Boom" }, "StationGovernment":"$government_Democracy;", "StationGovernment_Localised":"Democracy", "StationServices":[ "dock", "autodock", "blackmarket", "commodities", "contacts", "exploration", "missions", "outfitting", "crewlounge", "rearm", "refuel", "repair", "shipyard", "tuning", "engineer", "missionsgenerated", "flightcontroller", "stationoperations", "powerplay", "searchrescue", "stationMenu", "shop", "livery", "socialspace", "bartender", "vistagenomics", "pioneersupplies", "apexinterstellar", "frontlinesolutions" ], "StationEconomy":"$economy_Agri;", "StationEconomy_Localised":"Agriculture", "StationEconomies":[ { "Name":"$economy_Agri;", "Name_Localised":"Agriculture", "Proportion":1.000000 } ], "Taxi":false, "Multicrew":false, "StarSystem":"LP 751-1", "SystemAddress":5068732507585, "StarPos":[-22.84375,-9.34375,56.25000], "SystemAllegiance":"Independent", "SystemEconomy":"$economy_Agri;", "SystemEconomy_Localised":"Agriculture", "SystemSecondEconomy":"$economy_Refinery;", "SystemSecondEconomy_Localised":"Refinery", "SystemGovernment":"$government_Democracy;", "SystemGovernment_Localised":"Democracy", "SystemSecurity":"$SYSTEM_SECURITY_high;", "SystemSecurity_Localised":"High Security", "Population":1110434888, "Body":"Lamarr Ring", "BodyID":27, "BodyType":"Station", "Factions":[ { "Name":"Movement for LP 751-1 Independents", "FactionState":"CivilWar", "Government":"Democracy", "Influence":0.078000, "Allegiance":"Federation", "Happiness":"$Faction_HappinessBand2;", "Happiness_Localised":"Happy", "MyReputation":0.000000, "RecoveringStates":[ { "State":"Terrorism", "Trend":0 } ], "ActiveStates":[ { "State":"CivilWar" } ] }, { "Name":"Silver Dynamic Interstellar", "FactionState":"None", "Government":"Corporate", "Influence":0.056000, "Allegiance":"Federation", "Happiness":"$Faction_HappinessBand2;", "Happiness_Localised":"Happy", "MyReputation":0.330000 }, { "Name":"LP 751-1 Vision Organisation", "FactionState":"None", "Government":"Corporate", "Influence":0.058000, "Allegiance":"Federation", "Happiness":"$Faction_HappinessBand2;", "Happiness_Localised":"Happy", "MyReputation":0.330000 }, { "Name":"Liberty Party of LP 751-1", "FactionState":"CivilWar", "Government":"Dictatorship", "Influence":0.078000, "Allegiance":"Independent", "Happiness":"$Faction_HappinessBand2;", "Happiness_Localised":"Happy", "MyReputation":0.000000, "ActiveStates":[ { "State":"CivilWar" } ] }, { "Name":"LP 751-1 Solutions", "FactionState":"None", "Government":"Corporate", "Influence":0.060000, "Allegiance":"Independent", "Happiness":"$Faction_HappinessBand2;", "Happiness_Localised":"Happy", "MyReputation":0.000000 }, { "Name":"LP 751-1 Silver Rats", "FactionState":"None", "Government":"Anarchy", "Influence":0.011000, "Allegiance":"Independent", "Happiness":"$Faction_HappinessBand2;", "Happiness_Localised":"Happy", "MyReputation":0.000000 }, { "Name":"Galactic Freedom Fighters", "FactionState":"Boom", "Government":"Democracy", "Influence":0.659000, "Allegiance":"Independent", "Happiness":"$Faction_HappinessBand2;", "Happiness_Localised":"Happy", "MyReputation":0.330000, "ActiveStates":[ { "State":"Boom" } ] } ], "SystemFaction":{ "Name":"Galactic Freedom Fighters", "FactionState":"Boom" }, "Conflicts":[ { "WarType":"civilwar", "Status":"active", "Faction1":{ "Name":"Movement for LP 751-1 Independents", "Stake":"Bamford Port", "WonDays":0 }, "Faction2":{ "Name":"Liberty Party of LP 751-1", "Stake":"", "WonDays":1 } } ] }
{ "timestamp":"2023-10-18T17:27:36Z", "event":"Music", "MusicTrack":"Combat_Dogfight" }
{ "timestamp":"2023-10-18T17:27:36Z", "event":"ShipLocker", "Items":[  ], "Components":[  ], "Consumables":[  ], "Data":[  ] }
{ "timestamp":"2023-10-18T17:27:36Z", "event":"Missions", "Active":[  ], "Failed":[  ], "Complete":[  ] }
{ "timestamp":"2023-10-18T17:27:36Z", "event":"Loadout", "Ship":"eagle", "ShipID":1, "ShipName":"", "ShipIdent":"NI-11E", "HullValue":44800, "ModulesValue":101614, "HullHealth":1.000000, "UnladenMass":88.900002, "CargoCapacity":0, "MaxJumpRange":7.873608, "FuelCapacity":{ "Main":6.000000, "Reserve":0.340000 }, "Rebuy":7321, "Modules":[ { "Slot":"SmallHardpoint1", "Item":"hpt_pulselaser_fixed_small", "On":true, "Priority":2, "Health":1.000000 }, { "Slot":"SmallHardpoint2", "Item":"hpt_pulselaser_fixed_small", "On":true, "Priority":2, "Health":1.000000 }, { "Slot":"SmallHardpoint3", "Item":"hpt_cannon_gimbal_small", "On":true, "Priority":0, "AmmoInClip":5, "AmmoInHopper":100, "Health":1.000000, "Value":42200 }, { "Slot":"TinyHardpoint1", "Item":"hpt_heatsinklauncher_turret_tiny", "On":true, "Priority":0, "AmmoInClip":1, "AmmoInHopper":2, "Health":1.000000, "Value":3500 }, { "Slot":"Armour", "Item":"eagle_armour_grade1", "On":true, "Priority":1, "Health":1.000000 }, { "Slot":"PowerPlant", "Item":"int_powerplant_size2_class3", "On":true, "Priority":1, "Health":1.000000, "Value":17793 }, { "Slot":"MainEngines", "Item":"int_engine_size3_class2", "On":true, "Priority":0, "Health":1.000000, "Value":18812 }, { "Slot":"FrameShiftDrive", "Item":"int_hyperdrive_size3_class1", "On":true, "Priority":2, "Health":1.000000 }, { "Slot":"LifeSupport", "Item":"int_lifesupport_size1_class1", "On":true, "Priority":1, "Health":1.000000 }, { "Slot":"PowerDistributor", "Item":"int_powerdistributor_size2_class1", "On":true, "Priority":2, "Health":1.000000 }, { "Slot":"Radar", "Item":"int_sensors_size2_class1", "On":true, "Priority":2, "Health":1.000000 }, { "Slot":"FuelTank", "Item":"int_fueltank_size2_class3", "On":true, "Priority":1, "Health":1.000000 }, { "Slot":"Slot01_Size3", "Item":"int_shieldgenerator_size3_class1", "On":true, "Priority":2, "Health":1.000000 }, { "Slot":"Slot02_Size2", "Item":"int_buggybay_size2_class1", "On":true, "Priority":0, "Health":1.000000, "Value":18000 }, { "Slot":"Slot03_Size1", "Item":"int_fueltank_size1_class3", "On":true, "Priority":1, "Health":1.000000, "Value":1000 }, { "Slot":"Slot04_Size1", "Item":"int_fuelscoop_size1_class1", "On":true, "Priority":0, "Health":1.000000, "Value":309 }, { "Slot":"Slot05_Size1", "Item":"int_supercruiseassist", "On":true, "Priority":2, "Health":1.000000 }, { "Slot":"Slot06_Size1", "Item":"int_dockingcomputer_advanced", "On":true, "Priority":3, "Health":1.000000 }, { "Slot":"PlanetaryApproachSuite", "Item":"int_planetapproachsuite_advanced", "On":true, "Priority":1, "Health":1.000000 }, { "Slot":"VesselVoice", "Item":"voicepack_victor", "On":true, "Priority":1, "Health":1.000000 }, { "Slot":"ShipCockpit", "Item":"eagle_cockpit", "On":true, "Priority":1, "Health":1.000000 }, { "Slot":"CargoHatch", "Item":"modularcargobaydoor", "On":true, "Priority":2, "Health":1.000000 } ] }
{ "timestamp":"2023-10-18T17:27:38Z", "event":"Cargo", "Vessel":"Ship", "Count":0, "Inventory":[  ] }
{ "timestamp":"2023-10-18T17:27:41Z", "event":"RefuelAll", "Cost":100, "Amount":2.000000 }
{ "timestamp":"2023-10-18T17:27:52Z", "event":"Music", "MusicTrack":"Starport" }
{ "timestamp":"2023-10-18T17:28:31Z", "event":"MissionAccepted", "Faction":"Galactic Freedom Fighters", "Name":"Mission_Courier_Democracy", "LocalisedName":"Internal report delivery", "TargetFaction":"Tau Ophiuchii Law Party", "DestinationSystem":"Tau Ophiuchii", "DestinationStation":"Robson Hub", "Expiry":"2023-10-19T17:28:07Z", "Wing":false, "Influence":"+", "Reputation":"+", "Reward":20740, "MissionID":943421189 }
{ "timestamp":"2023-10-18T17:28:50Z", "event":"Music", "MusicTrack":"GalaxyMap" }
{ "timestamp":"2023-10-18T17:28:52Z", "event":"NavRoute" }
{ "timestamp":"2023-10-18T17:28:52Z", "event":"FSDTarget", "Name":"LTT 7421", "SystemAddress":2518738274675, "StarClass":"DA", "RemainingJumpsInRoute":4 }
{ "timestamp":"2023-10-18T17:28:54Z", "event":"Music", "MusicTrack":"Starport" }
{ "timestamp":"2023-10-18T17:29:14Z", "event":"Undocked", "StationName":"Lamarr Ring", "StationType":"Orbis", "MarketID":3230472960, "Taxi":false, "Multicrew":false }
{ "timestamp":"2023-10-18T17:29:39Z", "event":"Music", "MusicTrack":"NoTrack" }
{ "timestamp":"2023-10-18T17:30:14Z", "event":"StartJump", "JumpType":"Hyperspace", "Taxi":false, "StarSystem":"LTT 7421", "SystemAddress":2518738274675, "StarClass":"DA" }
{ "timestamp":"2023-10-18T17:30:19Z", "event":"ShipLocker", "Items":[  ], "Components":[  ], "Consumables":[  ], "Data":[  ] }
{ "timestamp":"2023-10-18T17:30:20Z", "event":"FSDTarget", "Name":"Alrai Sector JR-W c1-22", "SystemAddress":6131166483170, "StarClass":"M", "RemainingJumpsInRoute":3 }
{ "timestamp":"2023-10-18T17:30:33Z", "event":"ReceiveText", "From":"", "Message":"$COMMS_entered:#name=LTT 7421;", "Message_Localised":"Entered Channel: LTT 7421", "Channel":"npc" }
{ "timestamp":"2023-10-18T17:30:33Z", "event":"FSDJump", "Taxi":false, "Multicrew":false, "StarSystem":"LTT 7421", "SystemAddress":2518738274675, "StarPos":[-23.09375,-3.46875,56.93750], "SystemAllegiance":"Independent", "SystemEconomy":"$economy_Industrial;", "SystemEconomy_Localised":"Industrial", "SystemSecondEconomy":"$economy_Refinery;", "SystemSecondEconomy_Localised":"Refinery", "SystemGovernment":"$government_Dictatorship;", "SystemGovernment_Localised":"Dictatorship", "SystemSecurity":"$SYSTEM_SECURITY_high;", "SystemSecurity_Localised":"High Security", "Population":22470143, "Body":"LTT 7421 A", "BodyID":1, "BodyType":"Star", "JumpDist":5.920, "FuelUsed":0.726811, "FuelLevel":5.273189, "Factions":[ { "Name":"Allied LTT 7421 Order", "FactionState":"CivilWar", "Government":"Dictatorship", "Influence":0.079430, "Allegiance":"Independent", "Happiness":"$Faction_HappinessBand2;", "Happiness_Localised":"Happy", "MyReputation":0.000000, "ActiveStates":[ { "State":"Boom" }, { "State":"CivilWar" } ] }, { "Name":"LTT 7421 Electronics Company", "FactionState":"CivilUnrest", "Government":"Corporate", "Influence":0.159878, "Allegiance":"Federation", "Happiness":"$Faction_HappinessBand3;", "Happiness_Localised":"Content", "MyReputation":0.000000, "RecoveringStates":[ { "State":"Blight", "Trend":0 } ], "ActiveStates":[ { "State":"Famine" }, { "State":"CivilUnrest" } ] }, { "Name":"LTT 7421 Rats", "FactionState":"Bust", "Government":"Anarchy", "Influence":0.010183, "Allegiance":"Independent", "Happiness":"$Faction_HappinessBand2;", "Happiness_Localised":"Happy", "MyReputation":0.000000, "ActiveStates":[ { "State":"Bust" } ] }, { "Name":"LTT 7421 Future", "FactionState":"CivilWar", "Government":"Democracy", "Influence":0.079430, "Allegiance":"Independent", "Happiness":"$Faction_HappinessBand2;", "Happiness_Localised":"Happy", "MyReputation":0.000000, "ActiveStates":[ { "State":"CivilWar" } ] }, { "Name":"League of LTT 7421 League", "FactionState":"Boom", "Government":"Dictatorship", "Influence":0.546843, "Allegiance":"Independent", "Happiness":"$Faction_HappinessBand2;", "Happiness_Localised":"Happy", "MyReputation":0.000000, "ActiveStates":[ { "State":"Boom" } ] }, { "Name":"Lokitaka Mu Ltd", "FactionState":"None", "Government":"Corporate", "Influence":0.064155, "Allegiance":"Federation", "Happiness":"$Faction_HappinessBand2;", "Happiness_Localised":"Happy", "MyReputation":0.000000 }, { "Name":"The D Team", "FactionState":"None", "Government":"Corporate", "Influence":0.060081, "Allegiance":"Independent", "Happiness":"$Faction_HappinessBand2;", "Happiness_Localised":"Happy", "MyReputation":0.000000, "RecoveringStates":[ { "State":"Drought", "Trend":0 } ] } ], "SystemFaction":{ "Name":"League of LTT 7421 League", "FactionState":"Boom" }, "Conflicts":[ { "WarType":"civilwar", "Status":"active", "Faction1":{ "Name":"Allied LTT 7421 Order", "Stake":"", "WonDays":0 }, "Faction2":{ "Name":"LTT 7421 Future", "Stake":"Young Service", "WonDays":1 } } ] }
{ "timestamp":"2023-10-18T17:30:33Z", "event":"ShipLocker", "Items":[  ], "Components":[  ], "Consumables":[  ], "Data":[  ] }
{ "timestamp":"2023-10-18T17:30:33Z", "event":"Music", "MusicTrack":"Supercruise" }
{ "timestamp":"2023-10-18T17:31:29Z", "event":"StartJump", "JumpType":"Hyperspace", "Taxi":false, "StarSystem":"Alrai Sector JR-W c1-22", "SystemAddress":6131166483170, "StarClass":"M" }
{ "timestamp":"2023-10-18T17:31:34Z", "event":"ShipLocker", "Items":[  ], "Components":[  ], "Consumables":[  ], "Data":[  ] }
{ "timestamp":"2023-10-18T17:31:34Z", "event":"Music", "MusicTrack":"NoTrack" }
{ "timestamp":"2023-10-18T17:31:36Z", "event":"FSDTarget", "Name":"Alrai Sector JR-W c1-14", "SystemAddress":3932143227618, "StarClass":"M", "RemainingJumpsInRoute":2 }
{ "timestamp":"2023-10-18T17:31:47Z", "event":"ReceiveText", "From":"", "Message":"$COMMS_entered:#name=Alrai Sector JR-W c1-22;", "Message_Localised":"Entered Channel: Alrai Sector JR-W c1-22", "Channel":"npc" }
{ "timestamp":"2023-10-18T17:31:47Z", "event":"FSDJump", "Taxi":false, "Multicrew":false, "StarSystem":"Alrai Sector JR-W c1-22", "SystemAddress":6131166483170, "StarPos":[-24.28125,-1.25000,57.65625], "SystemAllegiance":"", "SystemEconomy":"$economy_None;", "SystemEconomy_Localised":"None", "SystemSecondEconomy":"$economy_None;", "SystemSecondEconomy_Localised":"None", "SystemGovernment":"$government_None;", "SystemGovernment_Localised":"None", "SystemSecurity":"$GAlAXY_MAP_INFO_state_anarchy;", "SystemSecurity_Localised":"Anarchy", "Population":0, "Body":"Alrai Sector JR-W c1-22 A", "BodyID":1, "BodyType":"Star", "JumpDist":2.617, "FuelUsed":0.123604, "FuelLevel":5.149584 }
{ "timestamp":"2023-10-18T17:31:47Z", "event":"ShipLocker", "Items":[  ], "Components":[  ], "Consumables":[  ], "Data":[  ] }
{ "timestamp":"2023-10-18T17:31:47Z", "event":"Music", "MusicTrack":"Supercruise" }
{ "timestamp":"2023-10-18T17:31:53Z", "event":"Scan", "ScanType":"AutoScan", "BodyName":"Alrai Sector JR-W c1-22 A", "BodyID":1, "Parents":[ {"Null":0} ], "StarSystem":"Alrai Sector JR-W c1-22", "SystemAddress":6131166483170, "DistanceFromArrivalLS":0.000000, "StarType":"M", "Subclass":0, "StellarMass":0.570313, "Radius":448207744.000000, "AbsoluteMagnitude":7.777298, "Age_MY":5772, "SurfaceTemperature":3652.000000, "Luminosity":"Va", "SemiMajorAxis":8015105009078.979492, "Eccentricity":0.424068, "OrbitalInclination":-43.609542, "Periapsis":143.060631, "OrbitalPeriod":93399851322.174072, "AscendingNode":30.640273, "MeanAnomaly":158.214652, "RotationPeriod":194965.822960, "AxialTilt":0.000000, "WasDiscovered":true, "WasMapped":false }
{ "timestamp":"2023-10-18T17:32:25Z", "event":"StartJump", "JumpType":"Hyperspace", "Taxi":false, "StarSystem":"Alrai Sector JR-W c1-14", "SystemAddress":3932143227618, "StarClass":"M" }
{ "timestamp":"2023-10-18T17:32:30Z", "event":"ShipLocker", "Items":[  ], "Components":[  ], "Consumables":[  ], "Data":[  ] }
{ "timestamp":"2023-10-18T17:32:30Z", "event":"Music", "MusicTrack":"NoTrack" }
{ "timestamp":"2023-10-18T17:32:31Z", "event":"FSDTarget", "Name":"Tau Ophiuchii", "SystemAddress":3309012257131, "StarClass":"F", "RemainingJumpsInRoute":1 }
{ "timestamp":"2023-10-18T17:32:44Z", "event":"ReceiveText", "From":"", "Message":"$COMMS_entered:#name=Alrai Sector JR-W c1-14;", "Message_Localised":"Entered Channel: Alrai Sector JR-W c1-14", "Channel":"npc" }
{ "timestamp":"2023-10-18T17:32:44Z", "event":"FSDJump", "Taxi":false, "Multicrew":false, "StarSystem":"Alrai Sector JR-W c1-14", "SystemAddress":3932143227618, "StarPos":[-23.37500,4.75000,57.78125], "SystemAllegiance":"", "SystemEconomy":"$economy_None;", "SystemEconomy_Localised":"None", "SystemSecondEconomy":"$economy_None;", "SystemSecondEconomy_Localised":"None", "SystemGovernment":"$government_None;", "SystemGovernment_Localised":"None", "SystemSecurity":"$GAlAXY_MAP_INFO_state_anarchy;", "SystemSecurity_Localised":"Anarchy", "Population":0, "Body":"Alrai Sector JR-W c1-14", "BodyID":0, "BodyType":"Star", "JumpDist":6.069, "FuelUsed":0.752006, "FuelLevel":4.397579 }
{ "timestamp":"2023-10-18T17:32:44Z", "event":"ShipLocker", "Items":[  ], "Components":[  ], "Consumables":[  ], "Data":[  ] }
{ "timestamp":"2023-10-18T17:32:44Z", "event":"Music", "MusicTrack":"Supercruise" }
{ "timestamp":"2023-10-18T17:32:49Z", "event":"Scan", "ScanType":"AutoScan", "BodyName":"Alrai Sector JR-W c1-14", "BodyID":0, "StarSystem":"Alrai Sector JR-W c1-14", "SystemAddress":3932143227618, "DistanceFromArrivalLS":0.000000, "StarType":"M", "Subclass":0, "StellarMass":0.515625, "Radius":481658368.000000, "AbsoluteMagnitude":7.740356, "Age_MY":7166, "SurfaceTemperature":3553.000000, "Luminosity":"Va", "RotationPeriod":195381.935539, "AxialTilt":0.000000, "WasDiscovered":true, "WasMapped":false }
{ "timestamp":"2023-10-18T17:32:49Z", "event":"FSSAllBodiesFound", "SystemName":"Alrai Sector JR-W c1-14", "SystemAddress":3932143227618, "Count":1 }
{ "timestamp":"2023-10-18T17:33:12Z", "event":"Music", "MusicTrack":"GalaxyMap" }
{ "timestamp":"2023-10-18T17:33:38Z", "event":"Music", "MusicTrack":"Supercruise" }
{ "timestamp":"2023-10-18T17:33:59Z", "event":"StartJump", "JumpType":"Hyperspace", "Taxi":false, "StarSystem":"Tau Ophiuchii", "SystemAddress":3309012257131, "StarClass":"F" }
{ "timestamp":"2023-10-18T17:34:04Z", "event":"ShipLocker", "Items":[  ], "Components":[  ], "Consumables":[  ], "Data":[  ] }
{ "timestamp":"2023-10-18T17:34:04Z", "event":"Music", "MusicTrack":"NoTrack" }
{ "timestamp":"2023-10-18T17:34:05Z", "event":"NavRouteClear" }
{ "timestamp":"2023-10-18T17:34:18Z", "event":"ReceiveText", "From":"", "Message":"$COMMS_entered:#name=Tau Ophiuchii;", "Message_Localised":"Entered Channel: Tau Ophiuchii", "Channel":"npc" }
{ "timestamp":"2023-10-18T17:34:18Z", "event":"FSDJump", "Taxi":false, "Multicrew":false, "StarSystem":"Tau Ophiuchii", "SystemAddress":3309012257131, "StarPos":[-19.06250,6.68750,52.15625], "SystemAllegiance":"Federation", "SystemEconomy":"$economy_Agri;", "SystemEconomy_Localised":"Agriculture", "SystemSecondEconomy":"$economy_Refinery;", "SystemSecondEconomy_Localised":"Refinery", "SystemGovernment":"$government_Corporate;", "SystemGovernment_Localised":"Corporate", "SystemSecurity":"$SYSTEM_SECURITY_high;", "SystemSecurity_Localised":"High Security", "Population":6144252704, "Body":"Tau Ophiuchii B", "BodyID":2, "BodyType":"Star", "JumpDist":7.348, "FuelUsed":1.114875, "FuelLevel":3.282703, "Factions":[ { "Name":"Social Tau Ophiuchii Revolutionary Party", "FactionState":"None", "Government":"Democracy", "Influence":0.047813, "Allegiance":"Independent", "Happiness":"$Faction_HappinessBand2;", "Happiness_Localised":"Happy", "MyReputation":0.000000 }, { "Name":"Tau Ophiuchii Incorporated", "FactionState":"None", "Government":"Corporate", "Influence":0.394710, "Allegiance":"Federation", "Happiness":"$Faction_HappinessBand2;", "Happiness_Localised":"Happy", "MyReputation":0.000000 }, { "Name":"Tau Ophiuchii Law Party", "FactionState":"None", "Government":"Dictatorship", "Influence":0.077314, "Allegiance":"Independent", "Happiness":"$Faction_HappinessBand2;", "Happiness_Localised":"Happy", "MyReputation":0.000000 }, { "Name":"Crimson United Systems", "FactionState":"None", "Government":"Corporate", "Influence":0.116989, "Allegiance":"Independent", "Happiness":"$Faction_HappinessBand2;", "Happiness_Localised":"Happy", "MyReputation":0.000000 }, { "Name":"Noblemen of LHS 463", "FactionState":"None", "Government":"Feudal", "Influence":0.224822, "Allegiance":"Independent", "Happiness":"$Faction_HappinessBand2;", "Happiness_Localised":"Happy", "MyReputation":0.000000, "PendingStates":[ { "State":"Expansion", "Trend":0 } ] }, { "Name":"Tau Ophiuchii Liberty Party", "FactionState":"None", "Government":"Dictatorship", "Influence":0.060020, "Allegiance":"Independent", "Happiness":"$Faction_HappinessBand2;", "Happiness_Localised":"Happy", "MyReputation":0.000000 }, { "Name":"Arc's Angels", "FactionState":"None", "Government":"Dictatorship", "Influence":0.078332, "Allegiance":"Independent", "Happiness":"$Faction_HappinessBand2;", "Happiness_Localised":"Happy", "MyReputation":0.000000 } ], "SystemFaction":{ "Name":"Tau Ophiuchii Incorporated" } }
{ "timestamp":"2023-10-18T17:34:18Z", "event":"ShipLocker", "Items":[  ], "Components":[  ], "Consumables":[  ], "Data":[  ] }
{ "timestamp":"2023-10-18T17:34:18Z", "event":"Music", "MusicTrack":"DestinationFromHyperspace" }
{ "timestamp":"2023-10-18T17:34:23Z", "event":"Music", "MusicTrack":"Supercruise" }
{ "timestamp":"2023-10-18T17:36:32Z", "event":"ModuleInfo" }
{ "timestamp":"2023-10-18T17:36:44Z", "event":"FSSSignalDiscovered", "SystemAddress":3309012257131, "SignalName":"Stokes Terminal", "SignalType":"Outpost" }
{ "timestamp":"2023-10-18T17:36:44Z", "event":"FSSSignalDiscovered", "SystemAddress":3309012257131, "SignalName":"Cramer Station", "SignalType":"Outpost" }
{ "timestamp":"2023-10-18T17:36:44Z", "event":"FSSSignalDiscovered", "SystemAddress":3309012257131, "SignalName":"Joint Surveillance Communications", "SignalType":"Installation" }
{ "timestamp":"2023-10-18T17:36:44Z", "event":"FSSSignalDiscovered", "SystemAddress":3309012257131, "SignalName":"DAHLHAM ASYLUM Q4Y-82N", "SignalType":"FleetCarrier", "IsStation":true }
{ "timestamp":"2023-10-18T17:36:44Z", "event":"FSSSignalDiscovered", "SystemAddress":3309012257131, "SignalName":"$MULTIPLAYER_SCENARIO42_TITLE;", "SignalName_Localised":"Nav Beacon", "SignalType":"NavBeacon" }
{ "timestamp":"2023-10-18T17:36:44Z", "event":"FSSSignalDiscovered", "SystemAddress":3309012257131, "SignalName":"Kennedy Place", "SignalType":"Installation" }
{ "timestamp":"2023-10-18T17:36:44Z", "event":"FSSSignalDiscovered", "SystemAddress":3309012257131, "SignalName":"Baker Terminal", "SignalType":"StationCoriolis", "IsStation":true }
{ "timestamp":"2023-10-18T17:36:44Z", "event":"FSSSignalDiscovered", "SystemAddress":3309012257131, "SignalName":"Disch City", "SignalType":"StationONeilOrbis", "IsStation":true }
{ "timestamp":"2023-10-18T17:36:44Z", "event":"FSSSignalDiscovered", "SystemAddress":3309012257131, "SignalName":"Block Hub", "SignalType":"StationONeilOrbis", "IsStation":true }
{ "timestamp":"2023-10-18T17:36:44Z", "event":"FSSSignalDiscovered", "SystemAddress":3309012257131, "SignalName":"Kant Commemorative Bazaar", "SignalType":"Installation" }
{ "timestamp":"2023-10-18T17:36:44Z", "event":"FSSSignalDiscovered", "SystemAddress":3309012257131, "SignalName":"Robson Hub", "SignalType":"StationONeilCylinder", "IsStation":true }
{ "timestamp":"2023-10-18T17:36:44Z", "event":"FSSSignalDiscovered", "SystemAddress":3309012257131, "SignalName":"SPACEBALL ONE G3K-3TY", "SignalType":"FleetCarrier", "IsStation":true }
{ "timestamp":"2023-10-18T17:36:44Z", "event":"FSSDiscoveryScan", "Progress":1.000000, "BodyCount":9, "NonBodyCount":13, "SystemName":"Tau Ophiuchii", "SystemAddress":3309012257131 }
{ "timestamp":"2023-10-18T17:37:25Z", "event":"Music", "MusicTrack":"SystemMap" }
{ "timestamp":"2023-10-18T17:37:43Z", "event":"Music", "MusicTrack":"Supercruise" }
{ "timestamp":"2023-10-18T17:37:43Z", "event":"Music", "MusicTrack":"SystemMap" }
{ "timestamp":"2023-10-18T17:37:56Z", "event":"Music", "MusicTrack":"Supercruise" }
{ "timestamp":"2023-10-18T17:42:14Z", "event":"SupercruiseDestinationDrop", "Type":"Robson Hub", "Threat":0, "MarketID":3228782336 }
{ "timestamp":"2023-10-18T17:42:16Z", "event":"SupercruiseExit", "Taxi":false, "Multicrew":false, "StarSystem":"Tau Ophiuchii", "SystemAddress":3309012257131, "Body":"Robson Hub", "BodyID":11, "BodyType":"Station" }
{ "timestamp":"2023-10-18T17:42:16Z", "event":"ShipLocker", "Items":[  ], "Components":[  ], "Consumables":[  ], "Data":[  ] }
{ "timestamp":"2023-10-18T17:42:16Z", "event":"Music", "MusicTrack":"DestinationFromSupercruise" }
{ "timestamp":"2023-10-18T17:42:17Z", "event":"ReceiveText", "From":"Robson Hub", "Message":"$STATION_NoFireZone_entered;", "Message_Localised":"No fire zone entered.", "Channel":"npc" }
{ "timestamp":"2023-10-18T17:42:21Z", "event":"Music", "MusicTrack":"NoTrack" }
{ "timestamp":"2023-10-18T17:42:28Z", "event":"DockingRequested", "MarketID":3228782336, "StationName":"Robson Hub", "StationType":"Orbis", "LandingPads":{ "Small":6, "Medium":12, "Large":6 } }
{ "timestamp":"2023-10-18T17:42:28Z", "event":"ReceiveText", "From":"Robson Hub", "Message":"$DockingChatter_Neutral;", "Message_Localised":"Ensure to observe starport protocol during your visit, pilot.", "Channel":"npc" }
{ "timestamp":"2023-10-18T17:42:28Z", "event":"ReceiveText", "From":"Robson Hub", "Message":"$STATION_docking_granted;", "Message_Localised":"Docking request granted.", "Channel":"npc" }
{ "timestamp":"2023-10-18T17:42:28Z", "event":"DockingGranted", "LandingPad":42, "MarketID":3228782336, "StationName":"Robson Hub", "StationType":"Orbis" }
{ "timestamp":"2023-10-18T17:42:32Z", "event":"Music", "MusicTrack":"DockingComputer" }
{ "timestamp":"2023-10-18T17:43:23Z", "event":"Docked", "StationName":"Robson Hub", "StationType":"Orbis", "Taxi":false, "Multicrew":false, "StarSystem":"Tau Ophiuchii", "SystemAddress":3309012257131, "MarketID":3228782336, "StationFaction":{ "Name":"Tau Ophiuchii Incorporated" }, "StationGovernment":"$government_Corporate;", "StationGovernment_Localised":"Corporate", "StationAllegiance":"Federation", "StationServices":[ "dock", "autodock", "commodities", "contacts", "exploration", "missions", "outfitting", "crewlounge", "rearm", "refuel", "repair", "shipyard", "tuning", "engineer", "missionsgenerated", "flightcontroller", "stationoperations", "powerplay", "searchrescue", "stationMenu", "shop", "livery", "socialspace", "bartender", "vistagenomics", "pioneersupplies", "apexinterstellar", "frontlinesolutions" ], "StationEconomy":"$economy_Refinery;", "StationEconomy_Localised":"Refinery", "StationEconomies":[ { "Name":"$economy_Refinery;", "Name_Localised":"Refinery", "Proportion":1.000000 } ], "DistFromStarLS":18207.414435, "LandingPads":{ "Small":6, "Medium":12, "Large":6 } }
{ "timestamp":"2023-10-18T17:43:23Z", "event":"Music", "MusicTrack":"Starport" }
{ "timestamp":"2023-10-18T17:43:35Z", "event":"RefuelAll", "Cost":149, "Amount":2.971732 }
{ "timestamp":"2023-10-18T17:43:51Z", "event":"MissionCompleted", "Faction":"Galactic Freedom Fighters", "Name":"Mission_Courier_Democracy_name", "LocalisedName":"Internal report delivery", "MissionID":943421189, "TargetFaction":"Tau Ophiuchii Law Party", "DestinationSystem":"Tau Ophiuchii", "DestinationStation":"Robson Hub", "Reward":25740, "FactionEffects":[ { "Faction":"Tau Ophiuchii Law Party", "Effects":[ { "Effect":"$MISSIONUTIL_Interaction_Summary_EP_up;", "Effect_Localised":"The economic status of $#MinorFaction; has improved in the $#System; system.", "Trend":"UpGood" } ], "Influence":[ { "SystemAddress":3309012257131, "Trend":"UpGood", "Influence":"+" } ], "ReputationTrend":"UpGood", "Reputation":"+" }, { "Faction":"Galactic Freedom Fighters", "Effects":[ { "Effect":"$MISSIONUTIL_Interaction_Summary_EP_up;", "Effect_Localised":"The economic status of $#MinorFaction; has improved in the $#System; system.", "Trend":"UpGood" } ], "Influence":[ { "SystemAddress":5068732507585, "Trend":"UpGood", "Influence":"+" } ], "ReputationTrend":"UpGood", "Reputation":"+" } ] }
{ "timestamp":"2023-10-18T17:44:22Z", "event":"Outfitting", "MarketID":3228782336, "StationName":"Robson Hub", "StarSystem":"Tau Ophiuchii" }
{ "timestamp":"2023-10-18T17:44:22Z", "event":"StoredModules", "MarketID":3228782336, "StationName":"Robson Hub", "StarSystem":"Tau Ophiuchii", "Items":[ { "Name":"$int_cargorack_size1_class1_name;", "Name_Localised":"Cargo Rack", "StorageSlot":198, "StarSystem":"LP 751-1", "MarketID":3230473216, "TransferCost":100, "TransferTime":469, "BuyPrice":0, "Hot":false }, { "Name":"$int_engine_size3_class1_name;", "Name_Localised":"Thrusters", "StorageSlot":200, "StarSystem":"LP 751-1", "MarketID":3230473472, "TransferCost":100, "TransferTime":469, "BuyPrice":0, "Hot":false } ] }
{ "timestamp":"2023-10-18T17:46:53Z", "event":"ModuleSell", "MarketID":3228782336, "Slot":"Slot02_Size2", "SellItem":"$int_buggybay_size2_class1_name;", "SellItem_Localised":"Planetary Vehicle Hangar", "SellPrice":23270, "Ship":"eagle", "ShipID":1 }
{ "timestamp":"2023-10-18T17:47:41Z", "event":"Loadout", "Ship":"eagle", "ShipID":1, "ShipName":"", "ShipIdent":"NI-11E", "HullValue":44800, "ModulesValue":78344, "HullHealth":1.000000, "UnladenMass":76.900002, "CargoCapacity":0, "MaxJumpRange":9.083382, "FuelCapacity":{ "Main":6.000000, "Reserve":0.340000 }, "Rebuy":6421, "Modules":[ { "Slot":"SmallHardpoint1", "Item":"hpt_pulselaser_fixed_small", "On":true, "Priority":2, "Health":1.000000 }, { "Slot":"SmallHardpoint2", "Item":"hpt_pulselaser_fixed_small", "On":true, "Priority":2, "Health":1.000000 }, { "Slot":"SmallHardpoint3", "Item":"hpt_cannon_gimbal_small", "On":true, "Priority":0, "AmmoInClip":5, "AmmoInHopper":100, "Health":1.000000, "Value":42200 }, { "Slot":"TinyHardpoint1", "Item":"hpt_heatsinklauncher_turret_tiny", "On":true, "Priority":0, "AmmoInClip":1, "AmmoInHopper":2, "Health":1.000000, "Value":3500 }, { "Slot":"Armour", "Item":"eagle_armour_grade1", "On":true, "Priority":1, "Health":1.000000 }, { "Slot":"PowerPlant", "Item":"int_powerplant_size2_class3", "On":true, "Priority":1, "Health":1.000000, "Value":17793 }, { "Slot":"MainEngines", "Item":"int_engine_size3_class2", "On":true, "Priority":0, "Health":1.000000, "Value":18812 }, { "Slot":"FrameShiftDrive", "Item":"int_hyperdrive_size3_class1", "On":true, "Priority":2, "Health":1.000000 }, { "Slot":"LifeSupport", "Item":"int_lifesupport_size1_class1", "On":true, "Priority":1, "Health":1.000000 }, { "Slot":"PowerDistributor", "Item":"int_powerdistributor_size2_class1", "On":true, "Priority":2, "Health":1.000000 }, { "Slot":"Radar", "Item":"int_sensors_size2_class1", "On":true, "Priority":2, "Health":1.000000 }, { "Slot":"FuelTank", "Item":"int_fueltank_size2_class3", "On":true, "Priority":1, "Health":1.000000 }, { "Slot":"Slot01_Size3", "Item":"int_shieldgenerator_size3_class1", "On":true, "Priority":2, "Health":1.000000 }, { "Slot":"Slot03_Size1", "Item":"int_fueltank_size1_class3", "On":true, "Priority":1, "Health":1.000000, "Value":1000 }, { "Slot":"Slot04_Size1", "Item":"int_fuelscoop_size1_class1", "On":true, "Priority":0, "Health":1.000000, "Value":309 }, { "Slot":"Slot05_Size1", "Item":"int_supercruiseassist", "On":true, "Priority":2, "Health":1.000000 }, { "Slot":"Slot06_Size1", "Item":"int_dockingcomputer_advanced", "On":true, "Priority":3, "Health":1.000000 }, { "Slot":"PlanetaryApproachSuite", "Item":"int_planetapproachsuite_advanced", "On":true, "Priority":1, "Health":1.000000 }, { "Slot":"VesselVoice", "Item":"voicepack_victor", "On":true, "Priority":1, "Health":1.000000 }, { "Slot":"ShipCockpit", "Item":"eagle_cockpit", "On":true, "Priority":1, "Health":1.000000 }, { "Slot":"CargoHatch", "Item":"modularcargobaydoor", "On":true, "Priority":2, "Health":1.000000 } ] }
{ "timestamp":"2023-10-18T17:49:25Z", "event":"ReceiveText", "From":"$npc_name_decorate:#name=Lapsa;", "From_Localised":"Lapsa", "Message":"$Commuter_AuthorityScan02;", "Message_Localised":"How can I be of assistance?", "Channel":"npc" }
{ "timestamp":"2023-10-18T17:51:27Z", "event":"Shipyard", "MarketID":3228782336, "StationName":"Robson Hub", "StarSystem":"Tau Ophiuchii" }
{ "timestamp":"2023-10-18T17:51:27Z", "event":"StoredShips", "StationName":"Robson Hub", "MarketID":3228782336, "StarSystem":"Tau Ophiuchii", "ShipsHere":[  ], "ShipsRemote":[ { "ShipID":0, "ShipType":"SideWinder", "Name":"Pulsar One", "StarSystem":"LHS 3384", "ShipMarketID":3230372352, "TransferPrice":1029, "TransferTime":419, "Value":7928, "Hot":false } ] }
{ "timestamp":"2023-10-18T17:51:59Z", "event":"Outfitting", "MarketID":3228782336, "StationName":"Robson Hub", "StarSystem":"Tau Ophiuchii" }
{ "timestamp":"2023-10-18T17:51:59Z", "event":"StoredModules", "MarketID":3228782336, "StationName":"Robson Hub", "StarSystem":"Tau Ophiuchii", "Items":[ { "Name":"$int_cargorack_size1_class1_name;", "Name_Localised":"Cargo Rack", "StorageSlot":198, "StarSystem":"LP 751-1", "MarketID":3230473216, "TransferCost":100, "TransferTime":469, "BuyPrice":0, "Hot":false }, { "Name":"$int_engine_size3_class1_name;", "Name_Localised":"Thrusters", "StorageSlot":200, "StarSystem":"LP 751-1", "MarketID":3230473472, "TransferCost":100, "TransferTime":469, "BuyPrice":0, "Hot":false } ] }
{ "timestamp":"2023-10-18T17:52:09Z", "event":"FetchRemoteModule", "StorageSlot":198, "StoredItem":"$int_cargorack_size1_class1_name;", "StoredItem_Localised":"Cargo Rack", "ServerId":128064338, "TransferCost":100, "TransferTime":469, "Ship":"eagle", "ShipID":1 }
{ "timestamp":"2023-10-18T17:52:09Z", "event":"StoredModules", "MarketID":3228782336, "StationName":"Robson Hub", "StarSystem":"Tau Ophiuchii", "Items":[ { "Name":"$int_cargorack_size1_class1_name;", "Name_Localised":"Cargo Rack", "StorageSlot":198, "InTransit":true, "BuyPrice":0, "Hot":false }, { "Name":"$int_engine_size3_class1_name;", "Name_Localised":"Thrusters", "StorageSlot":200, "StarSystem":"LP 751-1", "MarketID":3230473472, "TransferCost":100, "TransferTime":469, "BuyPrice":0, "Hot":false } ] }
{ "timestamp":"2023-10-18T17:54:33Z", "event":"MissionAccepted", "Faction":"Noblemen of LHS 463", "Name":"Mission_Courier", "LocalisedName":"Courier Job Available", "TargetFaction":"Hanggardi Focus", "DestinationSystem":"Hanggardi", "DestinationStation":"Stott City", "Expiry":"2023-10-19T17:43:44Z", "Wing":false, "Influence":"+", "Reputation":"+", "Reward":12781, "MissionID":943423293 }
{ "timestamp":"2023-10-18T17:54:53Z", "event":"Undocked", "StationName":"Robson Hub", "StationType":"Orbis", "MarketID":3228782336, "Taxi":false, "Multicrew":false }
{ "timestamp":"2023-10-18T17:55:20Z", "event":"Music", "MusicTrack":"NoTrack" }
{ "timestamp":"2023-10-18T17:56:18Z", "event":"FSDTarget", "Name":"Hanggardi", "SystemAddress":4207021134562, "StarClass":"K" }
{ "timestamp":"2023-10-18T17:56:35Z", "event":"StartJump", "JumpType":"Hyperspace", "Taxi":false, "StarSystem":"Hanggardi", "SystemAddress":4207021134562, "StarClass":"K" }
{ "timestamp":"2023-10-18T17:56:40Z", "event":"ShipLocker", "Items":[  ], "Components":[  ], "Consumables":[  ], "Data":[  ] }
{ "timestamp":"2023-10-18T17:56:53Z", "event":"ReceiveText", "From":"", "Message":"$COMMS_entered:#name=Hanggardi;", "Message_Localised":"Entered Channel: Hanggardi", "Channel":"npc" }
{ "timestamp":"2023-10-18T17:56:53Z", "event":"FSDJump", "Taxi":false, "Multicrew":false, "StarSystem":"Hanggardi", "SystemAddress":4207021134562, "StarPos":[-19.03125,7.37500,56.50000], "SystemAllegiance":"Independent", "SystemEconomy":"$economy_Agri;", "SystemEconomy_Localised":"Agriculture", "SystemSecondEconomy":"$economy_Industrial;", "SystemSecondEconomy_Localised":"Industrial", "SystemGovernment":"$government_Democracy;", "SystemGovernment_Localised":"Democracy", "SystemSecurity":"$SYSTEM_SECURITY_high;", "SystemSecurity_Localised":"High Security", "Population":4970737026, "Body":"Hanggardi", "BodyID":0, "BodyType":"Star", "JumpDist":4.398, "FuelUsed":0.286831, "FuelLevel":5.713169, "Factions":[ { "Name":"Workers of Hanggardi Liberals", "FactionState":"None", "Government":"Democracy", "Influence":0.179283, "Allegiance":"Federation", "Happiness":"$Faction_HappinessBand2;", "Happiness_Localised":"Happy", "MyReputation":0.000000 }, { "Name":"Hanggardi Focus", "FactionState":"None", "Government":"Dictatorship", "Influence":0.087649, "Allegiance":"Independent", "Happiness":"$Faction_HappinessBand2;", "Happiness_Localised":"Happy", "MyReputation":0.000000 }, { "Name":"Hanggardi Partners", "FactionState":"None", "Government":"Corporate", "Influence":0.116534, "Allegiance":"Federation", "Happiness":"$Faction_HappinessBand2;", "Happiness_Localised":"Happy", "MyReputation":0.000000 }, { "Name":"Hanggardi Federal Systems", "FactionState":"None", "Government":"Corporate", "Influence":0.090637, "Allegiance":"Independent", "Happiness":"$Faction_HappinessBand2;", "Happiness_Localised":"Happy", "MyReputation":0.000000 }, { "Name":"Pixel Bandits Security Force", "FactionState":"None", "Government":"Democracy", "Influence":0.401394, "Allegiance":"Independent", "Happiness":"$Faction_HappinessBand2;", "Happiness_Localised":"Happy", "MyReputation":0.000000, "PendingStates":[ { "State":"Expansion", "Trend":0 } ] }, { "Name":"Constitution Party of Hanggardi", "FactionState":"None", "Government":"Dictatorship", "Influence":0.059761, "Allegiance":"Independent", "Happiness":"$Faction_HappinessBand2;", "Happiness_Localised":"Happy", "MyReputation":0.000000 }, { "Name":"Eclipse Industries", "FactionState":"None", "Government":"Corporate", "Influence":0.064741, "Allegiance":"Independent", "Happiness":"$Faction_HappinessBand2;", "Happiness_Localised":"Happy", "MyReputation":0.000000 } ], "SystemFaction":{ "Name":"Pixel Bandits Security Force" } }
{ "timestamp":"2023-10-18T17:56:53Z", "event":"ShipLocker", "Items":[  ], "Components":[  ], "Consumables":[  ], "Data":[  ] }
{ "timestamp":"2023-10-18T17:56:53Z", "event":"Music", "MusicTrack":"DestinationFromHyperspace" }
{ "timestamp":"2023-10-18T17:56:58Z", "event":"Music", "MusicTrack":"Supercruise" }
{ "timestamp":"2023-10-18T17:57:44Z", "event":"FSSSignalDiscovered", "SystemAddress":4207021134562, "SignalName":"$MULTIPLAYER_SCENARIO42_TITLE;", "SignalName_Localised":"Nav Beacon", "SignalType":"NavBeacon" }
{ "timestamp":"2023-10-18T17:57:44Z", "event":"FSSSignalDiscovered", "SystemAddress":4207021134562, "SignalName":"Stott City", "SignalType":"StationONeilOrbis", "IsStation":true }
{ "timestamp":"2023-10-18T17:57:44Z", "event":"FSSSignalDiscovered", "SystemAddress":4207021134562, "SignalName":"Haydn Crest", "SignalType":"Installation" }
{ "timestamp":"2023-10-18T17:57:44Z", "event":"FSSSignalDiscovered", "SystemAddress":4207021134562, "SignalName":"Henricks Gateway", "SignalType":"StationONeilOrbis", "IsStation":true }
{ "timestamp":"2023-10-18T17:57:44Z", "event":"FSSSignalDiscovered", "SystemAddress":4207021134562, "SignalName":"Critical Biological Scientific", "SignalType":"Installation" }
{ "timestamp":"2023-10-18T17:57:44Z", "event":"FSSSignalDiscovered", "SystemAddress":4207021134562, "SignalName":"Olympia Mobile Guard Section", "SignalType":"Installation" }
{ "timestamp":"2023-10-18T17:57:44Z", "event":"FSSSignalDiscovered", "SystemAddress":4207021134562, "SignalName":"Soddy Market", "SignalType":"StationONeilCylinder", "IsStation":true }
{ "timestamp":"2023-10-18T17:57:44Z", "event":"FSSDiscoveryScan", "Progress":1.000000, "BodyCount":8, "NonBodyCount":8, "SystemName":"Hanggardi", "SystemAddress":4207021134562 }
{ "timestamp":"2023-10-18T17:59:41Z", "event":"SupercruiseDestinationDrop", "Type":"Stott City", "Threat":0, "MarketID":3230478336 }
{ "timestamp":"2023-10-18T17:59:42Z", "event":"SupercruiseExit", "Taxi":false, "Multicrew":false, "StarSystem":"Hanggardi", "SystemAddress":4207021134562, "Body":"Stott City", "BodyID":12, "BodyType":"Station" }
{ "timestamp":"2023-10-18T17:59:42Z", "event":"ShipLocker", "Items":[  ], "Components":[  ], "Consumables":[  ], "Data":[  ] }
{ "timestamp":"2023-10-18T17:59:42Z", "event":"Music", "MusicTrack":"DestinationFromSupercruise" }
{ "timestamp":"2023-10-18T17:59:43Z", "event":"ReceiveText", "From":"Stott City", "Message":"$STATION_NoFireZone_entered;", "Message_Localised":"No fire zone entered.", "Channel":"npc" }
{ "timestamp":"2023-10-18T17:59:47Z", "event":"Music", "MusicTrack":"NoTrack" }
{ "timestamp":"2023-10-18T18:00:00Z", "event":"DockingRequested", "MarketID":3230478336, "StationName":"Stott City", "StationType":"Orbis", "LandingPads":{ "Small":17, "Medium":18, "Large":9 } }
{ "timestamp":"2023-10-18T18:00:00Z", "event":"ReceiveText", "From":"Stott City", "Message":"$DockingChatter_Neutral;", "Message_Localised":"Ensure to observe starport protocol during your visit, pilot.", "Channel":"npc" }
{ "timestamp":"2023-10-18T18:00:00Z", "event":"ReceiveText", "From":"Stott City", "Message":"$STATION_docking_granted;", "Message_Localised":"Docking request granted.", "Channel":"npc" }
{ "timestamp":"2023-10-18T18:00:00Z", "event":"DockingGranted", "LandingPad":21, "MarketID":3230478336, "StationName":"Stott City", "StationType":"Orbis" }
{ "timestamp":"2023-10-18T18:00:03Z", "event":"Music", "MusicTrack":"DockingComputer" }
{ "timestamp":"2023-10-18T18:01:14Z", "event":"Docked", "StationName":"Stott City", "StationType":"Orbis", "Taxi":false, "Multicrew":false, "StarSystem":"Hanggardi", "SystemAddress":4207021134562, "MarketID":3230478336, "StationFaction":{ "Name":"Workers of Hanggardi Liberals" }, "StationGovernment":"$government_Democracy;", "StationGovernment_Localised":"Democracy", "StationAllegiance":"Federation", "StationServices":[ "dock", "autodock", "blackmarket", "commodities", "contacts", "exploration", "missions", "outfitting", "crewlounge", "rearm", "refuel", "repair", "shipyard", "tuning", "engineer", "missionsgenerated", "flightcontroller", "stationoperations", "powerplay", "searchrescue", "stationMenu", "shop", "livery", "socialspace", "bartender", "vistagenomics", "pioneersupplies", "apexinterstellar", "frontlinesolutions" ], "StationEconomy":"$economy_Industrial;", "StationEconomy_Localised":"Industrial", "StationEconomies":[ { "Name":"$economy_Industrial;", "Name_Localised":"Industrial", "Proportion":1.000000 } ], "DistFromStarLS":1052.884660, "LandingPads":{ "Small":17, "Medium":18, "Large":9 } }
{ "timestamp":"2023-10-18T18:01:14Z", "event":"Music", "MusicTrack":"Starport" }
{ "timestamp":"2023-10-18T18:01:26Z", "event":"RefuelAll", "Cost":20, "Amount":0.374804 }
{ "timestamp":"2023-10-18T18:01:38Z", "event":"MissionCompleted", "Faction":"Noblemen of LHS 463", "Name":"Mission_Courier_name", "LocalisedName":"Courier Job Available", "MissionID":943423293, "TargetFaction":"Hanggardi Focus", "DestinationSystem":"Hanggardi", "DestinationStation":"Stott City", "Reward":17781, "FactionEffects":[ { "Faction":"Noblemen of LHS 463", "Effects":[ { "Effect":"$MISSIONUTIL_Interaction_Summary_EP_up;", "Effect_Localised":"The economic status of $#MinorFaction; has improved in the $#System; system.", "Trend":"UpGood" } ], "Influence":[ { "SystemAddress":3309012257131, "Trend":"UpGood", "Influence":"+" } ], "ReputationTrend":"UpGood", "Reputation":"+" }, { "Faction":"Hanggardi Focus", "Effects":[ { "Effect":"$MISSIONUTIL_Interaction_Summary_EP_up;", "Effect_Localised":"The economic status of $#MinorFaction; has improved in the $#System; system.", "Trend":"UpGood" } ], "Influence":[ { "SystemAddress":4207021134562, "Trend":"UpGood", "Influence":"+" } ], "ReputationTrend":"UpGood", "Reputation":"+" } ] }
{ "timestamp":"2023-10-18T18:04:42Z", "event":"ModuleInfo" }
{ "timestamp":"2023-10-18T18:04:51Z", "event":"ShieldState", "ShieldsUp":false }
{ "timestamp":"2023-10-18T18:05:20Z", "event":"ShieldState", "ShieldsUp":true }
{ "timestamp":"2023-10-18T18:05:36Z", "event":"Music", "MusicTrack":"Exploration" }
{ "timestamp":"2023-10-18T18:05:39Z", "event":"Shutdown" }
