{ "timestamp":"2023-10-31T19:43:27Z", "event":"Fileheader", "part":1, "language":"English/UK", "Odyssey":true, "gameversion":"4.0.0.1700", "build":"r297330/r0 " }
{ "timestamp":"2023-10-31T19:44:39Z", "event":"Commander", "FID":"F10668416", "Name":"NICEYGY" }
{ "timestamp":"2023-10-31T19:44:39Z", "event":"Passengers", "Manifest":[ { "MissionID":944444172, "Type":"Tourist", "VIP":true, "Wanted":false, "Count":6 }, { "MissionID":944444222, "Type":"Tourist", "VIP":true, "Wanted":false, "Count":5 } ] }
{ "timestamp":"2023-10-31T19:44:39Z", "event":"Materials", "Raw":[  ], "Manufactured":[ { "Name":"uncutfocuscrystals", "Name_Localised":"Flawed Focus Crystals", "Count":3 } ], "Encoded":[ { "Name":"shielddensityreports", "Name_Localised":"Untypical Shield Scans", "Count":6 }, { "Name":"shieldsoakanalysis", "Name_Localised":"Inconsistent Shield Soak Analysis", "Count":9 }, { "Name":"shieldpatternanalysis", "Name_Localised":"Aberrant Shield Pattern Analysis", "Count":3 }, { "Name":"bulkscandata", "Name_Localised":"Anomalous Bulk Scan Data", "Count":12 }, { "Name":"shieldcyclerecordings", "Name_Localised":"Distorted Shield Cycle Recordings", "Count":9 }, { "Name":"scanarchives", "Name_Localised":"Unidentified Scan Archives", "Count":3 } ] }
{ "timestamp":"2023-10-31T19:44:39Z", "event":"Rank", "Combat":0, "Trade":3, "Explore":2, "Soldier":0, "Exobiologist":0, "Empire":0, "Federation":0, "CQC":0 }
{ "timestamp":"2023-10-31T19:44:39Z", "event":"Progress", "Combat":20, "Trade":20, "Explore":6, "Soldier":0, "Exobiologist":0, "Empire":0, "Federation":56, "CQC":0 }
{ "timestamp":"2023-10-31T19:44:39Z", "event":"Reputation", "Empire":0.165681, "Federation":3.537220, "Independent":0.000000, "Alliance":0.000000 }
{ "timestamp":"2023-10-31T19:44:39Z", "event":"EngineerProgress", "Engineers":[ { "Engineer":"Felicity Farseer", "EngineerID":300100, "Progress":"Invited" }, { "Engineer":"Liz Ryder", "EngineerID":300080, "Progress":"Known" }, { "Engineer":"The Dweller", "EngineerID":300180, "Progress":"Known" }, { "Engineer":"Elvira Martuuk", "EngineerID":300160, "Progress":"Known" }, { "Engineer":"Tod 'The Blaster' McQuinn", "EngineerID":300260, "Progress":"Known" } ] }
{ "timestamp":"2023-10-31T19:44:40Z", "event":"LoadGame", "FID":"F10668416", "Commander":"NICEYGY", "Horizons":true, "Odyssey":false, "Ship":"CobraMkIII", "Ship_Localised":"Cobra Mk III", "ShipID":3, "ShipName":"NICEYFLY MK.III", "ShipIdent":"N3CEY", "FuelLevel":13.964049, "FuelCapacity":16.000000, "GameMode":"Open", "Credits":1599851, "Loan":0, "language":"English/UK", "gameversion":"4.0.0.1700", "build":"r297330/r0 " }
{ "timestamp":"2023-10-31T19:44:43Z", "event":"Statistics", "Bank_Account":{ "Current_Wealth":2787063, "Spent_On_Ships":1000592, "Spent_On_Outfitting":1700727, "Spent_On_Repairs":2739, "Spent_On_Fuel":5023, "Spent_On_Ammo_Consumables":2083, "Insurance_Claims":1, "Spent_On_Insurance":7321, "Owned_Ship_Count":2 }, "Combat":{ "Bounties_Claimed":4, "Bounty_Hunting_Profit":1194893, "Combat_Bonds":0, "Combat_Bond_Profits":0, "Assassinations":0, "Assassination_Profits":0, "Highest_Single_Reward":686995, "Skimmers_Killed":0 }, "Crime":{ "Notoriety":0, "Fines":1, "Total_Fines":70778, "Bounties_Received":1, "Total_Bounties":200, "Highest_Bounty":200 }, "Smuggling":{ "Black_Markets_Traded_With":0, "Black_Markets_Profits":0, "Resources_Smuggled":0, "Average_Profit":0, "Highest_Single_Transaction":0 }, "Trading":{ "Markets_Traded_With":4, "Market_Profits":34436, "Resources_Traded":85, "Average_Profit":5739.3333333333, "Highest_Single_Transaction":11680 }, "Mining":{ "Mining_Profits":0, "Quantity_Mined":0, "Materials_Collected":45 }, "Exploration":{ "Systems_Visited":75, "Exploration_Profits":390611, "Planets_Scanned_To_Level_2":112, "Planets_Scanned_To_Level_3":112, "Efficient_Scans":0, "Highest_Payout":63761, "Total_Hyperspace_Distance":1006, "Total_Hyperspace_Jumps":139, "Greatest_Distance_From_Start":170.89965017427, "Time_Played":100200 }, "Passengers":{ "Passengers_Missions_Accepted":11, "Passengers_Missions_Bulk":0, "Passengers_Missions_VIP":36, "Passengers_Missions_Delivered":36, "Passengers_Missions_Ejected":0 }, "Search_And_Rescue":{ "SearchRescue_Traded":0, "SearchRescue_Profit":0, "SearchRescue_Count":0 }, "Crafting":{ "Count_Of_Used_Engineers":0, "Recipes_Generated":0, "Recipes_Generated_Rank_1":0, "Recipes_Generated_Rank_2":0, "Recipes_Generated_Rank_3":0, "Recipes_Generated_Rank_4":0, "Recipes_Generated_Rank_5":0 }, "Crew":{ "NpcCrew_TotalWages":0, "NpcCrew_Hired":0, "NpcCrew_Fired":0, "NpcCrew_Died":0 }, "Multicrew":{ "Multicrew_Time_Total":8739, "Multicrew_Gunner_Time_Total":0, "Multicrew_Fighter_Time_Total":0, "Multicrew_Credits_Total":0, "Multicrew_Fines_Total":0 }, "Material_Trader_Stats":{ "Trades_Completed":0, "Materials_Traded":0 } }
{ "timestamp":"2023-10-31T19:44:45Z", "event":"ReceiveText", "From":"", "Message":"$COMMS_entered:#name=HR 783;", "Message_Localised":"Entered Channel: HR 783", "Channel":"npc" }
{ "timestamp":"2023-10-31T19:44:45Z", "event":"Location", "Docked":false, "Taxi":false, "Multicrew":false, "StarSystem":"HR 783", "SystemAddress":1350507153763, "StarPos":[-21.84375,-96.25000,-86.93750], "SystemAllegiance":"Independent", "SystemEconomy":"$economy_Agri;", "SystemEconomy_Localised":"Agriculture", "SystemSecondEconomy":"$economy_Industrial;", "SystemSecondEconomy_Localised":"Industrial", "SystemGovernment":"$government_Corporate;", "SystemGovernment_Localised":"Corporate", "SystemSecurity":"$SYSTEM_SECURITY_high;", "SystemSecurity_Localised":"High Security", "Population":1695933163, "Body":"HR 783", "BodyID":0, "BodyType":"Star", "Factions":[ { "Name":"HR 783 Imperial Society", "FactionState":"War", "Government":"Patronage", "Influence":0.107784, "Allegiance":"Empire", "Happiness":"$Faction_HappinessBand2;", "Happiness_Localised":"Happy", "MyReputation":0.000000, "ActiveStates":[ { "State":"War" } ] }, { "Name":"HR 783 Holdings", "FactionState":"None", "Government":"Corporate", "Influence":0.047904, "Allegiance":"Independent", "Happiness":"$Faction_HappinessBand2;", "Happiness_Localised":"Happy", "MyReputation":0.000000 }, { "Name":"Tlapana Power Limited", "FactionState":"War", "Government":"Corporate", "Influence":0.107784, "Allegiance":"Federation", "Happiness":"$Faction_HappinessBand2;", "Happiness_Localised":"Happy", "MyReputation":0.000000, "ActiveStates":[ { "State":"War" } ] }, { "Name":"HR 783 Resistance", "FactionState":"None", "Government":"Democracy", "Influence":0.024950, "Allegiance":"Independent", "Happiness":"$Faction_HappinessBand2;", "Happiness_Localised":"Happy", "MyReputation":0.000000 }, { "Name":"HR 783 Advanced Industries", "FactionState":"None", "Government":"Corporate", "Influence":0.030938, "Allegiance":"Independent", "Happiness":"$Faction_HappinessBand2;", "Happiness_Localised":"Happy", "MyReputation":0.000000 }, { "Name":"New HR 783 League", "FactionState":"None", "Government":"Dictatorship", "Influence":0.056886, "Allegiance":"Independent", "Happiness":"$Faction_HappinessBand2;", "Happiness_Localised":"Happy", "MyReputation":0.000000 }, { "Name":"Ukrainian Pilots Federation", "FactionState":"None", "Government":"Corporate", "Influence":0.623752, "Allegiance":"Independent", "Happiness":"$Faction_HappinessBand2;", "Happiness_Localised":"Happy", "MyReputation":0.000000 } ], "SystemFaction":{ "Name":"Ukrainian Pilots Federation" }, "Conflicts":[ { "WarType":"war", "Status":"active", "Faction1":{ "Name":"HR 783 Imperial Society", "Stake":"Pauling Estate", "WonDays":0 }, "Faction2":{ "Name":"Tlapana Power Limited", "Stake":"Continuous Statistical Services", "WonDays":2 } } ] }
{ "timestamp":"2023-10-31T19:44:45Z", "event":"Music", "MusicTrack":"NoTrack" }
{ "timestamp":"2023-10-31T19:44:45Z", "event":"ShipLocker", "Items":[  ], "Components":[  ], "Consumables":[  ], "Data":[  ] }
{ "timestamp":"2023-10-31T19:44:46Z", "event":"Missions", "Active":[ { "MissionID":944444172, "Name":"Mission_PassengerVIP_name", "PassengerMission":true, "Expires":7210 }, { "MissionID":944444222, "Name":"Mission_PassengerVIP_name", "PassengerMission":true, "Expires":4567 } ], "Failed":[  ], "Complete":[  ] }
{ "timestamp":"2023-10-31T19:44:46Z", "event":"Loadout", "Ship":"cobramkiii", "ShipID":3, "ShipName":"NICEYFLY MK.III", "ShipIdent":"N3CEY", "HullValue":157888, "ModulesValue":732113, "HullHealth":1.000000, "Hot":true, "UnladenMass":249.600006, "CargoCapacity":0, "MaxJumpRange":15.344053, "FuelCapacity":{ "Main":16.000000, "Reserve":0.490000 }, "Rebuy":44501, "Modules":[ { "Slot":"MediumHardpoint1", "Item":"hpt_multicannon_turret_small", "On":true, "Priority":0, "AmmoInClip":90, "AmmoInHopper":2100, "Health":1.000000, "Value":69360 }, { "Slot":"MediumHardpoint2", "Item":"hpt_pulselaserburst_turret_medium", "On":true, "Priority":0, "Health":1.000000, "Value":138380 }, { "Slot":"SmallHardpoint2", "Item":"hpt_cannon_fixed_small", "On":true, "Priority":3, "AmmoInClip":6, "AmmoInHopper":120, "Health":1.000000, "Value":17935 }, { "Slot":"TinyHardpoint1", "Item":"hpt_heatsinklauncher_turret_tiny", "On":true, "Priority":1, "AmmoInClip":1, "AmmoInHopper":2, "Health":1.000000, "Value":2975 }, { "Slot":"TinyHardpoint2", "Item":"hpt_cloudscanner_size0_class1", "On":true, "Priority":3, "Health":1.000000, "Value":11513 }, { "Slot":"PaintJob", "Item":"paintjob_cobramkiii_25thanniversary_01", "On":true, "Priority":1, "Health":1.000000 }, { "Slot":"Armour", "Item":"cobramkiii_armour_grade1", "On":true, "Priority":1, "Health":1.000000 }, { "Slot":"PowerPlant", "Item":"int_powerplant_size4_class3", "On":true, "Priority":1, "Health":1.000000, "Value":136117 }, { "Slot":"MainEngines", "Item":"int_engine_size4_class2", "On":true, "Priority":0, "Health":1.000000, "Value":50689 }, { "Slot":"FrameShiftDrive", "Item":"int_hyperdrive_size4_class3", "On":true, "Priority":0, "Health":1.000000, "Value":152064 }, { "Slot":"LifeSupport", "Item":"int_lifesupport_size3_class1", "On":true, "Priority":0, "Health":1.000000, "Value":3445 }, { "Slot":"PowerDistributor", "Item":"int_powerdistributor_size3_class3", "On":true, "Priority":0, "Health":1.000000, "Value":21534 }, { "Slot":"Radar", "Item":"int_sensors_size3_class1", "On":true, "Priority":2, "Health":1.000000, "Value":3445 }, { "Slot":"FuelTank", "Item":"int_fueltank_size4_class3", "On":true, "Priority":1, "Health":1.000000, "Value":21023 }, { "Slot":"Slot01_Size4", "Item":"int_passengercabin_size4_class1", "On":true, "Priority":1, "Health":1.000000, "Value":16111 }, { "Slot":"Slot02_Size4", "Item":"int_passengercabin_size4_class1", "On":true, "Priority":1, "Health":1.000000, "Value":16111 }, { "Slot":"Slot03_Size4", "Item":"int_shieldgenerator_size3_class3", "On":true, "Priority":0, "Health":1.000000, "Value":47970 }, { "Slot":"Slot05_Size2", "Item":"int_fuelscoop_size2_class2", "On":true, "Priority":1, "Health":1.000000, "Value":3784 }, { "Slot":"Slot07_Size1", "Item":"int_supercruiseassist", "On":true, "Priority":2, "Health":1.000000, "Value":7752 }, { "Slot":"Slot08_Size1", "Item":"int_dockingcomputer_advanced", "On":true, "Priority":1, "Health":1.000000, "Value":11480 }, { "Slot":"PlanetaryApproachSuite", "Item":"int_planetapproachsuite_advanced", "On":true, "Priority":1, "Health":1.000000, "Value":425 }, { "Slot":"VesselVoice", "Item":"voicepack_victor", "On":true, "Priority":1, "Health":1.000000 }, { "Slot":"ShipCockpit", "Item":"cobramkiii_cockpit", "On":true, "Priority":1, "Health":1.000000 }, { "Slot":"CargoHatch", "Item":"modularcargobaydoor", "On":true, "Priority":3, "Health":1.000000 } ] }
{ "timestamp":"2023-10-31T19:44:46Z", "event":"Music", "MusicTrack":"Exploration" }
{ "timestamp":"2023-10-31T19:44:47Z", "event":"Cargo", "Vessel":"Ship", "Count":0, "Inventory":[  ] }
{ "timestamp":"2023-10-31T19:45:02Z", "event":"StartJump", "JumpType":"Supercruise", "Taxi":false }
{ "timestamp":"2023-10-31T19:45:07Z", "event":"FSSSignalDiscovered", "SystemAddress":1350507153763, "SignalName":"Stiles Ring", "SignalType":"Outpost" }
{ "timestamp":"2023-10-31T19:45:07Z", "event":"FSSSignalDiscovered", "SystemAddress":1350507153763, "SignalName":"Continuous Statistical Services", "SignalType":"Installation" }
{ "timestamp":"2023-10-31T19:45:07Z", "event":"FSSSignalDiscovered", "SystemAddress":1350507153763, "SignalName":"HR 783 II  Bowman-class Researcher", "SignalType":"Megaship" }
{ "timestamp":"2023-10-31T19:45:07Z", "event":"FSSSignalDiscovered", "SystemAddress":1350507153763, "SignalName":"UPFS YEVHEN KONOVALETS KNM-3VX", "SignalType":"FleetCarrier", "IsStation":true }
{ "timestamp":"2023-10-31T19:45:07Z", "event":"FSSSignalDiscovered", "SystemAddress":1350507153763, "SignalName":"PALIANYTSIA KFG-BHN", "SignalType":"FleetCarrier", "IsStation":true }
{ "timestamp":"2023-10-31T19:45:07Z", "event":"FSSSignalDiscovered", "SystemAddress":1350507153763, "SignalName":"ERIC ARTHUR BLAIR HNB-74L", "SignalType":"FleetCarrier", "IsStation":true }
{ "timestamp":"2023-10-31T19:45:07Z", "event":"FSSSignalDiscovered", "SystemAddress":1350507153763, "SignalName":"NORTHERN LIGHT VZB-85F", "SignalType":"FleetCarrier", "IsStation":true }
{ "timestamp":"2023-10-31T19:45:07Z", "event":"FSSSignalDiscovered", "SystemAddress":1350507153763, "SignalName":"DREAM VBV-N9V", "SignalType":"FleetCarrier", "IsStation":true }
{ "timestamp":"2023-10-31T19:45:07Z", "event":"FSSSignalDiscovered", "SystemAddress":1350507153763, "SignalName":"AETOS V5G-74T", "SignalType":"FleetCarrier", "IsStation":true }
{ "timestamp":"2023-10-31T19:45:07Z", "event":"FSSSignalDiscovered", "SystemAddress":1350507153763, "SignalName":"TRIDENT V0H-5TV", "SignalType":"FleetCarrier", "IsStation":true }
{ "timestamp":"2023-10-31T19:45:07Z", "event":"FSSSignalDiscovered", "SystemAddress":1350507153763, "SignalName":"Lyulka City", "SignalType":"StationONeilCylinder", "IsStation":true }
{ "timestamp":"2023-10-31T19:45:07Z", "event":"FSSSignalDiscovered", "SystemAddress":1350507153763, "SignalName":"TRADER'S NEST KBL-40J", "SignalType":"FleetCarrier", "IsStation":true }
{ "timestamp":"2023-10-31T19:45:07Z", "event":"FSSSignalDiscovered", "SystemAddress":1350507153763, "SignalName":"PanzerZhopenTransport HHK-13Z", "SignalType":"FleetCarrier", "IsStation":true }
{ "timestamp":"2023-10-31T19:45:07Z", "event":"FSSSignalDiscovered", "SystemAddress":1350507153763, "SignalName":"Rich Orbital", "SignalType":"StationONeilCylinder", "IsStation":true }
{ "timestamp":"2023-10-31T19:45:07Z", "event":"FSSSignalDiscovered", "SystemAddress":1350507153763, "SignalName":"Pauling Estate", "SignalType":"Installation" }
{ "timestamp":"2023-10-31T19:45:07Z", "event":"FSSSignalDiscovered", "SystemAddress":1350507153763, "SignalName":"$Warzone_PointRace_High:#index=1;", "SignalName_Localised":"Conflict Zone [High Intensity]", "SignalType":"Combat" }
{ "timestamp":"2023-10-31T19:45:07Z", "event":"FSSSignalDiscovered", "SystemAddress":1350507153763, "SignalName":"HR 783 I  James-class Hauler", "SignalType":"Megaship" }
{ "timestamp":"2023-10-31T19:45:07Z", "event":"FSSSignalDiscovered", "SystemAddress":1350507153763, "SignalName":"$Warzone_PointRace_Med:#index=1;", "SignalName_Localised":"Conflict Zone [Medium Intensity]", "SignalType":"Combat" }
{ "timestamp":"2023-10-31T19:45:07Z", "event":"FSSSignalDiscovered", "SystemAddress":1350507153763, "SignalName":"$MULTIPLAYER_SCENARIO42_TITLE;", "SignalName_Localised":"Nav Beacon", "SignalType":"NavBeacon" }
{ "timestamp":"2023-10-31T19:45:07Z", "event":"FSSSignalDiscovered", "SystemAddress":1350507153763, "SignalName":"The Middle Of Nowhere VLW-16Z", "SignalType":"FleetCarrier", "IsStation":true }
{ "timestamp":"2023-10-31T19:45:07Z", "event":"FSSSignalDiscovered", "SystemAddress":1350507153763, "SignalName":"KHORTYTSIA KHV-63V", "SignalType":"FleetCarrier", "IsStation":true }
{ "timestamp":"2023-10-31T19:45:07Z", "event":"FSSSignalDiscovered", "SystemAddress":1350507153763, "SignalName":"$Warzone_PointRace_Low:#index=1;", "SignalName_Localised":"Conflict Zone [Low Intensity]", "SignalType":"Combat" }
{ "timestamp":"2023-10-31T19:45:07Z", "event":"FSSSignalDiscovered", "SystemAddress":1350507153763, "SignalName":"Roth Hub", "SignalType":"StationONeilCylinder", "IsStation":true }
{ "timestamp":"2023-10-31T19:45:07Z", "event":"SupercruiseEntry", "Taxi":false, "Multicrew":false, "StarSystem":"HR 783", "SystemAddress":1350507153763 }
{ "timestamp":"2023-10-31T19:45:07Z", "event":"ShipLocker", "Items":[  ], "Components":[  ], "Consumables":[  ], "Data":[  ] }
{ "timestamp":"2023-10-31T19:45:07Z", "event":"Music", "MusicTrack":"Supercruise" }
{ "timestamp":"2023-10-31T19:46:11Z", "event":"FSSDiscoveryScan", "Progress":1.000000, "BodyCount":6, "NonBodyCount":24, "SystemName":"HR 783", "SystemAddress":1350507153763 }
{ "timestamp":"2023-10-31T19:48:44Z", "event":"ModuleInfo" }
{ "timestamp":"2023-10-31T19:48:50Z", "event":"SupercruiseDestinationDrop", "Type":"Roth Hub", "Threat":0, "MarketID":3223196928 }
{ "timestamp":"2023-10-31T19:48:52Z", "event":"SupercruiseExit", "Taxi":false, "Multicrew":false, "StarSystem":"HR 783", "SystemAddress":1350507153763, "Body":"Roth Hub", "BodyID":7, "BodyType":"Station" }
{ "timestamp":"2023-10-31T19:48:52Z", "event":"ShipLocker", "Items":[  ], "Components":[  ], "Consumables":[  ], "Data":[  ] }
{ "timestamp":"2023-10-31T19:48:52Z", "event":"Music", "MusicTrack":"DestinationFromSupercruise" }
{ "timestamp":"2023-10-31T19:48:53Z", "event":"ReceiveText", "From":"Roth Hub", "Message":"$STATION_NoFireZone_entered;", "Message_Localised":"No fire zone entered.", "Channel":"npc" }
{ "timestamp":"2023-10-31T19:48:57Z", "event":"Music", "MusicTrack":"NoTrack" }
{ "timestamp":"2023-10-31T19:49:13Z", "event":"DockingRequested", "MarketID":3223196928, "StationName":"Roth Hub", "StationType":"Orbis", "LandingPads":{ "Small":17, "Medium":18, "Large":9 } }
{ "timestamp":"2023-10-31T19:49:13Z", "event":"ReceiveText", "From":"Roth Hub", "Message":"$DockingChatter_Neutral;", "Message_Localised":"Ensure to observe starport protocol during your visit, pilot.", "Channel":"npc" }
{ "timestamp":"2023-10-31T19:49:13Z", "event":"ReceiveText", "From":"Roth Hub", "Message":"$STATION_docking_granted;", "Message_Localised":"Docking request granted.", "Channel":"npc" }
{ "timestamp":"2023-10-31T19:49:13Z", "event":"DockingGranted", "LandingPad":6, "MarketID":3223196928, "StationName":"Roth Hub", "StationType":"Orbis" }
{ "timestamp":"2023-10-31T19:50:22Z", "event":"Music", "MusicTrack":"Starport" }
{ "timestamp":"2023-10-31T19:51:33Z", "event":"Docked", "StationName":"Roth Hub", "StationType":"Orbis", "Taxi":false, "Multicrew":false, "StarSystem":"HR 783", "SystemAddress":1350507153763, "MarketID":3223196928, "StationFaction":{ "Name":"Ukrainian Pilots Federation" }, "StationGovernment":"$government_Corporate;", "StationGovernment_Localised":"Corporate", "StationServices":[ "dock", "autodock", "commodities", "contacts", "exploration", "missions", "outfitting", "crewlounge", "rearm", "refuel", "repair", "shipyard", "tuning", "engineer", "missionsgenerated", "flightcontroller", "stationoperations", "powerplay", "searchrescue", "stationMenu", "shop", "livery", "socialspace", "bartender", "vistagenomics", "pioneersupplies", "apexinterstellar", "frontlinesolutions" ], "StationEconomy":"$economy_Industrial;", "StationEconomy_Localised":"Industrial", "StationEconomies":[ { "Name":"$economy_Industrial;", "Name_Localised":"Industrial", "Proportion":1.000000 } ], "DistFromStarLS":414.616079, "LandingPads":{ "Small":17, "Medium":18, "Large":9 } }
{ "timestamp":"2023-10-31T19:51:34Z", "event":"RefuelAll", "Cost":112, "Amount":2.224413 }
{ "timestamp":"2023-10-31T19:51:49Z", "event":"MissionCompleted", "Faction":"64 Ceti Independents", "Name":"Mission_PassengerVIP_name", "LocalisedName":"Transport Kelsie Koller", "MissionID":944444222, "Commodity":"$ConsumerTechnology_Name;", "Commodity_Localised":"Consumer Technology", "Count":3, "DestinationSystem":"HR 783", "DestinationStation":"Roth Hub", "Reward":378121, "FactionEffects":[ { "Faction":"64 Ceti Independents", "Effects":[ { "Effect":"$MISSIONUTIL_Interaction_Summary_SP_up;", "Effect_Localised":"The security status of $#MinorFaction; has improved in the $#System; system.", "Trend":"UpGood" } ], "Influence":[ { "SystemAddress":800751339875, "Trend":"UpGood", "Influence":"+" } ], "ReputationTrend":"UpGood", "Reputation":"+" }, { "Faction":"Tlapana Power Limited", "Effects":[  ], "Influence":[ { "SystemAddress":1350507153763, "Trend":"UpGood", "Influence":"+" } ], "ReputationTrend":"UpGood", "Reputation":"+" } ] }
{ "timestamp":"2023-10-31T19:52:09Z", "event":"ModuleInfo" }
{ "timestamp":"2023-10-31T19:52:15Z", "event":"Undocked", "StationName":"Roth Hub", "StationType":"Orbis", "MarketID":3223196928, "Taxi":false, "Multicrew":false }
{ "timestamp":"2023-10-31T19:52:27Z", "event":"ShipTargeted", "TargetLocked":true, "Ship":"viper_mkiv", "Ship_Localised":"Viper Mk IV", "ScanStage":0 }
{ "timestamp":"2023-10-31T19:52:28Z", "event":"ShipTargeted", "TargetLocked":true, "Ship":"viper_mkiv", "Ship_Localised":"Viper Mk IV", "ScanStage":1, "PilotName":"$npc_name_decorate:#name=Nick Lanng;", "PilotName_Localised":"Nick Lanng", "PilotRank":"Competent" }
{ "timestamp":"2023-10-31T19:52:30Z", "event":"ShipTargeted", "TargetLocked":true, "Ship":"viper_mkiv", "Ship_Localised":"Viper Mk IV", "ScanStage":2, "PilotName":"$npc_name_decorate:#name=Nick Lanng;", "PilotName_Localised":"Nick Lanng", "PilotRank":"Competent", "ShieldHealth":100.000000, "HullHealth":100.000000 }
{ "timestamp":"2023-10-31T19:52:32Z", "event":"ShipTargeted", "TargetLocked":true, "Ship":"viper_mkiv", "Ship_Localised":"Viper Mk IV", "ScanStage":3, "PilotName":"$npc_name_decorate:#name=Nick Lanng;", "PilotName_Localised":"Nick Lanng", "PilotRank":"Competent", "ShieldHealth":100.000000, "HullHealth":100.000000, "Faction":"Aleutes Values Party", "LegalStatus":"Clean" }
{ "timestamp":"2023-10-31T19:52:33Z", "event":"ShipTargeted", "TargetLocked":false }
{ "timestamp":"2023-10-31T19:52:39Z", "event":"Music", "MusicTrack":"NoTrack" }
{ "timestamp":"2023-10-31T19:53:00Z", "event":"StartJump", "JumpType":"Supercruise", "Taxi":false }
{ "timestamp":"2023-10-31T19:53:05Z", "event":"SupercruiseEntry", "Taxi":false, "Multicrew":false, "StarSystem":"HR 783", "SystemAddress":1350507153763 }
{ "timestamp":"2023-10-31T19:53:05Z", "event":"ShipLocker", "Items":[  ], "Components":[  ], "Consumables":[  ], "Data":[  ] }
{ "timestamp":"2023-10-31T19:53:05Z", "event":"Music", "MusicTrack":"Supercruise" }
{ "timestamp":"2023-10-31T19:54:48Z", "event":"ModuleInfo" }
{ "timestamp":"2023-10-31T19:56:58Z", "event":"SupercruiseDestinationDrop", "Type":"Lyulka City", "Threat":0, "MarketID":3223197184 }
{ "timestamp":"2023-10-31T19:56:59Z", "event":"SupercruiseExit", "Taxi":false, "Multicrew":false, "StarSystem":"HR 783", "SystemAddress":1350507153763, "Body":"Lyulka City", "BodyID":8, "BodyType":"Station" }
{ "timestamp":"2023-10-31T19:56:59Z", "event":"ShipLocker", "Items":[  ], "Components":[  ], "Consumables":[  ], "Data":[  ] }
{ "timestamp":"2023-10-31T19:56:59Z", "event":"Music", "MusicTrack":"DestinationFromSupercruise" }
{ "timestamp":"2023-10-31T19:57:00Z", "event":"ReceiveText", "From":"Lyulka City", "Message":"$STATION_NoFireZone_entered;", "Message_Localised":"No fire zone entered.", "Channel":"npc" }
{ "timestamp":"2023-10-31T19:57:04Z", "event":"Music", "MusicTrack":"NoTrack" }
{ "timestamp":"2023-10-31T19:57:17Z", "event":"DockingRequested", "MarketID":3223197184, "StationName":"Lyulka City", "StationType":"Orbis", "LandingPads":{ "Small":17, "Medium":18, "Large":9 } }
{ "timestamp":"2023-10-31T19:57:17Z", "event":"ReceiveText", "From":"Lyulka City", "Message":"$DockingChatter_Neutral;", "Message_Localised":"Ensure to observe starport protocol during your visit, pilot.", "Channel":"npc" }
{ "timestamp":"2023-10-31T19:57:17Z", "event":"ReceiveText", "From":"Lyulka City", "Message":"$STATION_docking_granted;", "Message_Localised":"Docking request granted.", "Channel":"npc" }
{ "timestamp":"2023-10-31T19:57:17Z", "event":"DockingGranted", "LandingPad":6, "MarketID":3223197184, "StationName":"Lyulka City", "StationType":"Orbis" }
{ "timestamp":"2023-10-31T19:58:25Z", "event":"Scanned", "ScanType":"Cargo" }
{ "timestamp":"2023-10-31T19:58:25Z", "event":"ReceiveText", "From":"$ShipName_Police_Independent;", "From_Localised":"System Authority Vessel", "Message":"$Police_ThankYouPassedStopAndSearch10;", "Message_Localised":"Everything looks fine, Commander. Have a good day.", "Channel":"npc" }
{ "timestamp":"2023-10-31T19:58:29Z", "event":"Music", "MusicTrack":"Starport" }
{ "timestamp":"2023-10-31T19:58:33Z", "event":"ReceiveText", "From":"$npc_name_decorate:#name=Anthea Varey;", "From_Localised":"Anthea Varey", "Message":"$Commuter_AuthorityScan08;", "Message_Localised":"You've got no right to scan me, officer!", "Channel":"npc" }
{ "timestamp":"2023-10-31T19:58:59Z", "event":"Docked", "StationName":"Lyulka City", "StationType":"Orbis", "Taxi":false, "Multicrew":false, "StarSystem":"HR 783", "SystemAddress":1350507153763, "MarketID":3223197184, "StationFaction":{ "Name":"Ukrainian Pilots Federation" }, "StationGovernment":"$government_Corporate;", "StationGovernment_Localised":"Corporate", "StationServices":[ "dock", "autodock", "commodities", "contacts", "exploration", "missions", "outfitting", "crewlounge", "rearm", "refuel", "repair", "shipyard", "tuning", "engineer", "missionsgenerated", "flightcontroller", "stationoperations", "powerplay", "searchrescue", "stationMenu", "shop", "livery", "socialspace", "bartender", "vistagenomics", "pioneersupplies", "apexinterstellar", "frontlinesolutions" ], "StationEconomy":"$economy_Industrial;", "StationEconomy_Localised":"Industrial", "StationEconomies":[ { "Name":"$economy_Industrial;", "Name_Localised":"Industrial", "Proportion":1.000000 } ], "DistFromStarLS":567.990299, "LandingPads":{ "Small":17, "Medium":18, "Large":9 } }
{ "timestamp":"2023-10-31T19:59:01Z", "event":"RefuelAll", "Cost":10, "Amount":0.123540 }
{ "timestamp":"2023-10-31T19:59:13Z", "event":"MissionCompleted", "Faction":"64 Ceti Jet Dynamic PLC", "Name":"Mission_PassengerVIP_name", "LocalisedName":"Transport Kayleen Cohen", "MissionID":944444172, "Commodity":"$ConsumerTechnology_Name;", "Commodity_Localised":"Consumer Technology", "Count":1, "DestinationSystem":"HR 783", "DestinationStation":"Lyulka City", "Reward":150782, "FactionEffects":[ { "Faction":"64 Ceti Jet Dynamic PLC", "Effects":[ { "Effect":"$MISSIONUTIL_Interaction_Summary_SP_up;", "Effect_Localised":"The security status of $#MinorFaction; has improved in the $#System; system.", "Trend":"UpGood" } ], "Influence":[ { "SystemAddress":800751339875, "Trend":"UpGood", "Influence":"+" } ], "ReputationTrend":"UpGood", "Reputation":"+" }, { "Faction":"Ukrainian Pilots Federation", "Effects":[ { "Effect":"$MISSIONUTIL_Interaction_Summary_SP_up;", "Effect_Localised":"The security status of $#MinorFaction; has improved in the $#System; system.", "Trend":"UpGood" } ], "Influence":[ { "SystemAddress":1350507153763, "Trend":"UpGood", "Influence":"+" } ], "ReputationTrend":"UpGood", "Reputation":"+" } ] }
{ "timestamp":"2023-10-31T19:59:24Z", "event":"Shipyard", "MarketID":3223197184, "StationName":"Lyulka City", "StarSystem":"HR 783" }
{ "timestamp":"2023-10-31T19:59:24Z", "event":"StoredShips", "StationName":"Lyulka City", "MarketID":3223197184, "StarSystem":"HR 783", "ShipsHere":[  ], "ShipsRemote":[ { "ShipID":4, "ShipType":"Empire_Eagle", "ShipType_Localised":"Imperial Eagle", "Name":"", "StarSystem":"64 Ceti", "ShipMarketID":3223182848, "TransferPrice":1240, "TransferTime":475, "Value":173092, "Hot":false } ] }
{ "timestamp":"2023-10-31T20:00:10Z", "event":"Music", "MusicTrack":"GalaxyMap" }
{ "timestamp":"2023-10-31T20:00:16Z", "event":"Music", "MusicTrack":"SystemMap" }
{ "timestamp":"2023-10-31T20:00:21Z", "event":"NavRoute" }
{ "timestamp":"2023-10-31T20:00:21Z", "event":"FSDTarget", "Name":"HIP 11182", "SystemAddress":1733052797634, "StarClass":"K", "RemainingJumpsInRoute":2 }
{ "timestamp":"2023-10-31T20:00:23Z", "event":"Music", "MusicTrack":"GalaxyMap" }
{ "timestamp":"2023-10-31T20:00:24Z", "event":"Music", "MusicTrack":"Starport" }
{ "timestamp":"2023-10-31T20:00:35Z", "event":"Undocked", "StationName":"Lyulka City", "StationType":"Orbis", "MarketID":3223197184, "Taxi":false, "Multicrew":false }
{ "timestamp":"2023-10-31T20:01:02Z", "event":"Music", "MusicTrack":"NoTrack" }
{ "timestamp":"2023-10-31T20:01:35Z", "event":"StartJump", "JumpType":"Hyperspace", "Taxi":false, "StarSystem":"HIP 11182", "SystemAddress":1733052797634, "StarClass":"K" }
{ "timestamp":"2023-10-31T20:01:40Z", "event":"ShipLocker", "Items":[  ], "Components":[  ], "Consumables":[  ], "Data":[  ] }
{ "timestamp":"2023-10-31T20:01:40Z", "event":"FSDTarget", "Name":"64 Ceti", "SystemAddress":800751339875, "StarClass":"G", "RemainingJumpsInRoute":1 }
{ "timestamp":"2023-10-31T20:01:53Z", "event":"ReceiveText", "From":"", "Message":"$COMMS_entered:#name=HIP 11182;", "Message_Localised":"Entered Channel: HIP 11182", "Channel":"npc" }
{ "timestamp":"2023-10-31T20:01:53Z", "event":"FSDJump", "Taxi":false, "Multicrew":false, "StarSystem":"HIP 11182", "SystemAddress":1733052797634, "StarPos":[-25.75000,-100.87500,-79.37500], "SystemAllegiance":"Independent", "SystemEconomy":"$economy_Agri;", "SystemEconomy_Localised":"Agriculture", "SystemSecondEconomy":"$economy_Refinery;", "SystemSecondEconomy_Localised":"Refinery", "SystemGovernment":"$government_Corporate;", "SystemGovernment_Localised":"Corporate", "SystemSecurity":"$SYSTEM_SECURITY_low;", "SystemSecurity_Localised":"Low Security", "Population":480357804, "Body":"HIP 11182", "BodyID":0, "BodyType":"Star", "JumpDist":9.687, "FuelUsed":0.786518, "FuelLevel":15.213482, "Factions":[ { "Name":"HIP 11182 Life Industry", "FactionState":"None", "Government":"Corporate", "Influence":0.109235, "Allegiance":"Independent", "Happiness":"$Faction_HappinessBand2;", "Happiness_Localised":"Happy", "MyReputation":1.650000 }, { "Name":"Revolutionary Party of HIP 11182", "FactionState":"None", "Government":"Democracy", "Influence":0.171797, "Allegiance":"Federation", "Happiness":"$Faction_HappinessBand2;", "Happiness_Localised":"Happy", "MyReputation":0.000000 }, { "Name":"HIP 11182 Council", "FactionState":"None", "Government":"Anarchy", "Influence":0.009930, "Allegiance":"Independent", "Happiness":"$Faction_HappinessBand2;", "Happiness_Localised":"Happy", "MyReputation":0.000000 }, { "Name":"Natural HIP 11182 Flag", "FactionState":"None", "Government":"Dictatorship", "Influence":0.074479, "Allegiance":"Independent", "Happiness":"$Faction_HappinessBand2;", "Happiness_Localised":"Happy", "MyReputation":0.000000 }, { "Name":"HIP 11182 Purple Advanced Ex", "FactionState":"None", "Government":"Corporate", "Influence":0.059583, "Allegiance":"Independent", "Happiness":"$Faction_HappinessBand2;", "Happiness_Localised":"Happy", "MyReputation":0.000000 }, { "Name":"The Wild Bunch", "FactionState":"None", "Government":"Corporate", "Influence":0.369414, "Allegiance":"Independent", "Happiness":"$Faction_HappinessBand2;", "Happiness_Localised":"Happy", "MyReputation":16.089199, "PendingStates":[ { "State":"Expansion", "Trend":0 } ] }, { "Name":"Ukrainian Pilots Federation", "FactionState":"None", "Government":"Corporate", "Influence":0.205561, "Allegiance":"Independent", "Happiness":"$Faction_HappinessBand2;", "Happiness_Localised":"Happy", "MyReputation":0.660000 } ], "SystemFaction":{ "Name":"The Wild Bunch" } }
{ "timestamp":"2023-10-31T20:01:53Z", "event":"ShipLocker", "Items":[  ], "Components":[  ], "Consumables":[  ], "Data":[  ] }
{ "timestamp":"2023-10-31T20:01:53Z", "event":"Music", "MusicTrack":"Supercruise" }
{ "timestamp":"2023-10-31T20:02:05Z", "event":"FuelScoop", "Scooped":0.004043, "Total":15.217526 }
{ "timestamp":"2023-10-31T20:02:20Z", "event":"StartJump", "JumpType":"Hyperspace", "Taxi":false, "StarSystem":"64 Ceti", "SystemAddress":800751339875, "StarClass":"G" }
{ "timestamp":"2023-10-31T20:02:25Z", "event":"ShipLocker", "Items":[  ], "Components":[  ], "Consumables":[  ], "Data":[  ] }
{ "timestamp":"2023-10-31T20:02:25Z", "event":"Music", "MusicTrack":"NoTrack" }
{ "timestamp":"2023-10-31T20:02:31Z", "event":"NavRouteClear" }
{ "timestamp":"2023-10-31T20:02:38Z", "event":"ReceiveText", "From":"", "Message":"$COMMS_entered:#name=64 Ceti;", "Message_Localised":"Entered Channel: 64 Ceti", "Channel":"npc" }
{ "timestamp":"2023-10-31T20:02:38Z", "event":"FSSSignalDiscovered", "SystemAddress":800751339875, "SignalName":"KALI K8B-36F", "SignalType":"FleetCarrier", "IsStation":true }
{ "timestamp":"2023-10-31T20:02:38Z", "event":"FSSSignalDiscovered", "SystemAddress":800751339875, "SignalName":"$MULTIPLAYER_SCENARIO42_TITLE;", "SignalName_Localised":"Nav Beacon", "SignalType":"NavBeacon" }
{ "timestamp":"2023-10-31T20:02:38Z", "event":"FSSSignalDiscovered", "SystemAddress":800751339875, "SignalName":"PAZUTRÄGER X1H-45H", "SignalType":"FleetCarrier", "IsStation":true }
{ "timestamp":"2023-10-31T20:02:38Z", "event":"FSSSignalDiscovered", "SystemAddress":800751339875, "SignalName":"64 CETI Dionysus-class Cropper", "SignalType":"Megaship" }
{ "timestamp":"2023-10-31T20:02:38Z", "event":"FSSSignalDiscovered", "SystemAddress":800751339875, "SignalName":"Grand Ridge Pastures", "SignalType":"Installation" }
{ "timestamp":"2023-10-31T20:02:38Z", "event":"FSSSignalDiscovered", "SystemAddress":800751339875, "SignalName":"BSG-87 PEGASUS H3K-7TB", "SignalType":"FleetCarrier", "IsStation":true }
{ "timestamp":"2023-10-31T20:02:38Z", "event":"FSSSignalDiscovered", "SystemAddress":800751339875, "SignalName":"jotnar F1N-83Z", "SignalType":"FleetCarrier", "IsStation":true }
{ "timestamp":"2023-10-31T20:02:38Z", "event":"FSSSignalDiscovered", "SystemAddress":800751339875, "SignalName":"Death & Gravity XBV-B6J", "SignalType":"FleetCarrier", "IsStation":true }
{ "timestamp":"2023-10-31T20:02:38Z", "event":"FSSSignalDiscovered", "SystemAddress":800751339875, "SignalName":"Jensen Gateway", "SignalType":"StationBernalSphere", "IsStation":true }
{ "timestamp":"2023-10-31T20:02:38Z", "event":"FSSSignalDiscovered", "SystemAddress":800751339875, "SignalName":"Darwin Colony", "SignalType":"Installation" }
{ "timestamp":"2023-10-31T20:02:38Z", "event":"FSSSignalDiscovered", "SystemAddress":800751339875, "SignalName":"WATCHMAN KNK-28M", "SignalType":"FleetCarrier", "IsStation":true }
{ "timestamp":"2023-10-31T20:02:38Z", "event":"FSSSignalDiscovered", "SystemAddress":800751339875, "SignalName":"$MULTIPLAYER_SCENARIO14_TITLE;", "SignalName_Localised":"Resource Extraction Site", "SignalType":"ResourceExtraction" }
{ "timestamp":"2023-10-31T20:02:38Z", "event":"FSSSignalDiscovered", "SystemAddress":800751339875, "SignalName":"Avalon Mobile Security Branch", "SignalType":"Installation" }
{ "timestamp":"2023-10-31T20:02:38Z", "event":"FSDJump", "Taxi":false, "Multicrew":false, "StarSystem":"64 Ceti", "SystemAddress":800751339875, "StarPos":[-37.06250,-100.06250,-79.12500], "SystemAllegiance":"Independent", "SystemEconomy":"$economy_Industrial;", "SystemEconomy_Localised":"Industrial", "SystemSecondEconomy":"$economy_Extraction;", "SystemSecondEconomy_Localised":"Extraction", "SystemGovernment":"$government_Corporate;", "SystemGovernment_Localised":"Corporate", "SystemSecurity":"$SYSTEM_SECURITY_medium;", "SystemSecurity_Localised":"Medium Security", "Population":5128504, "Body":"64 Ceti A", "BodyID":2, "BodyType":"Star", "JumpDist":11.344, "FuelUsed":1.123293, "FuelLevel":14.094234, "Factions":[ { "Name":"64 Ceti Independents", "FactionState":"None", "Government":"Democracy", "Influence":0.016194, "Allegiance":"Federation", "Happiness":"$Faction_HappinessBand2;", "Happiness_Localised":"Happy", "MyReputation":4.950000 }, { "Name":"Independents of HIP 9599", "FactionState":"None", "Government":"Democracy", "Influence":0.198381, "Allegiance":"Federation", "Happiness":"$Faction_HappinessBand2;", "Happiness_Localised":"Happy", "MyReputation":5.354400 }, { "Name":"Nationals of 64 Ceti", "FactionState":"None", "Government":"Dictatorship", "Influence":0.021255, "Allegiance":"Independent", "Happiness":"$Faction_HappinessBand2;", "Happiness_Localised":"Happy", "MyReputation":1.650000 }, { "Name":"Worster Insurance", "FactionState":"None", "Government":"Corporate", "Influence":0.016194, "Allegiance":"Independent", "Happiness":"$Faction_HappinessBand2;", "Happiness_Localised":"Happy", "MyReputation":4.330000 }, { "Name":"Autocracy of 64 Ceti", "FactionState":"None", "Government":"Dictatorship", "Influence":0.017206, "Allegiance":"Independent", "Happiness":"$Faction_HappinessBand2;", "Happiness_Localised":"Happy", "MyReputation":0.000000 }, { "Name":"64 Ceti Jet Dynamic PLC", "FactionState":"None", "Government":"Corporate", "Influence":0.022267, "Allegiance":"Independent", "Happiness":"", "MyReputation":1.980000 }, { "Name":"The Wild Bunch", "FactionState":"Boom", "Government":"Corporate", "Influence":0.708502, "Allegiance":"Independent", "Happiness":"$Faction_HappinessBand2;", "Happiness_Localised":"Happy", "MyReputation":16.089199, "PendingStates":[ { "State":"Expansion", "Trend":0 } ], "RecoveringStates":[ { "State":"InfrastructureFailure", "Trend":0 } ], "ActiveStates":[ { "State":"Boom" } ] } ], "SystemFaction":{ "Name":"The Wild Bunch", "FactionState":"Boom" } }
{ "timestamp":"2023-10-31T20:02:38Z", "event":"ShipLocker", "Items":[  ], "Components":[  ], "Consumables":[  ], "Data":[  ] }
{ "timestamp":"2023-10-31T20:02:38Z", "event":"Music", "MusicTrack":"DestinationFromHyperspace" }
{ "timestamp":"2023-10-31T20:02:43Z", "event":"Music", "MusicTrack":"Supercruise" }
{ "timestamp":"2023-10-31T20:04:47Z", "event":"SupercruiseDestinationDrop", "Type":"Jensen Gateway", "Threat":0, "MarketID":3223182848 }
{ "timestamp":"2023-10-31T20:04:49Z", "event":"FSSSignalDiscovered", "SystemAddress":800751339875, "SignalName":"KALI K8B-36F", "SignalType":"FleetCarrier", "IsStation":true }
{ "timestamp":"2023-10-31T20:04:49Z", "event":"FSSSignalDiscovered", "SystemAddress":800751339875, "SignalName":"$MULTIPLAYER_SCENARIO42_TITLE;", "SignalName_Localised":"Nav Beacon", "SignalType":"NavBeacon" }
{ "timestamp":"2023-10-31T20:04:49Z", "event":"FSSSignalDiscovered", "SystemAddress":800751339875, "SignalName":"PAZUTRÄGER X1H-45H", "SignalType":"FleetCarrier", "IsStation":true }
{ "timestamp":"2023-10-31T20:04:49Z", "event":"FSSSignalDiscovered", "SystemAddress":800751339875, "SignalName":"64 CETI Dionysus-class Cropper", "SignalType":"Megaship" }
{ "timestamp":"2023-10-31T20:04:49Z", "event":"FSSSignalDiscovered", "SystemAddress":800751339875, "SignalName":"Grand Ridge Pastures", "SignalType":"Installation" }
{ "timestamp":"2023-10-31T20:04:49Z", "event":"FSSSignalDiscovered", "SystemAddress":800751339875, "SignalName":"BSG-87 PEGASUS H3K-7TB", "SignalType":"FleetCarrier", "IsStation":true }
{ "timestamp":"2023-10-31T20:04:49Z", "event":"FSSSignalDiscovered", "SystemAddress":800751339875, "SignalName":"jotnar F1N-83Z", "SignalType":"FleetCarrier", "IsStation":true }
{ "timestamp":"2023-10-31T20:04:49Z", "event":"FSSSignalDiscovered", "SystemAddress":800751339875, "SignalName":"Death & Gravity XBV-B6J", "SignalType":"FleetCarrier", "IsStation":true }
{ "timestamp":"2023-10-31T20:04:49Z", "event":"FSSSignalDiscovered", "SystemAddress":800751339875, "SignalName":"Jensen Gateway", "SignalType":"StationBernalSphere", "IsStation":true }
{ "timestamp":"2023-10-31T20:04:49Z", "event":"FSSSignalDiscovered", "SystemAddress":800751339875, "SignalName":"Darwin Colony", "SignalType":"Installation" }
{ "timestamp":"2023-10-31T20:04:49Z", "event":"FSSSignalDiscovered", "SystemAddress":800751339875, "SignalName":"WATCHMAN KNK-28M", "SignalType":"FleetCarrier", "IsStation":true }
{ "timestamp":"2023-10-31T20:04:49Z", "event":"FSSSignalDiscovered", "SystemAddress":800751339875, "SignalName":"$MULTIPLAYER_SCENARIO14_TITLE;", "SignalName_Localised":"Resource Extraction Site", "SignalType":"ResourceExtraction" }
{ "timestamp":"2023-10-31T20:04:49Z", "event":"FSSSignalDiscovered", "SystemAddress":800751339875, "SignalName":"Avalon Mobile Security Branch", "SignalType":"Installation" }
{ "timestamp":"2023-10-31T20:04:49Z", "event":"SupercruiseExit", "Taxi":false, "Multicrew":false, "StarSystem":"64 Ceti", "SystemAddress":800751339875, "Body":"Jensen Gateway", "BodyID":26, "BodyType":"Station" }
{ "timestamp":"2023-10-31T20:04:49Z", "event":"ShipLocker", "Items":[  ], "Components":[  ], "Consumables":[  ], "Data":[  ] }
{ "timestamp":"2023-10-31T20:04:49Z", "event":"Music", "MusicTrack":"DestinationFromSupercruise" }
{ "timestamp":"2023-10-31T20:04:54Z", "event":"Music", "MusicTrack":"NoTrack" }
{ "timestamp":"2023-10-31T20:04:57Z", "event":"ReceiveText", "From":"Jensen Gateway", "Message":"$STATION_NoFireZone_entered;", "Message_Localised":"No fire zone entered.", "Channel":"npc" }
{ "timestamp":"2023-10-31T20:05:00Z", "event":"DockingRequested", "MarketID":3223182848, "StationName":"Jensen Gateway", "StationType":"Ocellus", "LandingPads":{ "Small":17, "Medium":18, "Large":9 } }
{ "timestamp":"2023-10-31T20:05:00Z", "event":"ReceiveText", "From":"Jensen Gateway", "Message":"$DockingChatter_Cordial;", "Message_Localised":"Welcome back, Commander.", "Channel":"npc" }
{ "timestamp":"2023-10-31T20:05:00Z", "event":"ReceiveText", "From":"Jensen Gateway", "Message":"$STATION_docking_granted;", "Message_Localised":"Docking request granted.", "Channel":"npc" }
{ "timestamp":"2023-10-31T20:05:00Z", "event":"DockingGranted", "LandingPad":19, "MarketID":3223182848, "StationName":"Jensen Gateway", "StationType":"Ocellus" }
{ "timestamp":"2023-10-31T20:05:52Z", "event":"ShipTargeted", "TargetLocked":true, "Ship":"hauler", "ScanStage":0 }
{ "timestamp":"2023-10-31T20:05:53Z", "event":"ShipTargeted", "TargetLocked":true, "Ship":"hauler", "ScanStage":1, "PilotName":"$npc_name_decorate:#name=Rob Wassell;", "PilotName_Localised":"Rob Wassell", "PilotRank":"Harmless" }
{ "timestamp":"2023-10-31T20:05:55Z", "event":"ShipTargeted", "TargetLocked":true, "Ship":"hauler", "ScanStage":2, "PilotName":"$npc_name_decorate:#name=Rob Wassell;", "PilotName_Localised":"Rob Wassell", "PilotRank":"Harmless", "ShieldHealth":100.000000, "HullHealth":100.000000 }
{ "timestamp":"2023-10-31T20:05:57Z", "event":"ShipTargeted", "TargetLocked":true, "Ship":"hauler", "ScanStage":3, "PilotName":"$npc_name_decorate:#name=Rob Wassell;", "PilotName_Localised":"Rob Wassell", "PilotRank":"Harmless", "ShieldHealth":100.000000, "HullHealth":100.000000, "Faction":"64 Ceti Independents", "LegalStatus":"Clean" }
{ "timestamp":"2023-10-31T20:06:00Z", "event":"ShipTargeted", "TargetLocked":false }
{ "timestamp":"2023-10-31T20:06:04Z", "event":"ShipTargeted", "TargetLocked":true, "Ship":"adder", "ScanStage":0 }
{ "timestamp":"2023-10-31T20:06:08Z", "event":"ShipTargeted", "TargetLocked":true, "Ship":"adder", "ScanStage":1, "PilotName":"$npc_name_decorate:#name=Becky Scott;", "PilotName_Localised":"Becky Scott", "PilotRank":"Harmless" }
{ "timestamp":"2023-10-31T20:06:10Z", "event":"ShipTargeted", "TargetLocked":true, "Ship":"adder", "ScanStage":2, "PilotName":"$npc_name_decorate:#name=Becky Scott;", "PilotName_Localised":"Becky Scott", "PilotRank":"Harmless", "ShieldHealth":100.000000, "HullHealth":100.000000 }
{ "timestamp":"2023-10-31T20:06:12Z", "event":"ShipTargeted", "TargetLocked":true, "Ship":"adder", "ScanStage":3, "PilotName":"$npc_name_decorate:#name=Becky Scott;", "PilotName_Localised":"Becky Scott", "PilotRank":"Harmless", "ShieldHealth":100.000000, "HullHealth":100.000000, "Faction":"The Wild Bunch", "LegalStatus":"Clean" }
{ "timestamp":"2023-10-31T20:06:17Z", "event":"ShipTargeted", "TargetLocked":false }
{ "timestamp":"2023-10-31T20:06:25Z", "event":"Music", "MusicTrack":"Starport" }
{ "timestamp":"2023-10-31T20:07:09Z", "event":"Docked", "StationName":"Jensen Gateway", "StationType":"Ocellus", "Taxi":false, "Multicrew":false, "StarSystem":"64 Ceti", "SystemAddress":800751339875, "MarketID":3223182848, "StationFaction":{ "Name":"The Wild Bunch", "FactionState":"Boom" }, "StationGovernment":"$government_Corporate;", "StationGovernment_Localised":"Corporate", "StationServices":[ "dock", "autodock", "commodities", "contacts", "exploration", "missions", "outfitting", "crewlounge", "rearm", "refuel", "repair", "shipyard", "tuning", "engineer", "missionsgenerated", "flightcontroller", "stationoperations", "powerplay", "searchrescue", "materialtrader", "stationMenu", "shop", "livery", "socialspace", "bartender", "vistagenomics", "pioneersupplies", "apexinterstellar", "frontlinesolutions" ], "StationEconomy":"$economy_Industrial;", "StationEconomy_Localised":"Industrial", "StationEconomies":[ { "Name":"$economy_Industrial;", "Name_Localised":"Industrial", "Proportion":0.770000 }, { "Name":"$economy_Extraction;", "Name_Localised":"Extraction", "Proportion":0.230000 } ], "DistFromStarLS":455.909607, "LandingPads":{ "Small":17, "Medium":18, "Large":9 } }
{ "timestamp":"2023-10-31T20:07:12Z", "event":"RefuelAll", "Cost":102, "Amount":2.009037 }
{ "timestamp":"2023-10-31T20:07:21Z", "event":"Shipyard", "MarketID":3223182848, "StationName":"Jensen Gateway", "StarSystem":"64 Ceti" }
{ "timestamp":"2023-10-31T20:07:21Z", "event":"StoredShips", "StationName":"Jensen Gateway", "MarketID":3223182848, "StarSystem":"64 Ceti", "ShipsHere":[ { "ShipID":4, "ShipType":"empire_eagle", "ShipType_Localised":"Imperial Eagle", "Value":173092, "Hot":false } ], "ShipsRemote":[  ] }
{ "timestamp":"2023-10-31T20:08:44Z", "event":"MissionAccepted", "Faction":"Nationals of 64 Ceti", "Name":"Mission_PassengerBulk", "LocalisedName":"10 Tourists Seeking Transport", "DestinationSystem":"54 Ceti", "DestinationStation":"Binder Base", "Expiry":"2023-10-31T22:41:57Z", "Wing":false, "Influence":"+", "Reputation":"+", "Reward":70060, "PassengerCount":10, "PassengerVIPs":false, "PassengerWanted":false, "PassengerType":"Tourist", "MissionID":944450786 }
{ "timestamp":"2023-10-31T20:08:52Z", "event":"Music", "MusicTrack":"GalaxyMap" }
{ "timestamp":"2023-10-31T20:08:54Z", "event":"NavRoute" }
{ "timestamp":"2023-10-31T20:08:54Z", "event":"FSDTarget", "Name":"HIP 9599", "SystemAddress":908419076802, "StarClass":"K", "RemainingJumpsInRoute":3 }
{ "timestamp":"2023-10-31T20:08:56Z", "event":"Music", "MusicTrack":"SystemMap" }
{ "timestamp":"2023-10-31T20:09:14Z", "event":"Music", "MusicTrack":"GalaxyMap" }
{ "timestamp":"2023-10-31T20:09:15Z", "event":"Music", "MusicTrack":"Starport" }
{ "timestamp":"2023-10-31T20:09:20Z", "event":"Undocked", "StationName":"Jensen Gateway", "StationType":"Ocellus", "MarketID":3223182848, "Taxi":false, "Multicrew":false }
{ "timestamp":"2023-10-31T20:09:50Z", "event":"Music", "MusicTrack":"NoTrack" }
{ "timestamp":"2023-10-31T20:10:36Z", "event":"ReceiveText", "From":"Jensen Gateway", "Message":"$STATION_NoFireZone_exited;", "Message_Localised":"No fire zone exited.", "Channel":"npc" }
{ "timestamp":"2023-10-31T20:10:43Z", "event":"StartJump", "JumpType":"Hyperspace", "Taxi":false, "StarSystem":"HIP 9599", "SystemAddress":908419076802, "StarClass":"K" }
{ "timestamp":"2023-10-31T20:10:48Z", "event":"ShipLocker", "Items":[  ], "Components":[  ], "Consumables":[  ], "Data":[  ] }
{ "timestamp":"2023-10-31T20:10:50Z", "event":"FSDTarget", "Name":"HIP 8859", "SystemAddress":560233171299, "StarClass":"F", "RemainingJumpsInRoute":2 }
{ "timestamp":"2023-10-31T20:11:02Z", "event":"ReceiveText", "From":"", "Message":"$COMMS_entered:#name=HIP 9599;", "Message_Localised":"Entered Channel: HIP 9599", "Channel":"npc" }
{ "timestamp":"2023-10-31T20:11:02Z", "event":"FSDJump", "Taxi":false, "Multicrew":false, "StarSystem":"HIP 9599", "SystemAddress":908419076802, "StarPos":[-41.68750,-98.59375,-76.37500], "SystemAllegiance":"Federation", "SystemEconomy":"$economy_Industrial;", "SystemEconomy_Localised":"Industrial", "SystemSecondEconomy":"$economy_Industrial;", "SystemSecondEconomy_Localised":"Industrial", "SystemGovernment":"$government_Democracy;", "SystemGovernment_Localised":"Democracy", "SystemSecurity":"$SYSTEM_SECURITY_medium;", "SystemSecurity_Localised":"Medium Security", "Population":1668409, "Body":"HIP 9599 A", "BodyID":1, "BodyType":"Star", "JumpDist":5.578, "FuelUsed":0.220952, "FuelLevel":15.779048, "Factions":[ { "Name":"Independents of HIP 9599", "FactionState":"None", "Government":"Democracy", "Influence":0.755976, "Allegiance":"Federation", "Happiness":"$Faction_HappinessBand2;", "Happiness_Localised":"Happy", "MyReputation":5.354400 }, { "Name":"HIP 9599 Comms Industries", "FactionState":"None", "Government":"Corporate", "Influence":0.011952, "Allegiance":"Independent", "Happiness":"$Faction_HappinessBand2;", "Happiness_Localised":"Happy", "MyReputation":0.000000 }, { "Name":"Allied HIP 9599 Defence Party", "FactionState":"None", "Government":"Dictatorship", "Influence":0.029880, "Allegiance":"Independent", "Happiness":"$Faction_HappinessBand2;", "Happiness_Localised":"Happy", "MyReputation":0.000000 }, { "Name":"Drug Empire of HIP 9599", "FactionState":"Bust", "Government":"Anarchy", "Influence":0.009960, "Allegiance":"Independent", "Happiness":"$Faction_HappinessBand2;", "Happiness_Localised":"Happy", "MyReputation":0.000000, "ActiveStates":[ { "State":"Bust" } ] }, { "Name":"HIP 9599 Systems", "FactionState":"None", "Government":"Corporate", "Influence":0.035857, "Allegiance":"Independent", "Happiness":"$Faction_HappinessBand2;", "Happiness_Localised":"Happy", "MyReputation":0.000000 }, { "Name":"The Wild Bunch", "FactionState":"Boom", "Government":"Corporate", "Influence":0.156374, "Allegiance":"Independent", "Happiness":"$Faction_HappinessBand2;", "Happiness_Localised":"Happy", "MyReputation":16.089199, "PendingStates":[ { "State":"Expansion", "Trend":0 } ] } ], "SystemFaction":{ "Name":"Independents of HIP 9599" } }
{ "timestamp":"2023-10-31T20:11:02Z", "event":"ShipLocker", "Items":[  ], "Components":[  ], "Consumables":[  ], "Data":[  ] }
{ "timestamp":"2023-10-31T20:11:02Z", "event":"Music", "MusicTrack":"Supercruise" }
{ "timestamp":"2023-10-31T20:11:20Z", "event":"FuelScoop", "Scooped":0.190674, "Total":15.969737 }
{ "timestamp":"2023-10-31T20:11:35Z", "event":"StartJump", "JumpType":"Hyperspace", "Taxi":false, "StarSystem":"HIP 8859", "SystemAddress":560233171299, "StarClass":"F" }
{ "timestamp":"2023-10-31T20:11:40Z", "event":"ShipLocker", "Items":[  ], "Components":[  ], "Consumables":[  ], "Data":[  ] }
{ "timestamp":"2023-10-31T20:11:40Z", "event":"Music", "MusicTrack":"NoTrack" }
{ "timestamp":"2023-10-31T20:11:41Z", "event":"FSDTarget", "Name":"54 Ceti", "SystemAddress":491513694563, "StarClass":"F", "RemainingJumpsInRoute":1 }
{ "timestamp":"2023-10-31T20:11:53Z", "event":"ReceiveText", "From":"", "Message":"$COMMS_entered:#name=HIP 8859;", "Message_Localised":"Entered Channel: HIP 8859", "Channel":"npc" }
{ "timestamp":"2023-10-31T20:11:53Z", "event":"FSDJump", "Taxi":false, "Multicrew":false, "StarSystem":"HIP 8859", "SystemAddress":560233171299, "StarPos":[-47.56250,-101.84375,-75.21875], "SystemAllegiance":"Federation", "SystemEconomy":"$economy_Agri;", "SystemEconomy_Localised":"Agriculture", "SystemSecondEconomy":"$economy_Industrial;", "SystemSecondEconomy_Localised":"Industrial", "SystemGovernment":"$government_Corporate;", "SystemGovernment_Localised":"Corporate", "SystemSecurity":"$SYSTEM_SECURITY_high;", "SystemSecurity_Localised":"High Security", "Population":1364201545, "Body":"HIP 8859", "BodyID":0, "BodyType":"Star", "JumpDist":6.813, "FuelUsed":0.349916, "FuelLevel":15.619821, "Factions":[ { "Name":"Values Party of HIP 8859", "FactionState":"None", "Government":"Democracy", "Influence":0.059761, "Allegiance":"Federation", "Happiness":"$Faction_HappinessBand2;", "Happiness_Localised":"Happy", "MyReputation":0.000000 }, { "Name":"54 Ceti Partners", "FactionState":"None", "Government":"Corporate", "Influence":0.464143, "Allegiance":"Federation", "Happiness":"$Faction_HappinessBand2;", "Happiness_Localised":"Happy", "MyReputation":1.116310 }, { "Name":"Dominion of HIP 8859", "FactionState":"None", "Government":"Dictatorship", "Influence":0.051793, "Allegiance":"Independent", "Happiness":"$Faction_HappinessBand2;", "Happiness_Localised":"Happy", "MyReputation":0.000000 }, { "Name":"HIP 8859 Purple Electronics Co", "FactionState":"None", "Government":"Corporate", "Influence":0.057769, "Allegiance":"Independent", "Happiness":"$Faction_HappinessBand2;", "Happiness_Localised":"Happy", "MyReputation":0.000000 }, { "Name":"Pirates of HIP 8859", "FactionState":"None", "Government":"Anarchy", "Influence":0.045817, "Allegiance":"Independent", "Happiness":"$Faction_HappinessBand2;", "Happiness_Localised":"Happy", "MyReputation":0.000000 }, { "Name":"League of HIP 8859 Freedom Party", "FactionState":"None", "Government":"Dictatorship", "Influence":0.061753, "Allegiance":"Independent", "Happiness":"$Faction_HappinessBand2;", "Happiness_Localised":"Happy", "MyReputation":0.000000 }, { "Name":"Milkyway Miners Union", "FactionState":"None", "Government":"Cooperative", "Influence":0.258964, "Allegiance":"Independent", "Happiness":"$Faction_HappinessBand2;", "Happiness_Localised":"Happy", "MyReputation":4.660000 } ], "SystemFaction":{ "Name":"54 Ceti Partners" } }
{ "timestamp":"2023-10-31T20:11:53Z", "event":"ShipLocker", "Items":[  ], "Components":[  ], "Consumables":[  ], "Data":[  ] }
{ "timestamp":"2023-10-31T20:11:53Z", "event":"Music", "MusicTrack":"Supercruise" }
{ "timestamp":"2023-10-31T20:12:17Z", "event":"FuelScoop", "Scooped":0.306717, "Total":15.926536 }
{ "timestamp":"2023-10-31T20:12:33Z", "event":"StartJump", "JumpType":"Hyperspace", "Taxi":false, "StarSystem":"54 Ceti", "SystemAddress":491513694563, "StarClass":"F" }
{ "timestamp":"2023-10-31T20:12:38Z", "event":"ShipLocker", "Items":[  ], "Components":[  ], "Consumables":[  ], "Data":[  ] }
{ "timestamp":"2023-10-31T20:12:38Z", "event":"Music", "MusicTrack":"NoTrack" }
{ "timestamp":"2023-10-31T20:12:38Z", "event":"NavRouteClear" }
{ "timestamp":"2023-10-31T20:12:51Z", "event":"ReceiveText", "From":"", "Message":"$COMMS_entered:#name=54 Ceti;", "Message_Localised":"Entered Channel: 54 Ceti", "Channel":"npc" }
{ "timestamp":"2023-10-31T20:12:51Z", "event":"FSSSignalDiscovered", "SystemAddress":491513694563, "SignalName":"Coblentz Orbital", "SignalType":"StationONeilCylinder", "IsStation":true }
{ "timestamp":"2023-10-31T20:12:51Z", "event":"FSSSignalDiscovered", "SystemAddress":491513694563, "SignalName":"Old Willow Hacienda", "SignalType":"Installation" }
{ "timestamp":"2023-10-31T20:12:51Z", "event":"FSSSignalDiscovered", "SystemAddress":491513694563, "SignalName":"Ultimate Mobile Defence Network", "SignalType":"Installation" }
{ "timestamp":"2023-10-31T20:12:51Z", "event":"FSSSignalDiscovered", "SystemAddress":491513694563, "SignalName":"54 CETI I  Henry-class Hauler", "SignalType":"Megaship" }
{ "timestamp":"2023-10-31T20:12:51Z", "event":"FSSSignalDiscovered", "SystemAddress":491513694563, "SignalName":"HUNTER S REBOOT TLT-2HQ", "SignalType":"FleetCarrier", "IsStation":true }
{ "timestamp":"2023-10-31T20:12:51Z", "event":"FSSSignalDiscovered", "SystemAddress":491513694563, "SignalName":"$MULTIPLAYER_SCENARIO42_TITLE;", "SignalName_Localised":"Nav Beacon", "SignalType":"NavBeacon" }
{ "timestamp":"2023-10-31T20:12:51Z", "event":"FSSSignalDiscovered", "SystemAddress":491513694563, "SignalName":"Van Scyoc Port", "SignalType":"Outpost" }
{ "timestamp":"2023-10-31T20:12:51Z", "event":"FSSSignalDiscovered", "SystemAddress":491513694563, "SignalName":"Grzimek Dock", "SignalType":"Outpost" }
{ "timestamp":"2023-10-31T20:12:51Z", "event":"FSSSignalDiscovered", "SystemAddress":491513694563, "SignalName":"Norman Port", "SignalType":"Outpost" }
{ "timestamp":"2023-10-31T20:12:51Z", "event":"FSSSignalDiscovered", "SystemAddress":491513694563, "SignalName":"Sladek Gateway", "SignalType":"StationONeilCylinder", "IsStation":true }
{ "timestamp":"2023-10-31T20:12:51Z", "event":"FSSSignalDiscovered", "SystemAddress":491513694563, "SignalName":"Porges Hub", "SignalType":"Outpost" }
{ "timestamp":"2023-10-31T20:12:51Z", "event":"FSSSignalDiscovered", "SystemAddress":491513694563, "SignalName":"Fermat Ring", "SignalType":"StationONeilCylinder", "IsStation":true }
{ "timestamp":"2023-10-31T20:12:51Z", "event":"FSSSignalDiscovered", "SystemAddress":491513694563, "SignalName":"PEGASUS T9V-W8N", "SignalType":"FleetCarrier", "IsStation":true }
{ "timestamp":"2023-10-31T20:12:51Z", "event":"FSDJump", "Taxi":false, "Multicrew":false, "StarSystem":"54 Ceti", "SystemAddress":491513694563, "StarPos":[-50.06250,-103.03125,-75.28125], "SystemAllegiance":"Independent", "SystemEconomy":"$economy_Agri;", "SystemEconomy_Localised":"Agriculture", "SystemSecondEconomy":"$economy_Industrial;", "SystemSecondEconomy_Localised":"Industrial", "SystemGovernment":"$government_Corporate;", "SystemGovernment_Localised":"Corporate", "SystemSecurity":"$SYSTEM_SECURITY_high;", "SystemSecurity_Localised":"High Security", "Population":526569262, "Body":"54 Ceti", "BodyID":0, "BodyType":"Star", "JumpDist":2.768, "FuelUsed":0.044085, "FuelLevel":15.882451, "Factions":[ { "Name":"People's 54 Ceti for Equality", "FactionState":"None", "Government":"Democracy", "Influence":0.100298, "Allegiance":"Independent", "Happiness":"$Faction_HappinessBand2;", "Happiness_Localised":"Happy", "MyReputation":0.660000 }, { "Name":"54 Ceti Partners", "FactionState":"None", "Government":"Corporate", "Influence":0.133069, "Allegiance":"Federation", "Happiness":"$Faction_HappinessBand2;", "Happiness_Localised":"Happy", "MyReputation":1.116310 }, { "Name":"United 54 Ceti Focus", "FactionState":"None", "Government":"Dictatorship", "Influence":0.052632, "Allegiance":"Independent", "Happiness":"$Faction_HappinessBand2;", "Happiness_Localised":"Happy", "MyReputation":3.670000 }, { "Name":"54 Ceti Organisation", "FactionState":"None", "Government":"Anarchy", "Influence":0.064548, "Allegiance":"Independent", "Happiness":"$Faction_HappinessBand2;", "Happiness_Localised":"Happy", "MyReputation":4.000000 }, { "Name":"54 Ceti Galactic Commodities", "FactionState":"None", "Government":"Corporate", "Influence":0.052632, "Allegiance":"Independent", "Happiness":"$Faction_HappinessBand2;", "Happiness_Localised":"Happy", "MyReputation":4.660000 }, { "Name":"The Wild Bunch", "FactionState":"Boom", "Government":"Corporate", "Influence":0.344588, "Allegiance":"Independent", "Happiness":"$Faction_HappinessBand2;", "Happiness_Localised":"Happy", "MyReputation":16.089199, "PendingStates":[ { "State":"Expansion", "Trend":0 } ] }, { "Name":"Milkyway Miners Union", "FactionState":"None", "Government":"Cooperative", "Influence":0.252234, "Allegiance":"Independent", "Happiness":"$Faction_HappinessBand2;", "Happiness_Localised":"Happy", "MyReputation":4.660000 } ], "SystemFaction":{ "Name":"The Wild Bunch", "FactionState":"Boom" } }
{ "timestamp":"2023-10-31T20:12:51Z", "event":"ShipLocker", "Items":[  ], "Components":[  ], "Consumables":[  ], "Data":[  ] }
{ "timestamp":"2023-10-31T20:12:51Z", "event":"Music", "MusicTrack":"DestinationFromHyperspace" }
{ "timestamp":"2023-10-31T20:12:56Z", "event":"Music", "MusicTrack":"Supercruise" }
{ "timestamp":"2023-10-31T20:13:21Z", "event":"ReceiveText", "From":"$ShipName_PassengerLiner_Cruise;", "From_Localised":"Cruise Ship", "Message":"$CruiseLiner_SCPatrol02;", "Message_Localised":"We will be cruising in-system for a while, please feel free to take advantage of our in-flight entertainment.", "Channel":"npc" }
{ "timestamp":"2023-10-31T20:13:54Z", "event":"ReceiveText", "From":"$ShipName_PassengerLiner_Cruise;", "From_Localised":"Cruise Ship", "Message":"$CruiseLiner_SCPatrol05;", "Message_Localised":"This is your captain. Due to some unforeseen delays, we will be arriving at our next destination later than scheduled.", "Channel":"npc" }
{ "timestamp":"2023-10-31T20:14:27Z", "event":"ReceiveText", "From":"$ShipName_PassengerLiner_Cruise;", "From_Localised":"Cruise Ship", "Message":"$CruiseLiner_SCPatrol05;", "Message_Localised":"This is your captain. Due to some unforeseen delays, we will be arriving at our next destination later than scheduled.", "Channel":"npc" }
{ "timestamp":"2023-10-31T20:15:39Z", "event":"ApproachBody", "StarSystem":"54 Ceti", "SystemAddress":491513694563, "Body":"54 Ceti 2 a", "BodyID":3 }
{ "timestamp":"2023-10-31T20:16:11Z", "event":"LeaveBody", "StarSystem":"54 Ceti", "SystemAddress":491513694563, "Body":"54 Ceti 2 a", "BodyID":3 }
{ "timestamp":"2023-10-31T20:16:34Z", "event":"ApproachBody", "StarSystem":"54 Ceti", "SystemAddress":491513694563, "Body":"54 Ceti 2 a", "BodyID":3 }
{ "timestamp":"2023-10-31T20:16:49Z", "event":"ApproachSettlement", "Name":"Binder Base", "MarketID":3509825536, "StationFaction":{ "Name":"Milkyway Miners Union" }, "StationGovernment":"$government_Cooperative;", "StationGovernment_Localised":"Cooperative", "StationServices":[ "dock", "autodock", "blackmarket", "commodities", "contacts", "exploration", "missions", "outfitting", "crewlounge", "rearm", "refuel", "repair", "tuning", "engineer", "missionsgenerated", "flightcontroller", "stationoperations", "powerplay", "searchrescue", "stationMenu", "shop", "livery", "socialspace", "bartender", "vistagenomics", "pioneersupplies", "apexinterstellar", "frontlinesolutions" ], "StationEconomy":"$economy_Military;", "StationEconomy_Localised":"Military", "StationEconomies":[ { "Name":"$economy_Military;", "Name_Localised":"Military", "Proportion":1.000000 } ], "SystemAddress":491513694563, "BodyID":3, "BodyName":"54 Ceti 2 a", "Latitude":-24.511385, "Longitude":22.682339 }
{ "timestamp":"2023-10-31T20:16:52Z", "event":"FSSSignalDiscovered", "SystemAddress":491513694563, "SignalName":"Coblentz Orbital", "SignalType":"StationONeilCylinder", "IsStation":true }
{ "timestamp":"2023-10-31T20:16:52Z", "event":"FSSSignalDiscovered", "SystemAddress":491513694563, "SignalName":"Old Willow Hacienda", "SignalType":"Installation" }
{ "timestamp":"2023-10-31T20:16:52Z", "event":"FSSSignalDiscovered", "SystemAddress":491513694563, "SignalName":"Ultimate Mobile Defence Network", "SignalType":"Installation" }
{ "timestamp":"2023-10-31T20:16:52Z", "event":"FSSSignalDiscovered", "SystemAddress":491513694563, "SignalName":"54 CETI I  Henry-class Hauler", "SignalType":"Megaship" }
{ "timestamp":"2023-10-31T20:16:52Z", "event":"FSSSignalDiscovered", "SystemAddress":491513694563, "SignalName":"HUNTER S REBOOT TLT-2HQ", "SignalType":"FleetCarrier", "IsStation":true }
{ "timestamp":"2023-10-31T20:16:52Z", "event":"FSSSignalDiscovered", "SystemAddress":491513694563, "SignalName":"$MULTIPLAYER_SCENARIO42_TITLE;", "SignalName_Localised":"Nav Beacon", "SignalType":"NavBeacon" }
{ "timestamp":"2023-10-31T20:16:52Z", "event":"FSSSignalDiscovered", "SystemAddress":491513694563, "SignalName":"Van Scyoc Port", "SignalType":"Outpost" }
{ "timestamp":"2023-10-31T20:16:52Z", "event":"FSSSignalDiscovered", "SystemAddress":491513694563, "SignalName":"Grzimek Dock", "SignalType":"Outpost" }
{ "timestamp":"2023-10-31T20:16:52Z", "event":"FSSSignalDiscovered", "SystemAddress":491513694563, "SignalName":"Norman Port", "SignalType":"Outpost" }
{ "timestamp":"2023-10-31T20:16:52Z", "event":"FSSSignalDiscovered", "SystemAddress":491513694563, "SignalName":"Sladek Gateway", "SignalType":"StationONeilCylinder", "IsStation":true }
{ "timestamp":"2023-10-31T20:16:52Z", "event":"FSSSignalDiscovered", "SystemAddress":491513694563, "SignalName":"Porges Hub", "SignalType":"Outpost" }
{ "timestamp":"2023-10-31T20:16:52Z", "event":"FSSSignalDiscovered", "SystemAddress":491513694563, "SignalName":"Fermat Ring", "SignalType":"StationONeilCylinder", "IsStation":true }
{ "timestamp":"2023-10-31T20:16:52Z", "event":"FSSSignalDiscovered", "SystemAddress":491513694563, "SignalName":"PEGASUS T9V-W8N", "SignalType":"FleetCarrier", "IsStation":true }
{ "timestamp":"2023-10-31T20:16:52Z", "event":"SupercruiseExit", "Taxi":false, "Multicrew":false, "StarSystem":"54 Ceti", "SystemAddress":491513694563, "Body":"54 Ceti 2 a", "BodyID":3, "BodyType":"Planet" }
{ "timestamp":"2023-10-31T20:16:52Z", "event":"ShipLocker", "Items":[  ], "Components":[  ], "Consumables":[  ], "Data":[  ] }
{ "timestamp":"2023-10-31T20:16:52Z", "event":"Music", "MusicTrack":"Exploration" }
{ "timestamp":"2023-10-31T20:17:01Z", "event":"Music", "MusicTrack":"NoTrack" }
{ "timestamp":"2023-10-31T20:17:06Z", "event":"ReceiveText", "From":"Binder Base", "Message":"$STATION_NoFireZone_entered;", "Message_Localised":"No fire zone entered.", "Channel":"npc" }
{ "timestamp":"2023-10-31T20:17:13Z", "event":"DockingRequested", "MarketID":3509825536, "StationName":"Binder Base", "StationType":"CraterOutpost", "LandingPads":{ "Small":4, "Medium":4, "Large":4 } }
{ "timestamp":"2023-10-31T20:17:13Z", "event":"ReceiveText", "From":"Binder Base", "Message":"$DockingChatter_Cordial;", "Message_Localised":"Welcome back, Commander.", "Channel":"npc" }
{ "timestamp":"2023-10-31T20:17:13Z", "event":"ReceiveText", "From":"Binder Base", "Message":"$STATION_docking_granted;", "Message_Localised":"Docking request granted.", "Channel":"npc" }
{ "timestamp":"2023-10-31T20:17:13Z", "event":"DockingGranted", "LandingPad":3, "MarketID":3509825536, "StationName":"Binder Base", "StationType":"CraterOutpost" }
{ "timestamp":"2023-10-31T20:17:22Z", "event":"ModuleInfo" }
{ "timestamp":"2023-10-31T20:17:27Z", "event":"Music", "MusicTrack":"DockingComputer" }
{ "timestamp":"2023-10-31T20:18:14Z", "event":"Docked", "StationName":"Binder Base", "StationType":"CraterOutpost", "Taxi":false, "Multicrew":false, "StarSystem":"54 Ceti", "SystemAddress":491513694563, "MarketID":3509825536, "StationFaction":{ "Name":"Milkyway Miners Union" }, "StationGovernment":"$government_Cooperative;", "StationGovernment_Localised":"Cooperative", "StationServices":[ "dock", "autodock", "blackmarket", "commodities", "contacts", "exploration", "missions", "outfitting", "crewlounge", "rearm", "refuel", "repair", "tuning", "engineer", "missionsgenerated", "flightcontroller", "stationoperations", "powerplay", "searchrescue", "stationMenu", "shop", "livery", "socialspace", "bartender", "vistagenomics", "pioneersupplies", "apexinterstellar", "frontlinesolutions" ], "StationEconomy":"$economy_Military;", "StationEconomy_Localised":"Military", "StationEconomies":[ { "Name":"$economy_Military;", "Name_Localised":"Military", "Proportion":1.000000 } ], "DistFromStarLS":465.900119, "LandingPads":{ "Small":4, "Medium":4, "Large":4 } }
{ "timestamp":"2023-10-31T20:18:14Z", "event":"Music", "MusicTrack":"NoTrack" }
{ "timestamp":"2023-10-31T20:18:16Z", "event":"RefuelAll", "Cost":14, "Amount":0.276717 }
{ "timestamp":"2023-10-31T20:18:27Z", "event":"MissionCompleted", "Faction":"Nationals of 64 Ceti", "Name":"Mission_PassengerBulk_name", "LocalisedName":"10 Tourists Seeking Transport", "MissionID":944450786, "DestinationSystem":"54 Ceti", "DestinationStation":"Binder Base", "Reward":70060, "FactionEffects":[ { "Faction":"United 54 Ceti Focus", "Effects":[ { "Effect":"$MISSIONUTIL_Interaction_Summary_EP_up;", "Effect_Localised":"The economic status of $#MinorFaction; has improved in the $#System; system.", "Trend":"UpGood" } ], "Influence":[ { "SystemAddress":491513694563, "Trend":"UpGood", "Influence":"+" } ], "ReputationTrend":"UpGood", "Reputation":"+" }, { "Faction":"Nationals of 64 Ceti", "Effects":[ { "Effect":"$MISSIONUTIL_Interaction_Summary_EP_up;", "Effect_Localised":"The economic status of $#MinorFaction; has improved in the $#System; system.", "Trend":"UpGood" } ], "Influence":[ { "SystemAddress":800751339875, "Trend":"UpGood", "Influence":"+" } ], "ReputationTrend":"UpGood", "Reputation":"+" } ] }
{ "timestamp":"2023-10-31T20:19:00Z", "event":"Undocked", "StationName":"Binder Base", "StationType":"CraterOutpost", "MarketID":3509825536, "Taxi":false, "Multicrew":false }
{ "timestamp":"2023-10-31T20:19:46Z", "event":"StartJump", "JumpType":"Supercruise", "Taxi":false }
{ "timestamp":"2023-10-31T20:19:50Z", "event":"ReceiveText", "From":"Binder Base", "Message":"$STATION_NoFireZone_exited;", "Message_Localised":"No fire zone exited.", "Channel":"npc" }
{ "timestamp":"2023-10-31T20:19:51Z", "event":"SupercruiseEntry", "Taxi":false, "Multicrew":false, "StarSystem":"54 Ceti", "SystemAddress":491513694563 }
{ "timestamp":"2023-10-31T20:19:51Z", "event":"ShipLocker", "Items":[  ], "Components":[  ], "Consumables":[  ], "Data":[  ] }
{ "timestamp":"2023-10-31T20:19:51Z", "event":"Music", "MusicTrack":"Supercruise" }
{ "timestamp":"2023-10-31T20:20:00Z", "event":"Music", "MusicTrack":"GalaxyMap" }
{ "timestamp":"2023-10-31T20:20:03Z", "event":"Music", "MusicTrack":"SystemMap" }
{ "timestamp":"2023-10-31T20:20:07Z", "event":"NavRoute" }
{ "timestamp":"2023-10-31T20:20:07Z", "event":"FSDTarget", "Name":"HIP 9599", "SystemAddress":908419076802, "StarClass":"K", "RemainingJumpsInRoute":2 }
{ "timestamp":"2023-10-31T20:20:09Z", "event":"Music", "MusicTrack":"GalaxyMap" }
{ "timestamp":"2023-10-31T20:20:09Z", "event":"Music", "MusicTrack":"Supercruise" }
{ "timestamp":"2023-10-31T20:20:14Z", "event":"Music", "MusicTrack":"GalaxyMap" }
{ "timestamp":"2023-10-31T20:20:19Z", "event":"FSDTarget", "Name":"64 Ceti", "SystemAddress":800751339875, "StarClass":"G", "RemainingJumpsInRoute":1 }
{ "timestamp":"2023-10-31T20:20:21Z", "event":"Music", "MusicTrack":"Supercruise" }
{ "timestamp":"2023-10-31T20:20:32Z", "event":"LeaveBody", "StarSystem":"54 Ceti", "SystemAddress":491513694563, "Body":"54 Ceti 2 a", "BodyID":3 }
{ "timestamp":"2023-10-31T20:20:50Z", "event":"ModuleInfo" }
{ "timestamp":"2023-10-31T20:20:56Z", "event":"StartJump", "JumpType":"Hyperspace", "Taxi":false, "StarSystem":"64 Ceti", "SystemAddress":800751339875, "StarClass":"G" }
{ "timestamp":"2023-10-31T20:21:01Z", "event":"ShipLocker", "Items":[  ], "Components":[  ], "Consumables":[  ], "Data":[  ] }
{ "timestamp":"2023-10-31T20:21:01Z", "event":"Music", "MusicTrack":"NoTrack" }
{ "timestamp":"2023-10-31T20:21:02Z", "event":"NavRouteClear" }
{ "timestamp":"2023-10-31T20:21:14Z", "event":"ReceiveText", "From":"", "Message":"$COMMS_entered:#name=64 Ceti;", "Message_Localised":"Entered Channel: 64 Ceti", "Channel":"npc" }
{ "timestamp":"2023-10-31T20:21:14Z", "event":"FSSSignalDiscovered", "SystemAddress":800751339875, "SignalName":"64 CETI Dionysus-class Cropper", "SignalType":"Megaship" }
{ "timestamp":"2023-10-31T20:21:14Z", "event":"FSSSignalDiscovered", "SystemAddress":800751339875, "SignalName":"PAZUTRÄGER X1H-45H", "SignalType":"FleetCarrier", "IsStation":true }
{ "timestamp":"2023-10-31T20:21:14Z", "event":"FSSSignalDiscovered", "SystemAddress":800751339875, "SignalName":"$MULTIPLAYER_SCENARIO42_TITLE;", "SignalName_Localised":"Nav Beacon", "SignalType":"NavBeacon" }
{ "timestamp":"2023-10-31T20:21:14Z", "event":"FSSSignalDiscovered", "SystemAddress":800751339875, "SignalName":"KALI K8B-36F", "SignalType":"FleetCarrier", "IsStation":true }
{ "timestamp":"2023-10-31T20:21:14Z", "event":"FSSSignalDiscovered", "SystemAddress":800751339875, "SignalName":"Death & Gravity XBV-B6J", "SignalType":"FleetCarrier", "IsStation":true }
{ "timestamp":"2023-10-31T20:21:14Z", "event":"FSSSignalDiscovered", "SystemAddress":800751339875, "SignalName":"jotnar F1N-83Z", "SignalType":"FleetCarrier", "IsStation":true }
{ "timestamp":"2023-10-31T20:21:14Z", "event":"FSSSignalDiscovered", "SystemAddress":800751339875, "SignalName":"BSG-87 PEGASUS H3K-7TB", "SignalType":"FleetCarrier", "IsStation":true }
{ "timestamp":"2023-10-31T20:21:14Z", "event":"FSSSignalDiscovered", "SystemAddress":800751339875, "SignalName":"Jensen Gateway", "SignalType":"StationBernalSphere", "IsStation":true }
{ "timestamp":"2023-10-31T20:21:14Z", "event":"FSSSignalDiscovered", "SystemAddress":800751339875, "SignalName":"Darwin Colony", "SignalType":"Installation" }
{ "timestamp":"2023-10-31T20:21:14Z", "event":"FSSSignalDiscovered", "SystemAddress":800751339875, "SignalName":"WATCHMAN KNK-28M", "SignalType":"FleetCarrier", "IsStation":true }
{ "timestamp":"2023-10-31T20:21:14Z", "event":"FSSSignalDiscovered", "SystemAddress":800751339875, "SignalName":"$MULTIPLAYER_SCENARIO14_TITLE;", "SignalName_Localised":"Resource Extraction Site", "SignalType":"ResourceExtraction" }
{ "timestamp":"2023-10-31T20:21:14Z", "event":"FSSSignalDiscovered", "SystemAddress":800751339875, "SignalName":"Avalon Mobile Security Branch", "SignalType":"Installation" }
{ "timestamp":"2023-10-31T20:21:14Z", "event":"FSSSignalDiscovered", "SystemAddress":800751339875, "SignalName":"Grand Ridge Pastures", "SignalType":"Installation" }
{ "timestamp":"2023-10-31T20:21:14Z", "event":"FSDJump", "Taxi":false, "Multicrew":false, "StarSystem":"64 Ceti", "SystemAddress":800751339875, "StarPos":[-37.06250,-100.06250,-79.12500], "SystemAllegiance":"Independent", "SystemEconomy":"$economy_Industrial;", "SystemEconomy_Localised":"Industrial", "SystemSecondEconomy":"$economy_Extraction;", "SystemSecondEconomy_Localised":"Extraction", "SystemGovernment":"$government_Corporate;", "SystemGovernment_Localised":"Corporate", "SystemSecurity":"$SYSTEM_SECURITY_medium;", "SystemSecurity_Localised":"Medium Security", "Population":5128504, "Body":"64 Ceti A", "BodyID":2, "BodyType":"Star", "JumpDist":13.878, "FuelUsed":1.797965, "FuelLevel":14.202035, "Factions":[ { "Name":"64 Ceti Independents", "FactionState":"None", "Government":"Democracy", "Influence":0.016194, "Allegiance":"Federation", "Happiness":"$Faction_HappinessBand2;", "Happiness_Localised":"Happy", "MyReputation":4.950000 }, { "Name":"Independents of HIP 9599", "FactionState":"None", "Government":"Democracy", "Influence":0.198381, "Allegiance":"Federation", "Happiness":"$Faction_HappinessBand2;", "Happiness_Localised":"Happy", "MyReputation":5.354400 }, { "Name":"Nationals of 64 Ceti", "FactionState":"None", "Government":"Dictatorship", "Influence":0.021255, "Allegiance":"Independent", "Happiness":"", "MyReputation":2.310000 }, { "Name":"Worster Insurance", "FactionState":"None", "Government":"Corporate", "Influence":0.016194, "Allegiance":"Independent", "Happiness":"$Faction_HappinessBand2;", "Happiness_Localised":"Happy", "MyReputation":4.330000 }, { "Name":"Autocracy of 64 Ceti", "FactionState":"None", "Government":"Dictatorship", "Influence":0.017206, "Allegiance":"Independent", "Happiness":"$Faction_HappinessBand2;", "Happiness_Localised":"Happy", "MyReputation":0.000000 }, { "Name":"64 Ceti Jet Dynamic PLC", "FactionState":"None", "Government":"Corporate", "Influence":0.022267, "Allegiance":"Independent", "Happiness":"$Faction_HappinessBand2;", "Happiness_Localised":"Happy", "MyReputation":1.980000 }, { "Name":"The Wild Bunch", "FactionState":"Boom", "Government":"Corporate", "Influence":0.708502, "Allegiance":"Independent", "Happiness":"$Faction_HappinessBand2;", "Happiness_Localised":"Happy", "MyReputation":16.089199, "PendingStates":[ { "State":"Expansion", "Trend":0 } ], "RecoveringStates":[ { "State":"InfrastructureFailure", "Trend":0 } ], "ActiveStates":[ { "State":"Boom" } ] } ], "SystemFaction":{ "Name":"The Wild Bunch", "FactionState":"Boom" } }
{ "timestamp":"2023-10-31T20:21:14Z", "event":"ShipLocker", "Items":[  ], "Components":[  ], "Consumables":[  ], "Data":[  ] }
{ "timestamp":"2023-10-31T20:21:14Z", "event":"Music", "MusicTrack":"Supercruise" }
{ "timestamp":"2023-10-31T20:21:54Z", "event":"FuelScoop", "Scooped":0.522147, "Total":14.724183 }
{ "timestamp":"2023-10-31T20:23:55Z", "event":"SupercruiseDestinationDrop", "Type":"Jensen Gateway", "Threat":0, "MarketID":3223182848 }
{ "timestamp":"2023-10-31T20:23:56Z", "event":"FSSSignalDiscovered", "SystemAddress":800751339875, "SignalName":"64 CETI Dionysus-class Cropper", "SignalType":"Megaship" }
{ "timestamp":"2023-10-31T20:23:56Z", "event":"FSSSignalDiscovered", "SystemAddress":800751339875, "SignalName":"PAZUTRÄGER X1H-45H", "SignalType":"FleetCarrier", "IsStation":true }
{ "timestamp":"2023-10-31T20:23:56Z", "event":"FSSSignalDiscovered", "SystemAddress":800751339875, "SignalName":"$MULTIPLAYER_SCENARIO42_TITLE;", "SignalName_Localised":"Nav Beacon", "SignalType":"NavBeacon" }
{ "timestamp":"2023-10-31T20:23:56Z", "event":"FSSSignalDiscovered", "SystemAddress":800751339875, "SignalName":"KALI K8B-36F", "SignalType":"FleetCarrier", "IsStation":true }
{ "timestamp":"2023-10-31T20:23:56Z", "event":"FSSSignalDiscovered", "SystemAddress":800751339875, "SignalName":"Death & Gravity XBV-B6J", "SignalType":"FleetCarrier", "IsStation":true }
{ "timestamp":"2023-10-31T20:23:56Z", "event":"FSSSignalDiscovered", "SystemAddress":800751339875, "SignalName":"jotnar F1N-83Z", "SignalType":"FleetCarrier", "IsStation":true }
{ "timestamp":"2023-10-31T20:23:56Z", "event":"FSSSignalDiscovered", "SystemAddress":800751339875, "SignalName":"BSG-87 PEGASUS H3K-7TB", "SignalType":"FleetCarrier", "IsStation":true }
{ "timestamp":"2023-10-31T20:23:56Z", "event":"FSSSignalDiscovered", "SystemAddress":800751339875, "SignalName":"Jensen Gateway", "SignalType":"StationBernalSphere", "IsStation":true }
{ "timestamp":"2023-10-31T20:23:56Z", "event":"FSSSignalDiscovered", "SystemAddress":800751339875, "SignalName":"Darwin Colony", "SignalType":"Installation" }
{ "timestamp":"2023-10-31T20:23:56Z", "event":"FSSSignalDiscovered", "SystemAddress":800751339875, "SignalName":"WATCHMAN KNK-28M", "SignalType":"FleetCarrier", "IsStation":true }
{ "timestamp":"2023-10-31T20:23:56Z", "event":"FSSSignalDiscovered", "SystemAddress":800751339875, "SignalName":"$MULTIPLAYER_SCENARIO14_TITLE;", "SignalName_Localised":"Resource Extraction Site", "SignalType":"ResourceExtraction" }
{ "timestamp":"2023-10-31T20:23:56Z", "event":"FSSSignalDiscovered", "SystemAddress":800751339875, "SignalName":"Avalon Mobile Security Branch", "SignalType":"Installation" }
{ "timestamp":"2023-10-31T20:23:56Z", "event":"FSSSignalDiscovered", "SystemAddress":800751339875, "SignalName":"Grand Ridge Pastures", "SignalType":"Installation" }
{ "timestamp":"2023-10-31T20:23:56Z", "event":"SupercruiseExit", "Taxi":false, "Multicrew":false, "StarSystem":"64 Ceti", "SystemAddress":800751339875, "Body":"Jensen Gateway", "BodyID":26, "BodyType":"Station" }
{ "timestamp":"2023-10-31T20:23:56Z", "event":"ShipLocker", "Items":[  ], "Components":[  ], "Consumables":[  ], "Data":[  ] }
{ "timestamp":"2023-10-31T20:23:56Z", "event":"Music", "MusicTrack":"DestinationFromSupercruise" }
{ "timestamp":"2023-10-31T20:24:01Z", "event":"Music", "MusicTrack":"NoTrack" }
{ "timestamp":"2023-10-31T20:24:04Z", "event":"ReceiveText", "From":"Jensen Gateway", "Message":"$STATION_NoFireZone_entered;", "Message_Localised":"No fire zone entered.", "Channel":"npc" }
{ "timestamp":"2023-10-31T20:24:08Z", "event":"DockingRequested", "MarketID":3223182848, "StationName":"Jensen Gateway", "StationType":"Ocellus", "LandingPads":{ "Small":17, "Medium":18, "Large":9 } }
{ "timestamp":"2023-10-31T20:24:08Z", "event":"ReceiveText", "From":"Jensen Gateway", "Message":"$DockingChatter_Cordial;", "Message_Localised":"Welcome back, Commander.", "Channel":"npc" }
{ "timestamp":"2023-10-31T20:24:08Z", "event":"ReceiveText", "From":"Jensen Gateway", "Message":"$STATION_docking_granted;", "Message_Localised":"Docking request granted.", "Channel":"npc" }
{ "timestamp":"2023-10-31T20:24:08Z", "event":"DockingGranted", "LandingPad":21, "MarketID":3223182848, "StationName":"Jensen Gateway", "StationType":"Ocellus" }
{ "timestamp":"2023-10-31T20:25:09Z", "event":"Scanned", "ScanType":"Cargo" }
{ "timestamp":"2023-10-31T20:25:09Z", "event":"ReceiveText", "From":"$ShipName_Police_Independent;", "From_Localised":"System Authority Vessel", "Message":"$Police_ThankYouPassedStopAndSearch02;", "Message_Localised":"You're clean. Proceed, pilot.", "Channel":"npc" }
{ "timestamp":"2023-10-31T20:25:14Z", "event":"ShipTargeted", "TargetLocked":true, "Ship":"dolphin", "ScanStage":0 }
{ "timestamp":"2023-10-31T20:25:15Z", "event":"ShipTargeted", "TargetLocked":true, "Ship":"dolphin", "ScanStage":1, "PilotName":"$npc_name_decorate:#name=Dante Alighieri;", "PilotName_Localised":"Dante Alighieri", "PilotRank":"Mostly Harmless" }
{ "timestamp":"2023-10-31T20:25:17Z", "event":"ShipTargeted", "TargetLocked":true, "Ship":"dolphin", "ScanStage":2, "PilotName":"$npc_name_decorate:#name=Dante Alighieri;", "PilotName_Localised":"Dante Alighieri", "PilotRank":"Mostly Harmless", "ShieldHealth":100.000000, "HullHealth":100.000000 }
{ "timestamp":"2023-10-31T20:25:19Z", "event":"ShipTargeted", "TargetLocked":true, "Ship":"dolphin", "ScanStage":3, "PilotName":"$npc_name_decorate:#name=Dante Alighieri;", "PilotName_Localised":"Dante Alighieri", "PilotRank":"Mostly Harmless", "ShieldHealth":100.000000, "HullHealth":100.000000, "Faction":"Independents of HIP 9599", "LegalStatus":"Clean" }
{ "timestamp":"2023-10-31T20:25:24Z", "event":"ShipTargeted", "TargetLocked":false }
{ "timestamp":"2023-10-31T20:25:39Z", "event":"Music", "MusicTrack":"Starport" }
{ "timestamp":"2023-10-31T20:26:11Z", "event":"Docked", "StationName":"Jensen Gateway", "StationType":"Ocellus", "Taxi":false, "Multicrew":false, "StarSystem":"64 Ceti", "SystemAddress":800751339875, "MarketID":3223182848, "StationFaction":{ "Name":"The Wild Bunch", "FactionState":"Boom" }, "StationGovernment":"$government_Corporate;", "StationGovernment_Localised":"Corporate", "StationServices":[ "dock", "autodock", "commodities", "contacts", "exploration", "missions", "outfitting", "crewlounge", "rearm", "refuel", "repair", "shipyard", "tuning", "engineer", "missionsgenerated", "flightcontroller", "stationoperations", "powerplay", "searchrescue", "materialtrader", "stationMenu", "shop", "livery", "socialspace", "bartender", "vistagenomics", "pioneersupplies", "apexinterstellar", "frontlinesolutions" ], "StationEconomy":"$economy_Industrial;", "StationEconomy_Localised":"Industrial", "StationEconomies":[ { "Name":"$economy_Industrial;", "Name_Localised":"Industrial", "Proportion":0.770000 }, { "Name":"$economy_Extraction;", "Name_Localised":"Extraction", "Proportion":0.230000 } ], "DistFromStarLS":456.092944, "LandingPads":{ "Small":17, "Medium":18, "Large":9 } }
{ "timestamp":"2023-10-31T20:26:13Z", "event":"RefuelAll", "Cost":71, "Amount":1.401627 }
{ "timestamp":"2023-10-31T20:26:21Z", "event":"Shipyard", "MarketID":3223182848, "StationName":"Jensen Gateway", "StarSystem":"64 Ceti" }
{ "timestamp":"2023-10-31T20:26:21Z", "event":"StoredShips", "StationName":"Jensen Gateway", "MarketID":3223182848, "StarSystem":"64 Ceti", "ShipsHere":[ { "ShipID":4, "ShipType":"empire_eagle", "ShipType_Localised":"Imperial Eagle", "Value":173092, "Hot":false } ], "ShipsRemote":[  ] }
{ "timestamp":"2023-10-31T20:26:38Z", "event":"ShipyardSell", "ShipType":"empire_eagle", "ShipType_Localised":"Imperial Eagle", "SellShipID":4, "ShipPrice":173092, "MarketID":3223182848 }
{ "timestamp":"2023-10-31T20:26:38Z", "event":"StoredShips", "StationName":"Jensen Gateway", "MarketID":3223182848, "StarSystem":"64 Ceti", "ShipsHere":[  ], "ShipsRemote":[  ] }
{ "timestamp":"2023-10-31T20:27:11Z", "event":"Market", "MarketID":3223182848, "StationName":"Jensen Gateway", "StationType":"Bernal", "StarSystem":"64 Ceti" }
{ "timestamp":"2023-10-31T20:27:58Z", "event":"Music", "MusicTrack":"GalaxyMap" }
{ "timestamp":"2023-10-31T20:28:02Z", "event":"Music", "MusicTrack":"SystemMap" }
{ "timestamp":"2023-10-31T20:28:05Z", "event":"Music", "MusicTrack":"GalaxyMap" }
{ "timestamp":"2023-10-31T20:28:46Z", "event":"Music", "MusicTrack":"Starport" }
{ "timestamp":"2023-10-31T20:28:54Z", "event":"Market", "MarketID":3223182848, "StationName":"Jensen Gateway", "StationType":"Bernal", "StarSystem":"64 Ceti" }
{ "timestamp":"2023-10-31T20:29:15Z", "event":"Outfitting", "MarketID":3223182848, "StationName":"Jensen Gateway", "StarSystem":"64 Ceti" }
{ "timestamp":"2023-10-31T20:29:15Z", "event":"StoredModules", "MarketID":3223182848, "StationName":"Jensen Gateway", "StarSystem":"64 Ceti", "Items":[ { "Name":"$int_cargorack_size3_class1_name;", "Name_Localised":"Cargo Rack", "StorageSlot":199, "StarSystem":"64 Ceti", "MarketID":3223182848, "TransferCost":0, "TransferTime":0, "BuyPrice":8978, "Hot":false }, { "Name":"$int_cargorack_size3_class1_name;", "Name_Localised":"Cargo Rack", "StorageSlot":198, "StarSystem":"64 Ceti", "MarketID":3223182848, "TransferCost":0, "TransferTime":0, "BuyPrice":8978, "Hot":false }, { "Name":"$int_hyperdrive_size3_class1_name;", "Name_Localised":"FSD", "StorageSlot":200, "StarSystem":"Kutnigi", "MarketID":3223289600, "TransferCost":111, "TransferTime":624, "BuyPrice":5330, "Hot":false }, { "Name":"$int_buggybay_size2_class2_name;", "Name_Localised":"Planetary Vehicle Hangar", "StorageSlot":196, "StarSystem":"64 Ceti", "MarketID":3223182848, "TransferCost":0, "TransferTime":0, "BuyPrice":18360, "Hot":true }, { "Name":"$int_dronecontrol_repair_size1_class3_name;", "Name_Localised":"Repair", "StorageSlot":194, "StarSystem":"64 Ceti", "MarketID":3223182848, "TransferCost":0, "TransferTime":0, "BuyPrice":2040, "Hot":true }, { "Name":"$int_fsdinterdictor_size1_class1_name;", "Name_Localised":"FSD Interdictor", "StorageSlot":195, "StarSystem":"64 Ceti", "MarketID":3223182848, "TransferCost":0, "TransferTime":0, "BuyPrice":10200, "Hot":true } ] }
{ "timestamp":"2023-10-31T20:29:19Z", "event":"ModuleSell", "MarketID":3223182848, "Slot":"MediumHardpoint2", "SellItem":"$hpt_pulselaserburst_turret_medium_name;", "SellItem_Localised":"Burst Laser", "SellPrice":138380, "Ship":"cobramkiii", "ShipID":3 }
{ "timestamp":"2023-10-31T20:29:27Z", "event":"ModuleSell", "MarketID":3223182848, "Slot":"MediumHardpoint1", "SellItem":"$hpt_multicannon_turret_small_name;", "SellItem_Localised":"Multi-Cannon", "SellPrice":69360, "Ship":"cobramkiii", "ShipID":3 }
{ "timestamp":"2023-10-31T20:29:37Z", "event":"ModuleSell", "MarketID":3223182848, "Slot":"TinyHardpoint2", "SellItem":"$hpt_cloudscanner_size0_class1_name;", "SellItem_Localised":"Wake Scanner", "SellPrice":11513, "Ship":"cobramkiii", "ShipID":3 }
{ "timestamp":"2023-10-31T20:29:45Z", "event":"ModuleSell", "MarketID":3223182848, "Slot":"Slot02_Size4", "SellItem":"$int_passengercabin_size4_class1_name;", "SellItem_Localised":"EC Passenger Cabin", "SellPrice":16111, "Ship":"cobramkiii", "ShipID":3 }
{ "timestamp":"2023-10-31T20:29:54Z", "event":"ModuleSellRemote", "StorageSlot":194, "SellItem":"$int_dronecontrol_repair_size1_class3_name;", "SellItem_Localised":"Repair", "ServerId":128777329, "SellPrice":2040, "Ship":"cobramkiii", "ShipID":3 }
{ "timestamp":"2023-10-31T20:29:54Z", "event":"StoredModules", "MarketID":3223182848, "StationName":"Jensen Gateway", "StarSystem":"64 Ceti", "Items":[ { "Name":"$int_cargorack_size3_class1_name;", "Name_Localised":"Cargo Rack", "StorageSlot":199, "StarSystem":"64 Ceti", "MarketID":3223182848, "TransferCost":0, "TransferTime":0, "BuyPrice":8978, "Hot":false }, { "Name":"$int_cargorack_size3_class1_name;", "Name_Localised":"Cargo Rack", "StorageSlot":198, "StarSystem":"64 Ceti", "MarketID":3223182848, "TransferCost":0, "TransferTime":0, "BuyPrice":8978, "Hot":false }, { "Name":"$int_hyperdrive_size3_class1_name;", "Name_Localised":"FSD", "StorageSlot":200, "StarSystem":"Kutnigi", "MarketID":3223289600, "TransferCost":111, "TransferTime":624, "BuyPrice":5330, "Hot":false }, { "Name":"$int_buggybay_size2_class2_name;", "Name_Localised":"Planetary Vehicle Hangar", "StorageSlot":196, "StarSystem":"64 Ceti", "MarketID":3223182848, "TransferCost":0, "TransferTime":0, "BuyPrice":18360, "Hot":true }, { "Name":"$int_fsdinterdictor_size1_class1_name;", "Name_Localised":"FSD Interdictor", "StorageSlot":195, "StarSystem":"64 Ceti", "MarketID":3223182848, "TransferCost":0, "TransferTime":0, "BuyPrice":10200, "Hot":true } ] }
{ "timestamp":"2023-10-31T20:29:59Z", "event":"ModuleSellRemote", "StorageSlot":198, "SellItem":"$int_cargorack_size3_class1_name;", "SellItem_Localised":"Cargo Rack", "ServerId":128064340, "SellPrice":8978, "Ship":"cobramkiii", "ShipID":3 }
{ "timestamp":"2023-10-31T20:30:00Z", "event":"StoredModules", "MarketID":3223182848, "StationName":"Jensen Gateway", "StarSystem":"64 Ceti", "Items":[ { "Name":"$int_cargorack_size3_class1_name;", "Name_Localised":"Cargo Rack", "StorageSlot":199, "StarSystem":"64 Ceti", "MarketID":3223182848, "TransferCost":0, "TransferTime":0, "BuyPrice":8978, "Hot":false }, { "Name":"$int_hyperdrive_size3_class1_name;", "Name_Localised":"FSD", "StorageSlot":200, "StarSystem":"Kutnigi", "MarketID":3223289600, "TransferCost":111, "TransferTime":624, "BuyPrice":5330, "Hot":false }, { "Name":"$int_buggybay_size2_class2_name;", "Name_Localised":"Planetary Vehicle Hangar", "StorageSlot":196, "StarSystem":"64 Ceti", "MarketID":3223182848, "TransferCost":0, "TransferTime":0, "BuyPrice":18360, "Hot":true }, { "Name":"$int_fsdinterdictor_size1_class1_name;", "Name_Localised":"FSD Interdictor", "StorageSlot":195, "StarSystem":"64 Ceti", "MarketID":3223182848, "TransferCost":0, "TransferTime":0, "BuyPrice":10200, "Hot":true } ] }
{ "timestamp":"2023-10-31T20:30:02Z", "event":"ModuleSellRemote", "StorageSlot":199, "SellItem":"$int_cargorack_size3_class1_name;", "SellItem_Localised":"Cargo Rack", "ServerId":128064340, "SellPrice":8978, "Ship":"cobramkiii", "ShipID":3 }
{ "timestamp":"2023-10-31T20:30:02Z", "event":"StoredModules", "MarketID":3223182848, "StationName":"Jensen Gateway", "StarSystem":"64 Ceti", "Items":[ { "Name":"$int_hyperdrive_size3_class1_name;", "Name_Localised":"FSD", "StorageSlot":200, "StarSystem":"Kutnigi", "MarketID":3223289600, "TransferCost":111, "TransferTime":624, "BuyPrice":5330, "Hot":false }, { "Name":"$int_buggybay_size2_class2_name;", "Name_Localised":"Planetary Vehicle Hangar", "StorageSlot":196, "StarSystem":"64 Ceti", "MarketID":3223182848, "TransferCost":0, "TransferTime":0, "BuyPrice":18360, "Hot":true }, { "Name":"$int_fsdinterdictor_size1_class1_name;", "Name_Localised":"FSD Interdictor", "StorageSlot":195, "StarSystem":"64 Ceti", "MarketID":3223182848, "TransferCost":0, "TransferTime":0, "BuyPrice":10200, "Hot":true } ] }
{ "timestamp":"2023-10-31T20:30:07Z", "event":"ModuleSellRemote", "StorageSlot":200, "SellItem":"$int_hyperdrive_size3_class1_name;", "SellItem_Localised":"FSD", "ServerId":128064108, "SellPrice":5330, "Ship":"cobramkiii", "ShipID":3 }
{ "timestamp":"2023-10-31T20:30:07Z", "event":"StoredModules", "MarketID":3223182848, "StationName":"Jensen Gateway", "StarSystem":"64 Ceti", "Items":[ { "Name":"$int_buggybay_size2_class2_name;", "Name_Localised":"Planetary Vehicle Hangar", "StorageSlot":196, "StarSystem":"64 Ceti", "MarketID":3223182848, "TransferCost":0, "TransferTime":0, "BuyPrice":18360, "Hot":true }, { "Name":"$int_fsdinterdictor_size1_class1_name;", "Name_Localised":"FSD Interdictor", "StorageSlot":195, "StarSystem":"64 Ceti", "MarketID":3223182848, "TransferCost":0, "TransferTime":0, "BuyPrice":10200, "Hot":true } ] }
{ "timestamp":"2023-10-31T20:30:17Z", "event":"ModuleSellRemote", "StorageSlot":195, "SellItem":"$int_fsdinterdictor_size1_class1_name;", "SellItem_Localised":"FSD Interdictor", "ServerId":128666704, "SellPrice":10200, "Ship":"cobramkiii", "ShipID":3 }
{ "timestamp":"2023-10-31T20:30:17Z", "event":"StoredModules", "MarketID":3223182848, "StationName":"Jensen Gateway", "StarSystem":"64 Ceti", "Items":[ { "Name":"$int_buggybay_size2_class2_name;", "Name_Localised":"Planetary Vehicle Hangar", "StorageSlot":196, "StarSystem":"64 Ceti", "MarketID":3223182848, "TransferCost":0, "TransferTime":0, "BuyPrice":18360, "Hot":true } ] }
{ "timestamp":"2023-10-31T20:30:23Z", "event":"ModuleSellRemote", "StorageSlot":196, "SellItem":"$int_buggybay_size2_class2_name;", "SellItem_Localised":"Planetary Vehicle Hangar", "ServerId":128672289, "SellPrice":18360, "Ship":"cobramkiii", "ShipID":3 }
{ "timestamp":"2023-10-31T20:30:23Z", "event":"StoredModules", "MarketID":3223182848, "StationName":"Jensen Gateway", "StarSystem":"64 Ceti", "Items":[  ] }
{ "timestamp":"2023-10-31T20:30:29Z", "event":"Loadout", "Ship":"cobramkiii", "ShipID":3, "ShipName":"NICEYFLY MK.III", "ShipIdent":"N3CEY", "HullValue":157888, "ModulesValue":496749, "HullHealth":1.000000, "Hot":true, "UnladenMass":232.300003, "CargoCapacity":0, "MaxJumpRange":16.477009, "FuelCapacity":{ "Main":16.000000, "Reserve":0.490000 }, "Rebuy":32732, "Modules":[ { "Slot":"SmallHardpoint2", "Item":"hpt_cannon_fixed_small", "On":true, "Priority":3, "AmmoInClip":6, "AmmoInHopper":120, "Health":1.000000, "Value":17935 }, { "Slot":"TinyHardpoint1", "Item":"hpt_heatsinklauncher_turret_tiny", "On":true, "Priority":1, "AmmoInClip":1, "AmmoInHopper":2, "Health":1.000000, "Value":2975 }, { "Slot":"PaintJob", "Item":"paintjob_cobramkiii_25thanniversary_01", "On":true, "Priority":1, "Health":1.000000 }, { "Slot":"Armour", "Item":"cobramkiii_armour_grade1", "On":true, "Priority":1, "Health":1.000000 }, { "Slot":"PowerPlant", "Item":"int_powerplant_size4_class3", "On":true, "Priority":1, "Health":1.000000, "Value":136117 }, { "Slot":"MainEngines", "Item":"int_engine_size4_class2", "On":true, "Priority":0, "Health":1.000000, "Value":50689 }, { "Slot":"FrameShiftDrive", "Item":"int_hyperdrive_size4_class3", "On":true, "Priority":0, "Health":1.000000, "Value":152064 }, { "Slot":"LifeSupport", "Item":"int_lifesupport_size3_class1", "On":true, "Priority":0, "Health":1.000000, "Value":3445 }, { "Slot":"PowerDistributor", "Item":"int_powerdistributor_size3_class3", "On":true, "Priority":0, "Health":1.000000, "Value":21534 }, { "Slot":"Radar", "Item":"int_sensors_size3_class1", "On":true, "Priority":2, "Health":1.000000, "Value":3445 }, { "Slot":"FuelTank", "Item":"int_fueltank_size4_class3", "On":true, "Priority":1, "Health":1.000000, "Value":21023 }, { "Slot":"Slot01_Size4", "Item":"int_passengercabin_size4_class1", "On":true, "Priority":1, "Health":1.000000, "Value":16111 }, { "Slot":"Slot03_Size4", "Item":"int_shieldgenerator_size3_class3", "On":true, "Priority":0, "Health":1.000000, "Value":47970 }, { "Slot":"Slot05_Size2", "Item":"int_fuelscoop_size2_class2", "On":true, "Priority":1, "Health":1.000000, "Value":3784 }, { "Slot":"Slot07_Size1", "Item":"int_supercruiseassist", "On":true, "Priority":2, "Health":1.000000, "Value":7752 }, { "Slot":"Slot08_Size1", "Item":"int_dockingcomputer_advanced", "On":true, "Priority":1, "Health":1.000000, "Value":11480 }, { "Slot":"PlanetaryApproachSuite", "Item":"int_planetapproachsuite_advanced", "On":true, "Priority":1, "Health":1.000000, "Value":425 }, { "Slot":"VesselVoice", "Item":"voicepack_victor", "On":true, "Priority":1, "Health":1.000000 }, { "Slot":"ShipCockpit", "Item":"cobramkiii_cockpit", "On":true, "Priority":1, "Health":1.000000 }, { "Slot":"CargoHatch", "Item":"modularcargobaydoor", "On":true, "Priority":3, "Health":1.000000 } ] }
{ "timestamp":"2023-10-31T20:30:31Z", "event":"Shipyard", "MarketID":3223182848, "StationName":"Jensen Gateway", "StarSystem":"64 Ceti" }
{ "timestamp":"2023-10-31T20:30:31Z", "event":"StoredShips", "StationName":"Jensen Gateway", "MarketID":3223182848, "StarSystem":"64 Ceti", "ShipsHere":[  ], "ShipsRemote":[  ] }
{ "timestamp":"2023-10-31T20:31:28Z", "event":"Market", "MarketID":3223182848, "StationName":"Jensen Gateway", "StationType":"Bernal", "StarSystem":"64 Ceti" }
{ "timestamp":"2023-10-31T20:31:42Z", "event":"Music", "MusicTrack":"GalaxyMap" }
{ "timestamp":"2023-10-31T20:33:18Z", "event":"Music", "MusicTrack":"Starport" }
{ "timestamp":"2023-10-31T20:33:35Z", "event":"ModuleInfo" }
{ "timestamp":"2023-10-31T20:33:49Z", "event":"Music", "MusicTrack":"Exploration" }
{ "timestamp":"2023-10-31T20:33:52Z", "event":"Shutdown" }
