{ "timestamp":"2023-10-26T09:45:47Z", "event":"Fileheader", "part":1, "language":"English/UK", "Odyssey":true, "gameversion":"4.0.0.1700", "build":"r297330/r0 " }
{ "timestamp":"2023-10-26T09:47:13Z", "event":"Commander", "FID":"F10668416", "Name":"NICEYGY" }
{ "timestamp":"2023-10-26T09:47:13Z", "event":"Materials", "Raw":[  ], "Manufactured":[  ], "Encoded":[ { "Name":"shielddensityreports", "Name_Localised":"Untypical Shield Scans", "Count":6 }, { "Name":"shieldsoakanalysis", "Name_Localised":"Inconsistent Shield Soak Analysis", "Count":3 }, { "Name":"shieldpatternanalysis", "Name_Localised":"Aberrant Shield Pattern Analysis", "Count":3 }, { "Name":"bulkscandata", "Name_Localised":"Anomalous Bulk Scan Data", "Count":3 }, { "Name":"shieldcyclerecordings", "Name_Localised":"Distorted Shield Cycle Recordings", "Count":3 } ] }
{ "timestamp":"2023-10-26T09:47:13Z", "event":"Rank", "Combat":0, "Trade":2, "Explore":2, "Soldier":0, "Exobiologist":0, "Empire":0, "Federation":0, "CQC":0 }
{ "timestamp":"2023-10-26T09:47:13Z", "event":"Progress", "Combat":16, "Trade":48, "Explore":1, "Soldier":0, "Exobiologist":0, "Empire":0, "Federation":44, "CQC":0 }
{ "timestamp":"2023-10-26T09:47:13Z", "event":"Reputation", "Empire":0.000000, "Federation":2.646220, "Independent":0.000000, "Alliance":0.000000 }
{ "timestamp":"2023-10-26T09:47:13Z", "event":"EngineerProgress", "Engineers":[ { "Engineer":"Felicity Farseer", "EngineerID":300100, "Progress":"Invited" }, { "Engineer":"Liz Ryder", "EngineerID":300080, "Progress":"Known" }, { "Engineer":"The Dweller", "EngineerID":300180, "Progress":"Known" }, { "Engineer":"Elvira Martuuk", "EngineerID":300160, "Progress":"Known" }, { "Engineer":"Tod 'The Blaster' McQuinn", "EngineerID":300260, "Progress":"Known" } ] }
{ "timestamp":"2023-10-26T09:47:14Z", "event":"LoadGame", "FID":"F10668416", "Commander":"NICEYGY", "Horizons":true, "Odyssey":false, "Ship":"CobraMkIII", "Ship_Localised":"Cobra Mk III", "ShipID":3, "ShipName":"NICEYFLY MK.III", "ShipIdent":"N3CEY", "FuelLevel":16.000000, "FuelCapacity":16.000000, "GameMode":"Open", "Credits":375811, "Loan":0, "language":"English/UK", "gameversion":"4.0.0.1700", "build":"r297330/r0 " }
{ "timestamp":"2023-10-26T09:47:18Z", "event":"Statistics", "Bank_Account":{ "Current_Wealth":1813437, "Spent_On_Ships":906390, "Spent_On_Outfitting":802330, "Spent_On_Repairs":1603, "Spent_On_Fuel":3283, "Spent_On_Ammo_Consumables":465, "Insurance_Claims":1, "Spent_On_Insurance":7321, "Owned_Ship_Count":2 }, "Combat":{ "Bounties_Claimed":3, "Bounty_Hunting_Profit":1018367, "Combat_Bonds":0, "Combat_Bond_Profits":0, "Assassinations":0, "Assassination_Profits":0, "Highest_Single_Reward":686995, "Skimmers_Killed":0 }, "Crime":{ "Notoriety":0, "Fines":1, "Total_Fines":70778, "Bounties_Received":0, "Total_Bounties":0, "Highest_Bounty":0 }, "Smuggling":{ "Black_Markets_Traded_With":0, "Black_Markets_Profits":0, "Resources_Smuggled":0, "Average_Profit":0, "Highest_Single_Transaction":0 }, "Trading":{ "Markets_Traded_With":4, "Market_Profits":34436, "Resources_Traded":85, "Average_Profit":5739.3333333333, "Highest_Single_Transaction":11680 }, "Mining":{ "Mining_Profits":0, "Quantity_Mined":0, "Materials_Collected":18 }, "Exploration":{ "Systems_Visited":66, "Exploration_Profits":349344, "Planets_Scanned_To_Level_2":106, "Planets_Scanned_To_Level_3":106, "Efficient_Scans":0, "Highest_Payout":63761, "Total_Hyperspace_Distance":666, "Total_Hyperspace_Jumps":108, "Greatest_Distance_From_Start":170.6651538146, "Time_Played":72060 }, "Passengers":{ "Passengers_Missions_Bulk":0, "Passengers_Missions_VIP":0, "Passengers_Missions_Delivered":0, "Passengers_Missions_Ejected":0 }, "Search_And_Rescue":{ "SearchRescue_Traded":0, "SearchRescue_Profit":0, "SearchRescue_Count":0 }, "Crafting":{ "Count_Of_Used_Engineers":0, "Recipes_Generated":0, "Recipes_Generated_Rank_1":0, "Recipes_Generated_Rank_2":0, "Recipes_Generated_Rank_3":0, "Recipes_Generated_Rank_4":0, "Recipes_Generated_Rank_5":0 }, "Crew":{ "NpcCrew_TotalWages":0, "NpcCrew_Hired":0, "NpcCrew_Fired":0, "NpcCrew_Died":0 }, "Multicrew":{ "Multicrew_Time_Total":1913, "Multicrew_Gunner_Time_Total":0, "Multicrew_Fighter_Time_Total":0, "Multicrew_Credits_Total":0, "Multicrew_Fines_Total":0 }, "Material_Trader_Stats":{ "Trades_Completed":0, "Materials_Traded":0 } }
{ "timestamp":"2023-10-26T09:47:28Z", "event":"ReceiveText", "From":"", "Message":"$COMMS_entered:#name=64 Ceti;", "Message_Localised":"Entered Channel: 64 Ceti", "Channel":"npc" }
{ "timestamp":"2023-10-26T09:47:28Z", "event":"Location", "DistFromStarLS":496.818525, "Docked":true, "StationName":"Jensen Gateway", "StationType":"Bernal", "MarketID":3223182848, "StationFaction":{ "Name":"The Wild Bunch", "FactionState":"Boom" }, "StationGovernment":"$government_Corporate;", "StationGovernment_Localised":"Corporate", "StationServices":[ "dock", "autodock", "commodities", "contacts", "exploration", "missions", "outfitting", "crewlounge", "rearm", "refuel", "repair", "shipyard", "tuning", "engineer", "missionsgenerated", "flightcontroller", "stationoperations", "powerplay", "searchrescue", "materialtrader", "stationMenu", "shop", "livery", "socialspace", "bartender", "vistagenomics", "pioneersupplies", "apexinterstellar", "frontlinesolutions" ], "StationEconomy":"$economy_Industrial;", "StationEconomy_Localised":"Industrial", "StationEconomies":[ { "Name":"$economy_Industrial;", "Name_Localised":"Industrial", "Proportion":0.770000 }, { "Name":"$economy_Extraction;", "Name_Localised":"Extraction", "Proportion":0.230000 } ], "Taxi":false, "Multicrew":false, "StarSystem":"64 Ceti", "SystemAddress":800751339875, "StarPos":[-37.06250,-100.06250,-79.12500], "SystemAllegiance":"Independent", "SystemEconomy":"$economy_Industrial;", "SystemEconomy_Localised":"Industrial", "SystemSecondEconomy":"$economy_Extraction;", "SystemSecondEconomy_Localised":"Extraction", "SystemGovernment":"$government_Corporate;", "SystemGovernment_Localised":"Corporate", "SystemSecurity":"$SYSTEM_SECURITY_medium;", "SystemSecurity_Localised":"Medium Security", "Population":5128504, "Body":"Jensen Gateway", "BodyID":26, "BodyType":"Station", "Factions":[ { "Name":"64 Ceti Independents", "FactionState":"None", "Government":"Democracy", "Influence":0.044580, "Allegiance":"Federation", "Happiness":"$Faction_HappinessBand2;", "Happiness_Localised":"Happy", "MyReputation":0.990000 }, { "Name":"Independents of HIP 9599", "FactionState":"None", "Government":"Democracy", "Influence":0.161094, "Allegiance":"Federation", "Happiness":"$Faction_HappinessBand2;", "Happiness_Localised":"Happy", "MyReputation":3.044400 }, { "Name":"Nationals of 64 Ceti", "FactionState":"None", "Government":"Dictatorship", "Influence":0.021277, "Allegiance":"Independent", "Happiness":"$Faction_HappinessBand2;", "Happiness_Localised":"Happy", "MyReputation":0.000000 }, { "Name":"Worster Insurance", "FactionState":"None", "Government":"Corporate", "Influence":0.026342, "Allegiance":"Independent", "Happiness":"$Faction_HappinessBand2;", "Happiness_Localised":"Happy", "MyReputation":3.010000 }, { "Name":"Autocracy of 64 Ceti", "FactionState":"None", "Government":"Dictatorship", "Influence":0.037487, "Allegiance":"Independent", "Happiness":"$Faction_HappinessBand2;", "Happiness_Localised":"Happy", "MyReputation":0.000000 }, { "Name":"64 Ceti Jet Dynamic PLC", "FactionState":"None", "Government":"Corporate", "Influence":0.045593, "Allegiance":"Independent", "Happiness":"$Faction_HappinessBand2;", "Happiness_Localised":"Happy", "MyReputation":0.000000 }, { "Name":"The Wild Bunch", "FactionState":"Boom", "Government":"Corporate", "Influence":0.663627, "Allegiance":"Independent", "Happiness":"$Faction_HappinessBand2;", "Happiness_Localised":"Happy", "MyReputation":6.866190, "RecoveringStates":[ { "State":"InfrastructureFailure", "Trend":0 } ], "ActiveStates":[ { "State":"Boom" } ] } ], "SystemFaction":{ "Name":"The Wild Bunch", "FactionState":"Boom" } }
{ "timestamp":"2023-10-26T09:47:28Z", "event":"Music", "MusicTrack":"NoTrack" }
{ "timestamp":"2023-10-26T09:47:28Z", "event":"ShipLocker", "Items":[  ], "Components":[  ], "Consumables":[  ], "Data":[  ] }
{ "timestamp":"2023-10-26T09:47:28Z", "event":"Missions", "Active":[  ], "Failed":[  ], "Complete":[  ] }
{ "timestamp":"2023-10-26T09:47:28Z", "event":"Loadout", "Ship":"cobramkiii", "ShipID":3, "ShipName":"NICEYFLY MK.III", "ShipIdent":"N3CEY", "HullValue":157888, "ModulesValue":336104, "HullHealth":1.000000, "UnladenMass":222.600006, "CargoCapacity":0, "MaxJumpRange":14.039403, "FuelCapacity":{ "Main":16.000000, "Reserve":0.490000 }, "Rebuy":24700, "Modules":[ { "Slot":"MediumHardpoint1", "Item":"hpt_pulselaser_fixed_small", "On":true, "Priority":3, "Health":1.000000, "Value":1870 }, { "Slot":"MediumHardpoint2", "Item":"hpt_pulselaser_fixed_small", "On":true, "Priority":3, "Health":1.000000, "Value":1870 }, { "Slot":"SmallHardpoint1", "Item":"hpt_cannon_fixed_small", "On":true, "Priority":3, "AmmoInClip":6, "AmmoInHopper":120, "Health":1.000000, "Value":17935 }, { "Slot":"SmallHardpoint2", "Item":"hpt_cannon_fixed_small", "On":true, "Priority":3, "AmmoInClip":6, "AmmoInHopper":120, "Health":1.000000, "Value":17935 }, { "Slot":"TinyHardpoint1", "Item":"hpt_heatsinklauncher_turret_tiny", "On":true, "Priority":1, "AmmoInClip":1, "AmmoInHopper":2, "Health":1.000000, "Value":2975 }, { "Slot":"TinyHardpoint2", "Item":"hpt_cloudscanner_size0_class1", "On":true, "Priority":3, "Health":1.000000, "Value":11513 }, { "Slot":"PaintJob", "Item":"paintjob_cobramkiii_25thanniversary_01", "On":true, "Priority":1, "Health":1.000000 }, { "Slot":"Armour", "Item":"cobramkiii_armour_grade1", "On":true, "Priority":1, "Health":1.000000 }, { "Slot":"PowerPlant", "Item":"int_powerplant_size4_class2", "On":true, "Priority":1, "Health":1.000000, "Value":45373 }, { "Slot":"MainEngines", "Item":"int_engine_size4_class2", "On":true, "Priority":0, "Health":1.000000, "Value":50689 }, { "Slot":"FrameShiftDrive", "Item":"int_hyperdrive_size4_class2", "On":true, "Priority":0, "Health":1.000000, "Value":50689 }, { "Slot":"LifeSupport", "Item":"int_lifesupport_size3_class1", "On":true, "Priority":0, "Health":1.000000, "Value":3445 }, { "Slot":"PowerDistributor", "Item":"int_powerdistributor_size3_class1", "On":true, "Priority":0, "Health":1.000000, "Value":3445 }, { "Slot":"Radar", "Item":"int_sensors_size3_class1", "On":true, "Priority":2, "Health":1.000000, "Value":3445 }, { "Slot":"FuelTank", "Item":"int_fueltank_size4_class3", "On":true, "Priority":1, "Health":1.000000, "Value":21023 }, { "Slot":"Slot03_Size4", "Item":"int_shieldgenerator_size3_class3_fast", "On":true, "Priority":1, "Health":1.000000, "Value":71956 }, { "Slot":"Slot05_Size2", "Item":"int_fuelscoop_size2_class2", "On":true, "Priority":1, "Health":1.000000, "Value":3784 }, { "Slot":"Slot06_Size2", "Item":"int_repairer_size1_class1", "On":true, "Priority":1, "Health":1.000000, "Value":8500 }, { "Slot":"Slot07_Size1", "Item":"int_supercruiseassist", "On":true, "Priority":2, "Health":1.000000, "Value":7752 }, { "Slot":"Slot08_Size1", "Item":"int_dockingcomputer_advanced", "On":true, "Priority":1, "Health":1.000000, "Value":11480 }, { "Slot":"PlanetaryApproachSuite", "Item":"int_planetapproachsuite_advanced", "On":true, "Priority":1, "Health":1.000000, "Value":425 }, { "Slot":"VesselVoice", "Item":"voicepack_victor", "On":true, "Priority":1, "Health":1.000000 }, { "Slot":"ShipCockpit", "Item":"cobramkiii_cockpit", "On":true, "Priority":1, "Health":1.000000 }, { "Slot":"CargoHatch", "Item":"modularcargobaydoor", "On":true, "Priority":3, "Health":1.000000 } ] }
{ "timestamp":"2023-10-26T09:47:28Z", "event":"Music", "MusicTrack":"Exploration" }
{ "timestamp":"2023-10-26T09:47:28Z", "event":"Music", "MusicTrack":"Starport" }
{ "timestamp":"2023-10-26T09:47:30Z", "event":"Cargo", "Vessel":"Ship", "Count":0, "Inventory":[  ] }
{ "timestamp":"2023-10-26T09:47:57Z", "event":"MissionAccepted", "Faction":"The Wild Bunch", "Name":"Mission_Courier", "LocalisedName":"Courier Job Available", "TargetFaction":"Milkyway Miners Union", "DestinationSystem":"54 Ceti", "DestinationStation":"Grzimek Dock", "Expiry":"2023-10-27T09:47:45Z", "Wing":false, "Influence":"+", "Reputation":"+", "Reward":23103, "MissionID":944035835 }
{ "timestamp":"2023-10-26T09:48:19Z", "event":"Music", "MusicTrack":"GalaxyMap" }
{ "timestamp":"2023-10-26T09:48:22Z", "event":"Music", "MusicTrack":"SystemMap" }
{ "timestamp":"2023-10-26T09:48:34Z", "event":"NavRoute" }
{ "timestamp":"2023-10-26T09:48:34Z", "event":"FSDTarget", "Name":"HIP 9599", "SystemAddress":908419076802, "StarClass":"K", "RemainingJumpsInRoute":3 }
{ "timestamp":"2023-10-26T09:48:36Z", "event":"Music", "MusicTrack":"GalaxyMap" }
{ "timestamp":"2023-10-26T09:48:37Z", "event":"Music", "MusicTrack":"Starport" }
{ "timestamp":"2023-10-26T09:48:57Z", "event":"Undocked", "StationName":"Jensen Gateway", "StationType":"Ocellus", "MarketID":3223182848, "Taxi":false, "Multicrew":false }
{ "timestamp":"2023-10-26T09:49:12Z", "event":"ShipTargeted", "TargetLocked":true, "Ship":"type6", "Ship_Localised":"Type-6 Transporter", "ScanStage":0 }
{ "timestamp":"2023-10-26T09:49:13Z", "event":"ShipTargeted", "TargetLocked":true, "Ship":"type6", "Ship_Localised":"Type-6 Transporter", "ScanStage":1, "PilotName":"$npc_name_decorate:#name=Sirius Transport;", "PilotName_Localised":"Sirius Transport", "PilotRank":"Competent" }
{ "timestamp":"2023-10-26T09:49:15Z", "event":"ShipTargeted", "TargetLocked":true, "Ship":"type6", "Ship_Localised":"Type-6 Transporter", "ScanStage":2, "PilotName":"$npc_name_decorate:#name=Sirius Transport;", "PilotName_Localised":"Sirius Transport", "PilotRank":"Competent", "ShieldHealth":100.000000, "HullHealth":100.000000 }
{ "timestamp":"2023-10-26T09:49:17Z", "event":"ShipTargeted", "TargetLocked":true, "Ship":"type6", "Ship_Localised":"Type-6 Transporter", "ScanStage":3, "PilotName":"$npc_name_decorate:#name=Sirius Transport;", "PilotName_Localised":"Sirius Transport", "PilotRank":"Competent", "ShieldHealth":100.000000, "HullHealth":100.000000, "Faction":"Li Yong-Rui", "LegalStatus":"Clean" }
{ "timestamp":"2023-10-26T09:49:20Z", "event":"ShipTargeted", "TargetLocked":false }
{ "timestamp":"2023-10-26T09:49:23Z", "event":"ShipTargeted", "TargetLocked":true, "Ship":"diamondbackxl", "Ship_Localised":"Diamondback Explorer", "ScanStage":0 }
{ "timestamp":"2023-10-26T09:49:24Z", "event":"ShipTargeted", "TargetLocked":true, "Ship":"diamondbackxl", "Ship_Localised":"Diamondback Explorer", "ScanStage":1, "PilotName":"$npc_name_decorate:#name=Sirius Transport;", "PilotName_Localised":"Sirius Transport", "PilotRank":"Competent" }
{ "timestamp":"2023-10-26T09:49:26Z", "event":"ShipTargeted", "TargetLocked":true, "Ship":"diamondbackxl", "Ship_Localised":"Diamondback Explorer", "ScanStage":2, "PilotName":"$npc_name_decorate:#name=Sirius Transport;", "PilotName_Localised":"Sirius Transport", "PilotRank":"Competent", "ShieldHealth":100.000000, "HullHealth":100.000000 }
{ "timestamp":"2023-10-26T09:49:27Z", "event":"Music", "MusicTrack":"NoTrack" }
{ "timestamp":"2023-10-26T09:49:28Z", "event":"ShipTargeted", "TargetLocked":true, "Ship":"diamondbackxl", "Ship_Localised":"Diamondback Explorer", "ScanStage":3, "PilotName":"$npc_name_decorate:#name=Sirius Transport;", "PilotName_Localised":"Sirius Transport", "PilotRank":"Competent", "ShieldHealth":100.000000, "HullHealth":100.000000, "Faction":"Li Yong-Rui", "LegalStatus":"Clean" }
{ "timestamp":"2023-10-26T09:49:28Z", "event":"MaterialCollected", "Category":"Encoded", "Name":"bulkscandata", "Name_Localised":"Anomalous Bulk Scan Data", "Count":3 }
{ "timestamp":"2023-10-26T09:49:28Z", "event":"ShipLocker" }
{ "timestamp":"2023-10-26T09:49:31Z", "event":"ShipTargeted", "TargetLocked":false }
{ "timestamp":"2023-10-26T09:49:51Z", "event":"ReceiveText", "From":"Jensen Gateway", "Message":"$STATION_NoFireZone_exited;", "Message_Localised":"No fire zone exited.", "Channel":"npc" }
{ "timestamp":"2023-10-26T09:50:02Z", "event":"StartJump", "JumpType":"Hyperspace", "Taxi":false, "StarSystem":"HIP 9599", "SystemAddress":908419076802, "StarClass":"K" }
{ "timestamp":"2023-10-26T09:50:07Z", "event":"ShipLocker", "Items":[  ], "Components":[  ], "Consumables":[  ], "Data":[  ] }
{ "timestamp":"2023-10-26T09:50:09Z", "event":"FSDTarget", "Name":"HIP 8859", "SystemAddress":560233171299, "StarClass":"F", "RemainingJumpsInRoute":2 }
{ "timestamp":"2023-10-26T09:50:20Z", "event":"ReceiveText", "From":"", "Message":"$COMMS_entered:#name=HIP 9599;", "Message_Localised":"Entered Channel: HIP 9599", "Channel":"npc" }
{ "timestamp":"2023-10-26T09:50:20Z", "event":"FSDJump", "Taxi":false, "Multicrew":false, "StarSystem":"HIP 9599", "SystemAddress":908419076802, "StarPos":[-41.68750,-98.59375,-76.37500], "SystemAllegiance":"Federation", "SystemEconomy":"$economy_Industrial;", "SystemEconomy_Localised":"Industrial", "SystemSecondEconomy":"$economy_Industrial;", "SystemSecondEconomy_Localised":"Industrial", "SystemGovernment":"$government_Democracy;", "SystemGovernment_Localised":"Democracy", "SystemSecurity":"$SYSTEM_SECURITY_medium;", "SystemSecurity_Localised":"Medium Security", "Population":1668409, "Body":"HIP 9599 A", "BodyID":1, "BodyType":"Star", "JumpDist":5.578, "FuelUsed":0.275023, "FuelLevel":15.724977, "Factions":[ { "Name":"Independents of HIP 9599", "FactionState":"None", "Government":"Democracy", "Influence":0.735323, "Allegiance":"Federation", "Happiness":"$Faction_HappinessBand2;", "Happiness_Localised":"Happy", "MyReputation":3.044400 }, { "Name":"HIP 9599 Comms Industries", "FactionState":"None", "Government":"Corporate", "Influence":0.012935, "Allegiance":"Independent", "Happiness":"$Faction_HappinessBand2;", "Happiness_Localised":"Happy", "MyReputation":0.000000 }, { "Name":"Allied HIP 9599 Defence Party", "FactionState":"None", "Government":"Dictatorship", "Influence":0.032836, "Allegiance":"Independent", "Happiness":"$Faction_HappinessBand2;", "Happiness_Localised":"Happy", "MyReputation":0.000000 }, { "Name":"Drug Empire of HIP 9599", "FactionState":"Bust", "Government":"Anarchy", "Influence":0.009950, "Allegiance":"Independent", "Happiness":"$Faction_HappinessBand2;", "Happiness_Localised":"Happy", "MyReputation":0.000000, "ActiveStates":[ { "State":"Bust" } ] }, { "Name":"HIP 9599 Systems", "FactionState":"None", "Government":"Corporate", "Influence":0.038806, "Allegiance":"Independent", "Happiness":"$Faction_HappinessBand2;", "Happiness_Localised":"Happy", "MyReputation":0.000000 }, { "Name":"The Wild Bunch", "FactionState":"Boom", "Government":"Corporate", "Influence":0.170149, "Allegiance":"Independent", "Happiness":"$Faction_HappinessBand2;", "Happiness_Localised":"Happy", "MyReputation":6.866190 } ], "SystemFaction":{ "Name":"Independents of HIP 9599" } }
{ "timestamp":"2023-10-26T09:50:20Z", "event":"ShipLocker", "Items":[  ], "Components":[  ], "Consumables":[  ], "Data":[  ] }
{ "timestamp":"2023-10-26T09:50:20Z", "event":"Music", "MusicTrack":"Supercruise" }
{ "timestamp":"2023-10-26T09:50:44Z", "event":"FuelScoop", "Scooped":0.275009, "Total":16.000000 }
{ "timestamp":"2023-10-26T09:51:02Z", "event":"StartJump", "JumpType":"Hyperspace", "Taxi":false, "StarSystem":"HIP 8859", "SystemAddress":560233171299, "StarClass":"F" }
{ "timestamp":"2023-10-26T09:51:07Z", "event":"ShipLocker", "Items":[  ], "Components":[  ], "Consumables":[  ], "Data":[  ] }
{ "timestamp":"2023-10-26T09:51:07Z", "event":"Music", "MusicTrack":"NoTrack" }
{ "timestamp":"2023-10-26T09:51:09Z", "event":"FSDTarget", "Name":"54 Ceti", "SystemAddress":491513694563, "StarClass":"F", "RemainingJumpsInRoute":1 }
{ "timestamp":"2023-10-26T09:51:20Z", "event":"ReceiveText", "From":"", "Message":"$COMMS_entered:#name=HIP 8859;", "Message_Localised":"Entered Channel: HIP 8859", "Channel":"npc" }
{ "timestamp":"2023-10-26T09:51:20Z", "event":"FSDJump", "Taxi":false, "Multicrew":false, "StarSystem":"HIP 8859", "SystemAddress":560233171299, "StarPos":[-47.56250,-101.84375,-75.21875], "SystemAllegiance":"Federation", "SystemEconomy":"$economy_Agri;", "SystemEconomy_Localised":"Agriculture", "SystemSecondEconomy":"$economy_Industrial;", "SystemSecondEconomy_Localised":"Industrial", "SystemGovernment":"$government_Corporate;", "SystemGovernment_Localised":"Corporate", "SystemSecurity":"$SYSTEM_SECURITY_high;", "SystemSecurity_Localised":"High Security", "Population":1364201545, "Body":"HIP 8859", "BodyID":0, "BodyType":"Star", "JumpDist":6.813, "FuelUsed":0.435643, "FuelLevel":15.564357, "Factions":[ { "Name":"Values Party of HIP 8859", "FactionState":"None", "Government":"Democracy", "Influence":0.060697, "Allegiance":"Federation", "Happiness":"$Faction_HappinessBand2;", "Happiness_Localised":"Happy", "MyReputation":0.000000 }, { "Name":"54 Ceti Partners", "FactionState":"None", "Government":"Corporate", "Influence":0.457711, "Allegiance":"Federation", "Happiness":"$Faction_HappinessBand2;", "Happiness_Localised":"Happy", "MyReputation":1.116310 }, { "Name":"Dominion of HIP 8859", "FactionState":"None", "Government":"Dictatorship", "Influence":0.052736, "Allegiance":"Independent", "Happiness":"$Faction_HappinessBand2;", "Happiness_Localised":"Happy", "MyReputation":0.000000 }, { "Name":"HIP 8859 Purple Electronics Co", "FactionState":"None", "Government":"Corporate", "Influence":0.058706, "Allegiance":"Independent", "Happiness":"$Faction_HappinessBand2;", "Happiness_Localised":"Happy", "MyReputation":0.000000 }, { "Name":"Pirates of HIP 8859", "FactionState":"None", "Government":"Anarchy", "Influence":0.046766, "Allegiance":"Independent", "Happiness":"$Faction_HappinessBand2;", "Happiness_Localised":"Happy", "MyReputation":0.000000 }, { "Name":"League of HIP 8859 Freedom Party", "FactionState":"None", "Government":"Dictatorship", "Influence":0.062687, "Allegiance":"Independent", "Happiness":"$Faction_HappinessBand2;", "Happiness_Localised":"Happy", "MyReputation":0.000000 }, { "Name":"Milkyway Miners Union", "FactionState":"None", "Government":"Cooperative", "Influence":0.260697, "Allegiance":"Independent", "Happiness":"$Faction_HappinessBand2;", "Happiness_Localised":"Happy", "MyReputation":3.010000 } ], "SystemFaction":{ "Name":"54 Ceti Partners" } }
{ "timestamp":"2023-10-26T09:51:20Z", "event":"ShipLocker", "Items":[  ], "Components":[  ], "Consumables":[  ], "Data":[  ] }
{ "timestamp":"2023-10-26T09:51:20Z", "event":"Music", "MusicTrack":"Supercruise" }
{ "timestamp":"2023-10-26T09:51:41Z", "event":"FuelScoop", "Scooped":0.155577, "Total":15.719913 }
{ "timestamp":"2023-10-26T09:51:58Z", "event":"StartJump", "JumpType":"Hyperspace", "Taxi":false, "StarSystem":"54 Ceti", "SystemAddress":491513694563, "StarClass":"F" }
{ "timestamp":"2023-10-26T09:52:03Z", "event":"ShipLocker", "Items":[  ], "Components":[  ], "Consumables":[  ], "Data":[  ] }
{ "timestamp":"2023-10-26T09:52:03Z", "event":"Music", "MusicTrack":"NoTrack" }
{ "timestamp":"2023-10-26T09:52:05Z", "event":"NavRouteClear" }
{ "timestamp":"2023-10-26T09:52:16Z", "event":"ReceiveText", "From":"", "Message":"$COMMS_entered:#name=54 Ceti;", "Message_Localised":"Entered Channel: 54 Ceti", "Channel":"npc" }
{ "timestamp":"2023-10-26T09:52:16Z", "event":"FSSSignalDiscovered", "SystemAddress":491513694563, "SignalName":"Van Scyoc Port", "SignalType":"Outpost" }
{ "timestamp":"2023-10-26T09:52:16Z", "event":"FSSSignalDiscovered", "SystemAddress":491513694563, "SignalName":"Grzimek Dock", "SignalType":"Outpost" }
{ "timestamp":"2023-10-26T09:52:16Z", "event":"FSSSignalDiscovered", "SystemAddress":491513694563, "SignalName":"Old Willow Hacienda", "SignalType":"Installation" }
{ "timestamp":"2023-10-26T09:52:16Z", "event":"FSSSignalDiscovered", "SystemAddress":491513694563, "SignalName":"Coblentz Orbital", "SignalType":"StationONeilCylinder", "IsStation":true }
{ "timestamp":"2023-10-26T09:52:16Z", "event":"FSSSignalDiscovered", "SystemAddress":491513694563, "SignalName":"54 CETI I  Henry-class Hauler", "SignalType":"Megaship" }
{ "timestamp":"2023-10-26T09:52:16Z", "event":"FSSSignalDiscovered", "SystemAddress":491513694563, "SignalName":"Ultimate Mobile Defence Network", "SignalType":"Installation" }
{ "timestamp":"2023-10-26T09:52:16Z", "event":"FSSSignalDiscovered", "SystemAddress":491513694563, "SignalName":"Fermat Ring", "SignalType":"StationONeilCylinder", "IsStation":true }
{ "timestamp":"2023-10-26T09:52:16Z", "event":"FSSSignalDiscovered", "SystemAddress":491513694563, "SignalName":"PEGASUS T9V-W8N", "SignalType":"FleetCarrier", "IsStation":true }
{ "timestamp":"2023-10-26T09:52:16Z", "event":"FSSSignalDiscovered", "SystemAddress":491513694563, "SignalName":"Norman Port", "SignalType":"Outpost" }
{ "timestamp":"2023-10-26T09:52:16Z", "event":"FSSSignalDiscovered", "SystemAddress":491513694563, "SignalName":"HUNTER S REBOOT TLT-2HQ", "SignalType":"FleetCarrier", "IsStation":true }
{ "timestamp":"2023-10-26T09:52:16Z", "event":"FSSSignalDiscovered", "SystemAddress":491513694563, "SignalName":"The SkyFire TFY-2HH", "SignalType":"FleetCarrier", "IsStation":true }
{ "timestamp":"2023-10-26T09:52:16Z", "event":"FSSSignalDiscovered", "SystemAddress":491513694563, "SignalName":"$MULTIPLAYER_SCENARIO42_TITLE;", "SignalName_Localised":"Nav Beacon", "SignalType":"NavBeacon" }
{ "timestamp":"2023-10-26T09:52:16Z", "event":"FSSSignalDiscovered", "SystemAddress":491513694563, "SignalName":"Sladek Gateway", "SignalType":"StationONeilCylinder", "IsStation":true }
{ "timestamp":"2023-10-26T09:52:16Z", "event":"FSSSignalDiscovered", "SystemAddress":491513694563, "SignalName":"Porges Hub", "SignalType":"Outpost" }
{ "timestamp":"2023-10-26T09:52:16Z", "event":"FSDJump", "Taxi":false, "Multicrew":false, "StarSystem":"54 Ceti", "SystemAddress":491513694563, "StarPos":[-50.06250,-103.03125,-75.28125], "SystemAllegiance":"Independent", "SystemEconomy":"$economy_Agri;", "SystemEconomy_Localised":"Agriculture", "SystemSecondEconomy":"$economy_Industrial;", "SystemSecondEconomy_Localised":"Industrial", "SystemGovernment":"$government_Corporate;", "SystemGovernment_Localised":"Corporate", "SystemSecurity":"$SYSTEM_SECURITY_high;", "SystemSecurity_Localised":"High Security", "Population":526569262, "Body":"54 Ceti", "BodyID":0, "BodyType":"Star", "JumpDist":2.768, "FuelUsed":0.054755, "FuelLevel":15.665159, "Factions":[ { "Name":"People's 54 Ceti for Equality", "FactionState":"None", "Government":"Democracy", "Influence":0.098312, "Allegiance":"Independent", "Happiness":"$Faction_HappinessBand2;", "Happiness_Localised":"Happy", "MyReputation":0.000000 }, { "Name":"54 Ceti Partners", "FactionState":"None", "Government":"Corporate", "Influence":0.136048, "Allegiance":"Federation", "Happiness":"$Faction_HappinessBand2;", "Happiness_Localised":"Happy", "MyReputation":1.116310 }, { "Name":"United 54 Ceti Focus", "FactionState":"None", "Government":"Dictatorship", "Influence":0.053625, "Allegiance":"Independent", "Happiness":"$Faction_HappinessBand2;", "Happiness_Localised":"Happy", "MyReputation":3.010000 }, { "Name":"54 Ceti Organisation", "FactionState":"None", "Government":"Anarchy", "Influence":0.061569, "Allegiance":"Independent", "Happiness":"$Faction_HappinessBand2;", "Happiness_Localised":"Happy", "MyReputation":4.000000 }, { "Name":"54 Ceti Galactic Commodities", "FactionState":"None", "Government":"Corporate", "Influence":0.053625, "Allegiance":"Independent", "Happiness":"$Faction_HappinessBand2;", "Happiness_Localised":"Happy", "MyReputation":4.000000 }, { "Name":"The Wild Bunch", "FactionState":"Boom", "Government":"Corporate", "Influence":0.351539, "Allegiance":"Independent", "Happiness":"$Faction_HappinessBand2;", "Happiness_Localised":"Happy", "MyReputation":6.866190 }, { "Name":"Milkyway Miners Union", "FactionState":"None", "Government":"Cooperative", "Influence":0.245283, "Allegiance":"Independent", "Happiness":"$Faction_HappinessBand2;", "Happiness_Localised":"Happy", "MyReputation":3.010000 } ], "SystemFaction":{ "Name":"The Wild Bunch", "FactionState":"Boom" } }
{ "timestamp":"2023-10-26T09:52:16Z", "event":"ShipLocker", "Items":[  ], "Components":[  ], "Consumables":[  ], "Data":[  ] }
{ "timestamp":"2023-10-26T09:52:16Z", "event":"Music", "MusicTrack":"DestinationFromHyperspace" }
{ "timestamp":"2023-10-26T09:52:21Z", "event":"Music", "MusicTrack":"Supercruise" }
{ "timestamp":"2023-10-26T09:55:29Z", "event":"SupercruiseDestinationDrop", "Type":"Grzimek Dock", "Threat":0, "MarketID":3223254528 }
{ "timestamp":"2023-10-26T09:55:32Z", "event":"FSSSignalDiscovered", "SystemAddress":491513694563, "SignalName":"Van Scyoc Port", "SignalType":"Outpost" }
{ "timestamp":"2023-10-26T09:55:32Z", "event":"FSSSignalDiscovered", "SystemAddress":491513694563, "SignalName":"Grzimek Dock", "SignalType":"Outpost" }
{ "timestamp":"2023-10-26T09:55:32Z", "event":"FSSSignalDiscovered", "SystemAddress":491513694563, "SignalName":"Old Willow Hacienda", "SignalType":"Installation" }
{ "timestamp":"2023-10-26T09:55:32Z", "event":"FSSSignalDiscovered", "SystemAddress":491513694563, "SignalName":"Coblentz Orbital", "SignalType":"StationONeilCylinder", "IsStation":true }
{ "timestamp":"2023-10-26T09:55:32Z", "event":"FSSSignalDiscovered", "SystemAddress":491513694563, "SignalName":"54 CETI I  Henry-class Hauler", "SignalType":"Megaship" }
{ "timestamp":"2023-10-26T09:55:32Z", "event":"FSSSignalDiscovered", "SystemAddress":491513694563, "SignalName":"Ultimate Mobile Defence Network", "SignalType":"Installation" }
{ "timestamp":"2023-10-26T09:55:32Z", "event":"FSSSignalDiscovered", "SystemAddress":491513694563, "SignalName":"Fermat Ring", "SignalType":"StationONeilCylinder", "IsStation":true }
{ "timestamp":"2023-10-26T09:55:32Z", "event":"FSSSignalDiscovered", "SystemAddress":491513694563, "SignalName":"PEGASUS T9V-W8N", "SignalType":"FleetCarrier", "IsStation":true }
{ "timestamp":"2023-10-26T09:55:32Z", "event":"FSSSignalDiscovered", "SystemAddress":491513694563, "SignalName":"Norman Port", "SignalType":"Outpost" }
{ "timestamp":"2023-10-26T09:55:32Z", "event":"FSSSignalDiscovered", "SystemAddress":491513694563, "SignalName":"HUNTER S REBOOT TLT-2HQ", "SignalType":"FleetCarrier", "IsStation":true }
{ "timestamp":"2023-10-26T09:55:32Z", "event":"FSSSignalDiscovered", "SystemAddress":491513694563, "SignalName":"The SkyFire TFY-2HH", "SignalType":"FleetCarrier", "IsStation":true }
{ "timestamp":"2023-10-26T09:55:32Z", "event":"FSSSignalDiscovered", "SystemAddress":491513694563, "SignalName":"$MULTIPLAYER_SCENARIO42_TITLE;", "SignalName_Localised":"Nav Beacon", "SignalType":"NavBeacon" }
{ "timestamp":"2023-10-26T09:55:32Z", "event":"FSSSignalDiscovered", "SystemAddress":491513694563, "SignalName":"Sladek Gateway", "SignalType":"StationONeilCylinder", "IsStation":true }
{ "timestamp":"2023-10-26T09:55:32Z", "event":"FSSSignalDiscovered", "SystemAddress":491513694563, "SignalName":"Porges Hub", "SignalType":"Outpost" }
{ "timestamp":"2023-10-26T09:55:32Z", "event":"SupercruiseExit", "Taxi":false, "Multicrew":false, "StarSystem":"54 Ceti", "SystemAddress":491513694563, "Body":"Grzimek Dock", "BodyID":23, "BodyType":"Station" }
{ "timestamp":"2023-10-26T09:55:32Z", "event":"ShipLocker", "Items":[  ], "Components":[  ], "Consumables":[  ], "Data":[  ] }
{ "timestamp":"2023-10-26T09:55:32Z", "event":"Music", "MusicTrack":"DestinationFromSupercruise" }
{ "timestamp":"2023-10-26T09:55:37Z", "event":"Music", "MusicTrack":"Exploration" }
{ "timestamp":"2023-10-26T09:55:40Z", "event":"ReceiveText", "From":"Grzimek Dock", "Message":"$STATION_NoFireZone_entered;", "Message_Localised":"No fire zone entered.", "Channel":"npc" }
{ "timestamp":"2023-10-26T09:55:53Z", "event":"DockingRequested", "MarketID":3223254528, "StationName":"Grzimek Dock", "StationType":"Outpost", "LandingPads":{ "Small":4, "Medium":1, "Large":0 } }
{ "timestamp":"2023-10-26T09:55:54Z", "event":"ReceiveText", "From":"Grzimek Dock", "Message":"$DockingChatter_Neutral;", "Message_Localised":"Ensure to observe starport protocol during your visit, pilot.", "Channel":"npc" }
{ "timestamp":"2023-10-26T09:55:54Z", "event":"ReceiveText", "From":"Grzimek Dock", "Message":"$STATION_docking_granted;", "Message_Localised":"Docking request granted.", "Channel":"npc" }
{ "timestamp":"2023-10-26T09:55:54Z", "event":"DockingGranted", "LandingPad":1, "MarketID":3223254528, "StationName":"Grzimek Dock", "StationType":"Outpost" }
{ "timestamp":"2023-10-26T09:57:31Z", "event":"Docked", "StationName":"Grzimek Dock", "StationType":"Outpost", "Taxi":false, "Multicrew":false, "StarSystem":"54 Ceti", "SystemAddress":491513694563, "MarketID":3223254528, "StationFaction":{ "Name":"54 Ceti Partners" }, "StationGovernment":"$government_Corporate;", "StationGovernment_Localised":"Corporate", "StationAllegiance":"Federation", "StationServices":[ "dock", "autodock", "commodities", "contacts", "exploration", "missions", "outfitting", "crewlounge", "rearm", "refuel", "engineer", "missionsgenerated", "flightcontroller", "stationoperations", "powerplay", "searchrescue", "stationMenu", "livery", "socialspace", "bartender", "pioneersupplies", "apexinterstellar" ], "StationEconomy":"$economy_Industrial;", "StationEconomy_Localised":"Industrial", "StationEconomies":[ { "Name":"$economy_Industrial;", "Name_Localised":"Industrial", "Proportion":1.000000 } ], "DistFromStarLS":2029.223143, "LandingPads":{ "Small":4, "Medium":1, "Large":0 } }
{ "timestamp":"2023-10-26T09:57:37Z", "event":"RefuelAll", "Cost":25, "Amount":0.486846 }
{ "timestamp":"2023-10-26T09:57:39Z", "event":"BuyAmmo", "Cost":25 }
{ "timestamp":"2023-10-26T09:58:01Z", "event":"MissionCompleted", "Faction":"The Wild Bunch", "Name":"Mission_Courier_name", "LocalisedName":"Courier Job Available", "MissionID":944035835, "TargetFaction":"Milkyway Miners Union", "DestinationSystem":"54 Ceti", "DestinationStation":"Grzimek Dock", "Reward":33103, "FactionEffects":[ { "Faction":"Milkyway Miners Union", "Effects":[ { "Effect":"$MISSIONUTIL_Interaction_Summary_EP_up;", "Effect_Localised":"The economic status of $#MinorFaction; has improved in the $#System; system.", "Trend":"UpGood" } ], "Influence":[ { "SystemAddress":491513694563, "Trend":"UpGood", "Influence":"+" } ], "ReputationTrend":"UpGood", "Reputation":"+" }, { "Faction":"The Wild Bunch", "Effects":[ { "Effect":"$MISSIONUTIL_Interaction_Summary_EP_up;", "Effect_Localised":"The economic status of $#MinorFaction; has improved in the $#System; system.", "Trend":"UpGood" } ], "Influence":[ { "SystemAddress":800751339875, "Trend":"UpGood", "Influence":"+" } ], "ReputationTrend":"UpGood", "Reputation":"+" } ] }
{ "timestamp":"2023-10-26T10:01:28Z", "event":"Music", "MusicTrack":"SystemMap" }
{ "timestamp":"2023-10-26T10:01:45Z", "event":"Music", "MusicTrack":"Exploration" }
{ "timestamp":"2023-10-26T10:01:56Z", "event":"Undocked", "StationName":"Grzimek Dock", "StationType":"Outpost", "MarketID":3223254528, "Taxi":false, "Multicrew":false }
{ "timestamp":"2023-10-26T10:02:36Z", "event":"StartJump", "JumpType":"Supercruise", "Taxi":false }
{ "timestamp":"2023-10-26T10:02:41Z", "event":"SupercruiseEntry", "Taxi":false, "Multicrew":false, "StarSystem":"54 Ceti", "SystemAddress":491513694563 }
{ "timestamp":"2023-10-26T10:02:41Z", "event":"ShipLocker", "Items":[  ], "Components":[  ], "Consumables":[  ], "Data":[  ] }
{ "timestamp":"2023-10-26T10:02:41Z", "event":"Music", "MusicTrack":"Supercruise" }
{ "timestamp":"2023-10-26T10:03:04Z", "event":"Music", "MusicTrack":"SystemMap" }
{ "timestamp":"2023-10-26T10:03:08Z", "event":"Music", "MusicTrack":"Supercruise" }
{ "timestamp":"2023-10-26T10:03:08Z", "event":"Music", "MusicTrack":"SystemMap" }
{ "timestamp":"2023-10-26T10:03:59Z", "event":"Music", "MusicTrack":"Supercruise" }
{ "timestamp":"2023-10-26T10:04:36Z", "event":"FSDTarget", "Name":"HIP 8859", "SystemAddress":560233171299, "StarClass":"F" }
{ "timestamp":"2023-10-26T10:04:52Z", "event":"StartJump", "JumpType":"Hyperspace", "Taxi":false, "StarSystem":"HIP 8859", "SystemAddress":560233171299, "StarClass":"F" }
{ "timestamp":"2023-10-26T10:04:57Z", "event":"ShipLocker", "Items":[  ], "Components":[  ], "Consumables":[  ], "Data":[  ] }
{ "timestamp":"2023-10-26T10:04:57Z", "event":"Music", "MusicTrack":"NoTrack" }
{ "timestamp":"2023-10-26T10:05:10Z", "event":"ReceiveText", "From":"", "Message":"$COMMS_entered:#name=HIP 8859;", "Message_Localised":"Entered Channel: HIP 8859", "Channel":"npc" }
{ "timestamp":"2023-10-26T10:05:10Z", "event":"FSSSignalDiscovered", "SystemAddress":560233171299, "SignalName":"Ray Ring", "SignalType":"Outpost" }
{ "timestamp":"2023-10-26T10:05:10Z", "event":"FSSSignalDiscovered", "SystemAddress":560233171299, "SignalName":"Saladin Control Section", "SignalType":"Installation" }
{ "timestamp":"2023-10-26T10:05:10Z", "event":"FSSSignalDiscovered", "SystemAddress":560233171299, "SignalName":"Ivanov Enterprise", "SignalType":"StationBernalSphere", "IsStation":true }
{ "timestamp":"2023-10-26T10:05:10Z", "event":"FSSSignalDiscovered", "SystemAddress":560233171299, "SignalName":"Torricelli Port", "SignalType":"Outpost" }
{ "timestamp":"2023-10-26T10:05:10Z", "event":"FSSSignalDiscovered", "SystemAddress":560233171299, "SignalName":"HIP 8859 II  Gordon-class Hauler", "SignalType":"Megaship" }
{ "timestamp":"2023-10-26T10:05:10Z", "event":"FSSSignalDiscovered", "SystemAddress":560233171299, "SignalName":"Drunken Stallion", "SignalType":"Installation" }
{ "timestamp":"2023-10-26T10:05:10Z", "event":"FSSSignalDiscovered", "SystemAddress":560233171299, "SignalName":"Interstellar Surveillance Network", "SignalType":"Installation" }
{ "timestamp":"2023-10-26T10:05:10Z", "event":"FSSSignalDiscovered", "SystemAddress":560233171299, "SignalName":"Baturin Orbital", "SignalType":"StationONeilCylinder", "IsStation":true }
{ "timestamp":"2023-10-26T10:05:10Z", "event":"FSSSignalDiscovered", "SystemAddress":560233171299, "SignalName":"$MULTIPLAYER_SCENARIO42_TITLE;", "SignalName_Localised":"Nav Beacon", "SignalType":"NavBeacon" }
{ "timestamp":"2023-10-26T10:05:10Z", "event":"FSSSignalDiscovered", "SystemAddress":560233171299, "SignalName":"Voss Port", "SignalType":"Outpost" }
{ "timestamp":"2023-10-26T10:05:10Z", "event":"FSSSignalDiscovered", "SystemAddress":560233171299, "SignalName":"Apgar City", "SignalType":"StationCoriolis", "IsStation":true }
{ "timestamp":"2023-10-26T10:05:10Z", "event":"FSDJump", "Taxi":false, "Multicrew":false, "StarSystem":"HIP 8859", "SystemAddress":560233171299, "StarPos":[-47.56250,-101.84375,-75.21875], "SystemAllegiance":"Federation", "SystemEconomy":"$economy_Agri;", "SystemEconomy_Localised":"Agriculture", "SystemSecondEconomy":"$economy_Industrial;", "SystemSecondEconomy_Localised":"Industrial", "SystemGovernment":"$government_Corporate;", "SystemGovernment_Localised":"Corporate", "SystemSecurity":"$SYSTEM_SECURITY_high;", "SystemSecurity_Localised":"High Security", "Population":1364201545, "Body":"HIP 8859", "BodyID":0, "BodyType":"Star", "JumpDist":2.768, "FuelUsed":0.054911, "FuelLevel":15.945089, "Factions":[ { "Name":"Values Party of HIP 8859", "FactionState":"None", "Government":"Democracy", "Influence":0.060697, "Allegiance":"Federation", "Happiness":"$Faction_HappinessBand2;", "Happiness_Localised":"Happy", "MyReputation":0.000000 }, { "Name":"54 Ceti Partners", "FactionState":"None", "Government":"Corporate", "Influence":0.457711, "Allegiance":"Federation", "Happiness":"$Faction_HappinessBand2;", "Happiness_Localised":"Happy", "MyReputation":1.116310 }, { "Name":"Dominion of HIP 8859", "FactionState":"None", "Government":"Dictatorship", "Influence":0.052736, "Allegiance":"Independent", "Happiness":"$Faction_HappinessBand2;", "Happiness_Localised":"Happy", "MyReputation":0.000000 }, { "Name":"HIP 8859 Purple Electronics Co", "FactionState":"None", "Government":"Corporate", "Influence":0.058706, "Allegiance":"Independent", "Happiness":"$Faction_HappinessBand2;", "Happiness_Localised":"Happy", "MyReputation":0.000000 }, { "Name":"Pirates of HIP 8859", "FactionState":"None", "Government":"Anarchy", "Influence":0.046766, "Allegiance":"Independent", "Happiness":"$Faction_HappinessBand2;", "Happiness_Localised":"Happy", "MyReputation":0.000000 }, { "Name":"League of HIP 8859 Freedom Party", "FactionState":"None", "Government":"Dictatorship", "Influence":0.062687, "Allegiance":"Independent", "Happiness":"$Faction_HappinessBand2;", "Happiness_Localised":"Happy", "MyReputation":0.000000 }, { "Name":"Milkyway Miners Union", "FactionState":"None", "Government":"Cooperative", "Influence":0.260697, "Allegiance":"Independent", "Happiness":"$Faction_HappinessBand2;", "Happiness_Localised":"Happy", "MyReputation":3.340000 } ], "SystemFaction":{ "Name":"54 Ceti Partners" } }
{ "timestamp":"2023-10-26T10:05:10Z", "event":"ShipLocker", "Items":[  ], "Components":[  ], "Consumables":[  ], "Data":[  ] }
{ "timestamp":"2023-10-26T10:05:10Z", "event":"Music", "MusicTrack":"Supercruise" }
{ "timestamp":"2023-10-26T10:10:05Z", "event":"SupercruiseDestinationDrop", "Type":"Apgar City", "Threat":0, "MarketID":3223200768 }
{ "timestamp":"2023-10-26T10:10:06Z", "event":"FSSSignalDiscovered", "SystemAddress":560233171299, "SignalName":"Ray Ring", "SignalType":"Outpost" }
{ "timestamp":"2023-10-26T10:10:06Z", "event":"FSSSignalDiscovered", "SystemAddress":560233171299, "SignalName":"Saladin Control Section", "SignalType":"Installation" }
{ "timestamp":"2023-10-26T10:10:06Z", "event":"FSSSignalDiscovered", "SystemAddress":560233171299, "SignalName":"Ivanov Enterprise", "SignalType":"StationBernalSphere", "IsStation":true }
{ "timestamp":"2023-10-26T10:10:06Z", "event":"FSSSignalDiscovered", "SystemAddress":560233171299, "SignalName":"Torricelli Port", "SignalType":"Outpost" }
{ "timestamp":"2023-10-26T10:10:06Z", "event":"FSSSignalDiscovered", "SystemAddress":560233171299, "SignalName":"HIP 8859 II  Gordon-class Hauler", "SignalType":"Megaship" }
{ "timestamp":"2023-10-26T10:10:06Z", "event":"FSSSignalDiscovered", "SystemAddress":560233171299, "SignalName":"Drunken Stallion", "SignalType":"Installation" }
{ "timestamp":"2023-10-26T10:10:06Z", "event":"FSSSignalDiscovered", "SystemAddress":560233171299, "SignalName":"Interstellar Surveillance Network", "SignalType":"Installation" }
{ "timestamp":"2023-10-26T10:10:06Z", "event":"FSSSignalDiscovered", "SystemAddress":560233171299, "SignalName":"Baturin Orbital", "SignalType":"StationONeilCylinder", "IsStation":true }
{ "timestamp":"2023-10-26T10:10:06Z", "event":"FSSSignalDiscovered", "SystemAddress":560233171299, "SignalName":"$MULTIPLAYER_SCENARIO42_TITLE;", "SignalName_Localised":"Nav Beacon", "SignalType":"NavBeacon" }
{ "timestamp":"2023-10-26T10:10:06Z", "event":"FSSSignalDiscovered", "SystemAddress":560233171299, "SignalName":"Voss Port", "SignalType":"Outpost" }
{ "timestamp":"2023-10-26T10:10:06Z", "event":"FSSSignalDiscovered", "SystemAddress":560233171299, "SignalName":"Apgar City", "SignalType":"StationCoriolis", "IsStation":true }
{ "timestamp":"2023-10-26T10:10:06Z", "event":"SupercruiseExit", "Taxi":false, "Multicrew":false, "StarSystem":"HIP 8859", "SystemAddress":560233171299, "Body":"Apgar City", "BodyID":13, "BodyType":"Station" }
{ "timestamp":"2023-10-26T10:10:06Z", "event":"ShipLocker", "Items":[  ], "Components":[  ], "Consumables":[  ], "Data":[  ] }
{ "timestamp":"2023-10-26T10:10:06Z", "event":"Music", "MusicTrack":"DestinationFromSupercruise" }
{ "timestamp":"2023-10-26T10:10:11Z", "event":"Music", "MusicTrack":"NoTrack" }
{ "timestamp":"2023-10-26T10:10:15Z", "event":"ReceiveText", "From":"Apgar City", "Message":"$STATION_NoFireZone_entered;", "Message_Localised":"No fire zone entered.", "Channel":"npc" }
{ "timestamp":"2023-10-26T10:10:21Z", "event":"DockingRequested", "MarketID":3223200768, "StationName":"Apgar City", "StationType":"Coriolis", "LandingPads":{ "Small":17, "Medium":18, "Large":9 } }
{ "timestamp":"2023-10-26T10:10:21Z", "event":"ReceiveText", "From":"Apgar City", "Message":"$DockingChatter_Neutral;", "Message_Localised":"Ensure to observe starport protocol during your visit, pilot.", "Channel":"npc" }
{ "timestamp":"2023-10-26T10:10:21Z", "event":"ReceiveText", "From":"Apgar City", "Message":"$STATION_docking_granted;", "Message_Localised":"Docking request granted.", "Channel":"npc" }
{ "timestamp":"2023-10-26T10:10:21Z", "event":"DockingGranted", "LandingPad":27, "MarketID":3223200768, "StationName":"Apgar City", "StationType":"Coriolis" }
{ "timestamp":"2023-10-26T10:11:04Z", "event":"ShipTargeted", "TargetLocked":true, "Ship":"hauler", "ScanStage":0 }
{ "timestamp":"2023-10-26T10:11:05Z", "event":"ShipTargeted", "TargetLocked":true, "Ship":"hauler", "ScanStage":1, "PilotName":"$npc_name_decorate:#name=Alex Boersma;", "PilotName_Localised":"Alex Boersma", "PilotRank":"Harmless" }
{ "timestamp":"2023-10-26T10:11:07Z", "event":"ShipTargeted", "TargetLocked":true, "Ship":"hauler", "ScanStage":2, "PilotName":"$npc_name_decorate:#name=Alex Boersma;", "PilotName_Localised":"Alex Boersma", "PilotRank":"Harmless", "ShieldHealth":100.000000, "HullHealth":100.000000 }
{ "timestamp":"2023-10-26T10:11:09Z", "event":"ShipTargeted", "TargetLocked":true, "Ship":"hauler", "ScanStage":3, "PilotName":"$npc_name_decorate:#name=Alex Boersma;", "PilotName_Localised":"Alex Boersma", "PilotRank":"Harmless", "ShieldHealth":100.000000, "HullHealth":100.000000, "Faction":"Milkyway Miners Union", "LegalStatus":"Clean" }
{ "timestamp":"2023-10-26T10:11:13Z", "event":"ShipTargeted", "TargetLocked":false }
{ "timestamp":"2023-10-26T10:11:30Z", "event":"Music", "MusicTrack":"Starport" }
{ "timestamp":"2023-10-26T10:12:02Z", "event":"Docked", "StationName":"Apgar City", "StationType":"Coriolis", "Taxi":false, "Multicrew":false, "StarSystem":"HIP 8859", "SystemAddress":560233171299, "MarketID":3223200768, "StationFaction":{ "Name":"Milkyway Miners Union" }, "StationGovernment":"$government_Cooperative;", "StationGovernment_Localised":"Cooperative", "StationServices":[ "dock", "autodock", "blackmarket", "commodities", "contacts", "exploration", "missions", "outfitting", "crewlounge", "rearm", "refuel", "repair", "shipyard", "tuning", "engineer", "missionsgenerated", "flightcontroller", "stationoperations", "powerplay", "searchrescue", "stationMenu", "shop", "livery", "socialspace", "bartender", "vistagenomics", "pioneersupplies", "apexinterstellar", "frontlinesolutions" ], "StationEconomy":"$economy_Industrial;", "StationEconomy_Localised":"Industrial", "StationEconomies":[ { "Name":"$economy_Industrial;", "Name_Localised":"Industrial", "Proportion":1.000000 } ], "DistFromStarLS":368.777965, "LandingPads":{ "Small":17, "Medium":18, "Large":9 } }
{ "timestamp":"2023-10-26T10:12:06Z", "event":"RefuelAll", "Cost":14, "Amount":0.259893 }
{ "timestamp":"2023-10-26T10:13:08Z", "event":"Music", "MusicTrack":"GalaxyMap" }
{ "timestamp":"2023-10-26T10:13:11Z", "event":"Music", "MusicTrack":"SystemMap" }
{ "timestamp":"2023-10-26T10:13:17Z", "event":"Music", "MusicTrack":"Starport" }
{ "timestamp":"2023-10-26T10:13:17Z", "event":"Music", "MusicTrack":"SystemMap" }
{ "timestamp":"2023-10-26T10:13:25Z", "event":"NavRoute" }
{ "timestamp":"2023-10-26T10:13:25Z", "event":"FSDTarget", "Name":"HIP 9599", "SystemAddress":908419076802, "StarClass":"K", "RemainingJumpsInRoute":2 }
{ "timestamp":"2023-10-26T10:13:28Z", "event":"Music", "MusicTrack":"GalaxyMap" }
{ "timestamp":"2023-10-26T10:13:28Z", "event":"Music", "MusicTrack":"Starport" }
{ "timestamp":"2023-10-26T10:13:45Z", "event":"Undocked", "StationName":"Apgar City", "StationType":"Coriolis", "MarketID":3223200768, "Taxi":false, "Multicrew":false }
{ "timestamp":"2023-10-26T10:14:23Z", "event":"Music", "MusicTrack":"NoTrack" }
{ "timestamp":"2023-10-26T10:14:43Z", "event":"ReceiveText", "From":"Apgar City", "Message":"$STATION_NoFireZone_exited;", "Message_Localised":"No fire zone exited.", "Channel":"npc" }
{ "timestamp":"2023-10-26T10:15:52Z", "event":"StartJump", "JumpType":"Hyperspace", "Taxi":false, "StarSystem":"HIP 9599", "SystemAddress":908419076802, "StarClass":"K" }
{ "timestamp":"2023-10-26T10:15:58Z", "event":"ShipLocker", "Items":[  ], "Components":[  ], "Consumables":[  ], "Data":[  ] }
{ "timestamp":"2023-10-26T10:16:01Z", "event":"FSDTarget", "Name":"64 Ceti", "SystemAddress":800751339875, "StarClass":"G", "RemainingJumpsInRoute":1 }
{ "timestamp":"2023-10-26T10:16:11Z", "event":"ReceiveText", "From":"", "Message":"$COMMS_entered:#name=HIP 9599;", "Message_Localised":"Entered Channel: HIP 9599", "Channel":"npc" }
{ "timestamp":"2023-10-26T10:16:11Z", "event":"FSSSignalDiscovered", "SystemAddress":908419076802, "SignalName":"$MULTIPLAYER_SCENARIO42_TITLE;", "SignalName_Localised":"Nav Beacon", "SignalType":"NavBeacon" }
{ "timestamp":"2023-10-26T10:16:11Z", "event":"FSSSignalDiscovered", "SystemAddress":908419076802, "SignalName":"HIP 9599 Thomas-class Hauler", "SignalType":"Megaship" }
{ "timestamp":"2023-10-26T10:16:11Z", "event":"FSSSignalDiscovered", "SystemAddress":908419076802, "SignalName":"Galactic Transmittal Hub", "SignalType":"Installation" }
{ "timestamp":"2023-10-26T10:16:11Z", "event":"FSSSignalDiscovered", "SystemAddress":908419076802, "SignalName":"Cooperative Clarity Communications", "SignalType":"Installation" }
{ "timestamp":"2023-10-26T10:16:11Z", "event":"FSSSignalDiscovered", "SystemAddress":908419076802, "SignalName":"Guidoni Enterprise", "SignalType":"StationCoriolis", "IsStation":true }
{ "timestamp":"2023-10-26T10:16:11Z", "event":"FSSSignalDiscovered", "SystemAddress":908419076802, "SignalName":"Bloodfell Port", "SignalType":"Installation" }
{ "timestamp":"2023-10-26T10:16:11Z", "event":"FSDJump", "Taxi":false, "Multicrew":false, "StarSystem":"HIP 9599", "SystemAddress":908419076802, "StarPos":[-41.68750,-98.59375,-76.37500], "SystemAllegiance":"Federation", "SystemEconomy":"$economy_Industrial;", "SystemEconomy_Localised":"Industrial", "SystemSecondEconomy":"$economy_Industrial;", "SystemSecondEconomy_Localised":"Industrial", "SystemGovernment":"$government_Democracy;", "SystemGovernment_Localised":"Democracy", "SystemSecurity":"$SYSTEM_SECURITY_medium;", "SystemSecurity_Localised":"Medium Security", "Population":1668409, "Body":"HIP 9599 A", "BodyID":1, "BodyType":"Star", "JumpDist":6.813, "FuelUsed":0.435698, "FuelLevel":15.564302, "Factions":[ { "Name":"Independents of HIP 9599", "FactionState":"None", "Government":"Democracy", "Influence":0.735323, "Allegiance":"Federation", "Happiness":"$Faction_HappinessBand2;", "Happiness_Localised":"Happy", "MyReputation":3.044400 }, { "Name":"HIP 9599 Comms Industries", "FactionState":"None", "Government":"Corporate", "Influence":0.012935, "Allegiance":"Independent", "Happiness":"$Faction_HappinessBand2;", "Happiness_Localised":"Happy", "MyReputation":0.000000 }, { "Name":"Allied HIP 9599 Defence Party", "FactionState":"None", "Government":"Dictatorship", "Influence":0.032836, "Allegiance":"Independent", "Happiness":"$Faction_HappinessBand2;", "Happiness_Localised":"Happy", "MyReputation":0.000000 }, { "Name":"Drug Empire of HIP 9599", "FactionState":"Bust", "Government":"Anarchy", "Influence":0.009950, "Allegiance":"Independent", "Happiness":"$Faction_HappinessBand2;", "Happiness_Localised":"Happy", "MyReputation":0.000000, "ActiveStates":[ { "State":"Bust" } ] }, { "Name":"HIP 9599 Systems", "FactionState":"None", "Government":"Corporate", "Influence":0.038806, "Allegiance":"Independent", "Happiness":"$Faction_HappinessBand2;", "Happiness_Localised":"Happy", "MyReputation":0.000000 }, { "Name":"The Wild Bunch", "FactionState":"Boom", "Government":"Corporate", "Influence":0.170149, "Allegiance":"Independent", "Happiness":"$Faction_HappinessBand2;", "Happiness_Localised":"Happy", "MyReputation":7.196190 } ], "SystemFaction":{ "Name":"Independents of HIP 9599" } }
{ "timestamp":"2023-10-26T10:16:11Z", "event":"ShipLocker", "Items":[  ], "Components":[  ], "Consumables":[  ], "Data":[  ] }
{ "timestamp":"2023-10-26T10:16:11Z", "event":"Music", "MusicTrack":"Supercruise" }
{ "timestamp":"2023-10-26T10:16:43Z", "event":"StartJump", "JumpType":"Hyperspace", "Taxi":false, "StarSystem":"64 Ceti", "SystemAddress":800751339875, "StarClass":"G" }
{ "timestamp":"2023-10-26T10:16:48Z", "event":"ShipLocker", "Items":[  ], "Components":[  ], "Consumables":[  ], "Data":[  ] }
{ "timestamp":"2023-10-26T10:16:48Z", "event":"Music", "MusicTrack":"NoTrack" }
{ "timestamp":"2023-10-26T10:16:49Z", "event":"NavRouteClear" }
{ "timestamp":"2023-10-26T10:17:01Z", "event":"ReceiveText", "From":"", "Message":"$COMMS_entered:#name=64 Ceti;", "Message_Localised":"Entered Channel: 64 Ceti", "Channel":"npc" }
{ "timestamp":"2023-10-26T10:17:01Z", "event":"FSSSignalDiscovered", "SystemAddress":800751339875, "SignalName":"Avalon Mobile Security Branch", "SignalType":"Installation" }
{ "timestamp":"2023-10-26T10:17:01Z", "event":"FSSSignalDiscovered", "SystemAddress":800751339875, "SignalName":"WATCHMAN KNK-28M", "SignalType":"FleetCarrier", "IsStation":true }
{ "timestamp":"2023-10-26T10:17:01Z", "event":"FSSSignalDiscovered", "SystemAddress":800751339875, "SignalName":"$MULTIPLAYER_SCENARIO14_TITLE;", "SignalName_Localised":"Resource Extraction Site", "SignalType":"ResourceExtraction" }
{ "timestamp":"2023-10-26T10:17:01Z", "event":"FSSSignalDiscovered", "SystemAddress":800751339875, "SignalName":"jotnar F1N-83Z", "SignalType":"FleetCarrier", "IsStation":true }
{ "timestamp":"2023-10-26T10:17:01Z", "event":"FSSSignalDiscovered", "SystemAddress":800751339875, "SignalName":"BSG-87 PEGASUS H3K-7TB", "SignalType":"FleetCarrier", "IsStation":true }
{ "timestamp":"2023-10-26T10:17:01Z", "event":"FSSSignalDiscovered", "SystemAddress":800751339875, "SignalName":"MCRN DONNAGER K1B-87Z", "SignalType":"FleetCarrier", "IsStation":true }
{ "timestamp":"2023-10-26T10:17:01Z", "event":"FSSSignalDiscovered", "SystemAddress":800751339875, "SignalName":"Jensen Gateway", "SignalType":"StationBernalSphere", "IsStation":true }
{ "timestamp":"2023-10-26T10:17:01Z", "event":"FSSSignalDiscovered", "SystemAddress":800751339875, "SignalName":"Darwin Colony", "SignalType":"Installation" }
{ "timestamp":"2023-10-26T10:17:01Z", "event":"FSSSignalDiscovered", "SystemAddress":800751339875, "SignalName":"$MULTIPLAYER_SCENARIO42_TITLE;", "SignalName_Localised":"Nav Beacon", "SignalType":"NavBeacon" }
{ "timestamp":"2023-10-26T10:17:01Z", "event":"FSSSignalDiscovered", "SystemAddress":800751339875, "SignalName":"PAZUTRGER X1H-45H", "SignalType":"FleetCarrier", "IsStation":true }
{ "timestamp":"2023-10-26T10:17:01Z", "event":"FSSSignalDiscovered", "SystemAddress":800751339875, "SignalName":"KALI K8B-36F", "SignalType":"FleetCarrier", "IsStation":true }
{ "timestamp":"2023-10-26T10:17:01Z", "event":"FSSSignalDiscovered", "SystemAddress":800751339875, "SignalName":"64 CETI Dionysus-class Cropper", "SignalType":"Megaship" }
{ "timestamp":"2023-10-26T10:17:01Z", "event":"FSSSignalDiscovered", "SystemAddress":800751339875, "SignalName":"Grand Ridge Pastures", "SignalType":"Installation" }
{ "timestamp":"2023-10-26T10:17:01Z", "event":"FSDJump", "Taxi":false, "Multicrew":false, "StarSystem":"64 Ceti", "SystemAddress":800751339875, "StarPos":[-37.06250,-100.06250,-79.12500], "SystemAllegiance":"Independent", "SystemEconomy":"$economy_Industrial;", "SystemEconomy_Localised":"Industrial", "SystemSecondEconomy":"$economy_Extraction;", "SystemSecondEconomy_Localised":"Extraction", "SystemGovernment":"$government_Corporate;", "SystemGovernment_Localised":"Corporate", "SystemSecurity":"$SYSTEM_SECURITY_medium;", "SystemSecurity_Localised":"Medium Security", "Population":5128504, "Body":"64 Ceti A", "BodyID":2, "BodyType":"Star", "JumpDist":5.578, "FuelUsed":0.273869, "FuelLevel":15.303229, "Factions":[ { "Name":"64 Ceti Independents", "FactionState":"None", "Government":"Democracy", "Influence":0.044580, "Allegiance":"Federation", "Happiness":"$Faction_HappinessBand2;", "Happiness_Localised":"Happy", "MyReputation":0.990000 }, { "Name":"Independents of HIP 9599", "FactionState":"None", "Government":"Democracy", "Influence":0.161094, "Allegiance":"Federation", "Happiness":"$Faction_HappinessBand2;", "Happiness_Localised":"Happy", "MyReputation":3.044400 }, { "Name":"Nationals of 64 Ceti", "FactionState":"None", "Government":"Dictatorship", "Influence":0.021277, "Allegiance":"Independent", "Happiness":"$Faction_HappinessBand2;", "Happiness_Localised":"Happy", "MyReputation":0.000000 }, { "Name":"Worster Insurance", "FactionState":"None", "Government":"Corporate", "Influence":0.026342, "Allegiance":"Independent", "Happiness":"$Faction_HappinessBand2;", "Happiness_Localised":"Happy", "MyReputation":3.010000 }, { "Name":"Autocracy of 64 Ceti", "FactionState":"None", "Government":"Dictatorship", "Influence":0.037487, "Allegiance":"Independent", "Happiness":"$Faction_HappinessBand2;", "Happiness_Localised":"Happy", "MyReputation":0.000000 }, { "Name":"64 Ceti Jet Dynamic PLC", "FactionState":"None", "Government":"Corporate", "Influence":0.045593, "Allegiance":"Independent", "Happiness":"$Faction_HappinessBand2;", "Happiness_Localised":"Happy", "MyReputation":0.000000 }, { "Name":"The Wild Bunch", "FactionState":"Boom", "Government":"Corporate", "Influence":0.663627, "Allegiance":"Independent", "Happiness":"$Faction_HappinessBand2;", "Happiness_Localised":"Happy", "MyReputation":7.196190, "RecoveringStates":[ { "State":"InfrastructureFailure", "Trend":0 } ], "ActiveStates":[ { "State":"Boom" } ] } ], "SystemFaction":{ "Name":"The Wild Bunch", "FactionState":"Boom" } }
{ "timestamp":"2023-10-26T10:17:02Z", "event":"ShipLocker", "Items":[  ], "Components":[  ], "Consumables":[  ], "Data":[  ] }
{ "timestamp":"2023-10-26T10:17:02Z", "event":"Music", "MusicTrack":"Supercruise" }
{ "timestamp":"2023-10-26T10:17:32Z", "event":"FuelScoop", "Scooped":0.451925, "Total":15.755164 }
{ "timestamp":"2023-10-26T10:19:40Z", "event":"SupercruiseDestinationDrop", "Type":"Jensen Gateway", "Threat":0, "MarketID":3223182848 }
{ "timestamp":"2023-10-26T10:19:42Z", "event":"FSSSignalDiscovered", "SystemAddress":800751339875, "SignalName":"Avalon Mobile Security Branch", "SignalType":"Installation" }
{ "timestamp":"2023-10-26T10:19:42Z", "event":"FSSSignalDiscovered", "SystemAddress":800751339875, "SignalName":"WATCHMAN KNK-28M", "SignalType":"FleetCarrier", "IsStation":true }
{ "timestamp":"2023-10-26T10:19:42Z", "event":"FSSSignalDiscovered", "SystemAddress":800751339875, "SignalName":"$MULTIPLAYER_SCENARIO14_TITLE;", "SignalName_Localised":"Resource Extraction Site", "SignalType":"ResourceExtraction" }
{ "timestamp":"2023-10-26T10:19:42Z", "event":"FSSSignalDiscovered", "SystemAddress":800751339875, "SignalName":"jotnar F1N-83Z", "SignalType":"FleetCarrier", "IsStation":true }
{ "timestamp":"2023-10-26T10:19:42Z", "event":"FSSSignalDiscovered", "SystemAddress":800751339875, "SignalName":"BSG-87 PEGASUS H3K-7TB", "SignalType":"FleetCarrier", "IsStation":true }
{ "timestamp":"2023-10-26T10:19:42Z", "event":"FSSSignalDiscovered", "SystemAddress":800751339875, "SignalName":"MCRN DONNAGER K1B-87Z", "SignalType":"FleetCarrier", "IsStation":true }
{ "timestamp":"2023-10-26T10:19:42Z", "event":"FSSSignalDiscovered", "SystemAddress":800751339875, "SignalName":"Jensen Gateway", "SignalType":"StationBernalSphere", "IsStation":true }
{ "timestamp":"2023-10-26T10:19:42Z", "event":"FSSSignalDiscovered", "SystemAddress":800751339875, "SignalName":"Darwin Colony", "SignalType":"Installation" }
{ "timestamp":"2023-10-26T10:19:42Z", "event":"FSSSignalDiscovered", "SystemAddress":800751339875, "SignalName":"$MULTIPLAYER_SCENARIO42_TITLE;", "SignalName_Localised":"Nav Beacon", "SignalType":"NavBeacon" }
{ "timestamp":"2023-10-26T10:19:42Z", "event":"FSSSignalDiscovered", "SystemAddress":800751339875, "SignalName":"PAZUTRGER X1H-45H", "SignalType":"FleetCarrier", "IsStation":true }
{ "timestamp":"2023-10-26T10:19:42Z", "event":"FSSSignalDiscovered", "SystemAddress":800751339875, "SignalName":"KALI K8B-36F", "SignalType":"FleetCarrier", "IsStation":true }
{ "timestamp":"2023-10-26T10:19:42Z", "event":"FSSSignalDiscovered", "SystemAddress":800751339875, "SignalName":"64 CETI Dionysus-class Cropper", "SignalType":"Megaship" }
{ "timestamp":"2023-10-26T10:19:42Z", "event":"FSSSignalDiscovered", "SystemAddress":800751339875, "SignalName":"Grand Ridge Pastures", "SignalType":"Installation" }
{ "timestamp":"2023-10-26T10:19:42Z", "event":"SupercruiseExit", "Taxi":false, "Multicrew":false, "StarSystem":"64 Ceti", "SystemAddress":800751339875, "Body":"Jensen Gateway", "BodyID":26, "BodyType":"Station" }
{ "timestamp":"2023-10-26T10:19:42Z", "event":"ShipLocker", "Items":[  ], "Components":[  ], "Consumables":[  ], "Data":[  ] }
{ "timestamp":"2023-10-26T10:19:42Z", "event":"Music", "MusicTrack":"DestinationFromSupercruise" }
{ "timestamp":"2023-10-26T10:19:47Z", "event":"Music", "MusicTrack":"NoTrack" }
{ "timestamp":"2023-10-26T10:19:50Z", "event":"ReceiveText", "From":"Jensen Gateway", "Message":"$DockingFailed_Distance:#distance=7500;", "Message_Localised":"Docking request denied: please approach to 7500m", "Channel":"npc" }
{ "timestamp":"2023-10-26T10:19:50Z", "event":"DockingDenied", "Reason":"Distance", "MarketID":3223182848, "StationName":"Jensen Gateway", "StationType":"Ocellus" }
{ "timestamp":"2023-10-26T10:20:00Z", "event":"ReceiveText", "From":"Jensen Gateway", "Message":"$STATION_NoFireZone_entered;", "Message_Localised":"No fire zone entered.", "Channel":"npc" }
{ "timestamp":"2023-10-26T10:20:09Z", "event":"DockingRequested", "MarketID":3223182848, "StationName":"Jensen Gateway", "StationType":"Ocellus", "LandingPads":{ "Small":17, "Medium":18, "Large":9 } }
{ "timestamp":"2023-10-26T10:20:10Z", "event":"ReceiveText", "From":"Jensen Gateway", "Message":"$DockingChatter_Cordial;", "Message_Localised":"Welcome back, Commander.", "Channel":"npc" }
{ "timestamp":"2023-10-26T10:20:10Z", "event":"ReceiveText", "From":"Jensen Gateway", "Message":"$STATION_docking_granted;", "Message_Localised":"Docking request granted.", "Channel":"npc" }
{ "timestamp":"2023-10-26T10:20:10Z", "event":"DockingGranted", "LandingPad":34, "MarketID":3223182848, "StationName":"Jensen Gateway", "StationType":"Ocellus" }
{ "timestamp":"2023-10-26T10:20:43Z", "event":"ShipTargeted", "TargetLocked":true, "Ship":"eagle", "ScanStage":0 }
{ "timestamp":"2023-10-26T10:20:44Z", "event":"ShipTargeted", "TargetLocked":true, "Ship":"eagle", "ScanStage":1, "PilotName":"$npc_name_decorate:#name=Simon Hull;", "PilotName_Localised":"Simon Hull", "PilotRank":"Competent" }
{ "timestamp":"2023-10-26T10:20:46Z", "event":"ShipTargeted", "TargetLocked":true, "Ship":"eagle", "ScanStage":2, "PilotName":"$npc_name_decorate:#name=Simon Hull;", "PilotName_Localised":"Simon Hull", "PilotRank":"Competent", "ShieldHealth":100.000000, "HullHealth":100.000000 }
{ "timestamp":"2023-10-26T10:20:48Z", "event":"ShipTargeted", "TargetLocked":true, "Ship":"eagle", "ScanStage":3, "PilotName":"$npc_name_decorate:#name=Simon Hull;", "PilotName_Localised":"Simon Hull", "PilotRank":"Competent", "ShieldHealth":100.000000, "HullHealth":100.000000, "Faction":"Independents of HIP 9599", "LegalStatus":"Clean" }
{ "timestamp":"2023-10-26T10:20:51Z", "event":"ShipTargeted", "TargetLocked":false }
{ "timestamp":"2023-10-26T10:20:54Z", "event":"ShipTargeted", "TargetLocked":true, "Ship":"asp", "Ship_Localised":"Asp Explorer", "ScanStage":0 }
{ "timestamp":"2023-10-26T10:20:55Z", "event":"ShipTargeted", "TargetLocked":true, "Ship":"asp", "Ship_Localised":"Asp Explorer", "ScanStage":1, "PilotName":"$npc_name_decorate:#name=Johnny Maloney;", "PilotName_Localised":"Johnny Maloney", "PilotRank":"Deadly" }
{ "timestamp":"2023-10-26T10:20:57Z", "event":"ShipTargeted", "TargetLocked":true, "Ship":"asp", "Ship_Localised":"Asp Explorer", "ScanStage":2, "PilotName":"$npc_name_decorate:#name=Johnny Maloney;", "PilotName_Localised":"Johnny Maloney", "PilotRank":"Deadly", "ShieldHealth":100.000000, "HullHealth":100.000000 }
{ "timestamp":"2023-10-26T10:20:59Z", "event":"ShipTargeted", "TargetLocked":true, "Ship":"asp", "Ship_Localised":"Asp Explorer", "ScanStage":3, "PilotName":"$npc_name_decorate:#name=Johnny Maloney;", "PilotName_Localised":"Johnny Maloney", "PilotRank":"Deadly", "ShieldHealth":100.000000, "HullHealth":100.000000, "Faction":"Independents of HIP 9599", "LegalStatus":"Clean" }
{ "timestamp":"2023-10-26T10:21:01Z", "event":"ShipTargeted", "TargetLocked":true, "Ship":"viper", "Ship_Localised":"Viper Mk III", "ScanStage":0 }
{ "timestamp":"2023-10-26T10:21:01Z", "event":"ShipTargeted", "TargetLocked":true, "Ship":"viper", "Ship_Localised":"Viper Mk III", "ScanStage":1, "PilotName":"$ShipName_Police_Independent;", "PilotName_Localised":"System Authority Vessel", "PilotRank":"Elite" }
{ "timestamp":"2023-10-26T10:21:04Z", "event":"ShipTargeted", "TargetLocked":true, "Ship":"viper", "Ship_Localised":"Viper Mk III", "ScanStage":2, "PilotName":"$ShipName_Police_Independent;", "PilotName_Localised":"System Authority Vessel", "PilotRank":"Elite", "ShieldHealth":100.000000, "HullHealth":100.000000 }
{ "timestamp":"2023-10-26T10:21:06Z", "event":"ShipTargeted", "TargetLocked":true, "Ship":"viper", "Ship_Localised":"Viper Mk III", "ScanStage":3, "PilotName":"$ShipName_Police_Independent;", "PilotName_Localised":"System Authority Vessel", "PilotRank":"Elite", "ShieldHealth":100.000000, "HullHealth":100.000000, "Faction":"The Wild Bunch", "LegalStatus":"Clean" }
{ "timestamp":"2023-10-26T10:21:08Z", "event":"ShipTargeted", "TargetLocked":true, "Ship":"asp", "Ship_Localised":"Asp Explorer", "ScanStage":3, "PilotName":"$npc_name_decorate:#name=Johnny Maloney;", "PilotName_Localised":"Johnny Maloney", "PilotRank":"Deadly", "ShieldHealth":100.000000, "HullHealth":100.000000, "Faction":"Independents of HIP 9599", "LegalStatus":"Clean" }
{ "timestamp":"2023-10-26T10:21:10Z", "event":"ShipTargeted", "TargetLocked":false }
{ "timestamp":"2023-10-26T10:21:40Z", "event":"ReceiveText", "From":"$npc_name_decorate:#name=Whykay;", "From_Localised":"Whykay", "Message":"$Smuggler_NearDeath03;", "Message_Localised":"You almost had me there!", "Channel":"npc" }
{ "timestamp":"2023-10-26T10:22:08Z", "event":"Music", "MusicTrack":"Starport" }
{ "timestamp":"2023-10-26T10:22:17Z", "event":"ShipTargeted", "TargetLocked":true, "Ship":"type7", "Ship_Localised":"Type-7 Transporter", "ScanStage":0 }
{ "timestamp":"2023-10-26T10:22:18Z", "event":"ShipTargeted", "TargetLocked":true, "Ship":"type7", "Ship_Localised":"Type-7 Transporter", "ScanStage":1, "PilotName":"$npc_name_decorate:#name=Julius;", "PilotName_Localised":"Julius", "PilotRank":"Expert" }
{ "timestamp":"2023-10-26T10:22:20Z", "event":"ShipTargeted", "TargetLocked":true, "Ship":"type7", "Ship_Localised":"Type-7 Transporter", "ScanStage":2, "PilotName":"$npc_name_decorate:#name=Julius;", "PilotName_Localised":"Julius", "PilotRank":"Expert", "ShieldHealth":100.000000, "HullHealth":100.000000 }
{ "timestamp":"2023-10-26T10:22:22Z", "event":"ShipTargeted", "TargetLocked":true, "Ship":"type7", "Ship_Localised":"Type-7 Transporter", "ScanStage":3, "PilotName":"$npc_name_decorate:#name=Julius;", "PilotName_Localised":"Julius", "PilotRank":"Expert", "ShieldHealth":100.000000, "HullHealth":100.000000, "Faction":"Independents of HIP 9599", "LegalStatus":"Clean" }
{ "timestamp":"2023-10-26T10:22:24Z", "event":"ShipTargeted", "TargetLocked":false }
{ "timestamp":"2023-10-26T10:23:06Z", "event":"Docked", "StationName":"Jensen Gateway", "StationType":"Ocellus", "Taxi":false, "Multicrew":false, "StarSystem":"64 Ceti", "SystemAddress":800751339875, "MarketID":3223182848, "StationFaction":{ "Name":"The Wild Bunch", "FactionState":"Boom" }, "StationGovernment":"$government_Corporate;", "StationGovernment_Localised":"Corporate", "StationServices":[ "dock", "autodock", "commodities", "contacts", "exploration", "missions", "outfitting", "crewlounge", "rearm", "refuel", "repair", "shipyard", "tuning", "engineer", "missionsgenerated", "flightcontroller", "stationoperations", "powerplay", "searchrescue", "materialtrader", "stationMenu", "shop", "livery", "socialspace", "bartender", "vistagenomics", "pioneersupplies", "apexinterstellar", "frontlinesolutions" ], "StationEconomy":"$economy_Industrial;", "StationEconomy_Localised":"Industrial", "StationEconomies":[ { "Name":"$economy_Industrial;", "Name_Localised":"Industrial", "Proportion":0.770000 }, { "Name":"$economy_Extraction;", "Name_Localised":"Extraction", "Proportion":0.230000 } ], "DistFromStarLS":496.664002, "LandingPads":{ "Small":17, "Medium":18, "Large":9 } }
{ "timestamp":"2023-10-26T10:23:08Z", "event":"RefuelAll", "Cost":21, "Amount":0.391971 }
{ "timestamp":"2023-10-26T10:23:09Z", "event":"BuyAmmo", "Cost":25 }
{ "timestamp":"2023-10-26T10:23:48Z", "event":"Outfitting", "MarketID":3223182848, "StationName":"Jensen Gateway", "StarSystem":"64 Ceti" }
{ "timestamp":"2023-10-26T10:23:48Z", "event":"StoredModules", "MarketID":3223182848, "StationName":"Jensen Gateway", "StarSystem":"64 Ceti", "Items":[ { "Name":"$int_cargorack_size2_class1_name;", "Name_Localised":"Cargo Rack", "StorageSlot":197, "StarSystem":"64 Ceti", "MarketID":3223182848, "TransferCost":0, "TransferTime":0, "BuyPrice":2763, "Hot":false }, { "Name":"$int_cargorack_size3_class1_name;", "Name_Localised":"Cargo Rack", "StorageSlot":198, "StarSystem":"64 Ceti", "MarketID":3223182848, "TransferCost":0, "TransferTime":0, "BuyPrice":8978, "Hot":false }, { "Name":"$int_cargorack_size3_class1_name;", "Name_Localised":"Cargo Rack", "StorageSlot":199, "StarSystem":"64 Ceti", "MarketID":3223182848, "TransferCost":0, "TransferTime":0, "BuyPrice":8978, "Hot":false }, { "Name":"$int_engine_size4_class1_name;", "Name_Localised":"Thrusters", "StorageSlot":200, "StarSystem":"64 Ceti", "MarketID":3223182848, "TransferCost":0, "TransferTime":0, "BuyPrice":16896, "Hot":false } ] }
{ "timestamp":"2023-10-26T10:23:56Z", "event":"ModuleSell", "MarketID":3223182848, "Slot":"TinyHardpoint2", "SellItem":"$hpt_cloudscanner_size0_class1_name;", "SellItem_Localised":"Wake Scanner", "SellPrice":11513, "Ship":"cobramkiii", "ShipID":3 }
{ "timestamp":"2023-10-26T10:24:26Z", "event":"ModuleBuy", "Slot":"TinyHardpoint2", "BuyItem":"$hpt_crimescanner_size0_class1_name;", "BuyItem_Localised":"K-Warrant Scanner", "MarketID":3223182848, "BuyPrice":11513, "Ship":"cobramkiii", "ShipID":3 }
{ "timestamp":"2023-10-26T10:25:25Z", "event":"ModuleBuy", "Slot":"Slot04_Size2", "BuyItem":"$int_fsdinterdictor_size1_class1_name;", "BuyItem_Localised":"FSD Interdictor", "MarketID":3223182848, "BuyPrice":10200, "Ship":"cobramkiii", "ShipID":3 }
{ "timestamp":"2023-10-26T10:26:17Z", "event":"ModuleBuy", "Slot":"FrameShiftDrive", "StoredItem":"$int_hyperdrive_size4_class2_name;", "StoredItem_Localised":"FSD", "BuyItem":"$int_hyperdrive_size4_class3_name;", "BuyItem_Localised":"FSD", "MarketID":3223182848, "BuyPrice":152064, "Ship":"cobramkiii", "ShipID":3 }
{ "timestamp":"2023-10-26T10:26:26Z", "event":"ModuleSellRemote", "StorageSlot":196, "SellItem":"$int_hyperdrive_size4_class2_name;", "SellItem_Localised":"FSD", "ServerId":128064114, "SellPrice":50689, "Ship":"cobramkiii", "ShipID":3 }
{ "timestamp":"2023-10-26T10:26:26Z", "event":"StoredModules", "MarketID":3223182848, "StationName":"Jensen Gateway", "StarSystem":"64 Ceti", "Items":[ { "Name":"$int_engine_size4_class1_name;", "Name_Localised":"Thrusters", "StorageSlot":200, "StarSystem":"64 Ceti", "MarketID":3223182848, "TransferCost":0, "TransferTime":0, "BuyPrice":16896, "Hot":false }, { "Name":"$int_cargorack_size3_class1_name;", "Name_Localised":"Cargo Rack", "StorageSlot":199, "StarSystem":"64 Ceti", "MarketID":3223182848, "TransferCost":0, "TransferTime":0, "BuyPrice":8978, "Hot":false }, { "Name":"$int_cargorack_size3_class1_name;", "Name_Localised":"Cargo Rack", "StorageSlot":198, "StarSystem":"64 Ceti", "MarketID":3223182848, "TransferCost":0, "TransferTime":0, "BuyPrice":8978, "Hot":false }, { "Name":"$int_cargorack_size2_class1_name;", "Name_Localised":"Cargo Rack", "StorageSlot":197, "StarSystem":"64 Ceti", "MarketID":3223182848, "TransferCost":0, "TransferTime":0, "BuyPrice":2763, "Hot":false } ] }
{ "timestamp":"2023-10-26T10:26:31Z", "event":"ModuleSellRemote", "StorageSlot":200, "SellItem":"$int_engine_size4_class1_name;", "SellItem_Localised":"Thrusters", "ServerId":128064078, "SellPrice":16896, "Ship":"cobramkiii", "ShipID":3 }
{ "timestamp":"2023-10-26T10:26:31Z", "event":"StoredModules", "MarketID":3223182848, "StationName":"Jensen Gateway", "StarSystem":"64 Ceti", "Items":[ { "Name":"$int_cargorack_size3_class1_name;", "Name_Localised":"Cargo Rack", "StorageSlot":199, "StarSystem":"64 Ceti", "MarketID":3223182848, "TransferCost":0, "TransferTime":0, "BuyPrice":8978, "Hot":false }, { "Name":"$int_cargorack_size3_class1_name;", "Name_Localised":"Cargo Rack", "StorageSlot":198, "StarSystem":"64 Ceti", "MarketID":3223182848, "TransferCost":0, "TransferTime":0, "BuyPrice":8978, "Hot":false }, { "Name":"$int_cargorack_size2_class1_name;", "Name_Localised":"Cargo Rack", "StorageSlot":197, "StarSystem":"64 Ceti", "MarketID":3223182848, "TransferCost":0, "TransferTime":0, "BuyPrice":2763, "Hot":false } ] }
{ "timestamp":"2023-10-26T10:26:35Z", "event":"Loadout", "Ship":"cobramkiii", "ShipID":3, "ShipName":"NICEYFLY MK.III", "ShipIdent":"N3CEY", "HullValue":157888, "ModulesValue":498368, "HullHealth":1.000000, "UnladenMass":229.899994, "CargoCapacity":0, "MaxJumpRange":16.647535, "FuelCapacity":{ "Main":16.000000, "Reserve":0.490000 }, "Rebuy":30279, "Modules":[ { "Slot":"MediumHardpoint1", "Item":"hpt_pulselaser_fixed_small", "On":true, "Priority":3, "Health":1.000000, "Value":1870 }, { "Slot":"MediumHardpoint2", "Item":"hpt_pulselaser_fixed_small", "On":true, "Priority":3, "Health":1.000000, "Value":1870 }, { "Slot":"SmallHardpoint1", "Item":"hpt_cannon_fixed_small", "On":true, "Priority":3, "AmmoInClip":6, "AmmoInHopper":120, "Health":1.000000, "Value":17935 }, { "Slot":"SmallHardpoint2", "Item":"hpt_cannon_fixed_small", "On":true, "Priority":3, "AmmoInClip":6, "AmmoInHopper":120, "Health":1.000000, "Value":17935 }, { "Slot":"TinyHardpoint1", "Item":"hpt_heatsinklauncher_turret_tiny", "On":true, "Priority":1, "AmmoInClip":1, "AmmoInHopper":2, "Health":1.000000, "Value":2975 }, { "Slot":"TinyHardpoint2", "Item":"hpt_crimescanner_size0_class1", "On":true, "Priority":0, "Health":1.000000, "Value":11513 }, { "Slot":"PaintJob", "Item":"paintjob_cobramkiii_25thanniversary_01", "On":true, "Priority":1, "Health":1.000000 }, { "Slot":"Armour", "Item":"cobramkiii_armour_grade1", "On":true, "Priority":1, "Health":1.000000 }, { "Slot":"PowerPlant", "Item":"int_powerplant_size4_class2", "On":true, "Priority":1, "Health":1.000000, "Value":45373 }, { "Slot":"MainEngines", "Item":"int_engine_size4_class2", "On":true, "Priority":0, "Health":1.000000, "Value":50689 }, { "Slot":"FrameShiftDrive", "Item":"int_hyperdrive_size4_class3", "On":true, "Priority":0, "Health":1.000000, "Value":50689 }, { "Slot":"LifeSupport", "Item":"int_lifesupport_size3_class1", "On":true, "Priority":0, "Health":1.000000, "Value":3445 }, { "Slot":"PowerDistributor", "Item":"int_powerdistributor_size3_class1", "On":true, "Priority":0, "Health":1.000000, "Value":3445 }, { "Slot":"Radar", "Item":"int_sensors_size3_class1", "On":true, "Priority":2, "Health":1.000000, "Value":3445 }, { "Slot":"FuelTank", "Item":"int_fueltank_size4_class3", "On":true, "Priority":1, "Health":1.000000, "Value":21023 }, { "Slot":"Slot03_Size4", "Item":"int_shieldgenerator_size3_class3_fast", "On":true, "Priority":1, "Health":1.000000, "Value":71956 }, { "Slot":"Slot04_Size2", "Item":"int_fsdinterdictor_size1_class1", "On":true, "Priority":0, "Health":1.000000 }, { "Slot":"Slot05_Size2", "Item":"int_fuelscoop_size2_class2", "On":true, "Priority":1, "Health":1.000000, "Value":3784 }, { "Slot":"Slot06_Size2", "Item":"int_repairer_size1_class1", "On":true, "Priority":1, "Health":1.000000, "Value":8500 }, { "Slot":"Slot07_Size1", "Item":"int_supercruiseassist", "On":true, "Priority":2, "Health":1.000000, "Value":7752 }, { "Slot":"Slot08_Size1", "Item":"int_dockingcomputer_advanced", "On":true, "Priority":1, "Health":1.000000, "Value":11480 }, { "Slot":"PlanetaryApproachSuite", "Item":"int_planetapproachsuite_advanced", "On":true, "Priority":1, "Health":1.000000, "Value":425 }, { "Slot":"VesselVoice", "Item":"voicepack_victor", "On":true, "Priority":1, "Health":1.000000 }, { "Slot":"ShipCockpit", "Item":"cobramkiii_cockpit", "On":true, "Priority":1, "Health":1.000000 }, { "Slot":"CargoHatch", "Item":"modularcargobaydoor", "On":true, "Priority":3, "Health":1.000000 } ] }
{ "timestamp":"2023-10-26T10:26:56Z", "event":"ModuleInfo" }
{ "timestamp":"2023-10-26T10:27:59Z", "event":"ReceiveText", "From":"$npc_name_decorate:#name=Illeris;", "From_Localised":"Illeris", "Message":"$Commuter_HostileScan03;", "Message_Localised":"We have no valuable cargo onboard, please halt your scan.", "Channel":"npc" }
{ "timestamp":"2023-10-26T10:28:48Z", "event":"Music", "MusicTrack":"GalaxyMap" }
{ "timestamp":"2023-10-26T10:28:52Z", "event":"NavRoute" }
{ "timestamp":"2023-10-26T10:28:52Z", "event":"FSDTarget", "Name":"HIP 9599", "SystemAddress":908419076802, "StarClass":"K", "RemainingJumpsInRoute":3 }
{ "timestamp":"2023-10-26T10:29:03Z", "event":"FSDTarget", "Name":"54 Ceti", "SystemAddress":491513694563, "StarClass":"F", "RemainingJumpsInRoute":1 }
{ "timestamp":"2023-10-26T10:29:11Z", "event":"NavRoute" }
{ "timestamp":"2023-10-26T10:29:11Z", "event":"FSDTarget", "Name":"Ceti Sector VO-A c13", "SystemAddress":3657198146242, "StarClass":"TTS", "RemainingJumpsInRoute":1 }
{ "timestamp":"2023-10-26T10:29:18Z", "event":"NavRoute" }
{ "timestamp":"2023-10-26T10:29:18Z", "event":"FSDTarget", "Name":"HIP 11182", "SystemAddress":1733052797634, "StarClass":"K", "RemainingJumpsInRoute":1 }
{ "timestamp":"2023-10-26T10:29:24Z", "event":"NavRouteClear" }
{ "timestamp":"2023-10-26T10:29:38Z", "event":"BuyTradeData", "System":"HIP 9599", "Cost":100 }
{ "timestamp":"2023-10-26T10:29:44Z", "event":"FSDTarget", "Name":"HIP 9599", "SystemAddress":908419076802, "StarClass":"K" }
{ "timestamp":"2023-10-26T10:30:18Z", "event":"Music", "MusicTrack":"Starport" }
{ "timestamp":"2023-10-26T10:30:34Z", "event":"Outfitting", "MarketID":3223182848, "StationName":"Jensen Gateway", "StarSystem":"64 Ceti" }
{ "timestamp":"2023-10-26T10:30:34Z", "event":"StoredModules", "MarketID":3223182848, "StationName":"Jensen Gateway", "StarSystem":"64 Ceti", "Items":[ { "Name":"$int_cargorack_size3_class1_name;", "Name_Localised":"Cargo Rack", "StorageSlot":199, "StarSystem":"64 Ceti", "MarketID":3223182848, "TransferCost":0, "TransferTime":0, "BuyPrice":8978, "Hot":false }, { "Name":"$int_cargorack_size3_class1_name;", "Name_Localised":"Cargo Rack", "StorageSlot":198, "StarSystem":"64 Ceti", "MarketID":3223182848, "TransferCost":0, "TransferTime":0, "BuyPrice":8978, "Hot":false }, { "Name":"$int_cargorack_size2_class1_name;", "Name_Localised":"Cargo Rack", "StorageSlot":197, "StarSystem":"64 Ceti", "MarketID":3223182848, "TransferCost":0, "TransferTime":0, "BuyPrice":2763, "Hot":false } ] }
{ "timestamp":"2023-10-26T10:34:45Z", "event":"Undocked", "StationName":"Jensen Gateway", "StationType":"Ocellus", "MarketID":3223182848, "Taxi":false, "Multicrew":false }
{ "timestamp":"2023-10-26T10:35:17Z", "event":"ShieldState", "ShieldsUp":false }
{ "timestamp":"2023-10-26T10:35:31Z", "event":"Music", "MusicTrack":"NoTrack" }
{ "timestamp":"2023-10-26T10:36:07Z", "event":"ShieldState", "ShieldsUp":true }
{ "timestamp":"2023-10-26T10:36:07Z", "event":"ReceiveText", "From":"Jensen Gateway", "Message":"$STATION_NoFireZone_exited;", "Message_Localised":"No fire zone exited.", "Channel":"npc" }
{ "timestamp":"2023-10-26T10:36:58Z", "event":"Scanned", "ScanType":"Cargo" }
{ "timestamp":"2023-10-26T10:37:11Z", "event":"StartJump", "JumpType":"Supercruise", "Taxi":false }
{ "timestamp":"2023-10-26T10:37:16Z", "event":"SupercruiseEntry", "Taxi":false, "Multicrew":false, "StarSystem":"64 Ceti", "SystemAddress":800751339875 }
{ "timestamp":"2023-10-26T10:37:16Z", "event":"ShipLocker", "Items":[  ], "Components":[  ], "Consumables":[  ], "Data":[  ] }
{ "timestamp":"2023-10-26T10:37:16Z", "event":"Music", "MusicTrack":"Supercruise" }
{ "timestamp":"2023-10-26T10:37:33Z", "event":"SupercruiseDestinationDrop", "Type":"Jensen Gateway", "Threat":0, "MarketID":3223182848 }
{ "timestamp":"2023-10-26T10:37:34Z", "event":"SupercruiseExit", "Taxi":false, "Multicrew":false, "StarSystem":"64 Ceti", "SystemAddress":800751339875, "Body":"Jensen Gateway", "BodyID":26, "BodyType":"Station" }
{ "timestamp":"2023-10-26T10:37:34Z", "event":"ShipLocker", "Items":[  ], "Components":[  ], "Consumables":[  ], "Data":[  ] }
{ "timestamp":"2023-10-26T10:37:34Z", "event":"Music", "MusicTrack":"DestinationFromSupercruise" }
{ "timestamp":"2023-10-26T10:37:39Z", "event":"Music", "MusicTrack":"NoTrack" }
{ "timestamp":"2023-10-26T10:37:59Z", "event":"ReceiveText", "From":"Jensen Gateway", "Message":"$STATION_NoFireZone_entered;", "Message_Localised":"No fire zone entered.", "Channel":"npc" }
{ "timestamp":"2023-10-26T10:38:14Z", "event":"DockingRequested", "MarketID":3223182848, "StationName":"Jensen Gateway", "StationType":"Ocellus", "LandingPads":{ "Small":17, "Medium":18, "Large":9 } }
{ "timestamp":"2023-10-26T10:38:14Z", "event":"ReceiveText", "From":"Jensen Gateway", "Message":"$DockingChatter_Cordial;", "Message_Localised":"Welcome back, Commander.", "Channel":"npc" }
{ "timestamp":"2023-10-26T10:38:14Z", "event":"ReceiveText", "From":"Jensen Gateway", "Message":"$STATION_docking_granted;", "Message_Localised":"Docking request granted.", "Channel":"npc" }
{ "timestamp":"2023-10-26T10:38:14Z", "event":"DockingGranted", "LandingPad":27, "MarketID":3223182848, "StationName":"Jensen Gateway", "StationType":"Ocellus" }
{ "timestamp":"2023-10-26T10:39:40Z", "event":"Music", "MusicTrack":"Starport" }
{ "timestamp":"2023-10-26T10:40:14Z", "event":"ReceiveText", "From":"Jensen Gateway", "Message":"$DockingPadBlockWarningComms;", "Message_Localised":"Loitering infraction detected, clear pad approach immediately to avoid lethal response", "Channel":"npc" }
{ "timestamp":"2023-10-26T10:40:30Z", "event":"Music", "MusicTrack":"DockingComputer" }
{ "timestamp":"2023-10-26T10:40:30Z", "event":"ReceiveText", "From":"Jensen Gateway", "Message":"$DockingOffenceCleared;", "Message_Localised":"Starport infractions cleared, docking privileges restored.", "Channel":"npc" }
{ "timestamp":"2023-10-26T10:40:45Z", "event":"Docked", "StationName":"Jensen Gateway", "StationType":"Ocellus", "Taxi":false, "Multicrew":false, "StarSystem":"64 Ceti", "SystemAddress":800751339875, "MarketID":3223182848, "StationFaction":{ "Name":"The Wild Bunch", "FactionState":"Boom" }, "StationGovernment":"$government_Corporate;", "StationGovernment_Localised":"Corporate", "StationServices":[ "dock", "autodock", "commodities", "contacts", "exploration", "missions", "outfitting", "crewlounge", "rearm", "refuel", "repair", "shipyard", "tuning", "engineer", "missionsgenerated", "flightcontroller", "stationoperations", "powerplay", "searchrescue", "materialtrader", "stationMenu", "shop", "livery", "socialspace", "bartender", "vistagenomics", "pioneersupplies", "apexinterstellar", "frontlinesolutions" ], "StationEconomy":"$economy_Industrial;", "StationEconomy_Localised":"Industrial", "StationEconomies":[ { "Name":"$economy_Industrial;", "Name_Localised":"Industrial", "Proportion":0.770000 }, { "Name":"$economy_Extraction;", "Name_Localised":"Extraction", "Proportion":0.230000 } ], "DistFromStarLS":496.586959, "LandingPads":{ "Small":17, "Medium":18, "Large":9 } }
{ "timestamp":"2023-10-26T10:40:45Z", "event":"Music", "MusicTrack":"Starport" }
{ "timestamp":"2023-10-26T10:41:00Z", "event":"RefuelAll", "Cost":10, "Amount":0.075974 }
{ "timestamp":"2023-10-26T10:41:11Z", "event":"ModuleInfo" }
{ "timestamp":"2023-10-26T10:41:27Z", "event":"ShieldState", "ShieldsUp":false }
{ "timestamp":"2023-10-26T10:41:38Z", "event":"Music", "MusicTrack":"Exploration" }
{ "timestamp":"2023-10-26T10:41:41Z", "event":"Shutdown" }
