{ "timestamp":"2023-12-05T18:33:20Z", "event":"Fileheader", "part":1, "language":"English/UK", "Odyssey":true, "gameversion":"4.0.0.1700", "build":"r297330/r0 " }
{ "timestamp":"2023-12-05T18:36:22Z", "event":"Commander", "FID":"F10668416", "Name":"NICEYGY" }
{ "timestamp":"2023-12-05T18:36:22Z", "event":"Materials", "Raw":[ { "Name":"carbon", "Count":6 }, { "Name":"manganese", "Count":3 }, { "Name":"phosphorus", "Count":6 }, { "Name":"sulphur", "Count":12 }, { "Name":"nickel", "Count":6 }, { "Name":"iron", "Count":3 }, { "Name":"chromium", "Count":3 }, { "Name":"lead", "Count":3 } ], "Manufactured":[ { "Name":"uncutfocuscrystals", "Name_Localised":"Flawed Focus Crystals", "Count":3 }, { "Name":"mechanicalequipment", "Name_Localised":"Mechanical Equipment", "Count":3 }, { "Name":"heatconductionwiring", "Name_Localised":"Heat Conduction Wiring", "Count":3 } ], "Encoded":[ { "Name":"shielddensityreports", "Name_Localised":"Untypical Shield Scans", "Count":36 }, { "Name":"shieldsoakanalysis", "Name_Localised":"Inconsistent Shield Soak Analysis", "Count":39 }, { "Name":"shieldpatternanalysis", "Name_Localised":"Aberrant Shield Pattern Analysis", "Count":18 }, { "Name":"bulkscandata", "Name_Localised":"Anomalous Bulk Scan Data", "Count":30 }, { "Name":"shieldcyclerecordings", "Name_Localised":"Distorted Shield Cycle Recordings", "Count":63 }, { "Name":"scanarchives", "Name_Localised":"Unidentified Scan Archives", "Count":9 }, { "Name":"emissiondata", "Name_Localised":"Unexpected Emission Data", "Count":12 }, { "Name":"scandatabanks", "Name_Localised":"Classified Scan Databanks", "Count":9 }, { "Name":"decodedemissiondata", "Name_Localised":"Decoded Emission Data", "Count":15 }, { "Name":"encodedscandata", "Name_Localised":"Divergent Scan Data", "Count":3 }, { "Name":"dataminedwake", "Name_Localised":"Datamined Wake Exceptions", "Count":3 }, { "Name":"fsdtelemetry", "Name_Localised":"Anomalous FSD Telemetry", "Count":3 }, { "Name":"hyperspacetrajectories", "Name_Localised":"Eccentric Hyperspace Trajectories", "Count":6 } ] }
{ "timestamp":"2023-12-05T18:36:22Z", "event":"Rank", "Combat":1, "Trade":5, "Explore":3, "Soldier":0, "Exobiologist":0, "Empire":0, "Federation":0, "CQC":0 }
{ "timestamp":"2023-12-05T18:36:22Z", "event":"Progress", "Combat":67, "Trade":30, "Explore":46, "Soldier":0, "Exobiologist":0, "Empire":27, "Federation":100, "CQC":0 }
{ "timestamp":"2023-12-05T18:36:22Z", "event":"Reputation", "Empire":3.288670, "Federation":20.013100, "Independent":0.000000, "Alliance":0.000000 }
{ "timestamp":"2023-12-05T18:36:22Z", "event":"EngineerProgress", "Engineers":[ { "Engineer":"Felicity Farseer", "EngineerID":300100, "Progress":"Invited" }, { "Engineer":"Liz Ryder", "EngineerID":300080, "Progress":"Known" }, { "Engineer":"The Dweller", "EngineerID":300180, "Progress":"Unlocked", "RankProgress":0, "Rank":1 }, { "Engineer":"Elvira Martuuk", "EngineerID":300160, "Progress":"Unlocked", "RankProgress":0, "Rank":1 }, { "Engineer":"Tod 'The Blaster' McQuinn", "EngineerID":300260, "Progress":"Unlocked", "RankProgress":0, "Rank":1 } ] }
{ "timestamp":"2023-12-05T18:36:23Z", "event":"LoadGame", "FID":"F10668416", "Commander":"NICEYGY", "Horizons":true, "Odyssey":false, "Ship":"Krait_MkII", "Ship_Localised":"Krait Mk II", "ShipID":8, "ShipName":"YOUR IMPENDING DOOM", "ShipIdent":"N8CEY", "FuelLevel":32.000000, "FuelCapacity":32.000000, "GameMode":"Open", "Credits":7906910, "Loan":0, "language":"English/UK", "gameversion":"4.0.0.1700", "build":"r297330/r0 " }
{ "timestamp":"2023-12-05T18:36:24Z", "event":"Statistics", "Bank_Account":{ "Current_Wealth":76327770, "Spent_On_Ships":83577463, "Spent_On_Outfitting":61792398, "Spent_On_Repairs":41328, "Spent_On_Fuel":24168, "Spent_On_Ammo_Consumables":84983, "Insurance_Claims":2, "Spent_On_Insurance":273146, "Owned_Ship_Count":3 }, "Combat":{ "Bounties_Claimed":73, "Bounty_Hunting_Profit":14865265, "Combat_Bonds":0, "Combat_Bond_Profits":0, "Assassinations":0, "Assassination_Profits":0, "Highest_Single_Reward":686995, "Skimmers_Killed":0 }, "Crime":{ "Notoriety":0, "Fines":3, "Total_Fines":71378, "Bounties_Received":1, "Total_Bounties":200, "Highest_Bounty":200 }, "Smuggling":{ "Black_Markets_Traded_With":0, "Black_Markets_Profits":0, "Resources_Smuggled":0, "Average_Profit":0, "Highest_Single_Transaction":0 }, "Trading":{ "Markets_Traded_With":6, "Market_Profits":2152116, "Resources_Traded":631, "Average_Profit":93570.260869565, "Highest_Single_Transaction":759720 }, "Mining":{ "Mining_Profits":579843, "Quantity_Mined":46, "Materials_Collected":297 }, "Exploration":{ "Systems_Visited":218, "Exploration_Profits":2282607, "Planets_Scanned_To_Level_2":514, "Planets_Scanned_To_Level_3":514, "Efficient_Scans":0, "Highest_Payout":146729, "Total_Hyperspace_Distance":6468, "Total_Hyperspace_Jumps":446, "Greatest_Distance_From_Start":202.02481379926, "Time_Played":260880 }, "Passengers":{ "Passengers_Missions_Accepted":98, "Passengers_Missions_Bulk":112, "Passengers_Missions_VIP":375, "Passengers_Missions_Delivered":487, "Passengers_Missions_Ejected":0 }, "Search_And_Rescue":{ "SearchRescue_Traded":0, "SearchRescue_Profit":0, "SearchRescue_Count":0 }, "Crafting":{ "Count_Of_Used_Engineers":0, "Recipes_Generated":0, "Recipes_Generated_Rank_1":0, "Recipes_Generated_Rank_2":0, "Recipes_Generated_Rank_3":0, "Recipes_Generated_Rank_4":0, "Recipes_Generated_Rank_5":0 }, "Crew":{ "NpcCrew_TotalWages":433418, "NpcCrew_Hired":1, "NpcCrew_Fired":0, "NpcCrew_Died":0 }, "Multicrew":{ "Multicrew_Time_Total":13714, "Multicrew_Gunner_Time_Total":4470, "Multicrew_Fighter_Time_Total":0, "Multicrew_Credits_Total":13535, "Multicrew_Fines_Total":100 }, "Material_Trader_Stats":{ "Trades_Completed":0, "Materials_Traded":0 } }
{ "timestamp":"2023-12-05T18:36:40Z", "event":"ReceiveText", "From":"", "Message":"$COMMS_entered:#name=64 Ceti;", "Message_Localised":"Entered Channel: 64 Ceti", "Channel":"npc" }
{ "timestamp":"2023-12-05T18:36:40Z", "event":"FSSSignalDiscovered", "SystemAddress":800751339875, "SignalName":"KALI K8B-36F", "SignalType":"FleetCarrier", "IsStation":true }
{ "timestamp":"2023-12-05T18:36:40Z", "event":"FSSSignalDiscovered", "SystemAddress":800751339875, "SignalName":"PAZUTRÄGER X1H-45H", "SignalType":"FleetCarrier", "IsStation":true }
{ "timestamp":"2023-12-05T18:36:40Z", "event":"FSSSignalDiscovered", "SystemAddress":800751339875, "SignalName":"$MULTIPLAYER_SCENARIO42_TITLE;", "SignalName_Localised":"Nav Beacon", "SignalType":"NavBeacon" }
{ "timestamp":"2023-12-05T18:36:40Z", "event":"FSSSignalDiscovered", "SystemAddress":800751339875, "SignalName":"Darwin Colony", "SignalType":"Installation" }
{ "timestamp":"2023-12-05T18:36:40Z", "event":"FSSSignalDiscovered", "SystemAddress":800751339875, "SignalName":"$MULTIPLAYER_SCENARIO14_TITLE;", "SignalName_Localised":"Resource Extraction Site", "SignalType":"ResourceExtraction" }
{ "timestamp":"2023-12-05T18:36:40Z", "event":"FSSSignalDiscovered", "SystemAddress":800751339875, "SignalName":"WATCHMAN KNK-28M", "SignalType":"FleetCarrier", "IsStation":true }
{ "timestamp":"2023-12-05T18:36:40Z", "event":"FSSSignalDiscovered", "SystemAddress":800751339875, "SignalName":"$Warzone_PointRace_Low:#index=1;", "SignalName_Localised":"Conflict Zone [Low Intensity]", "SignalType":"Combat" }
{ "timestamp":"2023-12-05T18:36:40Z", "event":"FSSSignalDiscovered", "SystemAddress":800751339875, "SignalName":"Avalon Mobile Security Branch", "SignalType":"Installation" }
{ "timestamp":"2023-12-05T18:36:40Z", "event":"FSSSignalDiscovered", "SystemAddress":800751339875, "SignalName":"Death & Gravity XBV-B6J", "SignalType":"FleetCarrier", "IsStation":true }
{ "timestamp":"2023-12-05T18:36:40Z", "event":"FSSSignalDiscovered", "SystemAddress":800751339875, "SignalName":"BSG-87 PEGASUS H3K-7TB", "SignalType":"FleetCarrier", "IsStation":true }
{ "timestamp":"2023-12-05T18:36:40Z", "event":"FSSSignalDiscovered", "SystemAddress":800751339875, "SignalName":"RAS-807 Dionysus-class Cropper", "SignalType":"Megaship" }
{ "timestamp":"2023-12-05T18:36:40Z", "event":"FSSSignalDiscovered", "SystemAddress":800751339875, "SignalName":"Jensen Gateway", "SignalType":"StationBernalSphere", "IsStation":true }
{ "timestamp":"2023-12-05T18:36:40Z", "event":"FSSSignalDiscovered", "SystemAddress":800751339875, "SignalName":"$Warzone_PointRace_Med:#index=1;", "SignalName_Localised":"Conflict Zone [Medium Intensity]", "SignalType":"Combat" }
{ "timestamp":"2023-12-05T18:36:40Z", "event":"FSSSignalDiscovered", "SystemAddress":800751339875, "SignalName":"Grand Ridge Pastures", "SignalType":"Installation" }
{ "timestamp":"2023-12-05T18:36:40Z", "event":"Location", "DistFromStarLS":507.160908, "Docked":false, "Taxi":false, "Multicrew":false, "StarSystem":"64 Ceti", "SystemAddress":800751339875, "StarPos":[-37.06250,-100.06250,-79.12500], "SystemAllegiance":"Independent", "SystemEconomy":"$economy_Industrial;", "SystemEconomy_Localised":"Industrial", "SystemSecondEconomy":"$economy_Extraction;", "SystemSecondEconomy_Localised":"Extraction", "SystemGovernment":"$government_Corporate;", "SystemGovernment_Localised":"Corporate", "SystemSecurity":"$SYSTEM_SECURITY_medium;", "SystemSecurity_Localised":"Medium Security", "Population":5128504, "Body":"64 Ceti ABC 2 A Ring", "BodyID":12, "BodyType":"PlanetaryRing", "Factions":[ { "Name":"64 Ceti Independents", "FactionState":"CivilWar", "Government":"Democracy", "Influence":0.074747, "Allegiance":"Federation", "Happiness":"$Faction_HappinessBand2;", "Happiness_Localised":"Happy", "MyReputation":16.830000, "ActiveStates":[ { "State":"Boom" }, { "State":"CivilWar" } ] }, { "Name":"Independents of HIP 9599", "FactionState":"None", "Government":"Democracy", "Influence":0.209091, "Allegiance":"Federation", "Happiness":"$Faction_HappinessBand2;", "Happiness_Localised":"Happy", "MyReputation":11.294400 }, { "Name":"Nationals of 64 Ceti", "FactionState":"None", "Government":"Dictatorship", "Influence":0.054545, "Allegiance":"Independent", "Happiness":"$Faction_HappinessBand2;", "Happiness_Localised":"Happy", "MyReputation":3.960000 }, { "Name":"Worster Insurance", "FactionState":"InfrastructureFailure", "Government":"Corporate", "Influence":0.032323, "Allegiance":"Independent", "Happiness":"$Faction_HappinessBand2;", "Happiness_Localised":"Happy", "MyReputation":10.600000, "ActiveStates":[ { "State":"InfrastructureFailure" } ] }, { "Name":"Autocracy of 64 Ceti", "FactionState":"None", "Government":"Dictatorship", "Influence":0.043434, "Allegiance":"Independent", "Happiness":"$Faction_HappinessBand2;", "Happiness_Localised":"Happy", "MyReputation":7.260000 }, { "Name":"64 Ceti Jet Dynamic PLC", "FactionState":"CivilWar", "Government":"Corporate", "Influence":0.074747, "Allegiance":"Independent", "Happiness":"$Faction_HappinessBand2;", "Happiness_Localised":"Happy", "MyReputation":5.940000, "ActiveStates":[ { "State":"CivilWar" } ] }, { "Name":"The Wild Bunch", "FactionState":"Boom", "Government":"Corporate", "Influence":0.511111, "Allegiance":"Independent", "Happiness":"$Faction_HappinessBand2;", "Happiness_Localised":"Happy", "MyReputation":100.000000, "PendingStates":[ { "State":"Expansion", "Trend":0 } ], "RecoveringStates":[ { "State":"CivilLiberty", "Trend":0 } ], "ActiveStates":[ { "State":"Boom" } ] } ], "SystemFaction":{ "Name":"The Wild Bunch", "FactionState":"Boom" }, "Conflicts":[ { "WarType":"civilwar", "Status":"active", "Faction1":{ "Name":"64 Ceti Independents", "Stake":"Avalon Mobile Security Branch", "WonDays":1 }, "Faction2":{ "Name":"64 Ceti Jet Dynamic PLC", "Stake":"", "WonDays":0 } } ] }
{ "timestamp":"2023-12-05T18:36:40Z", "event":"Music", "MusicTrack":"NoTrack" }
{ "timestamp":"2023-12-05T18:36:40Z", "event":"ShipLocker", "Items":[  ], "Components":[  ], "Consumables":[  ], "Data":[  ] }
{ "timestamp":"2023-12-05T18:36:40Z", "event":"Missions", "Active":[  ], "Failed":[  ], "Complete":[  ] }
{ "timestamp":"2023-12-05T18:36:40Z", "event":"ShieldState", "ShieldsUp":true }
{ "timestamp":"2023-12-05T18:36:40Z", "event":"SAASignalsFound", "BodyName":"64 Ceti ABC 2 A Ring", "SystemAddress":800751339875, "BodyID":12, "Signals":[ { "Type":"Monazite", "Count":1 } ], "Genuses":[  ] }
{ "timestamp":"2023-12-05T18:36:40Z", "event":"Loadout", "Ship":"krait_mkii", "ShipID":8, "ShipName":"YOUR IMPENDING DOOM", "ShipIdent":"N8CEY", "HullValue":37528858, "ModulesValue":11255298, "HullHealth":1.000000, "UnladenMass":623.599976, "CargoCapacity":128, "MaxJumpRange":16.244200, "FuelCapacity":{ "Main":32.000000, "Reserve":0.630000 }, "Rebuy":2439213, "Modules":[ { "Slot":"LargeHardpoint1", "Item":"hpt_mining_seismchrgwarhd_fixed_medium", "On":false, "Priority":0, "AmmoInClip":1, "AmmoInHopper":71, "Health":1.000000, "Value":130144 }, { "Slot":"LargeHardpoint2", "Item":"hpt_beamlaser_gimbal_medium", "On":false, "Priority":3, "Health":1.000000, "Value":425510 }, { "Slot":"LargeHardpoint3", "Item":"hpt_multicannon_gimbal_large", "On":false, "Priority":2, "AmmoInClip":90, "AmmoInHopper":2100, "Health":1.000000, "Value":491671 }, { "Slot":"MediumHardpoint1", "Item":"hpt_mininglaser_fixed_medium", "On":true, "Priority":0, "Health":1.000000, "Value":19190 }, { "Slot":"MediumHardpoint2", "Item":"hpt_mininglaser_fixed_medium", "On":true, "Priority":0, "Health":1.000000, "Value":19190 }, { "Slot":"TinyHardpoint1", "Item":"hpt_heatsinklauncher_turret_tiny", "On":true, "Priority":0, "AmmoInClip":1, "AmmoInHopper":2, "Health":1.000000, "Value":2975 }, { "Slot":"TinyHardpoint2", "Item":"hpt_shieldbooster_size0_class5", "On":false, "Priority":1, "Health":1.000000, "Value":238850 }, { "Slot":"TinyHardpoint3", "Item":"hpt_shieldbooster_size0_class5", "On":false, "Priority":0, "Health":1.000000, "Value":238850 }, { "Slot":"TinyHardpoint4", "Item":"hpt_mrascanner_size0_class4", "On":true, "Priority":0, "Health":1.000000, "Value":310844 }, { "Slot":"PaintJob", "Item":"paintjob_krait_mkii_specialeffectchristmas_01", "On":true, "Priority":1, "Health":1.000000 }, { "Slot":"Armour", "Item":"krait_mkii_armour_grade1", "On":true, "Priority":1, "Health":1.000000 }, { "Slot":"PowerPlant", "Item":"int_powerplant_size7_class2", "On":true, "Priority":1, "Health":1.000000, "Value":1225049 }, { "Slot":"MainEngines", "Item":"int_engine_size6_class2", "On":true, "Priority":0, "Health":1.000000, "Value":509356 }, { "Slot":"FrameShiftDrive", "Item":"int_hyperdrive_size5_class4", "On":true, "Priority":0, "Health":1.000000, "Value":1446121 }, { "Slot":"LifeSupport", "Item":"int_lifesupport_size4_class3", "On":true, "Priority":0, "Health":1.000000, "Value":60293 }, { "Slot":"PowerDistributor", "Item":"int_powerdistributor_size7_class3", "On":true, "Priority":0, "Health":1.000000, "Value":1323542 }, { "Slot":"Radar", "Item":"int_sensors_size6_class1", "On":true, "Priority":2, "Health":1.000000, "Value":75631 }, { "Slot":"FuelTank", "Item":"int_fueltank_size5_class3", "On":true, "Priority":1, "Health":1.000000, "Value":83090 }, { "Slot":"Decal1", "Item":"decal_trade_broker", "On":true, "Priority":1, "Health":1.000000 }, { "Slot":"Decal2", "Item":"decal_explorer_surveyor", "On":true, "Priority":1, "Health":1.000000 }, { "Slot":"Decal3", "Item":"decal_combat_mostly_harmless", "On":true, "Priority":1, "Health":1.000000 }, { "Slot":"Slot01_Size6", "Item":"int_cargorack_size6_class1", "On":true, "Priority":1, "Health":1.000000, "Value":308203 }, { "Slot":"Slot02_Size6", "Item":"int_cargorack_size6_class1", "On":true, "Priority":1, "Health":1.000000, "Value":308203 }, { "Slot":"Slot03_Size5", "Item":"int_shieldgenerator_size5_class4", "On":true, "Priority":0, "Health":1.000000, "Value":1446121 }, { "Slot":"Slot04_Size5", "Item":"int_fighterbay_size5_class1", "On":true, "Priority":3, "Health":1.000000, "Value":489297 }, { "Slot":"Slot05_Size4", "Item":"int_multidronecontrol_mining_size3_class1", "On":true, "Priority":0, "Health":1.000000, "Value":12750 }, { "Slot":"Slot06_Size3", "Item":"int_refinery_size3_class5", "On":true, "Priority":0, "Health":1.000000, "Value":1821771 }, { "Slot":"Slot07_Size3", "Item":"int_fuelscoop_size3_class3", "On":true, "Priority":0, "Health":1.000000, "Value":47970 }, { "Slot":"Slot08_Size2", "Item":"int_detailedsurfacescanner_tiny", "On":true, "Priority":0, "Health":1.000000, "Value":212500 }, { "Slot":"Slot09_Size1", "Item":"int_supercruiseassist", "On":true, "Priority":2, "Health":1.000000, "Value":7752 }, { "Slot":"PlanetaryApproachSuite", "Item":"int_planetapproachsuite_advanced", "On":true, "Priority":1, "Health":1.000000, "Value":425 }, { "Slot":"VesselVoice", "Item":"voicepack_verity", "On":true, "Priority":1, "Health":1.000000 }, { "Slot":"ShipCockpit", "Item":"krait_mkii_cockpit", "On":true, "Priority":1, "Health":1.000000 }, { "Slot":"CargoHatch", "Item":"modularcargobaydoor", "On":true, "Priority":2, "Health":1.000000 } ] }
{ "timestamp":"2023-12-05T18:36:40Z", "event":"Music", "MusicTrack":"Exploration" }
{ "timestamp":"2023-12-05T18:36:43Z", "event":"Cargo", "Vessel":"Ship", "Count":41, "Inventory":[ { "Name":"indite", "Count":1, "Stolen":0 }, { "Name":"bertrandite", "Count":3, "Stolen":0 }, { "Name":"coltan", "Count":4, "Stolen":0 }, { "Name":"osmium", "Count":2, "Stolen":0 }, { "Name":"drones", "Name_Localised":"Limpet", "Count":27, "Stolen":0 }, { "Name":"praseodymium", "Count":4, "Stolen":0 } ] }
{ "timestamp":"2023-12-05T18:37:36Z", "event":"DockFighter", "ID":9 }
{ "timestamp":"2023-12-05T18:37:36Z", "event":"Loadout", "Ship":"krait_mkii", "ShipID":8, "ShipName":"YOUR IMPENDING DOOM", "ShipIdent":"N8CEY", "HullValue":37528858, "ModulesValue":11255298, "HullHealth":1.000000, "UnladenMass":623.599976, "CargoCapacity":128, "MaxJumpRange":16.244200, "FuelCapacity":{ "Main":32.000000, "Reserve":0.630000 }, "Rebuy":2439213, "Modules":[ { "Slot":"LargeHardpoint1", "Item":"hpt_mining_seismchrgwarhd_fixed_medium", "On":false, "Priority":0, "AmmoInClip":1, "AmmoInHopper":71, "Health":1.000000, "Value":130144 }, { "Slot":"LargeHardpoint2", "Item":"hpt_beamlaser_gimbal_medium", "On":false, "Priority":3, "Health":1.000000, "Value":425510 }, { "Slot":"LargeHardpoint3", "Item":"hpt_multicannon_gimbal_large", "On":false, "Priority":2, "AmmoInClip":90, "AmmoInHopper":2100, "Health":1.000000, "Value":491671 }, { "Slot":"MediumHardpoint1", "Item":"hpt_mininglaser_fixed_medium", "On":true, "Priority":0, "Health":1.000000, "Value":19190 }, { "Slot":"MediumHardpoint2", "Item":"hpt_mininglaser_fixed_medium", "On":true, "Priority":0, "Health":1.000000, "Value":19190 }, { "Slot":"TinyHardpoint1", "Item":"hpt_heatsinklauncher_turret_tiny", "On":true, "Priority":0, "AmmoInClip":1, "AmmoInHopper":2, "Health":1.000000, "Value":2975 }, { "Slot":"TinyHardpoint2", "Item":"hpt_shieldbooster_size0_class5", "On":false, "Priority":1, "Health":1.000000, "Value":238850 }, { "Slot":"TinyHardpoint3", "Item":"hpt_shieldbooster_size0_class5", "On":false, "Priority":0, "Health":1.000000, "Value":238850 }, { "Slot":"TinyHardpoint4", "Item":"hpt_mrascanner_size0_class4", "On":true, "Priority":0, "Health":1.000000, "Value":310844 }, { "Slot":"PaintJob", "Item":"paintjob_krait_mkii_specialeffectchristmas_01", "On":true, "Priority":1, "Health":1.000000 }, { "Slot":"Armour", "Item":"krait_mkii_armour_grade1", "On":true, "Priority":1, "Health":1.000000 }, { "Slot":"PowerPlant", "Item":"int_powerplant_size7_class2", "On":true, "Priority":1, "Health":1.000000, "Value":1225049 }, { "Slot":"MainEngines", "Item":"int_engine_size6_class2", "On":true, "Priority":0, "Health":1.000000, "Value":509356 }, { "Slot":"FrameShiftDrive", "Item":"int_hyperdrive_size5_class4", "On":true, "Priority":0, "Health":1.000000, "Value":1446121 }, { "Slot":"LifeSupport", "Item":"int_lifesupport_size4_class3", "On":true, "Priority":0, "Health":1.000000, "Value":60293 }, { "Slot":"PowerDistributor", "Item":"int_powerdistributor_size7_class3", "On":true, "Priority":0, "Health":1.000000, "Value":1323542 }, { "Slot":"Radar", "Item":"int_sensors_size6_class1", "On":true, "Priority":2, "Health":1.000000, "Value":75631 }, { "Slot":"FuelTank", "Item":"int_fueltank_size5_class3", "On":true, "Priority":1, "Health":1.000000, "Value":83090 }, { "Slot":"Decal1", "Item":"decal_trade_broker", "On":true, "Priority":1, "Health":1.000000 }, { "Slot":"Decal2", "Item":"decal_explorer_surveyor", "On":true, "Priority":1, "Health":1.000000 }, { "Slot":"Decal3", "Item":"decal_combat_mostly_harmless", "On":true, "Priority":1, "Health":1.000000 }, { "Slot":"Slot01_Size6", "Item":"int_cargorack_size6_class1", "On":true, "Priority":1, "Health":1.000000, "Value":308203 }, { "Slot":"Slot02_Size6", "Item":"int_cargorack_size6_class1", "On":true, "Priority":1, "Health":1.000000, "Value":308203 }, { "Slot":"Slot03_Size5", "Item":"int_shieldgenerator_size5_class4", "On":true, "Priority":0, "Health":1.000000, "Value":1446121 }, { "Slot":"Slot04_Size5", "Item":"int_fighterbay_size5_class1", "On":true, "Priority":3, "Health":1.000000, "Value":489297 }, { "Slot":"Slot05_Size4", "Item":"int_multidronecontrol_mining_size3_class1", "On":true, "Priority":0, "Health":1.000000, "Value":12750 }, { "Slot":"Slot06_Size3", "Item":"int_refinery_size3_class5", "On":true, "Priority":0, "Health":1.000000, "Value":1821771 }, { "Slot":"Slot07_Size3", "Item":"int_fuelscoop_size3_class3", "On":true, "Priority":0, "Health":1.000000, "Value":47970 }, { "Slot":"Slot08_Size2", "Item":"int_detailedsurfacescanner_tiny", "On":true, "Priority":0, "Health":1.000000, "Value":212500 }, { "Slot":"Slot09_Size1", "Item":"int_supercruiseassist", "On":true, "Priority":2, "Health":1.000000, "Value":7752 }, { "Slot":"PlanetaryApproachSuite", "Item":"int_planetapproachsuite_advanced", "On":true, "Priority":1, "Health":1.000000, "Value":425 }, { "Slot":"VesselVoice", "Item":"voicepack_verity", "On":true, "Priority":1, "Health":1.000000 }, { "Slot":"ShipCockpit", "Item":"krait_mkii_cockpit", "On":true, "Priority":1, "Health":1.000000 }, { "Slot":"CargoHatch", "Item":"modularcargobaydoor", "On":true, "Priority":2, "Health":1.000000 } ] }
{ "timestamp":"2023-12-05T18:37:54Z", "event":"StartJump", "JumpType":"Supercruise", "Taxi":false }
{ "timestamp":"2023-12-05T18:37:59Z", "event":"SupercruiseEntry", "Taxi":false, "Multicrew":false, "StarSystem":"64 Ceti", "SystemAddress":800751339875 }
{ "timestamp":"2023-12-05T18:37:59Z", "event":"ShipLocker", "Items":[  ], "Components":[  ], "Consumables":[  ], "Data":[  ] }
{ "timestamp":"2023-12-05T18:37:59Z", "event":"Music", "MusicTrack":"Supercruise" }
{ "timestamp":"2023-12-05T18:38:19Z", "event":"ReservoirReplenished", "FuelMain":31.370001, "FuelReservoir":0.630000 }
{ "timestamp":"2023-12-05T18:38:27Z", "event":"ReceiveText", "From":"$ShipName_PassengerLiner_Cruise;", "From_Localised":"Cruise Ship", "Message":"$CruiseLiner_SCPatrol05;", "Message_Localised":"This is your captain. Due to some unforeseen delays, we will be arriving at our next destination later than scheduled.", "Channel":"npc" }
{ "timestamp":"2023-12-05T18:38:31Z", "event":"ModuleInfo" }
{ "timestamp":"2023-12-05T18:39:04Z", "event":"ReceiveText", "From":"$ShipName_PassengerLiner_Cruise;", "From_Localised":"Cruise Ship", "Message":"$CruiseLiner_SCPatrol05;", "Message_Localised":"This is your captain. Due to some unforeseen delays, we will be arriving at our next destination later than scheduled.", "Channel":"npc" }
{ "timestamp":"2023-12-05T18:39:41Z", "event":"ReceiveText", "From":"$ShipName_PassengerLiner_Cruise;", "From_Localised":"Cruise Ship", "Message":"$CruiseLiner_SCPatrol04;", "Message_Localised":"I'd like to direct your attention to our flight attendants for a brief safety demonstration.", "Channel":"npc" }
{ "timestamp":"2023-12-05T18:39:43Z", "event":"SupercruiseDestinationDrop", "Type":"Jensen Gateway", "Threat":0, "MarketID":3223182848 }
{ "timestamp":"2023-12-05T18:39:45Z", "event":"SupercruiseExit", "Taxi":false, "Multicrew":false, "StarSystem":"64 Ceti", "SystemAddress":800751339875, "Body":"Jensen Gateway", "BodyID":26, "BodyType":"Station" }
{ "timestamp":"2023-12-05T18:39:45Z", "event":"ShipLocker", "Items":[  ], "Components":[  ], "Consumables":[  ], "Data":[  ] }
{ "timestamp":"2023-12-05T18:39:45Z", "event":"Music", "MusicTrack":"DestinationFromSupercruise" }
{ "timestamp":"2023-12-05T18:39:50Z", "event":"Music", "MusicTrack":"NoTrack" }
{ "timestamp":"2023-12-05T18:39:51Z", "event":"ReceiveText", "From":"Jensen Gateway", "Message":"$STATION_NoFireZone_entered_deployed;", "Message_Localised":"No fire zone entered, please stow your weapons.", "Channel":"npc" }
{ "timestamp":"2023-12-05T18:39:56Z", "event":"DockingRequested", "MarketID":3223182848, "StationName":"Jensen Gateway", "StationType":"Ocellus", "LandingPads":{ "Small":17, "Medium":18, "Large":9 } }
{ "timestamp":"2023-12-05T18:39:56Z", "event":"ReceiveText", "From":"Jensen Gateway", "Message":"$DockingChatter_Allied;", "Message_Localised":"An ally like you is always welcome here.", "Channel":"npc" }
{ "timestamp":"2023-12-05T18:39:56Z", "event":"ReceiveText", "From":"Jensen Gateway", "Message":"$STATION_docking_granted;", "Message_Localised":"Docking request granted.", "Channel":"npc" }
{ "timestamp":"2023-12-05T18:39:56Z", "event":"DockingGranted", "LandingPad":3, "MarketID":3223182848, "StationName":"Jensen Gateway", "StationType":"Ocellus" }
{ "timestamp":"2023-12-05T18:41:08Z", "event":"Music", "MusicTrack":"Starport" }
{ "timestamp":"2023-12-05T18:41:30Z", "event":"Docked", "StationName":"Jensen Gateway", "StationType":"Ocellus", "Taxi":false, "Multicrew":false, "StarSystem":"64 Ceti", "SystemAddress":800751339875, "MarketID":3223182848, "StationFaction":{ "Name":"The Wild Bunch", "FactionState":"Boom" }, "StationGovernment":"$government_Corporate;", "StationGovernment_Localised":"Corporate", "StationServices":[ "dock", "autodock", "commodities", "contacts", "exploration", "missions", "outfitting", "crewlounge", "rearm", "refuel", "repair", "shipyard", "tuning", "engineer", "missionsgenerated", "flightcontroller", "stationoperations", "powerplay", "searchrescue", "materialtrader", "stationMenu", "shop", "livery", "socialspace", "bartender", "vistagenomics", "pioneersupplies", "apexinterstellar", "frontlinesolutions" ], "StationEconomy":"$economy_Industrial;", "StationEconomy_Localised":"Industrial", "StationEconomies":[ { "Name":"$economy_Industrial;", "Name_Localised":"Industrial", "Proportion":0.770000 }, { "Name":"$economy_Extraction;", "Name_Localised":"Extraction", "Proportion":0.230000 } ], "DistFromStarLS":506.757470, "LandingPads":{ "Small":17, "Medium":18, "Large":9 } }
{ "timestamp":"2023-12-05T18:41:31Z", "event":"NpcCrewPaidWage", "NpcCrewName":"Douglas Mcclain", "NpcCrewId":261741505, "Amount":0 }
{ "timestamp":"2023-12-05T18:41:32Z", "event":"RefuelAll", "Cost":36, "Amount":0.705592 }
{ "timestamp":"2023-12-05T18:41:33Z", "event":"BuyAmmo", "Cost":84 }
{ "timestamp":"2023-12-05T18:41:41Z", "event":"Market", "MarketID":3223182848, "StationName":"Jensen Gateway", "StationType":"Bernal", "StarSystem":"64 Ceti" }
{ "timestamp":"2023-12-05T18:41:50Z", "event":"NpcCrewPaidWage", "NpcCrewName":"Douglas Mcclain", "NpcCrewId":261741505, "Amount":13420 }
{ "timestamp":"2023-12-05T18:41:50Z", "event":"MarketSell", "MarketID":3223182848, "Type":"osmium", "Count":2, "SellPrice":167750, "TotalSale":335500, "AvgPricePaid":0 }
{ "timestamp":"2023-12-05T18:41:52Z", "event":"NpcCrewPaidWage", "NpcCrewName":"Douglas Mcclain", "NpcCrewId":261741505, "Amount":1355 }
{ "timestamp":"2023-12-05T18:41:52Z", "event":"MarketSell", "MarketID":3223182848, "Type":"praseodymium", "Count":4, "SellPrice":8474, "TotalSale":33896, "AvgPricePaid":0 }
{ "timestamp":"2023-12-05T18:41:55Z", "event":"Cargo", "Vessel":"Ship", "Count":35 }
{ "timestamp":"2023-12-05T18:41:55Z", "event":"NpcCrewPaidWage", "NpcCrewName":"Douglas Mcclain", "NpcCrewId":261741505, "Amount":1922 }
{ "timestamp":"2023-12-05T18:41:55Z", "event":"MarketSell", "MarketID":3223182848, "Type":"bertrandite", "Count":3, "SellPrice":16024, "TotalSale":48072, "AvgPricePaid":0 }
{ "timestamp":"2023-12-05T18:41:57Z", "event":"NpcCrewPaidWage", "NpcCrewName":"Douglas Mcclain", "NpcCrewId":261741505, "Amount":377 }
{ "timestamp":"2023-12-05T18:41:57Z", "event":"MarketSell", "MarketID":3223182848, "Type":"indite", "Count":1, "SellPrice":9426, "TotalSale":9426, "AvgPricePaid":0 }
{ "timestamp":"2023-12-05T18:41:58Z", "event":"Cargo", "Vessel":"Ship", "Count":31 }
{ "timestamp":"2023-12-05T18:42:00Z", "event":"Cargo", "Vessel":"Ship", "Count":31 }
{ "timestamp":"2023-12-05T18:42:00Z", "event":"NpcCrewPaidWage", "NpcCrewName":"Douglas Mcclain", "NpcCrewId":261741505, "Amount":774 }
{ "timestamp":"2023-12-05T18:42:00Z", "event":"MarketSell", "MarketID":3223182848, "Type":"coltan", "Count":4, "SellPrice":4841, "TotalSale":19364, "AvgPricePaid":0 }
{ "timestamp":"2023-12-05T18:42:03Z", "event":"Cargo", "Vessel":"Ship", "Count":27 }
{ "timestamp":"2023-12-05T18:42:11Z", "event":"Repair", "Items":[ "Wear" ], "Cost":46 }
{ "timestamp":"2023-12-05T18:42:20Z", "event":"BuyDrones", "Type":"Drones", "Count":13, "BuyPrice":101, "TotalCost":1313 }
{ "timestamp":"2023-12-05T18:42:22Z", "event":"Cargo", "Vessel":"Ship", "Count":40 }
{ "timestamp":"2023-12-05T18:42:29Z", "event":"Music", "MusicTrack":"GalaxyMap" }
{ "timestamp":"2023-12-05T18:42:33Z", "event":"Music", "MusicTrack":"SystemMap" }
{ "timestamp":"2023-12-05T18:42:41Z", "event":"NavRoute" }
{ "timestamp":"2023-12-05T18:42:41Z", "event":"FSDTarget", "Name":"HIP 9599", "SystemAddress":908419076802, "StarClass":"K", "RemainingJumpsInRoute":1 }
{ "timestamp":"2023-12-05T18:42:43Z", "event":"Music", "MusicTrack":"GalaxyMap" }
{ "timestamp":"2023-12-05T18:42:43Z", "event":"Music", "MusicTrack":"Starport" }
{ "timestamp":"2023-12-05T18:43:02Z", "event":"Undocked", "StationName":"Jensen Gateway", "StationType":"Ocellus", "MarketID":3223182848, "Taxi":false, "Multicrew":false }
{ "timestamp":"2023-12-05T18:43:27Z", "event":"Music", "MusicTrack":"NoTrack" }
{ "timestamp":"2023-12-05T18:44:03Z", "event":"ReceiveText", "From":"Jensen Gateway", "Message":"$STATION_NoFireZone_exited;", "Message_Localised":"No fire zone exited.", "Channel":"npc" }
{ "timestamp":"2023-12-05T18:44:10Z", "event":"StartJump", "JumpType":"Hyperspace", "Taxi":false, "StarSystem":"HIP 9599", "SystemAddress":908419076802, "StarClass":"K" }
{ "timestamp":"2023-12-05T18:44:15Z", "event":"ShipLocker", "Items":[  ], "Components":[  ], "Consumables":[  ], "Data":[  ] }
{ "timestamp":"2023-12-05T18:44:17Z", "event":"NavRouteClear" }
{ "timestamp":"2023-12-05T18:44:28Z", "event":"ReceiveText", "From":"", "Message":"$COMMS_entered:#name=HIP 9599;", "Message_Localised":"Entered Channel: HIP 9599", "Channel":"npc" }
{ "timestamp":"2023-12-05T18:44:28Z", "event":"FSSSignalDiscovered", "SystemAddress":908419076802, "SignalName":"Galactic Transmittal Hub", "SignalType":"Installation" }
{ "timestamp":"2023-12-05T18:44:28Z", "event":"FSSSignalDiscovered", "SystemAddress":908419076802, "SignalName":"$MULTIPLAYER_SCENARIO42_TITLE;", "SignalName_Localised":"Nav Beacon", "SignalType":"NavBeacon" }
{ "timestamp":"2023-12-05T18:44:28Z", "event":"FSSSignalDiscovered", "SystemAddress":908419076802, "SignalName":"Bloodfell Port", "SignalType":"Installation" }
{ "timestamp":"2023-12-05T18:44:28Z", "event":"FSSSignalDiscovered", "SystemAddress":908419076802, "SignalName":"Guidoni Enterprise", "SignalType":"StationCoriolis", "IsStation":true }
{ "timestamp":"2023-12-05T18:44:28Z", "event":"FSSSignalDiscovered", "SystemAddress":908419076802, "SignalName":"Cooperative Clarity Communications", "SignalType":"Installation" }
{ "timestamp":"2023-12-05T18:44:28Z", "event":"FSDJump", "Taxi":false, "Multicrew":false, "StarSystem":"HIP 9599", "SystemAddress":908419076802, "StarPos":[-41.68750,-98.59375,-76.37500], "SystemAllegiance":"Federation", "SystemEconomy":"$economy_Industrial;", "SystemEconomy_Localised":"Industrial", "SystemSecondEconomy":"$economy_Industrial;", "SystemSecondEconomy_Localised":"Industrial", "SystemGovernment":"$government_Democracy;", "SystemGovernment_Localised":"Democracy", "SystemSecurity":"$SYSTEM_SECURITY_medium;", "SystemSecurity_Localised":"Medium Security", "Population":1668409, "Body":"HIP 9599 A", "BodyID":1, "BodyType":"Star", "JumpDist":5.578, "FuelUsed":0.384299, "FuelLevel":31.615700, "Factions":[ { "Name":"Independents of HIP 9599", "FactionState":"None", "Government":"Democracy", "Influence":0.715145, "Allegiance":"Federation", "Happiness":"$Faction_HappinessBand2;", "Happiness_Localised":"Happy", "MyReputation":11.294400 }, { "Name":"HIP 9599 Comms Industries", "FactionState":"None", "Government":"Corporate", "Influence":0.035105, "Allegiance":"Independent", "Happiness":"$Faction_HappinessBand2;", "Happiness_Localised":"Happy", "MyReputation":0.000000 }, { "Name":"Allied HIP 9599 Defence Party", "FactionState":"None", "Government":"Dictatorship", "Influence":0.053159, "Allegiance":"Independent", "Happiness":"$Faction_HappinessBand2;", "Happiness_Localised":"Happy", "MyReputation":0.000000 }, { "Name":"Drug Empire of HIP 9599", "FactionState":"None", "Government":"Anarchy", "Influence":0.010030, "Allegiance":"Independent", "Happiness":"$Faction_HappinessBand2;", "Happiness_Localised":"Happy", "MyReputation":0.000000 }, { "Name":"HIP 9599 Systems", "FactionState":"None", "Government":"Corporate", "Influence":0.039117, "Allegiance":"Independent", "Happiness":"$Faction_HappinessBand2;", "Happiness_Localised":"Happy", "MyReputation":0.000000 }, { "Name":"The Wild Bunch", "FactionState":"Boom", "Government":"Corporate", "Influence":0.147442, "Allegiance":"Independent", "Happiness":"$Faction_HappinessBand2;", "Happiness_Localised":"Happy", "MyReputation":100.000000, "PendingStates":[ { "State":"Expansion", "Trend":0 } ] } ], "SystemFaction":{ "Name":"Independents of HIP 9599" } }
{ "timestamp":"2023-12-05T18:44:28Z", "event":"ShipLocker", "Items":[  ], "Components":[  ], "Consumables":[  ], "Data":[  ] }
{ "timestamp":"2023-12-05T18:44:28Z", "event":"Music", "MusicTrack":"DestinationFromHyperspace" }
{ "timestamp":"2023-12-05T18:44:33Z", "event":"Music", "MusicTrack":"Supercruise" }
{ "timestamp":"2023-12-05T18:44:53Z", "event":"FuelScoop", "Scooped":0.384292, "Total":32.000000 }
{ "timestamp":"2023-12-05T18:45:47Z", "event":"SupercruiseDestinationDrop", "Type":"HIP 9599 A A Belt Cluster 1", "Threat":0 }
{ "timestamp":"2023-12-05T18:45:48Z", "event":"FSSSignalDiscovered", "SystemAddress":908419076802, "SignalName":"Galactic Transmittal Hub", "SignalType":"Installation" }
{ "timestamp":"2023-12-05T18:45:48Z", "event":"FSSSignalDiscovered", "SystemAddress":908419076802, "SignalName":"$MULTIPLAYER_SCENARIO42_TITLE;", "SignalName_Localised":"Nav Beacon", "SignalType":"NavBeacon" }
{ "timestamp":"2023-12-05T18:45:48Z", "event":"FSSSignalDiscovered", "SystemAddress":908419076802, "SignalName":"Bloodfell Port", "SignalType":"Installation" }
{ "timestamp":"2023-12-05T18:45:48Z", "event":"FSSSignalDiscovered", "SystemAddress":908419076802, "SignalName":"Guidoni Enterprise", "SignalType":"StationCoriolis", "IsStation":true }
{ "timestamp":"2023-12-05T18:45:48Z", "event":"FSSSignalDiscovered", "SystemAddress":908419076802, "SignalName":"Cooperative Clarity Communications", "SignalType":"Installation" }
{ "timestamp":"2023-12-05T18:45:48Z", "event":"SupercruiseExit", "Taxi":false, "Multicrew":false, "StarSystem":"HIP 9599", "SystemAddress":908419076802, "Body":"HIP 9599 A A Belt Cluster 1", "BodyID":4, "BodyType":"AsteroidCluster" }
{ "timestamp":"2023-12-05T18:45:48Z", "event":"ShipLocker", "Items":[  ], "Components":[  ], "Consumables":[  ], "Data":[  ] }
{ "timestamp":"2023-12-05T18:45:48Z", "event":"Music", "MusicTrack":"Exploration" }
{ "timestamp":"2023-12-05T18:46:11Z", "event":"ShipTargeted", "TargetLocked":true, "Ship":"asp", "Ship_Localised":"Asp Explorer", "ScanStage":0 }
{ "timestamp":"2023-12-05T18:46:12Z", "event":"ShipTargeted", "TargetLocked":true, "Ship":"asp", "Ship_Localised":"Asp Explorer", "ScanStage":1, "PilotName":"$npc_name_decorate:#name=Guybrush Threepwood;", "PilotName_Localised":"Guybrush Threepwood", "PilotRank":"Expert" }
{ "timestamp":"2023-12-05T18:46:14Z", "event":"ShipTargeted", "TargetLocked":true, "Ship":"asp", "Ship_Localised":"Asp Explorer", "ScanStage":2, "PilotName":"$npc_name_decorate:#name=Guybrush Threepwood;", "PilotName_Localised":"Guybrush Threepwood", "PilotRank":"Expert", "ShieldHealth":100.000000, "HullHealth":100.000000 }
{ "timestamp":"2023-12-05T18:46:16Z", "event":"ShipTargeted", "TargetLocked":true, "Ship":"asp", "Ship_Localised":"Asp Explorer", "ScanStage":3, "PilotName":"$npc_name_decorate:#name=Guybrush Threepwood;", "PilotName_Localised":"Guybrush Threepwood", "PilotRank":"Expert", "ShieldHealth":100.000000, "HullHealth":100.000000, "Faction":"Allied HIP 9599 Defence Party", "LegalStatus":"Clean" }
{ "timestamp":"2023-12-05T18:46:20Z", "event":"ShipTargeted", "TargetLocked":false }
{ "timestamp":"2023-12-05T18:46:53Z", "event":"ModuleInfo" }
{ "timestamp":"2023-12-05T18:47:42Z", "event":"LaunchDrone", "Type":"Collection" }
{ "timestamp":"2023-12-05T18:47:47Z", "event":"Cargo", "Vessel":"Ship", "Count":39 }
{ "timestamp":"2023-12-05T18:47:49Z", "event":"LaunchDrone", "Type":"Collection" }
{ "timestamp":"2023-12-05T18:47:54Z", "event":"Cargo", "Vessel":"Ship", "Count":38 }
{ "timestamp":"2023-12-05T18:48:31Z", "event":"MiningRefined", "Type":"$gold_name;", "Type_Localised":"Gold" }
{ "timestamp":"2023-12-05T18:48:31Z", "event":"MiningRefined", "Type":"$indite_name;", "Type_Localised":"Indite" }
{ "timestamp":"2023-12-05T18:48:33Z", "event":"Cargo", "Vessel":"Ship", "Count":40 }
{ "timestamp":"2023-12-05T18:49:12Z", "event":"MiningRefined", "Type":"$gold_name;", "Type_Localised":"Gold" }
{ "timestamp":"2023-12-05T18:49:14Z", "event":"Cargo", "Vessel":"Ship", "Count":41 }
{ "timestamp":"2023-12-05T18:49:31Z", "event":"MaterialCollected", "Category":"Raw", "Name":"nickel", "Count":3 }
{ "timestamp":"2023-12-05T18:49:31Z", "event":"ShipLocker" }
{ "timestamp":"2023-12-05T18:49:50Z", "event":"Music", "MusicTrack":"SystemMap" }
{ "timestamp":"2023-12-05T18:50:04Z", "event":"Music", "MusicTrack":"Exploration" }
{ "timestamp":"2023-12-05T18:50:08Z", "event":"Music", "MusicTrack":"GalaxyMap" }
{ "timestamp":"2023-12-05T18:50:11Z", "event":"Music", "MusicTrack":"SystemMap" }
{ "timestamp":"2023-12-05T18:50:23Z", "event":"Music", "MusicTrack":"GalaxyMap" }
{ "timestamp":"2023-12-05T18:50:24Z", "event":"Music", "MusicTrack":"Exploration" }
{ "timestamp":"2023-12-05T18:50:33Z", "event":"ShipTargeted", "TargetLocked":true, "Ship":"asp", "Ship_Localised":"Asp Explorer", "ScanStage":3, "PilotName":"$npc_name_decorate:#name=Guybrush Threepwood;", "PilotName_Localised":"Guybrush Threepwood", "PilotRank":"Expert", "ShieldHealth":100.000000, "HullHealth":100.000000, "Faction":"Allied HIP 9599 Defence Party", "LegalStatus":"Clean" }
{ "timestamp":"2023-12-05T18:50:47Z", "event":"ShipTargeted", "TargetLocked":false }
{ "timestamp":"2023-12-05T18:50:50Z", "event":"Music", "MusicTrack":"GalaxyMap" }
{ "timestamp":"2023-12-05T18:50:57Z", "event":"Music", "MusicTrack":"SystemMap" }
{ "timestamp":"2023-12-05T18:51:08Z", "event":"Music", "MusicTrack":"GalaxyMap" }
{ "timestamp":"2023-12-05T18:51:13Z", "event":"Music", "MusicTrack":"SystemMap" }
{ "timestamp":"2023-12-05T18:51:34Z", "event":"Music", "MusicTrack":"GalaxyMap" }
{ "timestamp":"2023-12-05T18:51:41Z", "event":"Music", "MusicTrack":"SystemMap" }
{ "timestamp":"2023-12-05T18:51:56Z", "event":"NavRoute" }
{ "timestamp":"2023-12-05T18:51:56Z", "event":"FSDTarget", "Name":"64 Ceti", "SystemAddress":800751339875, "StarClass":"G", "RemainingJumpsInRoute":1 }
{ "timestamp":"2023-12-05T18:51:58Z", "event":"Music", "MusicTrack":"GalaxyMap" }
{ "timestamp":"2023-12-05T18:52:03Z", "event":"Music", "MusicTrack":"SystemMap" }
{ "timestamp":"2023-12-05T18:52:07Z", "event":"Music", "MusicTrack":"GalaxyMap" }
{ "timestamp":"2023-12-05T18:52:17Z", "event":"Music", "MusicTrack":"Exploration" }
{ "timestamp":"2023-12-05T18:52:25Z", "event":"ShipTargeted", "TargetLocked":true, "Ship":"asp", "Ship_Localised":"Asp Explorer", "ScanStage":3, "PilotName":"$npc_name_decorate:#name=Guybrush Threepwood;", "PilotName_Localised":"Guybrush Threepwood", "PilotRank":"Expert", "ShieldHealth":100.000000, "HullHealth":100.000000, "Faction":"Allied HIP 9599 Defence Party", "LegalStatus":"Clean" }
{ "timestamp":"2023-12-05T18:52:26Z", "event":"ShipTargeted", "TargetLocked":false }
{ "timestamp":"2023-12-05T18:53:37Z", "event":"Music", "MusicTrack":"GalaxyMap" }
{ "timestamp":"2023-12-05T18:53:45Z", "event":"Music", "MusicTrack":"SystemMap" }
{ "timestamp":"2023-12-05T18:54:03Z", "event":"Music", "MusicTrack":"GalaxyMap" }
{ "timestamp":"2023-12-05T18:54:12Z", "event":"NavRoute" }
{ "timestamp":"2023-12-05T18:54:12Z", "event":"FSDTarget", "Name":"Wolf 109", "SystemAddress":2832564392642, "StarClass":"K", "RemainingJumpsInRoute":1 }
{ "timestamp":"2023-12-05T18:54:13Z", "event":"Music", "MusicTrack":"Exploration" }
{ "timestamp":"2023-12-05T18:54:33Z", "event":"StartJump", "JumpType":"Hyperspace", "Taxi":false, "StarSystem":"Wolf 109", "SystemAddress":2832564392642, "StarClass":"K" }
{ "timestamp":"2023-12-05T18:54:38Z", "event":"ShipLocker", "Items":[  ], "Components":[  ], "Consumables":[  ], "Data":[  ] }
{ "timestamp":"2023-12-05T18:54:38Z", "event":"Music", "MusicTrack":"NoTrack" }
{ "timestamp":"2023-12-05T18:54:39Z", "event":"NavRouteClear" }
{ "timestamp":"2023-12-05T18:54:51Z", "event":"ReceiveText", "From":"", "Message":"$COMMS_entered:#name=Wolf 109;", "Message_Localised":"Entered Channel: Wolf 109", "Channel":"npc" }
{ "timestamp":"2023-12-05T18:54:51Z", "event":"FSDJump", "Taxi":false, "Multicrew":false, "StarSystem":"Wolf 109", "SystemAddress":2832564392642, "StarPos":[-32.03125,-105.12500,-69.21875], "SystemAllegiance":"Independent", "SystemEconomy":"$economy_Military;", "SystemEconomy_Localised":"Military", "SystemSecondEconomy":"$economy_Agri;", "SystemSecondEconomy_Localised":"Agriculture", "SystemGovernment":"$government_Corporate;", "SystemGovernment_Localised":"Corporate", "SystemSecurity":"$SYSTEM_SECURITY_medium;", "SystemSecurity_Localised":"Medium Security", "Population":115103, "Body":"Wolf 109 A", "BodyID":1, "BodyType":"Star", "JumpDist":13.679, "FuelUsed":3.473083, "FuelLevel":28.526917, "Factions":[ { "Name":"Movement for HIP 8972 Labour", "FactionState":"None", "Government":"Democracy", "Influence":0.050395, "Allegiance":"Federation", "Happiness":"$Faction_HappinessBand2;", "Happiness_Localised":"Happy", "MyReputation":0.000000 }, { "Name":"Wolf 109 as one", "FactionState":"None", "Government":"Cooperative", "Influence":0.015810, "Allegiance":"Independent", "Happiness":"$Faction_HappinessBand2;", "Happiness_Localised":"Happy", "MyReputation":0.000000 }, { "Name":"Wolf 109 Incorporated", "FactionState":"None", "Government":"Corporate", "Influence":0.090909, "Allegiance":"Federation", "Happiness":"$Faction_HappinessBand2;", "Happiness_Localised":"Happy", "MyReputation":0.000000 }, { "Name":"Wolf 109 Partnership", "FactionState":"None", "Government":"Anarchy", "Influence":0.028656, "Allegiance":"Independent", "Happiness":"$Faction_HappinessBand2;", "Happiness_Localised":"Happy", "MyReputation":0.000000 }, { "Name":"Noblemen of Wolf 109", "FactionState":"None", "Government":"Feudal", "Influence":0.035573, "Allegiance":"Independent", "Happiness":"$Faction_HappinessBand2;", "Happiness_Localised":"Happy", "MyReputation":0.000000 }, { "Name":"LPV Corporation", "FactionState":"None", "Government":"Patronage", "Influence":0.174901, "Allegiance":"Independent", "Happiness":"$Faction_HappinessBand2;", "Happiness_Localised":"Happy", "MyReputation":0.000000 }, { "Name":"The Wild Bunch", "FactionState":"Boom", "Government":"Corporate", "Influence":0.603755, "Allegiance":"Independent", "Happiness":"$Faction_HappinessBand2;", "Happiness_Localised":"Happy", "MyReputation":100.000000, "PendingStates":[ { "State":"Expansion", "Trend":0 } ] } ], "SystemFaction":{ "Name":"The Wild Bunch", "FactionState":"Boom" } }
{ "timestamp":"2023-12-05T18:54:51Z", "event":"ShipLocker", "Items":[  ], "Components":[  ], "Consumables":[  ], "Data":[  ] }
{ "timestamp":"2023-12-05T18:54:51Z", "event":"Music", "MusicTrack":"DestinationFromHyperspace" }
{ "timestamp":"2023-12-05T18:54:56Z", "event":"Music", "MusicTrack":"Supercruise" }
{ "timestamp":"2023-12-05T18:54:57Z", "event":"Scan", "ScanType":"AutoScan", "BodyName":"Wolf 109 A A Belt Cluster 3", "BodyID":6, "Parents":[ {"Ring":3}, {"Star":1}, {"Null":0} ], "StarSystem":"Wolf 109", "SystemAddress":2832564392642, "DistanceFromArrivalLS":3.483801, "WasDiscovered":true, "WasMapped":false }
{ "timestamp":"2023-12-05T18:54:57Z", "event":"Scan", "ScanType":"AutoScan", "BodyName":"Wolf 109 A", "BodyID":1, "Parents":[ {"Null":0} ], "StarSystem":"Wolf 109", "SystemAddress":2832564392642, "DistanceFromArrivalLS":0.000000, "StarType":"K", "Subclass":7, "StellarMass":0.578125, "Radius":496961536.000000, "AbsoluteMagnitude":7.664291, "Age_MY":8078, "SurfaceTemperature":4080.000000, "Luminosity":"V", "SemiMajorAxis":5067477166652.679688, "Eccentricity":0.212446, "OrbitalInclination":-44.979019, "Periapsis":111.861119, "OrbitalPeriod":38547490835.189819, "AscendingNode":-61.119429, "MeanAnomaly":79.939241, "RotationPeriod":248094.725073, "AxialTilt":0.000000, "Rings":[ { "Name":"Wolf 109 A A Belt", "RingClass":"eRingClass_Rocky", "MassMT":9.9979e+09, "InnerRad":8.6242e+08, "OuterRad":2.0102e+09 } ], "WasDiscovered":true, "WasMapped":false }
{ "timestamp":"2023-12-05T18:54:57Z", "event":"Scan", "ScanType":"AutoScan", "BodyName":"Wolf 109 A A Belt Cluster 1", "BodyID":4, "Parents":[ {"Ring":3}, {"Star":1}, {"Null":0} ], "StarSystem":"Wolf 109", "SystemAddress":2832564392642, "DistanceFromArrivalLS":5.887705, "WasDiscovered":true, "WasMapped":false }
{ "timestamp":"2023-12-05T18:54:57Z", "event":"Scan", "ScanType":"AutoScan", "BodyName":"Wolf 109 A A Belt Cluster 6", "BodyID":9, "Parents":[ {"Ring":3}, {"Star":1}, {"Null":0} ], "StarSystem":"Wolf 109", "SystemAddress":2832564392642, "DistanceFromArrivalLS":4.417808, "WasDiscovered":true, "WasMapped":false }
{ "timestamp":"2023-12-05T18:54:57Z", "event":"Scan", "ScanType":"AutoScan", "BodyName":"Wolf 109 A A Belt Cluster 10", "BodyID":13, "Parents":[ {"Ring":3}, {"Star":1}, {"Null":0} ], "StarSystem":"Wolf 109", "SystemAddress":2832564392642, "DistanceFromArrivalLS":3.403719, "WasDiscovered":true, "WasMapped":false }
{ "timestamp":"2023-12-05T18:54:57Z", "event":"Scan", "ScanType":"AutoScan", "BodyName":"Wolf 109 A A Belt Cluster 2", "BodyID":5, "Parents":[ {"Ring":3}, {"Star":1}, {"Null":0} ], "StarSystem":"Wolf 109", "SystemAddress":2832564392642, "DistanceFromArrivalLS":5.230875, "WasDiscovered":true, "WasMapped":false }
{ "timestamp":"2023-12-05T18:54:57Z", "event":"Scan", "ScanType":"AutoScan", "BodyName":"Wolf 109 A A Belt Cluster 9", "BodyID":12, "Parents":[ {"Ring":3}, {"Star":1}, {"Null":0} ], "StarSystem":"Wolf 109", "SystemAddress":2832564392642, "DistanceFromArrivalLS":2.951268, "WasDiscovered":true, "WasMapped":false }
{ "timestamp":"2023-12-05T18:54:57Z", "event":"Scan", "ScanType":"AutoScan", "BodyName":"Wolf 109 A A Belt Cluster 4", "BodyID":7, "Parents":[ {"Ring":3}, {"Star":1}, {"Null":0} ], "StarSystem":"Wolf 109", "SystemAddress":2832564392642, "DistanceFromArrivalLS":6.701439, "WasDiscovered":true, "WasMapped":false }
{ "timestamp":"2023-12-05T18:54:57Z", "event":"Scan", "ScanType":"AutoScan", "BodyName":"Wolf 109 A A Belt Cluster 5", "BodyID":8, "Parents":[ {"Ring":3}, {"Star":1}, {"Null":0} ], "StarSystem":"Wolf 109", "SystemAddress":2832564392642, "DistanceFromArrivalLS":4.958802, "WasDiscovered":true, "WasMapped":false }
{ "timestamp":"2023-12-05T18:54:57Z", "event":"Scan", "ScanType":"AutoScan", "BodyName":"Wolf 109 A A Belt Cluster 8", "BodyID":11, "Parents":[ {"Ring":3}, {"Star":1}, {"Null":0} ], "StarSystem":"Wolf 109", "SystemAddress":2832564392642, "DistanceFromArrivalLS":4.780209, "WasDiscovered":true, "WasMapped":false }
{ "timestamp":"2023-12-05T18:54:57Z", "event":"Scan", "ScanType":"AutoScan", "BodyName":"Wolf 109 A A Belt Cluster 11", "BodyID":14, "Parents":[ {"Ring":3}, {"Star":1}, {"Null":0} ], "StarSystem":"Wolf 109", "SystemAddress":2832564392642, "DistanceFromArrivalLS":5.330247, "WasDiscovered":true, "WasMapped":false }
{ "timestamp":"2023-12-05T18:54:57Z", "event":"Scan", "ScanType":"AutoScan", "BodyName":"Wolf 109 A A Belt Cluster 7", "BodyID":10, "Parents":[ {"Ring":3}, {"Star":1}, {"Null":0} ], "StarSystem":"Wolf 109", "SystemAddress":2832564392642, "DistanceFromArrivalLS":6.128450, "WasDiscovered":true, "WasMapped":false }
{ "timestamp":"2023-12-05T18:55:01Z", "event":"Music", "MusicTrack":"SystemAndSurfaceScanner" }
{ "timestamp":"2023-12-05T18:55:05Z", "event":"FSSSignalDiscovered", "SystemAddress":2832564392642, "SignalName":"$MULTIPLAYER_SCENARIO42_TITLE;", "SignalName_Localised":"Nav Beacon", "SignalType":"NavBeacon" }
{ "timestamp":"2023-12-05T18:55:05Z", "event":"FSSDiscoveryScan", "Progress":0.136615, "BodyCount":40, "NonBodyCount":62, "SystemName":"Wolf 109", "SystemAddress":2832564392642 }
{ "timestamp":"2023-12-05T18:55:05Z", "event":"Scan", "ScanType":"Detailed", "BodyName":"Wolf 109 B", "BodyID":2, "Parents":[ {"Null":0} ], "StarSystem":"Wolf 109", "SystemAddress":2832564392642, "DistanceFromArrivalLS":54416.409124, "StarType":"M", "Subclass":6, "StellarMass":0.265625, "Radius":318905248.000000, "AbsoluteMagnitude":9.989166, "Age_MY":8078, "SurfaceTemperature":2602.000000, "Luminosity":"Va", "SemiMajorAxis":11119936704635.621094, "Eccentricity":0.212446, "OrbitalInclination":-44.979019, "Periapsis":291.861114, "OrbitalPeriod":38547490835.189819, "AscendingNode":-61.119429, "MeanAnomaly":79.939242, "RotationPeriod":166586.422244, "AxialTilt":0.000000, "Rings":[ { "Name":"Wolf 109 B A Belt", "RingClass":"eRingClass_Rocky", "MassMT":1.9047e+08, "InnerRad":4.8093e+08, "OuterRad":1.5512e+09 }, { "Name":"Wolf 109 B B Belt", "RingClass":"eRingClass_Icy", "MassMT":4.8269e+14, "InnerRad":1.8308e+11, "OuterRad":2.9062e+11 } ], "WasDiscovered":true, "WasMapped":false }
{ "timestamp":"2023-12-05T18:55:25Z", "event":"FSSSignalDiscovered", "SystemAddress":2832564392642, "SignalName":"$MULTIPLAYER_SCENARIO77_TITLE;", "SignalName_Localised":"Resource Extraction Site [Low]", "SignalType":"ResourceExtraction" }
{ "timestamp":"2023-12-05T18:55:28Z", "event":"FSSSignalDiscovered", "SystemAddress":2832564392642, "SignalName":"$MULTIPLAYER_SCENARIO78_TITLE;", "SignalName_Localised":"Resource Extraction Site [High]", "SignalType":"ResourceExtraction" }
{ "timestamp":"2023-12-05T18:55:34Z", "event":"FSSSignalDiscovered", "SystemAddress":2832564392642, "SignalName":"Rangarajan Station", "SignalType":"Outpost" }
{ "timestamp":"2023-12-05T18:55:34Z", "event":"Scan", "ScanType":"Detailed", "BodyName":"Wolf 109 A 1", "BodyID":15, "Parents":[ {"Star":1}, {"Null":0} ], "StarSystem":"Wolf 109", "SystemAddress":2832564392642, "DistanceFromArrivalLS":384.727909, "TidalLock":true, "TerraformState":"", "PlanetClass":"High metal content body", "Atmosphere":"thick methane rich atmosphere", "AtmosphereType":"MethaneRich", "AtmosphereComposition":[ { "Name":"Ammonia", "Percent":32.702549 }, { "Name":"Methane", "Percent":32.702549 }, { "Name":"Nitrogen", "Percent":32.702549 } ], "Volcanism":"major rocky magma volcanism", "MassEM":1.571123, "Radius":6956284.000000, "SurfaceGravity":12.940912, "SurfaceTemperature":419.667297, "SurfacePressure":2455640.500000, "Landable":false, "Composition":{ "Ice":0.000000, "Rock":0.674310, "Metal":0.325690 }, "SemiMajorAxis":115342062711.715698, "Eccentricity":0.000035, "OrbitalInclination":-0.758345, "Periapsis":39.079378, "OrbitalPeriod":27973644.137383, "AscendingNode":68.770890, "MeanAnomaly":27.547690, "RotationPeriod":28096322.683357, "AxialTilt":-0.413789, "Rings":[ { "Name":"Wolf 109 A 1 A Ring", "RingClass":"eRingClass_MetalRich", "MassMT":1.5463e+10, "InnerRad":1.8404e+07, "OuterRad":4.9485e+07 } ], "ReserveLevel":"MajorResources", "WasDiscovered":true, "WasMapped":true }
{ "timestamp":"2023-12-05T18:55:51Z", "event":"Music", "MusicTrack":"Supercruise" }
{ "timestamp":"2023-12-05T18:57:01Z", "event":"FSSDiscoveryScan", "Progress":0.171703, "BodyCount":40, "NonBodyCount":61, "SystemName":"Wolf 109", "SystemAddress":2832564392642 }
{ "timestamp":"2023-12-05T18:57:35Z", "event":"ShipTargeted", "TargetLocked":true, "Ship":"viper", "Ship_Localised":"Viper Mk III", "ScanStage":0 }
{ "timestamp":"2023-12-05T18:57:36Z", "event":"ShipTargeted", "TargetLocked":true, "Ship":"viper", "Ship_Localised":"Viper Mk III", "ScanStage":1, "PilotName":"$npc_name_decorate:#name=Sirius Security;", "PilotName_Localised":"Sirius Security", "PilotRank":"Elite" }
{ "timestamp":"2023-12-05T18:57:36Z", "event":"ShipTargeted", "TargetLocked":false }
{ "timestamp":"2023-12-05T18:57:37Z", "event":"ShipTargeted", "TargetLocked":true, "Ship":"viper", "Ship_Localised":"Viper Mk III", "ScanStage":1, "PilotName":"$npc_name_decorate:#name=Sirius Security;", "PilotName_Localised":"Sirius Security", "PilotRank":"Elite" }
{ "timestamp":"2023-12-05T18:57:38Z", "event":"ShipTargeted", "TargetLocked":false }
{ "timestamp":"2023-12-05T18:57:53Z", "event":"Music", "MusicTrack":"SystemAndSurfaceScanner" }
{ "timestamp":"2023-12-05T18:58:06Z", "event":"SAAScanComplete", "BodyName":"Wolf 109 A 1 A Ring", "SystemAddress":2832564392642, "BodyID":16, "ProbesUsed":3, "EfficiencyTarget":0 }
{ "timestamp":"2023-12-05T18:58:06Z", "event":"SAASignalsFound", "BodyName":"Wolf 109 A 1 A Ring", "SystemAddress":2832564392642, "BodyID":16, "Signals":[ { "Type":"Serendibite", "Count":1 }, { "Type":"Rhodplumsite", "Count":1 }, { "Type":"Monazite", "Count":2 }, { "Type":"Painite", "Count":2 } ], "Genuses":[  ] }
{ "timestamp":"2023-12-05T18:58:06Z", "event":"Scan", "ScanType":"AutoScan", "BodyName":"Wolf 109 A 1 A Ring", "BodyID":16, "Parents":[ {"Planet":15}, {"Star":1}, {"Null":0} ], "StarSystem":"Wolf 109", "SystemAddress":2832564392642, "DistanceFromArrivalLS":384.727909, "SemiMajorAxis":33944484.293461, "Eccentricity":0.000000, "OrbitalInclination":0.000000, "Periapsis":0.000000, "OrbitalPeriod":49655.727744, "AscendingNode":0.000000, "MeanAnomaly":180.125733, "WasDiscovered":true, "WasMapped":true }
{ "timestamp":"2023-12-05T18:58:07Z", "event":"Scan", "ScanType":"Detailed", "BodyName":"Wolf 109 A 1 A Ring", "BodyID":16, "Parents":[ {"Planet":15}, {"Star":1}, {"Null":0} ], "StarSystem":"Wolf 109", "SystemAddress":2832564392642, "DistanceFromArrivalLS":384.727909, "SemiMajorAxis":33944484.293461, "Eccentricity":0.000000, "OrbitalInclination":0.000000, "Periapsis":0.000000, "OrbitalPeriod":49655.727744, "AscendingNode":0.000000, "MeanAnomaly":180.129893, "WasDiscovered":true, "WasMapped":false }
{ "timestamp":"2023-12-05T18:58:09Z", "event":"Music", "MusicTrack":"Supercruise" }
{ "timestamp":"2023-12-05T18:58:21Z", "event":"ShipTargeted", "TargetLocked":true, "Ship":"cobramkiii", "Ship_Localised":"Cobra Mk III", "ScanStage":0 }
{ "timestamp":"2023-12-05T18:58:22Z", "event":"ShipTargeted", "TargetLocked":false }
{ "timestamp":"2023-12-05T18:59:08Z", "event":"SupercruiseDestinationDrop", "Type":"$SAA_RingHotspot:#type=$Monazite_name;;", "Type_Localised":"Monazite Hotspot", "Threat":0 }
{ "timestamp":"2023-12-05T18:59:09Z", "event":"SupercruiseExit", "Taxi":false, "Multicrew":false, "StarSystem":"Wolf 109", "SystemAddress":2832564392642, "Body":"Wolf 109 A 1 A Ring", "BodyID":16, "BodyType":"PlanetaryRing" }
{ "timestamp":"2023-12-05T18:59:09Z", "event":"ShipLocker", "Items":[  ], "Components":[  ], "Consumables":[  ], "Data":[  ] }
{ "timestamp":"2023-12-05T18:59:09Z", "event":"Music", "MusicTrack":"Exploration" }
{ "timestamp":"2023-12-05T19:00:26Z", "event":"LaunchDrone", "Type":"Prospector" }
{ "timestamp":"2023-12-05T19:00:30Z", "event":"Cargo", "Vessel":"Ship", "Count":40 }
{ "timestamp":"2023-12-05T19:00:37Z", "event":"ProspectedAsteroid", "Materials":[ { "Name":"coltan", "Proportion":24.207535 }, { "Name":"indite", "Proportion":16.295321 } ], "Content":"$AsteroidMaterialContent_Medium;", "Content_Localised":"Material Content: Medium", "Remaining":100.000000 }
{ "timestamp":"2023-12-05T19:01:29Z", "event":"LaunchDrone", "Type":"Prospector" }
{ "timestamp":"2023-12-05T19:01:34Z", "event":"Cargo", "Vessel":"Ship", "Count":39 }
{ "timestamp":"2023-12-05T19:01:38Z", "event":"ProspectedAsteroid", "Materials":[ { "Name":"Samarium", "Proportion":33.106846 }, { "Name":"coltan", "Proportion":10.427312 }, { "Name":"lepidolite", "Proportion":7.303401 } ], "Content":"$AsteroidMaterialContent_Medium;", "Content_Localised":"Material Content: Medium", "Remaining":100.000000 }
{ "timestamp":"2023-12-05T19:01:52Z", "event":"LaunchDrone", "Type":"Collection" }
{ "timestamp":"2023-12-05T19:01:59Z", "event":"Cargo", "Vessel":"Ship", "Count":38 }
{ "timestamp":"2023-12-05T19:02:00Z", "event":"LaunchDrone", "Type":"Collection" }
{ "timestamp":"2023-12-05T19:02:08Z", "event":"Cargo", "Vessel":"Ship", "Count":37 }
{ "timestamp":"2023-12-05T19:02:35Z", "event":"MiningRefined", "Type":"$samarium_name;", "Type_Localised":"Samarium" }
{ "timestamp":"2023-12-05T19:02:38Z", "event":"Cargo", "Vessel":"Ship", "Count":38 }
{ "timestamp":"2023-12-05T19:02:42Z", "event":"LaunchDrone", "Type":"Collection" }
{ "timestamp":"2023-12-05T19:02:49Z", "event":"Cargo", "Vessel":"Ship", "Count":37 }
{ "timestamp":"2023-12-05T19:03:12Z", "event":"MiningRefined", "Type":"$samarium_name;", "Type_Localised":"Samarium" }
{ "timestamp":"2023-12-05T19:03:15Z", "event":"Cargo", "Vessel":"Ship", "Count":38 }
{ "timestamp":"2023-12-05T19:03:23Z", "event":"MaterialCollected", "Category":"Raw", "Name":"carbon", "Count":3 }
{ "timestamp":"2023-12-05T19:03:23Z", "event":"ShipLocker" }
{ "timestamp":"2023-12-05T19:03:36Z", "event":"MiningRefined", "Type":"$coltan_name;", "Type_Localised":"Coltan" }
{ "timestamp":"2023-12-05T19:03:38Z", "event":"Cargo", "Vessel":"Ship", "Count":39 }
{ "timestamp":"2023-12-05T19:03:43Z", "event":"LaunchDrone", "Type":"Collection" }
{ "timestamp":"2023-12-05T19:03:49Z", "event":"Cargo", "Vessel":"Ship", "Count":38 }
{ "timestamp":"2023-12-05T19:04:10Z", "event":"MiningRefined", "Type":"$uraninite_name;", "Type_Localised":"Uraninite" }
{ "timestamp":"2023-12-05T19:04:12Z", "event":"Cargo", "Vessel":"Ship", "Count":39 }
{ "timestamp":"2023-12-05T19:04:38Z", "event":"MiningRefined", "Type":"$uraninite_name;", "Type_Localised":"Uraninite" }
{ "timestamp":"2023-12-05T19:04:40Z", "event":"Cargo", "Vessel":"Ship", "Count":40 }
{ "timestamp":"2023-12-05T19:05:39Z", "event":"LaunchDrone", "Type":"Collection" }
{ "timestamp":"2023-12-05T19:05:46Z", "event":"Cargo", "Vessel":"Ship", "Count":39 }
{ "timestamp":"2023-12-05T19:05:55Z", "event":"MiningRefined", "Type":"$silver_name;", "Type_Localised":"Silver" }
{ "timestamp":"2023-12-05T19:05:58Z", "event":"Cargo", "Vessel":"Ship", "Count":40 }
{ "timestamp":"2023-12-05T19:06:49Z", "event":"MaterialCollected", "Category":"Raw", "Name":"sulphur", "Count":3 }
{ "timestamp":"2023-12-05T19:06:49Z", "event":"ShipLocker" }
{ "timestamp":"2023-12-05T19:06:53Z", "event":"LaunchFighter", "Loadout":"two", "ID":9, "PlayerControlled":false }
{ "timestamp":"2023-12-05T19:07:16Z", "event":"LaunchDrone", "Type":"Collection" }
{ "timestamp":"2023-12-05T19:07:23Z", "event":"Cargo", "Vessel":"Ship", "Count":39 }
{ "timestamp":"2023-12-05T19:07:51Z", "event":"LaunchDrone", "Type":"Collection" }
{ "timestamp":"2023-12-05T19:07:58Z", "event":"Cargo", "Vessel":"Ship", "Count":38 }
{ "timestamp":"2023-12-05T19:08:15Z", "event":"MiningRefined", "Type":"$osmium_name;", "Type_Localised":"Osmium" }
{ "timestamp":"2023-12-05T19:08:17Z", "event":"Cargo", "Vessel":"Ship", "Count":39 }
{ "timestamp":"2023-12-05T19:08:26Z", "event":"ModuleInfo" }
{ "timestamp":"2023-12-05T19:09:30Z", "event":"LaunchDrone", "Type":"Collection" }
{ "timestamp":"2023-12-05T19:09:37Z", "event":"Cargo", "Vessel":"Ship", "Count":38 }
{ "timestamp":"2023-12-05T19:09:53Z", "event":"MiningRefined", "Type":"$silver_name;", "Type_Localised":"Silver" }
{ "timestamp":"2023-12-05T19:09:56Z", "event":"Cargo", "Vessel":"Ship", "Count":39 }
{ "timestamp":"2023-12-05T19:10:11Z", "event":"MiningRefined", "Type":"$silver_name;", "Type_Localised":"Silver" }
{ "timestamp":"2023-12-05T19:10:13Z", "event":"Cargo", "Vessel":"Ship", "Count":40 }
{ "timestamp":"2023-12-05T19:10:21Z", "event":"MiningRefined", "Type":"$indite_name;", "Type_Localised":"Indite" }
{ "timestamp":"2023-12-05T19:10:23Z", "event":"Cargo", "Vessel":"Ship", "Count":41 }
{ "timestamp":"2023-12-05T19:10:31Z", "event":"MiningRefined", "Type":"$silver_name;", "Type_Localised":"Silver" }
{ "timestamp":"2023-12-05T19:10:33Z", "event":"Cargo", "Vessel":"Ship", "Count":42 }
{ "timestamp":"2023-12-05T19:10:47Z", "event":"LaunchDrone", "Type":"Collection" }
{ "timestamp":"2023-12-05T19:10:47Z", "event":"ReservoirReplenished", "FuelMain":27.896917, "FuelReservoir":0.630000 }
{ "timestamp":"2023-12-05T19:10:53Z", "event":"MaterialCollected", "Category":"Raw", "Name":"phosphorus", "Count":3 }
{ "timestamp":"2023-12-05T19:10:53Z", "event":"ShipLocker" }
{ "timestamp":"2023-12-05T19:10:54Z", "event":"Cargo", "Vessel":"Ship", "Count":41 }
{ "timestamp":"2023-12-05T19:11:09Z", "event":"MiningRefined", "Type":"$coltan_name;", "Type_Localised":"Coltan" }
{ "timestamp":"2023-12-05T19:11:11Z", "event":"Cargo", "Vessel":"Ship", "Count":42 }
{ "timestamp":"2023-12-05T19:11:27Z", "event":"MaterialDiscovered", "Category":"Raw", "Name":"germanium", "DiscoveryNumber":9 }
{ "timestamp":"2023-12-05T19:11:27Z", "event":"MaterialCollected", "Category":"Raw", "Name":"germanium", "Count":3 }
{ "timestamp":"2023-12-05T19:11:27Z", "event":"ShipLocker" }
{ "timestamp":"2023-12-05T19:11:38Z", "event":"MiningRefined", "Type":"$praseodymium_name;", "Type_Localised":"Praseodymium" }
{ "timestamp":"2023-12-05T19:11:40Z", "event":"Cargo", "Vessel":"Ship", "Count":43 }
{ "timestamp":"2023-12-05T19:12:22Z", "event":"LaunchDrone", "Type":"Collection" }
{ "timestamp":"2023-12-05T19:12:29Z", "event":"Cargo", "Vessel":"Ship", "Count":42 }
{ "timestamp":"2023-12-05T19:13:00Z", "event":"LaunchDrone", "Type":"Collection" }
{ "timestamp":"2023-12-05T19:13:07Z", "event":"Cargo", "Vessel":"Ship", "Count":41 }
{ "timestamp":"2023-12-05T19:13:15Z", "event":"MiningRefined", "Type":"$indite_name;", "Type_Localised":"Indite" }
{ "timestamp":"2023-12-05T19:13:17Z", "event":"Cargo", "Vessel":"Ship", "Count":42 }
{ "timestamp":"2023-12-05T19:14:13Z", "event":"MaterialCollected", "Category":"Raw", "Name":"sulphur", "Count":3 }
{ "timestamp":"2023-12-05T19:14:13Z", "event":"ShipLocker" }
{ "timestamp":"2023-12-05T19:14:37Z", "event":"LaunchDrone", "Type":"Collection" }
{ "timestamp":"2023-12-05T19:14:43Z", "event":"Cargo", "Vessel":"Ship", "Count":41 }
{ "timestamp":"2023-12-05T19:15:01Z", "event":"MiningRefined", "Type":"$gallite_name;", "Type_Localised":"Gallite" }
{ "timestamp":"2023-12-05T19:15:03Z", "event":"Cargo", "Vessel":"Ship", "Count":42 }
{ "timestamp":"2023-12-05T19:15:34Z", "event":"MiningRefined", "Type":"$gallite_name;", "Type_Localised":"Gallite" }
{ "timestamp":"2023-12-05T19:15:36Z", "event":"Cargo", "Vessel":"Ship", "Count":43 }
{ "timestamp":"2023-12-05T19:15:42Z", "event":"MiningRefined", "Type":"$lepidolite_name;", "Type_Localised":"Lepidolite" }
{ "timestamp":"2023-12-05T19:15:45Z", "event":"Cargo", "Vessel":"Ship", "Count":44 }
{ "timestamp":"2023-12-05T19:16:03Z", "event":"MaterialCollected", "Category":"Raw", "Name":"iron", "Count":3 }
{ "timestamp":"2023-12-05T19:16:03Z", "event":"ShipLocker" }
{ "timestamp":"2023-12-05T19:16:31Z", "event":"LaunchDrone", "Type":"Collection" }
{ "timestamp":"2023-12-05T19:16:39Z", "event":"Cargo", "Vessel":"Ship", "Count":43 }
{ "timestamp":"2023-12-05T19:17:05Z", "event":"MaterialCollected", "Category":"Raw", "Name":"iron", "Count":3 }
{ "timestamp":"2023-12-05T19:17:05Z", "event":"ShipLocker" }
{ "timestamp":"2023-12-05T19:18:35Z", "event":"LaunchDrone", "Type":"Collection" }
{ "timestamp":"2023-12-05T19:18:41Z", "event":"Cargo", "Vessel":"Ship", "Count":42 }
{ "timestamp":"2023-12-05T19:18:43Z", "event":"LaunchDrone", "Type":"Collection" }
{ "timestamp":"2023-12-05T19:18:49Z", "event":"Cargo", "Vessel":"Ship", "Count":41 }
{ "timestamp":"2023-12-05T19:19:32Z", "event":"Music", "MusicTrack":"GalaxyMap" }
{ "timestamp":"2023-12-05T19:19:33Z", "event":"MiningRefined", "Type":"$lepidolite_name;", "Type_Localised":"Lepidolite" }
{ "timestamp":"2023-12-05T19:19:35Z", "event":"Music", "MusicTrack":"SystemMap" }
{ "timestamp":"2023-12-05T19:19:36Z", "event":"Cargo", "Vessel":"Ship", "Count":42 }
{ "timestamp":"2023-12-05T19:19:41Z", "event":"NavRoute" }
{ "timestamp":"2023-12-05T19:19:41Z", "event":"FSDTarget", "Name":"64 Ceti", "SystemAddress":800751339875, "StarClass":"G", "RemainingJumpsInRoute":1 }
{ "timestamp":"2023-12-05T19:19:43Z", "event":"Music", "MusicTrack":"GalaxyMap" }
{ "timestamp":"2023-12-05T19:19:44Z", "event":"Music", "MusicTrack":"Exploration" }
{ "timestamp":"2023-12-05T19:19:57Z", "event":"DockFighter", "ID":9 }
{ "timestamp":"2023-12-05T19:19:57Z", "event":"Loadout", "Ship":"krait_mkii", "ShipID":8, "ShipName":"YOUR IMPENDING DOOM", "ShipIdent":"N8CEY", "HullValue":37528858, "ModulesValue":11255298, "HullHealth":1.000000, "UnladenMass":623.599976, "CargoCapacity":128, "MaxJumpRange":16.244198, "FuelCapacity":{ "Main":32.000000, "Reserve":0.630000 }, "Rebuy":2439213, "Modules":[ { "Slot":"LargeHardpoint1", "Item":"hpt_mining_seismchrgwarhd_fixed_medium", "On":false, "Priority":0, "AmmoInClip":1, "AmmoInHopper":72, "Health":1.000000, "Value":130144 }, { "Slot":"LargeHardpoint2", "Item":"hpt_beamlaser_gimbal_medium", "On":false, "Priority":3, "Health":1.000000, "Value":425510 }, { "Slot":"LargeHardpoint3", "Item":"hpt_multicannon_gimbal_large", "On":false, "Priority":2, "AmmoInClip":90, "AmmoInHopper":2100, "Health":1.000000, "Value":491671 }, { "Slot":"MediumHardpoint1", "Item":"hpt_mininglaser_fixed_medium", "On":true, "Priority":0, "Health":1.000000, "Value":19190 }, { "Slot":"MediumHardpoint2", "Item":"hpt_mininglaser_fixed_medium", "On":true, "Priority":0, "Health":1.000000, "Value":19190 }, { "Slot":"TinyHardpoint1", "Item":"hpt_heatsinklauncher_turret_tiny", "On":true, "Priority":0, "AmmoInClip":1, "AmmoInHopper":2, "Health":1.000000, "Value":2975 }, { "Slot":"TinyHardpoint2", "Item":"hpt_shieldbooster_size0_class5", "On":false, "Priority":1, "Health":1.000000, "Value":238850 }, { "Slot":"TinyHardpoint3", "Item":"hpt_shieldbooster_size0_class5", "On":false, "Priority":0, "Health":1.000000, "Value":238850 }, { "Slot":"TinyHardpoint4", "Item":"hpt_mrascanner_size0_class4", "On":true, "Priority":0, "Health":1.000000, "Value":310844 }, { "Slot":"PaintJob", "Item":"paintjob_krait_mkii_specialeffectchristmas_01", "On":true, "Priority":1, "Health":1.000000 }, { "Slot":"Armour", "Item":"krait_mkii_armour_grade1", "On":true, "Priority":1, "Health":1.000000 }, { "Slot":"PowerPlant", "Item":"int_powerplant_size7_class2", "On":true, "Priority":1, "Health":1.000000, "Value":1225049 }, { "Slot":"MainEngines", "Item":"int_engine_size6_class2", "On":true, "Priority":0, "Health":1.000000, "Value":509356 }, { "Slot":"FrameShiftDrive", "Item":"int_hyperdrive_size5_class4", "On":true, "Priority":0, "Health":1.000000, "Value":1446121 }, { "Slot":"LifeSupport", "Item":"int_lifesupport_size4_class3", "On":true, "Priority":0, "Health":1.000000, "Value":60293 }, { "Slot":"PowerDistributor", "Item":"int_powerdistributor_size7_class3", "On":true, "Priority":0, "Health":1.000000, "Value":1323542 }, { "Slot":"Radar", "Item":"int_sensors_size6_class1", "On":true, "Priority":2, "Health":1.000000, "Value":75631 }, { "Slot":"FuelTank", "Item":"int_fueltank_size5_class3", "On":true, "Priority":1, "Health":1.000000, "Value":83090 }, { "Slot":"Decal1", "Item":"decal_trade_broker", "On":true, "Priority":1, "Health":1.000000 }, { "Slot":"Decal2", "Item":"decal_explorer_surveyor", "On":true, "Priority":1, "Health":1.000000 }, { "Slot":"Decal3", "Item":"decal_combat_mostly_harmless", "On":true, "Priority":1, "Health":1.000000 }, { "Slot":"Slot01_Size6", "Item":"int_cargorack_size6_class1", "On":true, "Priority":1, "Health":1.000000, "Value":308203 }, { "Slot":"Slot02_Size6", "Item":"int_cargorack_size6_class1", "On":true, "Priority":1, "Health":1.000000, "Value":308203 }, { "Slot":"Slot03_Size5", "Item":"int_shieldgenerator_size5_class4", "On":true, "Priority":0, "Health":1.000000, "Value":1446121 }, { "Slot":"Slot04_Size5", "Item":"int_fighterbay_size5_class1", "On":true, "Priority":3, "Health":1.000000, "Value":489297 }, { "Slot":"Slot05_Size4", "Item":"int_multidronecontrol_mining_size3_class1", "On":true, "Priority":0, "Health":1.000000, "Value":12750 }, { "Slot":"Slot06_Size3", "Item":"int_refinery_size3_class5", "On":true, "Priority":0, "Health":1.000000, "Value":1821771 }, { "Slot":"Slot07_Size3", "Item":"int_fuelscoop_size3_class3", "On":true, "Priority":0, "Health":1.000000, "Value":47970 }, { "Slot":"Slot08_Size2", "Item":"int_detailedsurfacescanner_tiny", "On":true, "Priority":0, "Health":1.000000, "Value":212500 }, { "Slot":"Slot09_Size1", "Item":"int_supercruiseassist", "On":true, "Priority":2, "Health":1.000000, "Value":7752 }, { "Slot":"PlanetaryApproachSuite", "Item":"int_planetapproachsuite_advanced", "On":true, "Priority":1, "Health":1.000000, "Value":425 }, { "Slot":"VesselVoice", "Item":"voicepack_verity", "On":true, "Priority":1, "Health":1.000000 }, { "Slot":"ShipCockpit", "Item":"krait_mkii_cockpit", "On":true, "Priority":1, "Health":1.000000 }, { "Slot":"CargoHatch", "Item":"modularcargobaydoor", "On":true, "Priority":2, "Health":1.000000 } ] }
{ "timestamp":"2023-12-05T19:20:56Z", "event":"StartJump", "JumpType":"Hyperspace", "Taxi":false, "StarSystem":"64 Ceti", "SystemAddress":800751339875, "StarClass":"G" }
{ "timestamp":"2023-12-05T19:21:02Z", "event":"ShipLocker", "Items":[  ], "Components":[  ], "Consumables":[  ], "Data":[  ] }
{ "timestamp":"2023-12-05T19:21:02Z", "event":"Music", "MusicTrack":"NoTrack" }
{ "timestamp":"2023-12-05T19:21:03Z", "event":"NavRouteClear" }
{ "timestamp":"2023-12-05T19:21:15Z", "event":"ReceiveText", "From":"", "Message":"$COMMS_entered:#name=64 Ceti;", "Message_Localised":"Entered Channel: 64 Ceti", "Channel":"npc" }
{ "timestamp":"2023-12-05T19:21:15Z", "event":"FSSSignalDiscovered", "SystemAddress":800751339875, "SignalName":"$Warzone_PointRace_Med:#index=1;", "SignalName_Localised":"Conflict Zone [Medium Intensity]", "SignalType":"Combat" }
{ "timestamp":"2023-12-05T19:21:15Z", "event":"FSSSignalDiscovered", "SystemAddress":800751339875, "SignalName":"Grand Ridge Pastures", "SignalType":"Installation" }
{ "timestamp":"2023-12-05T19:21:15Z", "event":"FSSSignalDiscovered", "SystemAddress":800751339875, "SignalName":"KALI K8B-36F", "SignalType":"FleetCarrier", "IsStation":true }
{ "timestamp":"2023-12-05T19:21:15Z", "event":"FSSSignalDiscovered", "SystemAddress":800751339875, "SignalName":"PAZUTRÄGER X1H-45H", "SignalType":"FleetCarrier", "IsStation":true }
{ "timestamp":"2023-12-05T19:21:15Z", "event":"FSSSignalDiscovered", "SystemAddress":800751339875, "SignalName":"$MULTIPLAYER_SCENARIO42_TITLE;", "SignalName_Localised":"Nav Beacon", "SignalType":"NavBeacon" }
{ "timestamp":"2023-12-05T19:21:15Z", "event":"FSSSignalDiscovered", "SystemAddress":800751339875, "SignalName":"Avalon Mobile Security Branch", "SignalType":"Installation" }
{ "timestamp":"2023-12-05T19:21:15Z", "event":"FSSSignalDiscovered", "SystemAddress":800751339875, "SignalName":"$Warzone_PointRace_Low:#index=1;", "SignalName_Localised":"Conflict Zone [Low Intensity]", "SignalType":"Combat" }
{ "timestamp":"2023-12-05T19:21:15Z", "event":"FSSSignalDiscovered", "SystemAddress":800751339875, "SignalName":"Darwin Colony", "SignalType":"Installation" }
{ "timestamp":"2023-12-05T19:21:15Z", "event":"FSSSignalDiscovered", "SystemAddress":800751339875, "SignalName":"BSG-87 PEGASUS H3K-7TB", "SignalType":"FleetCarrier", "IsStation":true }
{ "timestamp":"2023-12-05T19:21:15Z", "event":"FSSSignalDiscovered", "SystemAddress":800751339875, "SignalName":"RAS-807 Dionysus-class Cropper", "SignalType":"Megaship" }
{ "timestamp":"2023-12-05T19:21:15Z", "event":"FSSSignalDiscovered", "SystemAddress":800751339875, "SignalName":"Death & Gravity XBV-B6J", "SignalType":"FleetCarrier", "IsStation":true }
{ "timestamp":"2023-12-05T19:21:15Z", "event":"FSSSignalDiscovered", "SystemAddress":800751339875, "SignalName":"Jensen Gateway", "SignalType":"StationBernalSphere", "IsStation":true }
{ "timestamp":"2023-12-05T19:21:15Z", "event":"FSSSignalDiscovered", "SystemAddress":800751339875, "SignalName":"$MULTIPLAYER_SCENARIO14_TITLE;", "SignalName_Localised":"Resource Extraction Site", "SignalType":"ResourceExtraction" }
{ "timestamp":"2023-12-05T19:21:15Z", "event":"FSSSignalDiscovered", "SystemAddress":800751339875, "SignalName":"WATCHMAN KNK-28M", "SignalType":"FleetCarrier", "IsStation":true }
{ "timestamp":"2023-12-05T19:21:15Z", "event":"FSDJump", "Taxi":false, "Multicrew":false, "StarSystem":"64 Ceti", "SystemAddress":800751339875, "StarPos":[-37.06250,-100.06250,-79.12500], "SystemAllegiance":"Independent", "SystemEconomy":"$economy_Industrial;", "SystemEconomy_Localised":"Industrial", "SystemSecondEconomy":"$economy_Extraction;", "SystemSecondEconomy_Localised":"Extraction", "SystemGovernment":"$government_Corporate;", "SystemGovernment_Localised":"Corporate", "SystemSecurity":"$SYSTEM_SECURITY_medium;", "SystemSecurity_Localised":"Medium Security", "Population":5128504, "Body":"64 Ceti A", "BodyID":2, "BodyType":"Star", "JumpDist":12.210, "FuelUsed":2.600547, "FuelLevel":25.296371, "Factions":[ { "Name":"64 Ceti Independents", "FactionState":"CivilWar", "Government":"Democracy", "Influence":0.074747, "Allegiance":"Federation", "Happiness":"$Faction_HappinessBand2;", "Happiness_Localised":"Happy", "MyReputation":16.830000, "ActiveStates":[ { "State":"Boom" }, { "State":"CivilWar" } ] }, { "Name":"Independents of HIP 9599", "FactionState":"None", "Government":"Democracy", "Influence":0.209091, "Allegiance":"Federation", "Happiness":"$Faction_HappinessBand2;", "Happiness_Localised":"Happy", "MyReputation":11.294400 }, { "Name":"Nationals of 64 Ceti", "FactionState":"None", "Government":"Dictatorship", "Influence":0.054545, "Allegiance":"Independent", "Happiness":"$Faction_HappinessBand2;", "Happiness_Localised":"Happy", "MyReputation":3.960000 }, { "Name":"Worster Insurance", "FactionState":"InfrastructureFailure", "Government":"Corporate", "Influence":0.032323, "Allegiance":"Independent", "Happiness":"$Faction_HappinessBand2;", "Happiness_Localised":"Happy", "MyReputation":10.600000, "ActiveStates":[ { "State":"InfrastructureFailure" } ] }, { "Name":"Autocracy of 64 Ceti", "FactionState":"None", "Government":"Dictatorship", "Influence":0.043434, "Allegiance":"Independent", "Happiness":"$Faction_HappinessBand2;", "Happiness_Localised":"Happy", "MyReputation":7.260000 }, { "Name":"64 Ceti Jet Dynamic PLC", "FactionState":"CivilWar", "Government":"Corporate", "Influence":0.074747, "Allegiance":"Independent", "Happiness":"$Faction_HappinessBand2;", "Happiness_Localised":"Happy", "MyReputation":5.940000, "ActiveStates":[ { "State":"CivilWar" } ] }, { "Name":"The Wild Bunch", "FactionState":"Boom", "Government":"Corporate", "Influence":0.511111, "Allegiance":"Independent", "Happiness":"$Faction_HappinessBand2;", "Happiness_Localised":"Happy", "MyReputation":100.000000, "PendingStates":[ { "State":"Expansion", "Trend":0 } ], "RecoveringStates":[ { "State":"CivilLiberty", "Trend":0 } ], "ActiveStates":[ { "State":"Boom" } ] } ], "SystemFaction":{ "Name":"The Wild Bunch", "FactionState":"Boom" }, "Conflicts":[ { "WarType":"civilwar", "Status":"active", "Faction1":{ "Name":"64 Ceti Independents", "Stake":"Avalon Mobile Security Branch", "WonDays":1 }, "Faction2":{ "Name":"64 Ceti Jet Dynamic PLC", "Stake":"", "WonDays":0 } } ] }
{ "timestamp":"2023-12-05T19:21:15Z", "event":"ShipLocker", "Items":[  ], "Components":[  ], "Consumables":[  ], "Data":[  ] }
{ "timestamp":"2023-12-05T19:21:15Z", "event":"SAASignalsFound", "BodyName":"64 Ceti ABC 2 A Ring", "SystemAddress":800751339875, "BodyID":12, "Signals":[ { "Type":"Monazite", "Count":1 } ], "Genuses":[  ] }
{ "timestamp":"2023-12-05T19:21:15Z", "event":"Music", "MusicTrack":"Supercruise" }
{ "timestamp":"2023-12-05T19:21:27Z", "event":"ReceiveText", "From":"$npc_name_decorate:#name=Finlu Tour;", "From_Localised":"Finlu Tour", "Message":"$Pirate_HunterHostileSC_Relevant01;", "Message_Localised":"That's the ship I'm looking for, the one with the big haul...", "Channel":"npc" }
{ "timestamp":"2023-12-05T19:21:36Z", "event":"FSSSignalDiscovered", "SystemAddress":800751339875, "SignalName":"$Warzone_PointRace_Med:#index=1;", "SignalName_Localised":"Conflict Zone [Medium Intensity]", "SignalType":"Combat" }
{ "timestamp":"2023-12-05T19:21:36Z", "event":"FSSSignalDiscovered", "SystemAddress":800751339875, "SignalName":"Grand Ridge Pastures", "SignalType":"Installation" }
{ "timestamp":"2023-12-05T19:21:36Z", "event":"FSSSignalDiscovered", "SystemAddress":800751339875, "SignalName":"KALI K8B-36F", "SignalType":"FleetCarrier", "IsStation":true }
{ "timestamp":"2023-12-05T19:21:36Z", "event":"FSSSignalDiscovered", "SystemAddress":800751339875, "SignalName":"PAZUTRÄGER X1H-45H", "SignalType":"FleetCarrier", "IsStation":true }
{ "timestamp":"2023-12-05T19:21:36Z", "event":"FSSSignalDiscovered", "SystemAddress":800751339875, "SignalName":"$MULTIPLAYER_SCENARIO42_TITLE;", "SignalName_Localised":"Nav Beacon", "SignalType":"NavBeacon" }
{ "timestamp":"2023-12-05T19:21:36Z", "event":"FSSSignalDiscovered", "SystemAddress":800751339875, "SignalName":"Avalon Mobile Security Branch", "SignalType":"Installation" }
{ "timestamp":"2023-12-05T19:21:36Z", "event":"FSSSignalDiscovered", "SystemAddress":800751339875, "SignalName":"$Warzone_PointRace_Low:#index=1;", "SignalName_Localised":"Conflict Zone [Low Intensity]", "SignalType":"Combat" }
{ "timestamp":"2023-12-05T19:21:36Z", "event":"FSSSignalDiscovered", "SystemAddress":800751339875, "SignalName":"Darwin Colony", "SignalType":"Installation" }
{ "timestamp":"2023-12-05T19:21:36Z", "event":"FSSSignalDiscovered", "SystemAddress":800751339875, "SignalName":"BSG-87 PEGASUS H3K-7TB", "SignalType":"FleetCarrier", "IsStation":true }
{ "timestamp":"2023-12-05T19:21:36Z", "event":"FSSSignalDiscovered", "SystemAddress":800751339875, "SignalName":"RAS-807 Dionysus-class Cropper", "SignalType":"Megaship" }
{ "timestamp":"2023-12-05T19:21:36Z", "event":"FSSSignalDiscovered", "SystemAddress":800751339875, "SignalName":"Death & Gravity XBV-B6J", "SignalType":"FleetCarrier", "IsStation":true }
{ "timestamp":"2023-12-05T19:21:36Z", "event":"FSSSignalDiscovered", "SystemAddress":800751339875, "SignalName":"Jensen Gateway", "SignalType":"StationBernalSphere", "IsStation":true }
{ "timestamp":"2023-12-05T19:21:36Z", "event":"FSSSignalDiscovered", "SystemAddress":800751339875, "SignalName":"$MULTIPLAYER_SCENARIO14_TITLE;", "SignalName_Localised":"Resource Extraction Site", "SignalType":"ResourceExtraction" }
{ "timestamp":"2023-12-05T19:21:36Z", "event":"FSSSignalDiscovered", "SystemAddress":800751339875, "SignalName":"WATCHMAN KNK-28M", "SignalType":"FleetCarrier", "IsStation":true }
{ "timestamp":"2023-12-05T19:21:36Z", "event":"FSSDiscoveryScan", "Progress":1.000000, "BodyCount":12, "NonBodyCount":22, "SystemName":"64 Ceti", "SystemAddress":800751339875 }
{ "timestamp":"2023-12-05T19:21:46Z", "event":"ModuleInfo" }
{ "timestamp":"2023-12-05T19:23:16Z", "event":"SupercruiseDestinationDrop", "Type":"Jensen Gateway", "Threat":0, "MarketID":3223182848 }
{ "timestamp":"2023-12-05T19:23:17Z", "event":"SupercruiseExit", "Taxi":false, "Multicrew":false, "StarSystem":"64 Ceti", "SystemAddress":800751339875, "Body":"Jensen Gateway", "BodyID":26, "BodyType":"Station" }
{ "timestamp":"2023-12-05T19:23:17Z", "event":"ShipLocker", "Items":[  ], "Components":[  ], "Consumables":[  ], "Data":[  ] }
{ "timestamp":"2023-12-05T19:23:17Z", "event":"Music", "MusicTrack":"DestinationFromSupercruise" }
{ "timestamp":"2023-12-05T19:23:20Z", "event":"ReceiveText", "From":"$npc_name_decorate:#name=Finlu Tour;", "From_Localised":"Finlu Tour", "Message":"$Pirate_OnDeclarePiracyAttack16;", "Message_Localised":"I have you in my sights.", "Channel":"npc" }
{ "timestamp":"2023-12-05T19:23:22Z", "event":"Music", "MusicTrack":"NoTrack" }
{ "timestamp":"2023-12-05T19:23:23Z", "event":"ReceiveText", "From":"Jensen Gateway", "Message":"$STATION_NoFireZone_entered;", "Message_Localised":"No fire zone entered.", "Channel":"npc" }
{ "timestamp":"2023-12-05T19:23:27Z", "event":"DockingRequested", "MarketID":3223182848, "StationName":"Jensen Gateway", "StationType":"Ocellus", "LandingPads":{ "Small":17, "Medium":18, "Large":9 } }
{ "timestamp":"2023-12-05T19:23:28Z", "event":"ReceiveText", "From":"Jensen Gateway", "Message":"$DockingChatter_Allied;", "Message_Localised":"An ally like you is always welcome here.", "Channel":"npc" }
{ "timestamp":"2023-12-05T19:23:28Z", "event":"ReceiveText", "From":"Jensen Gateway", "Message":"$STATION_docking_granted;", "Message_Localised":"Docking request granted.", "Channel":"npc" }
{ "timestamp":"2023-12-05T19:23:28Z", "event":"DockingGranted", "LandingPad":30, "MarketID":3223182848, "StationName":"Jensen Gateway", "StationType":"Ocellus" }
{ "timestamp":"2023-12-05T19:23:45Z", "event":"ModuleInfo" }
{ "timestamp":"2023-12-05T19:24:21Z", "event":"Music", "MusicTrack":"Starport" }
{ "timestamp":"2023-12-05T19:24:46Z", "event":"Docked", "StationName":"Jensen Gateway", "StationType":"Ocellus", "Taxi":false, "Multicrew":false, "StarSystem":"64 Ceti", "SystemAddress":800751339875, "MarketID":3223182848, "StationFaction":{ "Name":"The Wild Bunch", "FactionState":"Boom" }, "StationGovernment":"$government_Corporate;", "StationGovernment_Localised":"Corporate", "StationServices":[ "dock", "autodock", "commodities", "contacts", "exploration", "missions", "outfitting", "crewlounge", "rearm", "refuel", "repair", "shipyard", "tuning", "engineer", "missionsgenerated", "flightcontroller", "stationoperations", "powerplay", "searchrescue", "materialtrader", "stationMenu", "shop", "livery", "socialspace", "bartender", "vistagenomics", "pioneersupplies", "apexinterstellar", "frontlinesolutions" ], "StationEconomy":"$economy_Industrial;", "StationEconomy_Localised":"Industrial", "StationEconomies":[ { "Name":"$economy_Industrial;", "Name_Localised":"Industrial", "Proportion":0.770000 }, { "Name":"$economy_Extraction;", "Name_Localised":"Extraction", "Proportion":0.230000 } ], "DistFromStarLS":506.730248, "LandingPads":{ "Small":17, "Medium":18, "Large":9 } }
{ "timestamp":"2023-12-05T19:24:46Z", "event":"NpcCrewPaidWage", "NpcCrewName":"Douglas Mcclain", "NpcCrewId":261741505, "Amount":0 }
{ "timestamp":"2023-12-05T19:24:48Z", "event":"RefuelAll", "Cost":352, "Amount":7.022310 }
{ "timestamp":"2023-12-05T19:25:01Z", "event":"Market", "MarketID":3223182848, "StationName":"Jensen Gateway", "StationType":"Bernal", "StarSystem":"64 Ceti" }
{ "timestamp":"2023-12-05T19:25:10Z", "event":"NpcCrewPaidWage", "NpcCrewName":"Douglas Mcclain", "NpcCrewId":261741505, "Amount":4479 }
{ "timestamp":"2023-12-05T19:25:10Z", "event":"MarketSell", "MarketID":3223182848, "Type":"gold", "Count":2, "SellPrice":55997, "TotalSale":111994, "AvgPricePaid":0 }
{ "timestamp":"2023-12-05T19:25:13Z", "event":"Cargo", "Vessel":"Ship", "Count":40 }
{ "timestamp":"2023-12-05T19:25:13Z", "event":"NpcCrewPaidWage", "NpcCrewName":"Douglas Mcclain", "NpcCrewId":261741505, "Amount":338 }
{ "timestamp":"2023-12-05T19:25:13Z", "event":"MarketSell", "MarketID":3223182848, "Type":"praseodymium", "Count":1, "SellPrice":8474, "TotalSale":8474, "AvgPricePaid":0 }
{ "timestamp":"2023-12-05T19:25:15Z", "event":"NpcCrewPaidWage", "NpcCrewName":"Douglas Mcclain", "NpcCrewId":261741505, "Amount":6710 }
{ "timestamp":"2023-12-05T19:25:15Z", "event":"MarketSell", "MarketID":3223182848, "Type":"osmium", "Count":1, "SellPrice":167755, "TotalSale":167755, "AvgPricePaid":0 }
{ "timestamp":"2023-12-05T19:25:17Z", "event":"NpcCrewPaidWage", "NpcCrewName":"Douglas Mcclain", "NpcCrewId":261741505, "Amount":2045 }
{ "timestamp":"2023-12-05T19:25:17Z", "event":"MarketSell", "MarketID":3223182848, "Type":"samarium", "Count":2, "SellPrice":25573, "TotalSale":51146, "AvgPricePaid":0 }
{ "timestamp":"2023-12-05T19:25:17Z", "event":"Cargo", "Vessel":"Ship", "Count":36 }
{ "timestamp":"2023-12-05T19:25:18Z", "event":"NpcCrewPaidWage", "NpcCrewName":"Douglas Mcclain", "NpcCrewId":261741505, "Amount":7819 }
{ "timestamp":"2023-12-05T19:25:18Z", "event":"MarketSell", "MarketID":3223182848, "Type":"silver", "Count":4, "SellPrice":48872, "TotalSale":195488, "AvgPricePaid":0 }
{ "timestamp":"2023-12-05T19:25:19Z", "event":"Cargo", "Vessel":"Ship", "Count":32 }
{ "timestamp":"2023-12-05T19:25:21Z", "event":"Cargo", "Vessel":"Ship", "Count":32 }
{ "timestamp":"2023-12-05T19:25:22Z", "event":"NpcCrewPaidWage", "NpcCrewName":"Douglas Mcclain", "NpcCrewId":261741505, "Amount":801 }
{ "timestamp":"2023-12-05T19:25:22Z", "event":"MarketSell", "MarketID":3223182848, "Type":"gallite", "Count":2, "SellPrice":10020, "TotalSale":20040, "AvgPricePaid":0 }
{ "timestamp":"2023-12-05T19:25:24Z", "event":"Cargo", "Vessel":"Ship", "Count":30 }
{ "timestamp":"2023-12-05T19:25:26Z", "event":"NpcCrewPaidWage", "NpcCrewName":"Douglas Mcclain", "NpcCrewId":261741505, "Amount":178 }
{ "timestamp":"2023-12-05T19:25:26Z", "event":"MarketSell", "MarketID":3223182848, "Type":"uraninite", "Count":2, "SellPrice":2228, "TotalSale":4456, "AvgPricePaid":0 }
{ "timestamp":"2023-12-05T19:25:27Z", "event":"NpcCrewPaidWage", "NpcCrewName":"Douglas Mcclain", "NpcCrewId":261741505, "Amount":1131 }
{ "timestamp":"2023-12-05T19:25:27Z", "event":"MarketSell", "MarketID":3223182848, "Type":"indite", "Count":3, "SellPrice":9426, "TotalSale":28278, "AvgPricePaid":0 }
{ "timestamp":"2023-12-05T19:25:28Z", "event":"Cargo", "Vessel":"Ship", "Count":25 }
{ "timestamp":"2023-12-05T19:25:29Z", "event":"NpcCrewPaidWage", "NpcCrewName":"Douglas Mcclain", "NpcCrewId":261741505, "Amount":387 }
{ "timestamp":"2023-12-05T19:25:29Z", "event":"MarketSell", "MarketID":3223182848, "Type":"coltan", "Count":2, "SellPrice":4841, "TotalSale":9682, "AvgPricePaid":0 }
{ "timestamp":"2023-12-05T19:25:31Z", "event":"NpcCrewPaidWage", "NpcCrewName":"Douglas Mcclain", "NpcCrewId":261741505, "Amount":35 }
{ "timestamp":"2023-12-05T19:25:31Z", "event":"MarketSell", "MarketID":3223182848, "Type":"lepidolite", "Count":2, "SellPrice":444, "TotalSale":888, "AvgPricePaid":0 }
{ "timestamp":"2023-12-05T19:25:31Z", "event":"Cargo", "Vessel":"Ship", "Count":21 }
{ "timestamp":"2023-12-05T19:25:33Z", "event":"Cargo", "Vessel":"Ship", "Count":21 }
{ "timestamp":"2023-12-05T19:27:50Z", "event":"Music", "MusicTrack":"Exploration" }
{ "timestamp":"2023-12-05T19:27:53Z", "event":"Shutdown" }
