{ "timestamp":"2023-10-16T17:14:51Z", "event":"Fileheader", "part":1, "language":"English/UK", "Odyssey":true, "gameversion":"4.0.0.1700", "build":"r297330/r0 " }
{ "timestamp":"2023-10-16T17:15:55Z", "event":"Commander", "FID":"F10668416", "Name":"NICEYGY" }
{ "timestamp":"2023-10-16T17:15:55Z", "event":"Materials", "Raw":[  ], "Manufactured":[  ], "Encoded":[ { "Name":"shielddensityreports", "Name_Localised":"Untypical Shield Scans", "Count":3 }, { "Name":"shieldsoakanalysis", "Name_Localised":"Inconsistent Shield Soak Analysis", "Count":3 } ] }
{ "timestamp":"2023-10-16T17:15:55Z", "event":"Rank", "Combat":0, "Trade":2, "Explore":0, "Soldier":0, "Exobiologist":0, "Empire":0, "Federation":0, "CQC":0 }
{ "timestamp":"2023-10-16T17:15:55Z", "event":"Progress", "Combat":9, "Trade":5, "Explore":85, "Soldier":0, "Exobiologist":0, "Empire":0, "Federation":10, "CQC":0 }
{ "timestamp":"2023-10-16T17:15:55Z", "event":"Reputation", "Empire":0.000000, "Federation":0.198000, "Independent":0.000000, "Alliance":0.000000 }
{ "timestamp":"2023-10-16T17:15:55Z", "event":"EngineerProgress", "Engineers":[ { "Engineer":"Felicity Farseer", "EngineerID":300100, "Progress":"Known" }, { "Engineer":"Liz Ryder", "EngineerID":300080, "Progress":"Known" }, { "Engineer":"The Dweller", "EngineerID":300180, "Progress":"Known" }, { "Engineer":"Elvira Martuuk", "EngineerID":300160, "Progress":"Known" }, { "Engineer":"Tod 'The Blaster' McQuinn", "EngineerID":300260, "Progress":"Known" } ] }
{ "timestamp":"2023-10-16T17:15:56Z", "event":"LoadGame", "FID":"F10668416", "Commander":"NICEYGY", "Horizons":true, "Odyssey":false, "Ship":"Eagle", "ShipID":1, "ShipName":"", "ShipIdent":"", "FuelLevel":6.000000, "FuelCapacity":6.000000, "GameMode":"Open", "Credits":30257, "Loan":0, "language":"English/UK", "gameversion":"4.0.0.1700", "build":"r297330/r0 " }
{ "timestamp":"2023-10-16T17:15:58Z", "event":"Statistics", "Bank_Account":{ "Current_Wealth":232387, "Spent_On_Ships":44800, "Spent_On_Outfitting":106330, "Spent_On_Repairs":313, "Spent_On_Fuel":1033, "Spent_On_Ammo_Consumables":50, "Insurance_Claims":0, "Spent_On_Insurance":0, "Owned_Ship_Count":2 }, "Combat":{ "Bounties_Claimed":0, "Bounty_Hunting_Profit":0, "Combat_Bonds":0, "Combat_Bond_Profits":0, "Assassinations":0, "Assassination_Profits":0, "Highest_Single_Reward":0, "Skimmers_Killed":0 }, "Crime":{ "Notoriety":0, "Fines":1, "Total_Fines":70778, "Bounties_Received":0, "Total_Bounties":0, "Highest_Bounty":0 }, "Smuggling":{ "Black_Markets_Traded_With":0, "Black_Markets_Profits":0, "Resources_Smuggled":0, "Average_Profit":0, "Highest_Single_Transaction":0 }, "Trading":{ "Markets_Traded_With":0, "Market_Profits":0, "Resources_Traded":0, "Average_Profit":0, "Highest_Single_Transaction":0 }, "Mining":{ "Mining_Profits":0, "Quantity_Mined":0, "Materials_Collected":6 }, "Exploration":{ "Systems_Visited":19, "Exploration_Profits":34111, "Planets_Scanned_To_Level_2":2, "Planets_Scanned_To_Level_3":2, "Efficient_Scans":0, "Highest_Payout":32406, "Total_Hyperspace_Distance":193, "Total_Hyperspace_Jumps":33, "Greatest_Distance_From_Start":29.833620663188, "Time_Played":30360 }, "Passengers":{ "Passengers_Missions_Bulk":0, "Passengers_Missions_VIP":0, "Passengers_Missions_Delivered":0, "Passengers_Missions_Ejected":0 }, "Search_And_Rescue":{ "SearchRescue_Traded":0, "SearchRescue_Profit":0, "SearchRescue_Count":0 }, "Crafting":{ "Count_Of_Used_Engineers":0, "Recipes_Generated":0, "Recipes_Generated_Rank_1":0, "Recipes_Generated_Rank_2":0, "Recipes_Generated_Rank_3":0, "Recipes_Generated_Rank_4":0, "Recipes_Generated_Rank_5":0 }, "Crew":{ "NpcCrew_TotalWages":0, "NpcCrew_Hired":0, "NpcCrew_Fired":0, "NpcCrew_Died":0 }, "Multicrew":{ "Multicrew_Time_Total":0, "Multicrew_Gunner_Time_Total":0, "Multicrew_Fighter_Time_Total":0, "Multicrew_Credits_Total":0, "Multicrew_Fines_Total":0 }, "Material_Trader_Stats":{ "Trades_Completed":0, "Materials_Traded":0 } }
{ "timestamp":"2023-10-16T17:16:01Z", "event":"ReceiveText", "From":"", "Message":"$COMMS_entered:#name=Clayakarma;", "Message_Localised":"Entered Channel: Clayakarma", "Channel":"npc" }
{ "timestamp":"2023-10-16T17:16:01Z", "event":"Location", "DistFromStarLS":328.527479, "Docked":false, "Taxi":false, "Multicrew":false, "StarSystem":"Clayakarma", "SystemAddress":6680922297058, "StarPos":[-20.50000,-4.96875,60.68750], "SystemAllegiance":"Independent", "SystemEconomy":"$economy_Agri;", "SystemEconomy_Localised":"Agriculture", "SystemSecondEconomy":"$economy_Tourism;", "SystemSecondEconomy_Localised":"Tourism", "SystemGovernment":"$government_Dictatorship;", "SystemGovernment_Localised":"Dictatorship", "SystemSecurity":"$SYSTEM_SECURITY_high;", "SystemSecurity_Localised":"High Security", "Population":3809328797, "Body":"Clayakarma 1", "BodyID":1, "BodyType":"Planet", "Factions":[ { "Name":"People's Clayakarma Resistance", "FactionState":"None", "Government":"Democracy", "Influence":0.055944, "Allegiance":"Federation", "Happiness":"$Faction_HappinessBand2;", "Happiness_Localised":"Happy", "MyReputation":0.000000 }, { "Name":"Clayakarma Electronics Partners", "FactionState":"None", "Government":"Corporate", "Influence":0.047952, "Allegiance":"Federation", "Happiness":"$Faction_HappinessBand2;", "Happiness_Localised":"Happy", "MyReputation":0.000000 }, { "Name":"United Euryale First", "FactionState":"None", "Government":"Dictatorship", "Influence":0.336663, "Allegiance":"Independent", "Happiness":"$Faction_HappinessBand2;", "Happiness_Localised":"Happy", "MyReputation":-1.320000 }, { "Name":"Official Clayakarma Defence Force", "FactionState":"None", "Government":"Dictatorship", "Influence":0.093906, "Allegiance":"Independent", "Happiness":"$Faction_HappinessBand2;", "Happiness_Localised":"Happy", "MyReputation":0.000000, "RecoveringStates":[ { "State":"Drought", "Trend":0 } ] }, { "Name":"Clayakarma Electronics Limited", "FactionState":"None", "Government":"Corporate", "Influence":0.056943, "Allegiance":"Independent", "Happiness":"$Faction_HappinessBand2;", "Happiness_Localised":"Happy", "MyReputation":0.000000 }, { "Name":"Clayakarma Purple Mob", "FactionState":"None", "Government":"Anarchy", "Influence":0.012987, "Allegiance":"Independent", "Happiness":"$Faction_HappinessBand2;", "Happiness_Localised":"Happy", "MyReputation":0.330000 }, { "Name":"EG Union", "FactionState":"Expansion", "Government":"Dictatorship", "Influence":0.395604, "Allegiance":"Independent", "Happiness":"$Faction_HappinessBand2;", "Happiness_Localised":"Happy", "MyReputation":0.000000, "RecoveringStates":[ { "State":"PublicHoliday", "Trend":0 } ], "ActiveStates":[ { "State":"Expansion" } ] } ], "SystemFaction":{ "Name":"EG Union", "FactionState":"Expansion" } }
{ "timestamp":"2023-10-16T17:16:01Z", "event":"Music", "MusicTrack":"NoTrack" }
{ "timestamp":"2023-10-16T17:16:01Z", "event":"ShipLocker", "Items":[  ], "Components":[  ], "Consumables":[  ], "Data":[  ] }
{ "timestamp":"2023-10-16T17:16:01Z", "event":"Missions", "Active":[  ], "Failed":[  ], "Complete":[  ] }
{ "timestamp":"2023-10-16T17:16:01Z", "event":"Loadout", "Ship":"eagle", "ShipID":1, "ShipName":" ", "ShipIdent":"NI-11E", "HullValue":44800, "ModulesValue":83512, "HullHealth":1.000000, "UnladenMass":88.599998, "CargoCapacity":0, "MaxJumpRange":7.899912, "FuelCapacity":{ "Main":6.000000, "Reserve":0.340000 }, "Rebuy":6416, "Modules":[ { "Slot":"SmallHardpoint1", "Item":"hpt_pulselaser_fixed_small", "On":true, "Priority":2, "Health":1.000000 }, { "Slot":"SmallHardpoint2", "Item":"hpt_pulselaser_fixed_small", "On":true, "Priority":2, "Health":1.000000 }, { "Slot":"SmallHardpoint3", "Item":"hpt_cannon_gimbal_small", "On":true, "Priority":0, "AmmoInClip":5, "AmmoInHopper":100, "Health":1.000000, "Value":42200 }, { "Slot":"TinyHardpoint1", "Item":"hpt_heatsinklauncher_turret_tiny", "On":true, "Priority":0, "AmmoInClip":1, "AmmoInHopper":2, "Health":1.000000, "Value":3500 }, { "Slot":"Armour", "Item":"eagle_armour_grade1", "On":true, "Priority":1, "Health":1.000000 }, { "Slot":"PowerPlant", "Item":"int_powerplant_size2_class2", "On":true, "Priority":1, "Health":1.000000 }, { "Slot":"MainEngines", "Item":"int_engine_size3_class2", "On":true, "Priority":0, "Health":1.000000, "Value":18812 }, { "Slot":"FrameShiftDrive", "Item":"int_hyperdrive_size3_class1", "On":true, "Priority":2, "Health":1.000000 }, { "Slot":"LifeSupport", "Item":"int_lifesupport_size1_class1", "On":true, "Priority":1, "Health":1.000000 }, { "Slot":"PowerDistributor", "Item":"int_powerdistributor_size2_class1", "On":true, "Priority":2, "Health":1.000000 }, { "Slot":"Radar", "Item":"int_sensors_size2_class1", "On":true, "Priority":2, "Health":1.000000 }, { "Slot":"FuelTank", "Item":"int_fueltank_size2_class3", "On":true, "Priority":1, "Health":1.000000 }, { "Slot":"Slot01_Size3", "Item":"int_shieldgenerator_size3_class1", "On":true, "Priority":2, "Health":1.000000 }, { "Slot":"Slot02_Size2", "Item":"int_buggybay_size2_class1", "On":true, "Priority":0, "Health":1.000000, "Value":18000 }, { "Slot":"Slot03_Size1", "Item":"int_fueltank_size1_class3", "On":true, "Priority":1, "Health":1.000000, "Value":1000 }, { "Slot":"Slot05_Size1", "Item":"int_supercruiseassist", "On":true, "Priority":2, "Health":1.000000 }, { "Slot":"Slot06_Size1", "Item":"int_dockingcomputer_advanced", "On":true, "Priority":3, "Health":1.000000 }, { "Slot":"PlanetaryApproachSuite", "Item":"int_planetapproachsuite_advanced", "On":true, "Priority":1, "Health":1.000000 }, { "Slot":"VesselVoice", "Item":"voicepack_victor", "On":true, "Priority":1, "Health":1.000000 }, { "Slot":"ShipCockpit", "Item":"eagle_cockpit", "On":true, "Priority":1, "Health":1.000000 }, { "Slot":"CargoHatch", "Item":"modularcargobaydoor", "On":false, "Priority":2, "Health":1.000000 } ] }
{ "timestamp":"2023-10-16T17:16:01Z", "event":"Music", "MusicTrack":"Exploration" }
{ "timestamp":"2023-10-16T17:16:03Z", "event":"Cargo", "Vessel":"Ship", "Count":0, "Inventory":[  ] }
{ "timestamp":"2023-10-16T17:16:21Z", "event":"StartJump", "JumpType":"Supercruise", "Taxi":false }
{ "timestamp":"2023-10-16T17:16:26Z", "event":"FSSSignalDiscovered", "SystemAddress":6680922297058, "SignalName":"Military Installation", "SignalType":"Installation" }
{ "timestamp":"2023-10-16T17:16:26Z", "event":"FSSSignalDiscovered", "SystemAddress":6680922297058, "SignalName":"HEAVYSIX KLB-30X", "SignalType":"FleetCarrier", "IsStation":true }
{ "timestamp":"2023-10-16T17:16:26Z", "event":"FSSSignalDiscovered", "SystemAddress":6680922297058, "SignalName":"BAnshee's Lament T9X-96Y", "SignalType":"FleetCarrier", "IsStation":true }
{ "timestamp":"2023-10-16T17:16:26Z", "event":"FSSSignalDiscovered", "SystemAddress":6680922297058, "SignalName":"Sinclair Port", "SignalType":"StationONeilOrbis", "IsStation":true }
{ "timestamp":"2023-10-16T17:16:26Z", "event":"FSSSignalDiscovered", "SystemAddress":6680922297058, "SignalName":"ASHERON   V0N-1XZ", "SignalType":"FleetCarrier", "IsStation":true }
{ "timestamp":"2023-10-16T17:16:26Z", "event":"FSSSignalDiscovered", "SystemAddress":6680922297058, "SignalName":"UNDEFINED INDEX V7G-L2J", "SignalType":"FleetCarrier", "IsStation":true }
{ "timestamp":"2023-10-16T17:16:26Z", "event":"FSSSignalDiscovered", "SystemAddress":6680922297058, "SignalName":"[EGPU] KOLOVRAT Q6K-L6K", "SignalType":"FleetCarrier", "IsStation":true }
{ "timestamp":"2023-10-16T17:16:26Z", "event":"FSSSignalDiscovered", "SystemAddress":6680922297058, "SignalName":"CHEETAH LOGISTIC V1J-4QF", "SignalType":"FleetCarrier", "IsStation":true }
{ "timestamp":"2023-10-16T17:16:26Z", "event":"FSSSignalDiscovered", "SystemAddress":6680922297058, "SignalName":"PEREMOGA UA V8X-1HM", "SignalType":"FleetCarrier", "IsStation":true }
{ "timestamp":"2023-10-16T17:16:26Z", "event":"FSSSignalDiscovered", "SystemAddress":6680922297058, "SignalName":"EG-PILOTS.COM TSU-O HHY-B5Z", "SignalType":"FleetCarrier", "IsStation":true }
{ "timestamp":"2023-10-16T17:16:26Z", "event":"FSSSignalDiscovered", "SystemAddress":6680922297058, "SignalName":"N. ZABURDAEV ZYBR78-RU Q2J-36Y", "SignalType":"FleetCarrier", "IsStation":true }
{ "timestamp":"2023-10-16T17:16:26Z", "event":"FSSSignalDiscovered", "SystemAddress":6680922297058, "SignalName":"BARON'S FOKKER UZY-3TY", "SignalType":"FleetCarrier", "IsStation":true }
{ "timestamp":"2023-10-16T17:16:26Z", "event":"FSSSignalDiscovered", "SystemAddress":6680922297058, "SignalName":"SDF PROSERPINA V2L-L3X", "SignalType":"FleetCarrier", "IsStation":true }
{ "timestamp":"2023-10-16T17:16:26Z", "event":"FSSSignalDiscovered", "SystemAddress":6680922297058, "SignalName":"Duke City", "SignalType":"StationONeilOrbis", "IsStation":true }
{ "timestamp":"2023-10-16T17:16:26Z", "event":"FSSSignalDiscovered", "SystemAddress":6680922297058, "SignalName":"CASTLE LOGISTICS CO. TBK-6HY", "SignalType":"FleetCarrier", "IsStation":true }
{ "timestamp":"2023-10-16T17:16:26Z", "event":"FSSSignalDiscovered", "SystemAddress":6680922297058, "SignalName":"Clayakarma Visitor Beacon", "SignalType":"TouristBeacon" }
{ "timestamp":"2023-10-16T17:16:26Z", "event":"FSSSignalDiscovered", "SystemAddress":6680922297058, "SignalName":"Kaleri Gateway", "SignalType":"StationONeilOrbis", "IsStation":true }
{ "timestamp":"2023-10-16T17:16:26Z", "event":"FSSSignalDiscovered", "SystemAddress":6680922297058, "SignalName":"Dogtooth Keep", "SignalType":"Installation" }
{ "timestamp":"2023-10-16T17:16:26Z", "event":"FSSSignalDiscovered", "SystemAddress":6680922297058, "SignalName":"BLACKROCK H7T-N7F", "SignalType":"FleetCarrier", "IsStation":true }
{ "timestamp":"2023-10-16T17:16:26Z", "event":"FSSSignalDiscovered", "SystemAddress":6680922297058, "SignalName":"Moonlight Hold", "SignalType":"Installation" }
{ "timestamp":"2023-10-16T17:16:26Z", "event":"FSSSignalDiscovered", "SystemAddress":6680922297058, "SignalName":"[ENEX] Socially Dstncd T9V-1HN", "SignalType":"FleetCarrier", "IsStation":true }
{ "timestamp":"2023-10-16T17:16:26Z", "event":"FSSSignalDiscovered", "SystemAddress":6680922297058, "SignalName":"C.R.E.A.M. CARRIER Q7G-0KT", "SignalType":"FleetCarrier", "IsStation":true }
{ "timestamp":"2023-10-16T17:16:26Z", "event":"FSSSignalDiscovered", "SystemAddress":6680922297058, "SignalName":"BAGPIPER'S HAVEN VLG-42W", "SignalType":"FleetCarrier", "IsStation":true }
{ "timestamp":"2023-10-16T17:16:26Z", "event":"FSSSignalDiscovered", "SystemAddress":6680922297058, "SignalName":"ELYSIUM                VNY-G2Q", "SignalType":"FleetCarrier", "IsStation":true }
{ "timestamp":"2023-10-16T17:16:26Z", "event":"FSSSignalDiscovered", "SystemAddress":6680922297058, "SignalName":"STUTZ BEARCAT 1914 J7Q-LQG", "SignalType":"FleetCarrier", "IsStation":true }
{ "timestamp":"2023-10-16T17:16:26Z", "event":"FSSSignalDiscovered", "SystemAddress":6680922297058, "SignalName":"TOWER OF MELANCHOLY T1M-TPZ", "SignalType":"FleetCarrier", "IsStation":true }
{ "timestamp":"2023-10-16T17:16:26Z", "event":"FSSSignalDiscovered", "SystemAddress":6680922297058, "SignalName":"PEGASUS PRIME V1X-88K", "SignalType":"FleetCarrier", "IsStation":true }
{ "timestamp":"2023-10-16T17:16:26Z", "event":"FSSSignalDiscovered", "SystemAddress":6680922297058, "SignalName":"$MULTIPLAYER_SCENARIO42_TITLE;", "SignalName_Localised":"Nav Beacon", "SignalType":"NavBeacon" }
{ "timestamp":"2023-10-16T17:16:26Z", "event":"FSSSignalDiscovered", "SystemAddress":6680922297058, "SignalName":"BRANCALEONE DA NORCIA H7K-57N", "SignalType":"FleetCarrier", "IsStation":true }
{ "timestamp":"2023-10-16T17:16:26Z", "event":"FSSSignalDiscovered", "SystemAddress":6680922297058, "SignalName":"Q\\X/E127Y MHX-LPZ", "SignalType":"FleetCarrier", "IsStation":true }
{ "timestamp":"2023-10-16T17:16:26Z", "event":"FSSSignalDiscovered", "SystemAddress":6680922297058, "SignalName":"CBF FLAGSHIP K6K-12Y", "SignalType":"FleetCarrier", "IsStation":true }
{ "timestamp":"2023-10-16T17:16:26Z", "event":"FSSSignalDiscovered", "SystemAddress":6680922297058, "SignalName":"000000000000000000000 V7M-T6L", "SignalType":"FleetCarrier", "IsStation":true }
{ "timestamp":"2023-10-16T17:16:26Z", "event":"FSSSignalDiscovered", "SystemAddress":6680922297058, "SignalName":"ATLAS CORP HLG-T1Z", "SignalType":"FleetCarrier", "IsStation":true }
{ "timestamp":"2023-10-16T17:16:26Z", "event":"FSSSignalDiscovered", "SystemAddress":6680922297058, "SignalName":"LYCANTHROPE HYWELBANE V2X-GKB", "SignalType":"FleetCarrier", "IsStation":true }
{ "timestamp":"2023-10-16T17:16:26Z", "event":"FSSSignalDiscovered", "SystemAddress":6680922297058, "SignalName":"Crown Marine Point", "SignalType":"Installation" }
{ "timestamp":"2023-10-16T17:16:26Z", "event":"FSSSignalDiscovered", "SystemAddress":6680922297058, "SignalName":"Roentgen Gateway", "SignalType":"StationONeilOrbis", "IsStation":true }
{ "timestamp":"2023-10-16T17:16:26Z", "event":"FSSSignalDiscovered", "SystemAddress":6680922297058, "SignalName":"LENIN * USSR JFB-86Q", "SignalType":"FleetCarrier", "IsStation":true }
{ "timestamp":"2023-10-16T17:16:26Z", "event":"FSSSignalDiscovered", "SystemAddress":6680922297058, "SignalName":"Turgid Prime X6W-5TF", "SignalType":"FleetCarrier", "IsStation":true }
{ "timestamp":"2023-10-16T17:16:26Z", "event":"SupercruiseEntry", "Taxi":false, "Multicrew":false, "StarSystem":"Clayakarma", "SystemAddress":6680922297058 }
{ "timestamp":"2023-10-16T17:16:26Z", "event":"ShipLocker", "Items":[  ], "Components":[  ], "Consumables":[  ], "Data":[  ] }
{ "timestamp":"2023-10-16T17:16:26Z", "event":"Music", "MusicTrack":"Supercruise" }
{ "timestamp":"2023-10-16T17:17:23Z", "event":"Music", "MusicTrack":"SystemAndSurfaceScanner" }
{ "timestamp":"2023-10-16T17:17:42Z", "event":"FSSDiscoveryScan", "Progress":1.000000, "BodyCount":9, "NonBodyCount":73, "SystemName":"Clayakarma", "SystemAddress":6680922297058 }
{ "timestamp":"2023-10-16T17:18:11Z", "event":"Music", "MusicTrack":"Supercruise" }
{ "timestamp":"2023-10-16T17:20:29Z", "event":"SupercruiseDestinationDrop", "Type":"EG-PILOTS.COM TSU-O HHY-B5Z", "Threat":0, "MarketID":3704354048 }
{ "timestamp":"2023-10-16T17:20:31Z", "event":"SupercruiseExit", "Taxi":false, "Multicrew":false, "StarSystem":"Clayakarma", "SystemAddress":6680922297058, "Body":"Clayakarma 1", "BodyID":1, "BodyType":"Planet" }
{ "timestamp":"2023-10-16T17:20:31Z", "event":"ShipLocker", "Items":[  ], "Components":[  ], "Consumables":[  ], "Data":[  ] }
{ "timestamp":"2023-10-16T17:20:31Z", "event":"Music", "MusicTrack":"DestinationFromSupercruise" }
{ "timestamp":"2023-10-16T17:20:36Z", "event":"Music", "MusicTrack":"Exploration" }
{ "timestamp":"2023-10-16T17:20:41Z", "event":"ReceiveText", "From":"EG-PILOTS.COM TSU-O HHY-B5Z", "Message":"$STATION_NoFireZone_entered;", "Message_Localised":"No fire zone entered.", "Channel":"npc" }
{ "timestamp":"2023-10-16T17:20:48Z", "event":"DockingRequested", "MarketID":3704354048, "StationName":"HHY-B5Z", "StationType":"FleetCarrier", "LandingPads":{ "Small":4, "Medium":4, "Large":8 } }
{ "timestamp":"2023-10-16T17:20:48Z", "event":"ReceiveText", "From":"EG-PILOTS.COM TSU-O HHY-B5Z", "Message":"$STATION_docking_denied_accessRestricted;", "Message_Localised":"Docking request denied, you do not meet the set permissions.", "Channel":"npc" }
{ "timestamp":"2023-10-16T17:20:48Z", "event":"DockingDenied", "Reason":"RestrictedAccess", "MarketID":3704354048, "StationName":"HHY-B5Z", "StationType":"FleetCarrier" }
{ "timestamp":"2023-10-16T17:21:27Z", "event":"DockingRequested", "MarketID":3704354048, "StationName":"HHY-B5Z", "StationType":"FleetCarrier", "LandingPads":{ "Small":4, "Medium":4, "Large":8 } }
{ "timestamp":"2023-10-16T17:21:27Z", "event":"ReceiveText", "From":"EG-PILOTS.COM TSU-O HHY-B5Z", "Message":"$STATION_docking_denied_accessRestricted;", "Message_Localised":"Docking request denied, you do not meet the set permissions.", "Channel":"npc" }
{ "timestamp":"2023-10-16T17:21:27Z", "event":"DockingDenied", "Reason":"RestrictedAccess", "MarketID":3704354048, "StationName":"HHY-B5Z", "StationType":"FleetCarrier" }
{ "timestamp":"2023-10-16T17:21:44Z", "event":"UnderAttack", "Target":"You" }
{ "timestamp":"2023-10-16T17:21:44Z", "event":"UnderAttack", "Target":"You" }
{ "timestamp":"2023-10-16T17:21:44Z", "event":"UnderAttack", "Target":"You" }
{ "timestamp":"2023-10-16T17:21:44Z", "event":"Music", "MusicTrack":"Combat_Dogfight" }
{ "timestamp":"2023-10-16T17:21:50Z", "event":"Scanned", "ScanType":"Cargo" }
{ "timestamp":"2023-10-16T17:21:50Z", "event":"ReceiveText", "From":"$ShipName_Police_Independent;", "From_Localised":"System Authority Vessel", "Message":"$Police_ThankYouPassedStopAndSearch02;", "Message_Localised":"You're clean. Proceed, pilot.", "Channel":"npc" }
{ "timestamp":"2023-10-16T17:22:25Z", "event":"StartJump", "JumpType":"Supercruise", "Taxi":false }
{ "timestamp":"2023-10-16T17:22:30Z", "event":"SupercruiseEntry", "Taxi":false, "Multicrew":false, "StarSystem":"Clayakarma", "SystemAddress":6680922297058 }
{ "timestamp":"2023-10-16T17:22:30Z", "event":"ShipLocker", "Items":[  ], "Components":[  ], "Consumables":[  ], "Data":[  ] }
{ "timestamp":"2023-10-16T17:22:30Z", "event":"Music", "MusicTrack":"Supercruise" }
{ "timestamp":"2023-10-16T17:23:40Z", "event":"FSSDiscoveryScan", "Progress":1.000000, "BodyCount":9, "NonBodyCount":38, "SystemName":"Clayakarma", "SystemAddress":6680922297058 }
{ "timestamp":"2023-10-16T17:26:07Z", "event":"SupercruiseDestinationDrop", "Type":"Duke City", "Threat":0, "MarketID":3230482176 }
{ "timestamp":"2023-10-16T17:26:09Z", "event":"SupercruiseExit", "Taxi":false, "Multicrew":false, "StarSystem":"Clayakarma", "SystemAddress":6680922297058, "Body":"Duke City", "BodyID":12, "BodyType":"Station" }
{ "timestamp":"2023-10-16T17:26:09Z", "event":"ShipLocker", "Items":[  ], "Components":[  ], "Consumables":[  ], "Data":[  ] }
{ "timestamp":"2023-10-16T17:26:09Z", "event":"Music", "MusicTrack":"DestinationFromSupercruise" }
{ "timestamp":"2023-10-16T17:26:11Z", "event":"ReceiveText", "From":"Duke City", "Message":"$STATION_NoFireZone_entered;", "Message_Localised":"No fire zone entered.", "Channel":"npc" }
{ "timestamp":"2023-10-16T17:26:14Z", "event":"Music", "MusicTrack":"NoTrack" }
{ "timestamp":"2023-10-16T17:26:29Z", "event":"DockingRequested", "MarketID":3230482176, "StationName":"Duke City", "StationType":"Orbis", "LandingPads":{ "Small":10, "Medium":8, "Large":7 } }
{ "timestamp":"2023-10-16T17:26:31Z", "event":"ReceiveText", "From":"Duke City", "Message":"$DockingChatter_Neutral;", "Message_Localised":"Ensure to observe starport protocol during your visit, pilot.", "Channel":"npc" }
{ "timestamp":"2023-10-16T17:26:31Z", "event":"ReceiveText", "From":"Duke City", "Message":"$STATION_docking_granted;", "Message_Localised":"Docking request granted.", "Channel":"npc" }
{ "timestamp":"2023-10-16T17:26:31Z", "event":"DockingGranted", "LandingPad":44, "MarketID":3230482176, "StationName":"Duke City", "StationType":"Orbis" }
{ "timestamp":"2023-10-16T17:26:38Z", "event":"Music", "MusicTrack":"DockingComputer" }
{ "timestamp":"2023-10-16T17:26:59Z", "event":"ReceiveText", "From":"$npc_name_decorate:#name=Greg Severn;", "From_Localised":"Greg Severn", "Message":"$Commuter_AuthorityScan09;", "Message_Localised":"Can we hurry this up please, officer?", "Channel":"npc" }
{ "timestamp":"2023-10-16T17:27:52Z", "event":"Docked", "StationName":"Duke City", "StationType":"Orbis", "Taxi":false, "Multicrew":false, "StarSystem":"Clayakarma", "SystemAddress":6680922297058, "MarketID":3230482176, "StationFaction":{ "Name":"EG Union", "FactionState":"Expansion" }, "StationGovernment":"$government_Dictatorship;", "StationGovernment_Localised":"Dictatorship", "StationServices":[ "dock", "autodock", "commodities", "contacts", "exploration", "missions", "outfitting", "crewlounge", "rearm", "refuel", "repair", "shipyard", "tuning", "engineer", "missionsgenerated", "flightcontroller", "stationoperations", "powerplay", "searchrescue", "stationMenu", "shop", "livery", "socialspace", "bartender", "vistagenomics", "pioneersupplies", "apexinterstellar", "frontlinesolutions" ], "StationEconomy":"$economy_Agri;", "StationEconomy_Localised":"Agriculture", "StationEconomies":[ { "Name":"$economy_Agri;", "Name_Localised":"Agriculture", "Proportion":1.000000 } ], "DistFromStarLS":446.545767, "LandingPads":{ "Small":10, "Medium":8, "Large":7 } }
{ "timestamp":"2023-10-16T17:27:52Z", "event":"Music", "MusicTrack":"Starport" }
{ "timestamp":"2023-10-16T17:27:55Z", "event":"RefuelAll", "Cost":14, "Amount":0.270887 }
{ "timestamp":"2023-10-16T17:28:49Z", "event":"Outfitting", "MarketID":3230482176, "StationName":"Duke City", "StarSystem":"Clayakarma" }
{ "timestamp":"2023-10-16T17:28:49Z", "event":"StoredModules", "MarketID":3230482176, "StationName":"Duke City", "StarSystem":"Clayakarma", "Items":[ { "Name":"$int_cargorack_size1_class1_name;", "Name_Localised":"Cargo Rack", "StorageSlot":198, "StarSystem":"LP 751-1", "MarketID":3230473216, "TransferCost":100, "TransferTime":366, "BuyPrice":0, "Hot":false }, { "Name":"$int_engine_size3_class1_name;", "Name_Localised":"Thrusters", "StorageSlot":200, "StarSystem":"LP 751-1", "MarketID":3230473472, "TransferCost":100, "TransferTime":366, "BuyPrice":0, "Hot":false }, { "Name":"$int_powerplant_size3_class1_name;", "Name_Localised":"Power Plant", "StorageSlot":2, "StarSystem":"Ualapalor", "MarketID":3230379520, "TransferCost":103, "TransferTime":375, "BuyPrice":5931, "Hot":false }, { "Name":"$int_shieldcellbank_size1_class4_name;", "Name_Localised":"Shield Cell Bank", "StorageSlot":199, "StarSystem":"LP 751-1", "MarketID":3230473216, "TransferCost":104, "TransferTime":366, "BuyPrice":8078, "Hot":false } ] }
{ "timestamp":"2023-10-16T17:30:10Z", "event":"ModuleBuy", "Slot":"PowerPlant", "StoredItem":"$int_powerplant_size2_class2_name;", "StoredItem_Localised":"Power Plant", "BuyItem":"$int_powerplant_size2_class3_name;", "BuyItem_Localised":"Power Plant", "MarketID":3230482176, "BuyPrice":17793, "Ship":"eagle", "ShipID":1 }
{ "timestamp":"2023-10-16T17:30:11Z", "event":"ShieldState", "ShieldsUp":false }
{ "timestamp":"2023-10-16T17:30:13Z", "event":"ShieldState", "ShieldsUp":true }
{ "timestamp":"2023-10-16T17:30:27Z", "event":"ModuleSellRemote", "StorageSlot":2, "SellItem":"$int_powerplant_size3_class1_name;", "SellItem_Localised":"Power Plant", "ServerId":128064038, "SellPrice":5931, "Ship":"eagle", "ShipID":1 }
{ "timestamp":"2023-10-16T17:30:27Z", "event":"StoredModules", "MarketID":3230482176, "StationName":"Duke City", "StarSystem":"Clayakarma", "Items":[ { "Name":"$int_powerplant_size2_class2_name;", "Name_Localised":"Power Plant", "StorageSlot":197, "StarSystem":"Clayakarma", "MarketID":3230482176, "TransferCost":0, "TransferTime":0, "BuyPrice":0, "Hot":false }, { "Name":"$int_cargorack_size1_class1_name;", "Name_Localised":"Cargo Rack", "StorageSlot":198, "StarSystem":"LP 751-1", "MarketID":3230473216, "TransferCost":100, "TransferTime":366, "BuyPrice":0, "Hot":false }, { "Name":"$int_engine_size3_class1_name;", "Name_Localised":"Thrusters", "StorageSlot":200, "StarSystem":"LP 751-1", "MarketID":3230473472, "TransferCost":100, "TransferTime":366, "BuyPrice":0, "Hot":false }, { "Name":"$int_shieldcellbank_size1_class4_name;", "Name_Localised":"Shield Cell Bank", "StorageSlot":199, "StarSystem":"LP 751-1", "MarketID":3230473216, "TransferCost":104, "TransferTime":366, "BuyPrice":8078, "Hot":false } ] }
{ "timestamp":"2023-10-16T17:30:30Z", "event":"ModuleSellRemote", "StorageSlot":197, "SellItem":"$int_powerplant_size2_class2_name;", "SellItem_Localised":"Power Plant", "ServerId":128064034, "SellPrice":0, "Ship":"eagle", "ShipID":1 }
{ "timestamp":"2023-10-16T17:30:31Z", "event":"StoredModules", "MarketID":3230482176, "StationName":"Duke City", "StarSystem":"Clayakarma", "Items":[ { "Name":"$int_cargorack_size1_class1_name;", "Name_Localised":"Cargo Rack", "StorageSlot":198, "StarSystem":"LP 751-1", "MarketID":3230473216, "TransferCost":100, "TransferTime":366, "BuyPrice":0, "Hot":false }, { "Name":"$int_engine_size3_class1_name;", "Name_Localised":"Thrusters", "StorageSlot":200, "StarSystem":"LP 751-1", "MarketID":3230473472, "TransferCost":100, "TransferTime":366, "BuyPrice":0, "Hot":false }, { "Name":"$int_shieldcellbank_size1_class4_name;", "Name_Localised":"Shield Cell Bank", "StorageSlot":199, "StarSystem":"LP 751-1", "MarketID":3230473216, "TransferCost":104, "TransferTime":366, "BuyPrice":8078, "Hot":false } ] }
{ "timestamp":"2023-10-16T17:30:57Z", "event":"ModuleSellRemote", "StorageSlot":199, "SellItem":"$int_shieldcellbank_size1_class4_name;", "SellItem_Localised":"Shield Cell Bank", "ServerId":128064301, "SellPrice":8078, "Ship":"eagle", "ShipID":1 }
{ "timestamp":"2023-10-16T17:30:58Z", "event":"StoredModules", "MarketID":3230482176, "StationName":"Duke City", "StarSystem":"Clayakarma", "Items":[ { "Name":"$int_cargorack_size1_class1_name;", "Name_Localised":"Cargo Rack", "StorageSlot":198, "StarSystem":"LP 751-1", "MarketID":3230473216, "TransferCost":100, "TransferTime":366, "BuyPrice":0, "Hot":false }, { "Name":"$int_engine_size3_class1_name;", "Name_Localised":"Thrusters", "StorageSlot":200, "StarSystem":"LP 751-1", "MarketID":3230473472, "TransferCost":100, "TransferTime":366, "BuyPrice":0, "Hot":false } ] }
{ "timestamp":"2023-10-16T17:31:13Z", "event":"Loadout", "Ship":"eagle", "ShipID":1, "ShipName":"", "ShipIdent":"NI-11E", "HullValue":44800, "ModulesValue":101305, "HullHealth":1.000000, "UnladenMass":88.899994, "CargoCapacity":0, "MaxJumpRange":7.873608, "FuelCapacity":{ "Main":6.000000, "Reserve":0.340000 }, "Rebuy":7306, "Modules":[ { "Slot":"SmallHardpoint1", "Item":"hpt_pulselaser_fixed_small", "On":true, "Priority":2, "Health":1.000000 }, { "Slot":"SmallHardpoint2", "Item":"hpt_pulselaser_fixed_small", "On":true, "Priority":2, "Health":1.000000 }, { "Slot":"SmallHardpoint3", "Item":"hpt_cannon_gimbal_small", "On":true, "Priority":0, "AmmoInClip":5, "AmmoInHopper":100, "Health":1.000000, "Value":42200 }, { "Slot":"TinyHardpoint1", "Item":"hpt_heatsinklauncher_turret_tiny", "On":true, "Priority":0, "AmmoInClip":1, "AmmoInHopper":2, "Health":1.000000, "Value":3500 }, { "Slot":"Armour", "Item":"eagle_armour_grade1", "On":true, "Priority":1, "Health":1.000000 }, { "Slot":"PowerPlant", "Item":"int_powerplant_size2_class3", "On":true, "Priority":1, "Health":1.000000 }, { "Slot":"MainEngines", "Item":"int_engine_size3_class2", "On":true, "Priority":0, "Health":1.000000, "Value":18812 }, { "Slot":"FrameShiftDrive", "Item":"int_hyperdrive_size3_class1", "On":true, "Priority":2, "Health":1.000000 }, { "Slot":"LifeSupport", "Item":"int_lifesupport_size1_class1", "On":true, "Priority":1, "Health":1.000000 }, { "Slot":"PowerDistributor", "Item":"int_powerdistributor_size2_class1", "On":true, "Priority":2, "Health":1.000000 }, { "Slot":"Radar", "Item":"int_sensors_size2_class1", "On":true, "Priority":2, "Health":1.000000 }, { "Slot":"FuelTank", "Item":"int_fueltank_size2_class3", "On":true, "Priority":1, "Health":1.000000 }, { "Slot":"Slot01_Size3", "Item":"int_shieldgenerator_size3_class1", "On":true, "Priority":2, "Health":1.000000 }, { "Slot":"Slot02_Size2", "Item":"int_buggybay_size2_class1", "On":true, "Priority":0, "Health":1.000000, "Value":18000 }, { "Slot":"Slot03_Size1", "Item":"int_fueltank_size1_class3", "On":true, "Priority":1, "Health":1.000000, "Value":1000 }, { "Slot":"Slot05_Size1", "Item":"int_supercruiseassist", "On":true, "Priority":2, "Health":1.000000 }, { "Slot":"Slot06_Size1", "Item":"int_dockingcomputer_advanced", "On":true, "Priority":3, "Health":1.000000 }, { "Slot":"PlanetaryApproachSuite", "Item":"int_planetapproachsuite_advanced", "On":true, "Priority":1, "Health":1.000000 }, { "Slot":"VesselVoice", "Item":"voicepack_victor", "On":true, "Priority":1, "Health":1.000000 }, { "Slot":"ShipCockpit", "Item":"eagle_cockpit", "On":true, "Priority":1, "Health":1.000000 }, { "Slot":"CargoHatch", "Item":"modularcargobaydoor", "On":false, "Priority":2, "Health":1.000000 } ] }
{ "timestamp":"2023-10-16T17:31:30Z", "event":"Outfitting", "MarketID":3230482176, "StationName":"Duke City", "StarSystem":"Clayakarma" }
{ "timestamp":"2023-10-16T17:31:30Z", "event":"StoredModules", "MarketID":3230482176, "StationName":"Duke City", "StarSystem":"Clayakarma", "Items":[ { "Name":"$int_cargorack_size1_class1_name;", "Name_Localised":"Cargo Rack", "StorageSlot":198, "StarSystem":"LP 751-1", "MarketID":3230473216, "TransferCost":100, "TransferTime":366, "BuyPrice":0, "Hot":false }, { "Name":"$int_engine_size3_class1_name;", "Name_Localised":"Thrusters", "StorageSlot":200, "StarSystem":"LP 751-1", "MarketID":3230473472, "TransferCost":100, "TransferTime":366, "BuyPrice":0, "Hot":false } ] }
{ "timestamp":"2023-10-16T17:32:25Z", "event":"Music", "MusicTrack":"SystemMap" }
{ "timestamp":"2023-10-16T17:32:44Z", "event":"Music", "MusicTrack":"Starport" }
{ "timestamp":"2023-10-16T17:33:25Z", "event":"ReceiveText", "From":"$npc_name_decorate:#name=Richard McKenzie;", "From_Localised":"Richard McKenzie", "Message":"$Commuter_AuthorityScan06;", "Message_Localised":"What's going on here, officer?", "Channel":"npc" }
{ "timestamp":"2023-10-16T17:34:32Z", "event":"Undocked", "StationName":"Duke City", "StationType":"Orbis", "MarketID":3230482176, "Taxi":false, "Multicrew":false }
{ "timestamp":"2023-10-16T17:35:14Z", "event":"Music", "MusicTrack":"NoTrack" }
{ "timestamp":"2023-10-16T17:35:38Z", "event":"StartJump", "JumpType":"Supercruise", "Taxi":false }
{ "timestamp":"2023-10-16T17:35:43Z", "event":"SupercruiseEntry", "Taxi":false, "Multicrew":false, "StarSystem":"Clayakarma", "SystemAddress":6680922297058 }
{ "timestamp":"2023-10-16T17:35:43Z", "event":"ShipLocker", "Items":[  ], "Components":[  ], "Consumables":[  ], "Data":[  ] }
{ "timestamp":"2023-10-16T17:35:43Z", "event":"Music", "MusicTrack":"Supercruise" }
{ "timestamp":"2023-10-16T17:36:49Z", "event":"ReceiveText", "From":"$ShipName_PassengerLiner_Cruise;", "From_Localised":"Cruise Ship", "Message":"$CruiseLiner_SCPatrol02;", "Message_Localised":"We will be cruising in-system for a while, please feel free to take advantage of our in-flight entertainment.", "Channel":"npc" }
{ "timestamp":"2023-10-16T17:37:22Z", "event":"ReceiveText", "From":"$ShipName_PassengerLiner_Cruise;", "From_Localised":"Cruise Ship", "Message":"$CruiseLiner_SCPatrol01;", "Message_Localised":"And don't forget, this Liner is in the top 1% of all Liners out there.", "Channel":"npc" }
{ "timestamp":"2023-10-16T17:37:47Z", "event":"ReceiveText", "From":"$ShipName_PassengerLiner_Cruise;", "From_Localised":"Cruise Ship", "Message":"$CruiseLiner_SCPatrol02;", "Message_Localised":"We will be cruising in-system for a while, please feel free to take advantage of our in-flight entertainment.", "Channel":"npc" }
{ "timestamp":"2023-10-16T17:38:37Z", "event":"Music", "MusicTrack":"GalacticPowers" }
{ "timestamp":"2023-10-16T17:39:27Z", "event":"Music", "MusicTrack":"Supercruise" }
{ "timestamp":"2023-10-16T17:41:20Z", "event":"ApproachBody", "StarSystem":"Clayakarma", "SystemAddress":6680922297058, "Body":"Clayakarma 7 a", "BodyID":9 }
{ "timestamp":"2023-10-16T17:43:14Z", "event":"SupercruiseExit", "Taxi":false, "Multicrew":false, "StarSystem":"Clayakarma", "SystemAddress":6680922297058, "Body":"Clayakarma 7 a", "BodyID":9, "BodyType":"Planet" }
{ "timestamp":"2023-10-16T17:43:14Z", "event":"ShipLocker", "Items":[  ], "Components":[  ], "Consumables":[  ], "Data":[  ] }
{ "timestamp":"2023-10-16T17:43:14Z", "event":"Music", "MusicTrack":"Exploration" }
{ "timestamp":"2023-10-16T17:47:00Z", "event":"Touchdown", "PlayerControlled":true, "Taxi":false, "Multicrew":false, "StarSystem":"Clayakarma", "SystemAddress":6680922297058, "Body":"Clayakarma 7 a", "BodyID":9, "OnStation":false, "OnPlanet":true, "Latitude":-8.802414, "Longitude":-109.217110 }
{ "timestamp":"2023-10-16T17:47:05Z", "event":"LaunchSRV", "SRVType":"testbuggy", "SRVType_Localised":"SRV Scarab", "Loadout":"starter", "ID":2, "PlayerControlled":true }
{ "timestamp":"2023-10-16T17:47:10Z", "event":"ShipLocker", "Items":[  ], "Components":[  ], "Consumables":[  ], "Data":[  ] }
{ "timestamp":"2023-10-16T17:47:13Z", "event":"Cargo", "Vessel":"SRV", "Count":0 }
{ "timestamp":"2023-10-16T17:49:57Z", "event":"DockSRV", "SRVType":"testbuggy", "SRVType_Localised":"SRV Scarab", "ID":2 }
{ "timestamp":"2023-10-16T17:49:57Z", "event":"Loadout", "Ship":"eagle", "ShipID":1, "ShipName":"", "ShipIdent":"NI-11E", "HullValue":44800, "ModulesValue":101305, "HullHealth":1.000000, "UnladenMass":88.899994, "CargoCapacity":0, "MaxJumpRange":7.873608, "FuelCapacity":{ "Main":6.000000, "Reserve":0.340000 }, "Rebuy":7306, "Modules":[ { "Slot":"SmallHardpoint1", "Item":"hpt_pulselaser_fixed_small", "On":true, "Priority":2, "Health":1.000000 }, { "Slot":"SmallHardpoint2", "Item":"hpt_pulselaser_fixed_small", "On":true, "Priority":2, "Health":1.000000 }, { "Slot":"SmallHardpoint3", "Item":"hpt_cannon_gimbal_small", "On":true, "Priority":0, "AmmoInClip":5, "AmmoInHopper":100, "Health":1.000000, "Value":42200 }, { "Slot":"TinyHardpoint1", "Item":"hpt_heatsinklauncher_turret_tiny", "On":true, "Priority":0, "AmmoInClip":1, "AmmoInHopper":2, "Health":1.000000, "Value":3500 }, { "Slot":"Armour", "Item":"eagle_armour_grade1", "On":true, "Priority":1, "Health":1.000000 }, { "Slot":"PowerPlant", "Item":"int_powerplant_size2_class3", "On":true, "Priority":1, "Health":1.000000 }, { "Slot":"MainEngines", "Item":"int_engine_size3_class2", "On":false, "Priority":0, "Health":1.000000, "Value":18812 }, { "Slot":"FrameShiftDrive", "Item":"int_hyperdrive_size3_class1", "On":true, "Priority":2, "Health":1.000000 }, { "Slot":"LifeSupport", "Item":"int_lifesupport_size1_class1", "On":true, "Priority":1, "Health":1.000000 }, { "Slot":"PowerDistributor", "Item":"int_powerdistributor_size2_class1", "On":true, "Priority":2, "Health":1.000000 }, { "Slot":"Radar", "Item":"int_sensors_size2_class1", "On":true, "Priority":2, "Health":1.000000 }, { "Slot":"FuelTank", "Item":"int_fueltank_size2_class3", "On":true, "Priority":1, "Health":1.000000 }, { "Slot":"Slot01_Size3", "Item":"int_shieldgenerator_size3_class1", "On":true, "Priority":2, "Health":1.000000 }, { "Slot":"Slot02_Size2", "Item":"int_buggybay_size2_class1", "On":true, "Priority":0, "Health":1.000000, "Value":18000 }, { "Slot":"Slot03_Size1", "Item":"int_fueltank_size1_class3", "On":true, "Priority":1, "Health":1.000000, "Value":1000 }, { "Slot":"Slot05_Size1", "Item":"int_supercruiseassist", "On":true, "Priority":2, "Health":1.000000 }, { "Slot":"Slot06_Size1", "Item":"int_dockingcomputer_advanced", "On":true, "Priority":3, "Health":1.000000 }, { "Slot":"PlanetaryApproachSuite", "Item":"int_planetapproachsuite_advanced", "On":true, "Priority":1, "Health":1.000000 }, { "Slot":"VesselVoice", "Item":"voicepack_victor", "On":true, "Priority":1, "Health":1.000000 }, { "Slot":"ShipCockpit", "Item":"eagle_cockpit", "On":true, "Priority":1, "Health":1.000000 }, { "Slot":"CargoHatch", "Item":"modularcargobaydoor", "On":false, "Priority":2, "Health":1.000000 } ] }
{ "timestamp":"2023-10-16T17:49:58Z", "event":"ShipLocker", "Items":[  ], "Components":[  ], "Consumables":[  ], "Data":[  ] }
{ "timestamp":"2023-10-16T17:50:07Z", "event":"Liftoff", "PlayerControlled":true, "Taxi":false, "Multicrew":false, "StarSystem":"Clayakarma", "SystemAddress":6680922297058, "Body":"Clayakarma 7 a", "BodyID":9, "OnStation":false, "OnPlanet":true, "Latitude":-8.802415, "Longitude":-109.217110 }
{ "timestamp":"2023-10-16T17:50:43Z", "event":"Screenshot", "Filename":"\\ED_Pictures\\Screenshot_0000.bmp", "Width":1920, "Height":1080, "System":"Clayakarma", "Body":"Clayakarma 7 a", "Latitude":-8.851897, "Longitude":-109.205276, "Heading":214, "Altitude":699.937378 }
{ "timestamp":"2023-10-16T17:51:35Z", "event":"StartJump", "JumpType":"Supercruise", "Taxi":false }
{ "timestamp":"2023-10-16T17:51:40Z", "event":"SupercruiseEntry", "Taxi":false, "Multicrew":false, "StarSystem":"Clayakarma", "SystemAddress":6680922297058 }
{ "timestamp":"2023-10-16T17:51:40Z", "event":"ShipLocker", "Items":[  ], "Components":[  ], "Consumables":[  ], "Data":[  ] }
{ "timestamp":"2023-10-16T17:51:40Z", "event":"Music", "MusicTrack":"Supercruise" }
{ "timestamp":"2023-10-16T17:51:53Z", "event":"SupercruiseExit", "Taxi":false, "Multicrew":false, "StarSystem":"Clayakarma", "SystemAddress":6680922297058, "Body":"Clayakarma 7 a", "BodyID":9, "BodyType":"Planet" }
{ "timestamp":"2023-10-16T17:51:53Z", "event":"ShipLocker", "Items":[  ], "Components":[  ], "Consumables":[  ], "Data":[  ] }
{ "timestamp":"2023-10-16T17:51:53Z", "event":"Music", "MusicTrack":"Exploration" }
{ "timestamp":"2023-10-16T17:52:24Z", "event":"StartJump", "JumpType":"Supercruise", "Taxi":false }
{ "timestamp":"2023-10-16T17:52:29Z", "event":"SupercruiseEntry", "Taxi":false, "Multicrew":false, "StarSystem":"Clayakarma", "SystemAddress":6680922297058 }
{ "timestamp":"2023-10-16T17:52:29Z", "event":"ShipLocker", "Items":[  ], "Components":[  ], "Consumables":[  ], "Data":[  ] }
{ "timestamp":"2023-10-16T17:52:29Z", "event":"Music", "MusicTrack":"Supercruise" }
{ "timestamp":"2023-10-16T17:53:13Z", "event":"LeaveBody", "StarSystem":"Clayakarma", "SystemAddress":6680922297058, "Body":"Clayakarma 7 a", "BodyID":9 }
{ "timestamp":"2023-10-16T17:57:44Z", "event":"SupercruiseDestinationDrop", "Type":"Sinclair Port", "Threat":0, "MarketID":3230481920 }
{ "timestamp":"2023-10-16T17:57:45Z", "event":"SupercruiseExit", "Taxi":false, "Multicrew":false, "StarSystem":"Clayakarma", "SystemAddress":6680922297058, "Body":"Sinclair Port", "BodyID":11, "BodyType":"Station" }
{ "timestamp":"2023-10-16T17:57:45Z", "event":"ShipLocker", "Items":[  ], "Components":[  ], "Consumables":[  ], "Data":[  ] }
{ "timestamp":"2023-10-16T17:57:45Z", "event":"Music", "MusicTrack":"DestinationFromSupercruise" }
{ "timestamp":"2023-10-16T17:57:46Z", "event":"ReceiveText", "From":"Sinclair Port", "Message":"$STATION_NoFireZone_entered;", "Message_Localised":"No fire zone entered.", "Channel":"npc" }
{ "timestamp":"2023-10-16T17:57:50Z", "event":"Music", "MusicTrack":"NoTrack" }
{ "timestamp":"2023-10-16T17:57:53Z", "event":"ReceiveText", "From":"Sinclair Port", "Message":"$DockingFailed_Distance:#distance=7500;", "Message_Localised":"Docking request denied: please approach to 7500m", "Channel":"npc" }
{ "timestamp":"2023-10-16T17:57:53Z", "event":"DockingDenied", "Reason":"Distance", "MarketID":3230481920, "StationName":"Sinclair Port", "StationType":"Orbis" }
{ "timestamp":"2023-10-16T17:57:59Z", "event":"DockingRequested", "MarketID":3230481920, "StationName":"Sinclair Port", "StationType":"Orbis", "LandingPads":{ "Small":8, "Medium":9, "Large":6 } }
{ "timestamp":"2023-10-16T17:58:00Z", "event":"ReceiveText", "From":"Sinclair Port", "Message":"$DockingChatter_Neutral;", "Message_Localised":"Ensure to observe starport protocol during your visit, pilot.", "Channel":"npc" }
{ "timestamp":"2023-10-16T17:58:00Z", "event":"ReceiveText", "From":"Sinclair Port", "Message":"$STATION_docking_granted;", "Message_Localised":"Docking request granted.", "Channel":"npc" }
{ "timestamp":"2023-10-16T17:58:00Z", "event":"DockingGranted", "LandingPad":1, "MarketID":3230481920, "StationName":"Sinclair Port", "StationType":"Orbis" }
{ "timestamp":"2023-10-16T17:58:05Z", "event":"Music", "MusicTrack":"DockingComputer" }
{ "timestamp":"2023-10-16T17:58:54Z", "event":"Docked", "StationName":"Sinclair Port", "StationType":"Orbis", "Taxi":false, "Multicrew":false, "StarSystem":"Clayakarma", "SystemAddress":6680922297058, "MarketID":3230481920, "StationFaction":{ "Name":"EG Union", "FactionState":"Expansion" }, "StationGovernment":"$government_Dictatorship;", "StationGovernment_Localised":"Dictatorship", "StationServices":[ "dock", "autodock", "commodities", "contacts", "exploration", "missions", "outfitting", "crewlounge", "rearm", "refuel", "repair", "shipyard", "tuning", "engineer", "missionsgenerated", "flightcontroller", "stationoperations", "powerplay", "searchrescue", "stationMenu", "shop", "livery", "socialspace", "bartender", "vistagenomics", "pioneersupplies", "apexinterstellar", "frontlinesolutions" ], "StationEconomy":"$economy_Agri;", "StationEconomy_Localised":"Agriculture", "StationEconomies":[ { "Name":"$economy_Agri;", "Name_Localised":"Agriculture", "Proportion":1.000000 } ], "DistFromStarLS":328.491467, "LandingPads":{ "Small":8, "Medium":9, "Large":6 } }
{ "timestamp":"2023-10-16T17:58:54Z", "event":"Music", "MusicTrack":"Starport" }
{ "timestamp":"2023-10-16T17:59:55Z", "event":"Outfitting", "MarketID":3230481920, "StationName":"Sinclair Port", "StarSystem":"Clayakarma" }
{ "timestamp":"2023-10-16T17:59:55Z", "event":"StoredModules", "MarketID":3230481920, "StationName":"Sinclair Port", "StarSystem":"Clayakarma", "Items":[ { "Name":"$int_cargorack_size1_class1_name;", "Name_Localised":"Cargo Rack", "StorageSlot":198, "StarSystem":"LP 751-1", "MarketID":3230473216, "TransferCost":100, "TransferTime":366, "BuyPrice":0, "Hot":false }, { "Name":"$int_engine_size3_class1_name;", "Name_Localised":"Thrusters", "StorageSlot":200, "StarSystem":"LP 751-1", "MarketID":3230473472, "TransferCost":100, "TransferTime":366, "BuyPrice":0, "Hot":false } ] }
{ "timestamp":"2023-10-16T18:00:10Z", "event":"ModuleBuy", "Slot":"Slot04_Size1", "BuyItem":"$int_fuelscoop_size1_class1_name;", "BuyItem_Localised":"Fuel Scoop", "MarketID":3230481920, "BuyPrice":309, "Ship":"eagle", "ShipID":1 }
{ "timestamp":"2023-10-16T18:00:42Z", "event":"Loadout", "Ship":"eagle", "ShipID":1, "ShipName":"", "ShipIdent":"NI-11E", "HullValue":44800, "ModulesValue":101614, "HullHealth":1.000000, "UnladenMass":88.899994, "CargoCapacity":0, "MaxJumpRange":7.873608, "FuelCapacity":{ "Main":6.000000, "Reserve":0.340000 }, "Rebuy":7321, "Modules":[ { "Slot":"SmallHardpoint1", "Item":"hpt_pulselaser_fixed_small", "On":true, "Priority":2, "Health":1.000000 }, { "Slot":"SmallHardpoint2", "Item":"hpt_pulselaser_fixed_small", "On":true, "Priority":2, "Health":1.000000 }, { "Slot":"SmallHardpoint3", "Item":"hpt_cannon_gimbal_small", "On":true, "Priority":0, "AmmoInClip":5, "AmmoInHopper":100, "Health":1.000000, "Value":42200 }, { "Slot":"TinyHardpoint1", "Item":"hpt_heatsinklauncher_turret_tiny", "On":true, "Priority":0, "AmmoInClip":1, "AmmoInHopper":2, "Health":1.000000, "Value":3500 }, { "Slot":"Armour", "Item":"eagle_armour_grade1", "On":true, "Priority":1, "Health":1.000000 }, { "Slot":"PowerPlant", "Item":"int_powerplant_size2_class3", "On":true, "Priority":1, "Health":1.000000 }, { "Slot":"MainEngines", "Item":"int_engine_size3_class2", "On":true, "Priority":0, "Health":1.000000, "Value":18812 }, { "Slot":"FrameShiftDrive", "Item":"int_hyperdrive_size3_class1", "On":true, "Priority":2, "Health":1.000000 }, { "Slot":"LifeSupport", "Item":"int_lifesupport_size1_class1", "On":true, "Priority":1, "Health":1.000000 }, { "Slot":"PowerDistributor", "Item":"int_powerdistributor_size2_class1", "On":true, "Priority":2, "Health":1.000000 }, { "Slot":"Radar", "Item":"int_sensors_size2_class1", "On":true, "Priority":2, "Health":1.000000 }, { "Slot":"FuelTank", "Item":"int_fueltank_size2_class3", "On":true, "Priority":1, "Health":1.000000 }, { "Slot":"Slot01_Size3", "Item":"int_shieldgenerator_size3_class1", "On":true, "Priority":2, "Health":1.000000 }, { "Slot":"Slot02_Size2", "Item":"int_buggybay_size2_class1", "On":true, "Priority":0, "Health":1.000000, "Value":18000 }, { "Slot":"Slot03_Size1", "Item":"int_fueltank_size1_class3", "On":true, "Priority":1, "Health":1.000000, "Value":1000 }, { "Slot":"Slot04_Size1", "Item":"int_fuelscoop_size1_class1", "On":true, "Priority":0, "Health":1.000000 }, { "Slot":"Slot05_Size1", "Item":"int_supercruiseassist", "On":true, "Priority":2, "Health":1.000000 }, { "Slot":"Slot06_Size1", "Item":"int_dockingcomputer_advanced", "On":true, "Priority":3, "Health":1.000000 }, { "Slot":"PlanetaryApproachSuite", "Item":"int_planetapproachsuite_advanced", "On":true, "Priority":1, "Health":1.000000 }, { "Slot":"VesselVoice", "Item":"voicepack_victor", "On":true, "Priority":1, "Health":1.000000 }, { "Slot":"ShipCockpit", "Item":"eagle_cockpit", "On":true, "Priority":1, "Health":1.000000 }, { "Slot":"CargoHatch", "Item":"modularcargobaydoor", "On":false, "Priority":2, "Health":1.000000 } ] }
{ "timestamp":"2023-10-16T18:00:45Z", "event":"Shipyard", "MarketID":3230481920, "StationName":"Sinclair Port", "StarSystem":"Clayakarma" }
{ "timestamp":"2023-10-16T18:00:45Z", "event":"StoredShips", "StationName":"Sinclair Port", "MarketID":3230481920, "StarSystem":"Clayakarma", "ShipsHere":[  ], "ShipsRemote":[ { "ShipID":0, "ShipType":"SideWinder", "Name":"Pulsar One", "StarSystem":"LHS 3384", "ShipMarketID":3230372352, "TransferPrice":1016, "TransferTime":351, "Value":7928, "Hot":false } ] }
{ "timestamp":"2023-10-16T18:03:09Z", "event":"RefuelAll", "Cost":17, "Amount":0.327588 }
{ "timestamp":"2023-10-16T18:05:04Z", "event":"Undocked", "StationName":"Sinclair Port", "StationType":"Orbis", "MarketID":3230481920, "Taxi":false, "Multicrew":false }
{ "timestamp":"2023-10-16T18:05:23Z", "event":"Music", "MusicTrack":"NoTrack" }
{ "timestamp":"2023-10-16T18:06:16Z", "event":"DockingRequested", "MarketID":3230481920, "StationName":"Sinclair Port", "StationType":"Orbis", "LandingPads":{ "Small":8, "Medium":9, "Large":6 } }
{ "timestamp":"2023-10-16T18:06:16Z", "event":"ReceiveText", "From":"Sinclair Port", "Message":"$DockingChatter_Neutral;", "Message_Localised":"Ensure to observe starport protocol during your visit, pilot.", "Channel":"npc" }
{ "timestamp":"2023-10-16T18:06:16Z", "event":"ReceiveText", "From":"Sinclair Port", "Message":"$STATION_docking_granted;", "Message_Localised":"Docking request granted.", "Channel":"npc" }
{ "timestamp":"2023-10-16T18:06:16Z", "event":"DockingGranted", "LandingPad":1, "MarketID":3230481920, "StationName":"Sinclair Port", "StationType":"Orbis" }
{ "timestamp":"2023-10-16T18:06:18Z", "event":"Music", "MusicTrack":"DockingComputer" }
{ "timestamp":"2023-10-16T18:07:04Z", "event":"Docked", "StationName":"Sinclair Port", "StationType":"Orbis", "Taxi":false, "Multicrew":false, "StarSystem":"Clayakarma", "SystemAddress":6680922297058, "MarketID":3230481920, "StationFaction":{ "Name":"EG Union", "FactionState":"Expansion" }, "StationGovernment":"$government_Dictatorship;", "StationGovernment_Localised":"Dictatorship", "StationServices":[ "dock", "autodock", "commodities", "contacts", "exploration", "missions", "outfitting", "crewlounge", "rearm", "refuel", "repair", "shipyard", "tuning", "engineer", "missionsgenerated", "flightcontroller", "stationoperations", "powerplay", "searchrescue", "stationMenu", "shop", "livery", "socialspace", "bartender", "vistagenomics", "pioneersupplies", "apexinterstellar", "frontlinesolutions" ], "StationEconomy":"$economy_Agri;", "StationEconomy_Localised":"Agriculture", "StationEconomies":[ { "Name":"$economy_Agri;", "Name_Localised":"Agriculture", "Proportion":1.000000 } ], "DistFromStarLS":328.489236, "LandingPads":{ "Small":8, "Medium":9, "Large":6 } }
{ "timestamp":"2023-10-16T18:07:04Z", "event":"Music", "MusicTrack":"Starport" }
{ "timestamp":"2023-10-16T18:08:00Z", "event":"Music", "MusicTrack":"Exploration" }
{ "timestamp":"2023-10-16T18:08:02Z", "event":"Shutdown" }
